2026-04-08 09:49:53,259 [INFO] fplmodel - Logging initialised. Writing to /Users/kyle/Documents/FPL-Prediction/logs/run_20260408_094953.log
2026-04-08 09:49:53,260 [INFO] fplmodel - Starting pipeline run (force_refetch=False)
2026-04-08 09:49:53,260 [INFO] fplmodel - Fetching bootstrap static data...
2026-04-08 09:49:53,280 [INFO] fplmodel - Fetching bootstrap static data completed in 0.02s
2026-04-08 09:49:53,280 [INFO] fplmodel - Fetching fixtures data...
2026-04-08 09:49:53,290 [INFO] fplmodel - Fetching fixtures data completed in 0.01s
2026-04-08 09:49:53,290 [INFO] fplmodel - Normalising bootstrap data...
2026-04-08 09:49:53,300 [INFO] fplmodel - Normalising bootstrap data completed in 0.01s
2026-04-08 09:49:53,300 [INFO] fplmodel - Loaded normalised frames: 825 elements, 20 teams, 38 events
2026-04-08 09:49:53,300 [INFO] fplmodel - Gameweek override applied -> next_gw=30 | last_finished_gw=29
2026-04-08 09:49:53,300 [INFO] fplmodel - Next gameweek: 30 | Last finished gameweek: 29
2026-04-08 09:49:53,300 [INFO] fplmodel - Renaming log file to highlight gameweek 30
2026-04-08 09:49:53,301 [INFO] fplmodel - Log file renamed to /Users/kyle/Documents/FPL-Prediction/logs/run_gw30_20260408_094953.log
2026-04-08 09:49:53,301 [INFO] fplmodel - Fetching player histories for 825 players (force_refetch=False)...
2026-04-08 09:49:54,885 [INFO] fplmodel - Fetching player histories for 825 players (force_refetch=False) completed in 1.58s
2026-04-08 09:49:54,887 [INFO] fplmodel - Loading 825 player history files from /Users/kyle/Documents/FPL-Prediction/data/raw
2026-04-08 09:49:54,887 [INFO] fplmodel - Collating player history JSON into dataframe...
2026-04-08 09:49:55,603 [INFO] fplmodel - Collating player history JSON into dataframe completed in 0.72s
2026-04-08 09:49:56,398 [INFO] fplmodel - Built player histories dataframe with 142974 rows
2026-04-08 09:49:56,398 [INFO] fplmodel - Loading external history data...
2026-04-08 09:49:57,196 [INFO] fplmodel - Loading external history data completed in 0.80s
2026-04-08 09:49:57,237 [INFO] fplmodel - Loaded 133310 external history rows for seasons 2020-21, 2021-22, 2022-23, 2023-24, 2024-25
2026-04-08 09:49:57,391 [INFO] fplmodel - Combined history dataset now has 263662 rows
2026-04-08 09:49:57,392 [INFO] fplmodel - Building training and prediction feature frames...
2026-04-08 09:50:02,123 [INFO] fplmodel - Building training and prediction feature frames completed in 4.73s
2026-04-08 09:50:02,123 [INFO] fplmodel - Prepared features: X_train=(217798, 156), y_train=217798, X_pred=(825, 163)
2026-04-08 09:50:02,130 [INFO] fplmodel - Training models with 156 features
2026-04-08 09:50:02,130 [INFO] fplmodel - Training feature columns: total_points_ma5, minutes_ma5, goals_scored_ma5, assists_ma5, clean_sheets_ma5, influence_ma5, creativity_ma5, threat_ma5, ict_index_ma5, goals_conceded_ma5, own_goals_ma5, penalties_saved_ma5, penalties_missed_ma5, yellow_cards_ma5, red_cards_ma5, saves_ma5, bonus_ma5, bps_ma5, clearances_blocks_interceptions_ma5, recoveries_ma5, tackles_ma5, defensive_contribution_ma5, starts_ma5, expected_goals_ma5, expected_assists_ma5, expected_goal_involvements_ma5, expected_goals_conceded_ma5, value_ma5, transfers_balance_ma5, selected_ma5, transfers_in_ma5, transfers_out_ma5, attacking_returns_ma5, finishing_plus_minus_ma5, finishing_ratio_ma5, creation_plus_minus_ma5, creation_ratio_ma5, xgi_plus_minus_ma5, minutes_share_ma5, points_per_90_ma5, tackles_plus_interceptions_ma5, defensive_actions_ma5, total_points_lag1, minutes_lag1, goals_scored_lag1, assists_lag1, clean_sheets_lag1, influence_lag1, creativity_lag1, threat_lag1, ict_index_lag1, goals_conceded_lag1, own_goals_lag1, penalties_saved_lag1, penalties_missed_lag1, yellow_cards_lag1, red_cards_lag1, saves_lag1, bonus_lag1, bps_lag1, clearances_blocks_interceptions_lag1, recoveries_lag1, tackles_lag1, defensive_contribution_lag1, starts_lag1, expected_goals_lag1, expected_assists_lag1, expected_goal_involvements_lag1, expected_goals_conceded_lag1, value_lag1, transfers_balance_lag1, selected_lag1, transfers_in_lag1, transfers_out_lag1, attacking_returns_lag1, finishing_plus_minus_lag1, finishing_ratio_lag1, creation_plus_minus_lag1, creation_ratio_lag1, xgi_plus_minus_lag1, minutes_share_lag1, points_per_90_lag1, tackles_plus_interceptions_lag1, defensive_actions_lag1, team_goals_for_ma5, team_goals_against_ma5, team_goal_diff_ma5, team_clean_sheet_ma5, team_conceded_two_plus_ma5, team_match_points_ma5, opp_team_goals_for_ma5, opp_team_goals_against_ma5, opp_team_goal_diff_ma5, opp_team_clean_sheet_ma5, opp_team_conceded_two_plus_ma5, opp_team_match_points_ma5, was_home, team_strength_overall, team_strength_home, team_strength_away, team_attack_home, team_attack_away, team_def_home, team_def_away, team_form_rating, team_points_table, team_league_position, team_matches_played, team_wins, team_draws, team_losses, opp_strength_overall, opp_strength_home, opp_strength_away, opp_attack_home, opp_attack_away, opp_def_home, opp_def_away, opp_form_rating, opp_points_table, opp_league_position, opp_matches_played, opp_wins, opp_draws, opp_losses, form, points_per_game, value_form, value_season, selected_by_percent, expected_goals_per_90, expected_assists_per_90, expected_goal_involvements_per_90, expected_goals_conceded_per_90, goals_conceded_per_90, saves_per_90, starts_per_90, clean_sheets_per_90, defensive_contribution_per_90, availability_this_round, availability_next_round, status_availability, status_injury_flag, injury_risk_flag, corners_and_indirect_freekicks_order, direct_freekicks_order, penalties_order, has_corners_duty, primary_corners_taker, has_direct_fk_duty, primary_direct_fk_taker, has_penalty_duty, primary_penalty_taker, set_piece_duty_score, player_bias, pos_bias
2026-04-08 09:50:02,131 [INFO] fplmodel - Training prediction models...
2026-04-08 09:50:02,449 [INFO] fplmodel.model - Season sample weights applied: 2020-21: 0.25, 2021-22: 0.25, 2022-23: 0.34, 2023-24: 0.49, 2024-25: 0.70, 2025-26: 1.00
2026-04-08 09:50:02,449 [INFO] fplmodel.model - Using TimeSeriesSplit with 3 folds for hyperparameter tuning.
2026-04-08 09:51:32,117 [INFO] fplmodel.model - Best classifier[hist_gbdt] params from tuning: {'est__min_samples_leaf': 20, 'est__max_iter': 350, 'est__max_depth': 4, 'est__learning_rate': 0.04, 'est__l2_regularization': 0.1} (score=1.0000)
2026-04-08 09:53:29,240 [INFO] fplmodel.model - Best regressor[hist_gbdt] params from tuning: {'est__min_samples_leaf': 40, 'est__max_iter': 400, 'est__max_depth': None, 'est__learning_rate': 0.08, 'est__l2_regularization': 0.05} (score=-0.9259)
2026-04-08 09:53:29,242 [INFO] fplmodel.model - Candidate Histogram Gradient Boosting | classifier=1.0000 ± 0.0000 ↑ | regressor=0.9259 ± 0.0436 ↓
2026-04-08 09:57:51,305 [INFO] fplmodel.model - Best classifier[random_forest] params from tuning: {'est__n_estimators': 200, 'est__min_samples_split': 6, 'est__min_samples_leaf': 4, 'est__max_features': 'sqrt', 'est__max_depth': None} (score=1.0000)
2026-04-08 10:42:53,194 [INFO] fplmodel.model - Best regressor[random_forest] params from tuning: {'est__n_estimators': 600, 'est__min_samples_split': 6, 'est__min_samples_leaf': 4, 'est__max_features': 0.7, 'est__max_depth': 20} (score=-0.8981)
2026-04-08 10:42:53,197 [INFO] fplmodel.model - Candidate Random Forest | classifier=1.0000 ± 0.0000 ↑ | regressor=0.8981 ± 0.0457 ↓
2026-04-08 10:45:32,604 [INFO] fplmodel.model - Best classifier[neural_network] params from tuning: {'est__learning_rate_init': 0.001, 'est__hidden_layer_sizes': (256, 128), 'est__beta_1': 0.85, 'est__alpha': 0.0005} (score=0.9992)
2026-04-08 10:47:34,927 [INFO] fplmodel.model - Best regressor[neural_network] params from tuning: {'est__learning_rate_init': 0.003, 'est__hidden_layer_sizes': (128, 128, 64), 'est__beta_1': 0.9, 'est__alpha': 0.001} (score=-0.9430)
2026-04-08 10:47:34,928 [INFO] fplmodel.model - Candidate Neural Network (MLP) | classifier=0.9992 ± 0.0004 ↑ | regressor=0.9430 ± 0.0815 ↓
2026-04-08 10:47:34,930 [INFO] fplmodel.model - Saved model selection summary to /Users/kyle/Documents/FPL-Prediction/models/model_selection_summary.csv
2026-04-08 10:47:34,930 [INFO] fplmodel.model - Selected classifier model: Histogram Gradient Boosting (balanced_accuracy=1.0000 ± 0.0000 ↑)
2026-04-08 10:47:34,930 [INFO] fplmodel.model - Selected regressor model: Random Forest (MAE=0.8981 ± 0.0457 ↓)
2026-04-08 10:55:05,399 [INFO] fplmodel.model - Classifier (histogram gradient boosting) feature selector dropped 34 column(s): availability_next_round, bps_lag1, bps_ma5, creation_plus_minus_lag1, creation_plus_minus_ma5, defensive_actions_lag1, defensive_actions_ma5, expected_goal_involvements_ma5, expected_goal_involvements_per_90, minutes_share_lag1, ... (+24 more)
2026-04-08 10:55:05,399 [INFO] fplmodel.model - Regressor (random forest) feature selector dropped 34 column(s): availability_next_round, bps_lag1, bps_ma5, creation_plus_minus_lag1, creation_plus_minus_ma5, defensive_actions_lag1, defensive_actions_ma5, expected_goal_involvements_ma5, expected_goal_involvements_per_90, minutes_share_lag1, ... (+24 more)
2026-04-08 10:55:05,399 [INFO] fplmodel.model - Final model selection: classifier=Histogram Gradient Boosting | regressor=Random Forest
2026-04-08 10:55:05,611 [INFO] fplmodel - Training prediction models completed in 3903.47s
2026-04-08 10:55:05,647 [INFO] fplmodel - Top feature weights for regressor: total_points_lag1: 0.3693, total_points_ma5: 0.0876, recoveries_lag1: 0.0805, points_per_90_lag1: 0.0472, defensive_contribution_lag1: 0.0316, bonus_lag1: 0.0269, player_bias: 0.0156, team_conceded_two_plus_ma5: 0.0134, selected_lag1: 0.0109, team_clean_sheet_ma5: 0.0103, team_match_points_ma5: 0.0082, selected_ma5: 0.0080, value_ma5: 0.0078, bonus_ma5: 0.0077, transfers_out_lag1: 0.0077
2026-04-08 10:55:05,647 [INFO] fplmodel - Estimator HistGradientBoostingClassifier for classifier does not expose feature_importances_; skipping logging.
2026-04-08 10:55:05,647 [INFO] fplmodel - Model training complete; fitted 3 candidate pair(s).
2026-04-08 10:55:05,647 [INFO] fplmodel - Generating next gameweek predictions...
2026-04-08 10:55:05,780 [INFO] fplmodel - Generating next gameweek predictions completed in 0.13s
2026-04-08 10:55:05,781 [INFO] fplmodel - Generated ensemble predictions for 825 players using 3 model(s): Histogram Gradient Boosting, Random Forest, Neural Network (MLP)
2026-04-08 10:55:05,783 [INFO] fplmodel - Applied fixture multipliers; average EP now 1.77
2026-04-08 10:55:05,784 [INFO] fplmodel - Top 5 expected point predictions (ensemble): Alisson Becker (12.12); Melker Ellborg (10.12); Axel Disasi (7.27); Piero Hincapié (6.76); Lamare Bogarde (4.90)
2026-04-08 10:55:05,784 [INFO] fplmodel - Evaluating last finished gameweek residuals...
2026-04-08 10:55:05,923 [INFO] fplmodel - Evaluating last finished gameweek residuals completed in 0.14s
2026-04-08 10:55:05,923 [INFO] fplmodel - Residuals computed for 8074 players in GW 29
2026-04-08 10:55:05,923 [INFO] fplmodel - Selecting best XI from 825 candidates
2026-04-08 10:55:05,923 [INFO] fplmodel - Optimising best XI selection...
2026-04-08 10:55:06,920 [INFO] fplmodel - Optimising best XI selection completed in 1.00s
2026-04-08 10:55:06,921 [INFO] fplmodel - Selected squad: total cost 82.5M | starting cost 63.0M | bench cost 19.5M
2026-04-08 10:55:06,921 [INFO] fplmodel - Projected points: XI 63.31 | Captain included 75.43 | Bench 22.71
2026-04-08 10:55:06,921 [INFO] fplmodel - Captain: Alisson Becker
2026-04-08 10:55:06,921 [INFO] fplmodel - XI | Alisson Becker (Liverpool) - 12.12 pts | 5.4M
2026-04-08 10:55:06,921 [INFO] fplmodel - XI | Axel Disasi (West Ham) - 7.27 pts | 4.5M
2026-04-08 10:55:06,921 [INFO] fplmodel - XI | Piero Hincapié (Arsenal) - 6.76 pts | 5.1M
2026-04-08 10:55:06,921 [INFO] fplmodel - XI | Lamare Bogarde (Aston Villa) - 4.90 pts | 4.0M
2026-04-08 10:55:06,921 [INFO] fplmodel - XI | Tyrone Mings (Aston Villa) - 4.83 pts | 4.3M
2026-04-08 10:55:06,921 [INFO] fplmodel - XI | Bukayo Saka (Arsenal) - 4.77 pts | 9.8M
2026-04-08 10:55:06,921 [INFO] fplmodel - XI | Matheus Santos Carneiro da Cunha (Man Utd) - 4.77 pts | 8.0M
2026-04-08 10:55:06,921 [INFO] fplmodel - XI | Harry Wilson (Fulham) - 4.66 pts | 6.1M
2026-04-08 10:55:06,921 [INFO] fplmodel - XI | Diego Gómez Amarilla (Brighton) - 4.56 pts | 4.9M
2026-04-08 10:55:06,921 [INFO] fplmodel - XI | Rayan Vitor Simplício Rocha (Bournemouth) - 4.46 pts | 5.6M
2026-04-08 10:55:06,921 [INFO] fplmodel - XI | Zian Flemming (Burnley) - 4.21 pts | 5.3M
2026-04-08 10:55:06,922 [INFO] fplmodel - Bench 1 | Ollie Scarles (West Ham) - 4.72 pts
2026-04-08 10:55:06,922 [INFO] fplmodel - Bench 2 | Danny Welbeck (Brighton) - 4.02 pts
2026-04-08 10:55:06,922 [INFO] fplmodel - Bench 3 | Lukas Nmecha (Leeds) - 3.84 pts
2026-04-08 10:55:06,922 [INFO] fplmodel - Bench 4 | Melker Ellborg (Sunderland) - 10.12 pts
2026-04-08 10:55:06,928 [INFO] fplmodel - Predictions saved to /Users/kyle/Documents/FPL-Prediction/outputs/predictions_gw30.csv
2026-04-08 10:55:06,930 [INFO] fplmodel - Starting XI saved to /Users/kyle/Documents/FPL-Prediction/outputs/starting_xi_gw30.csv
2026-04-08 10:55:06,930 [INFO] fplmodel - Bench saved to /Users/kyle/Documents/FPL-Prediction/outputs/bench_gw30.csv
2026-04-08 10:55:06,931 [INFO] fplmodel - Best XI JSON saved to /Users/kyle/Documents/FPL-Prediction/outputs/best_xi_gw30.json
2026-04-08 10:55:06,931 [INFO] fplmodel - Rendering best XI graphic...
2026-04-08 10:55:07,074 [INFO] fplmodel - Rendering best XI graphic completed in 0.14s
2026-04-08 10:55:07,074 [INFO] fplmodel - Best XI graphic generated at /Users/kyle/Documents/FPL-Prediction/outputs/best_xi_gw30.png
2026-04-08 10:55:07,084 [INFO] fplmodel - Residuals saved to /Users/kyle/Documents/FPL-Prediction/outputs/residuals_gw29.csv
2026-04-08 10:55:07,084 [INFO] fplmodel - Pipeline complete for GW 30
