2026-05-04 12:14:37,671 [INFO] fplmodel - Logging initialised. Writing to /Users/kyle/Documents/FPL-Prediction/logs/run_20260504_121437.log
2026-05-04 12:14:37,671 [INFO] fplmodel - Starting pipeline run (force_refetch=False)
2026-05-04 12:14:37,671 [INFO] fplmodel - Fetching bootstrap static data...
2026-05-04 12:14:37,692 [INFO] fplmodel - Fetching bootstrap static data completed in 0.02s
2026-05-04 12:14:37,692 [INFO] fplmodel - Fetching fixtures data...
2026-05-04 12:14:37,746 [INFO] fplmodel - Fetching fixtures data completed in 0.05s
2026-05-04 12:14:37,746 [INFO] fplmodel - Normalising bootstrap data...
2026-05-04 12:14:37,757 [INFO] fplmodel - Normalising bootstrap data completed in 0.01s
2026-05-04 12:14:37,757 [INFO] fplmodel - Loaded normalised frames: 832 elements, 20 teams, 38 events
2026-05-04 12:14:37,757 [INFO] fplmodel - Gameweek override applied -> next_gw=35 | last_finished_gw=34
2026-05-04 12:14:37,757 [INFO] fplmodel - Next gameweek: 35 | Last finished gameweek: 34
2026-05-04 12:14:37,757 [INFO] fplmodel - Renaming log file to highlight gameweek 35
2026-05-04 12:14:37,758 [INFO] fplmodel - Log file renamed to /Users/kyle/Documents/FPL-Prediction/logs/run_gw35_20260504_121437.log
2026-05-04 12:14:37,758 [INFO] fplmodel - Fetching player histories for 832 players (force_refetch=False)...
2026-05-04 12:14:37,758 [INFO] fplmodel.data_pull - Fetching player histories with 8 worker thread(s).
2026-05-04 12:14:37,878 [INFO] fplmodel.data_pull - Player history fetch progress: 50/832 complete (0 failures).
2026-05-04 12:14:37,976 [INFO] fplmodel.data_pull - Player history fetch progress: 100/832 complete (0 failures).
2026-05-04 12:14:38,083 [INFO] fplmodel.data_pull - Player history fetch progress: 150/832 complete (0 failures).
2026-05-04 12:14:38,182 [INFO] fplmodel.data_pull - Player history fetch progress: 200/832 complete (0 failures).
2026-05-04 12:14:38,277 [INFO] fplmodel.data_pull - Player history fetch progress: 250/832 complete (0 failures).
2026-05-04 12:14:38,383 [INFO] fplmodel.data_pull - Player history fetch progress: 300/832 complete (0 failures).
2026-05-04 12:14:38,481 [INFO] fplmodel.data_pull - Player history fetch progress: 350/832 complete (0 failures).
2026-05-04 12:14:38,590 [INFO] fplmodel.data_pull - Player history fetch progress: 400/832 complete (0 failures).
2026-05-04 12:14:38,696 [INFO] fplmodel.data_pull - Player history fetch progress: 450/832 complete (0 failures).
2026-05-04 12:14:38,800 [INFO] fplmodel.data_pull - Player history fetch progress: 500/832 complete (0 failures).
2026-05-04 12:14:38,908 [INFO] fplmodel.data_pull - Player history fetch progress: 550/832 complete (0 failures).
2026-05-04 12:14:39,015 [INFO] fplmodel.data_pull - Player history fetch progress: 600/832 complete (0 failures).
2026-05-04 12:14:39,113 [INFO] fplmodel.data_pull - Player history fetch progress: 650/832 complete (0 failures).
2026-05-04 12:14:39,209 [INFO] fplmodel.data_pull - Player history fetch progress: 700/832 complete (0 failures).
2026-05-04 12:14:39,306 [INFO] fplmodel.data_pull - Player history fetch progress: 750/832 complete (0 failures).
2026-05-04 12:14:39,405 [INFO] fplmodel.data_pull - Player history fetch progress: 800/832 complete (0 failures).
2026-05-04 12:14:39,454 [INFO] fplmodel.data_pull - Player history fetch progress: 832/832 complete (0 failures).
2026-05-04 12:14:39,488 [INFO] fplmodel - Fetching player histories for 832 players (force_refetch=False) completed in 1.73s
2026-05-04 12:14:39,489 [INFO] fplmodel - Loading 832 player history files from /Users/kyle/Documents/FPL-Prediction/data/raw
2026-05-04 12:14:39,489 [INFO] fplmodel - Collating player history JSON into dataframe...
2026-05-04 12:14:40,312 [INFO] fplmodel - Collating player history JSON into dataframe completed in 0.82s
2026-05-04 12:14:41,345 [INFO] fplmodel - Built player histories dataframe with 162876 rows
2026-05-04 12:14:41,345 [INFO] fplmodel - Loading external history data...
2026-05-04 12:14:42,187 [INFO] fplmodel - Loading external history data completed in 0.84s
2026-05-04 12:14:42,228 [INFO] fplmodel - Loaded 133400 external history rows for seasons 2020-21, 2021-22, 2022-23, 2023-24, 2024-25
2026-05-04 12:14:42,389 [INFO] fplmodel - Combined history dataset now has 282030 rows
2026-05-04 12:14:42,390 [INFO] fplmodel - Building training and prediction feature frames...
2026-05-04 12:15:03,279 [INFO] fplmodel - Building training and prediction feature frames completed in 20.89s
2026-05-04 12:15:03,280 [INFO] fplmodel - Prepared features: X_train=(266253, 156), y_train=266253, X_pred=(832, 163)
2026-05-04 12:15:03,288 [INFO] fplmodel - Training models with 156 features
2026-05-04 12:15:03,288 [INFO] fplmodel - Training feature columns: total_points_ma5, minutes_ma5, goals_scored_ma5, assists_ma5, clean_sheets_ma5, influence_ma5, creativity_ma5, threat_ma5, ict_index_ma5, goals_conceded_ma5, own_goals_ma5, penalties_saved_ma5, penalties_missed_ma5, yellow_cards_ma5, red_cards_ma5, saves_ma5, bonus_ma5, bps_ma5, clearances_blocks_interceptions_ma5, recoveries_ma5, tackles_ma5, defensive_contribution_ma5, starts_ma5, expected_goals_ma5, expected_assists_ma5, expected_goal_involvements_ma5, expected_goals_conceded_ma5, value_ma5, transfers_balance_ma5, selected_ma5, transfers_in_ma5, transfers_out_ma5, attacking_returns_ma5, finishing_plus_minus_ma5, finishing_ratio_ma5, creation_plus_minus_ma5, creation_ratio_ma5, xgi_plus_minus_ma5, minutes_share_ma5, points_per_90_ma5, tackles_plus_interceptions_ma5, defensive_actions_ma5, total_points_lag1, minutes_lag1, goals_scored_lag1, assists_lag1, clean_sheets_lag1, influence_lag1, creativity_lag1, threat_lag1, ict_index_lag1, goals_conceded_lag1, own_goals_lag1, penalties_saved_lag1, penalties_missed_lag1, yellow_cards_lag1, red_cards_lag1, saves_lag1, bonus_lag1, bps_lag1, clearances_blocks_interceptions_lag1, recoveries_lag1, tackles_lag1, defensive_contribution_lag1, starts_lag1, expected_goals_lag1, expected_assists_lag1, expected_goal_involvements_lag1, expected_goals_conceded_lag1, value_lag1, transfers_balance_lag1, selected_lag1, transfers_in_lag1, transfers_out_lag1, attacking_returns_lag1, finishing_plus_minus_lag1, finishing_ratio_lag1, creation_plus_minus_lag1, creation_ratio_lag1, xgi_plus_minus_lag1, minutes_share_lag1, points_per_90_lag1, tackles_plus_interceptions_lag1, defensive_actions_lag1, team_goals_for_ma5, team_goals_against_ma5, team_goal_diff_ma5, team_clean_sheet_ma5, team_conceded_two_plus_ma5, team_match_points_ma5, opp_team_goals_for_ma5, opp_team_goals_against_ma5, opp_team_goal_diff_ma5, opp_team_clean_sheet_ma5, opp_team_conceded_two_plus_ma5, opp_team_match_points_ma5, was_home, team_strength_overall, team_strength_home, team_strength_away, team_attack_home, team_attack_away, team_def_home, team_def_away, team_form_rating, team_points_table, team_league_position, team_matches_played, team_wins, team_draws, team_losses, opp_strength_overall, opp_strength_home, opp_strength_away, opp_attack_home, opp_attack_away, opp_def_home, opp_def_away, opp_form_rating, opp_points_table, opp_league_position, opp_matches_played, opp_wins, opp_draws, opp_losses, form, points_per_game, value_form, value_season, selected_by_percent, expected_goals_per_90, expected_assists_per_90, expected_goal_involvements_per_90, expected_goals_conceded_per_90, goals_conceded_per_90, saves_per_90, starts_per_90, clean_sheets_per_90, defensive_contribution_per_90, availability_this_round, availability_next_round, status_availability, status_injury_flag, injury_risk_flag, corners_and_indirect_freekicks_order, direct_freekicks_order, penalties_order, has_corners_duty, primary_corners_taker, has_direct_fk_duty, primary_direct_fk_taker, has_penalty_duty, primary_penalty_taker, set_piece_duty_score, player_bias, pos_bias
2026-05-04 12:15:03,289 [INFO] fplmodel - Training prediction models...
2026-05-04 12:15:03,704 [INFO] fplmodel.model - Season sample weights applied: 2020-21: 0.25, 2021-22: 0.25, 2022-23: 0.34, 2023-24: 0.49, 2024-25: 0.70, 2025-26: 1.00
2026-05-04 12:15:03,704 [INFO] fplmodel.model - Using TimeSeriesSplit with 3 folds for hyperparameter tuning.
2026-05-04 12:15:03,705 [INFO] fplmodel.model - Using actual match minutes as classifier target (minutes >= 60).
2026-05-04 12:15:03,707 [INFO] fplmodel.model - Model selection using most recent 60000/266253 training rows; final fits still use all rows.
2026-05-04 12:15:33,603 [INFO] fplmodel.model - Best classifier[hist_gbdt] params from tuning: {'est__min_samples_leaf': 40, 'est__max_iter': 350, 'est__max_depth': None, 'est__learning_rate': 0.08, 'est__l2_regularization': 0.05} (score=0.7792)
2026-05-04 12:15:53,524 [INFO] fplmodel.model - Best regressor[hist_gbdt] params from tuning: {'est__min_samples_leaf': 30, 'est__max_iter': 350, 'est__max_depth': 8, 'est__learning_rate': 0.06, 'est__l2_regularization': 0.1} (score=-1.0975)
2026-05-04 12:15:53,524 [INFO] fplmodel.model - Candidate Histogram Gradient Boosting | classifier=0.7792 ± 0.0202 ↑ | regressor=1.0975 ± 0.0831 ↓
2026-05-04 12:16:27,650 [INFO] fplmodel.model - Best classifier[xgboost] params from tuning: {'est__subsample': 0.9, 'est__reg_lambda': 1.5, 'est__n_estimators': 550, 'est__max_depth': 8, 'est__learning_rate': 0.05, 'est__gamma': 0.3, 'est__colsample_bytree': 0.85} (score=0.7771)
2026-05-04 12:16:58,121 [INFO] fplmodel.model - Best regressor[xgboost] params from tuning: {'est__subsample': 0.8, 'est__reg_lambda': 1.5, 'est__n_estimators': 550, 'est__max_depth': 4, 'est__learning_rate': 0.05, 'est__gamma': 0.0, 'est__colsample_bytree': 1.0} (score=-1.1035)
2026-05-04 12:16:58,123 [INFO] fplmodel.model - Candidate XGBoost | classifier=0.7771 ± 0.0253 ↑ | regressor=1.1035 ± 0.0951 ↓
2026-05-04 12:16:58,123 [INFO] fplmodel.model - Saved model selection summary to /Users/kyle/Documents/FPL-Prediction/models/model_selection_summary.csv
2026-05-04 12:16:58,124 [INFO] fplmodel.model - Selected classifier model: Histogram Gradient Boosting (balanced_accuracy=0.7792 ± 0.0202 ↑)
2026-05-04 12:16:58,124 [INFO] fplmodel.model - Selected regressor model: Histogram Gradient Boosting (MAE=1.0975 ± 0.0831 ↓)
2026-05-04 12:18:45,235 [INFO] fplmodel.model - Classifier (histogram gradient boosting) feature selector dropped 39 column(s): availability_next_round, bps_lag1, bps_ma5, creation_plus_minus_lag1, creation_plus_minus_ma5, defensive_actions_lag1, defensive_actions_ma5, expected_goal_involvements_ma5, expected_goal_involvements_per_90, injury_risk_flag, ... (+29 more)
2026-05-04 12:18:45,235 [INFO] fplmodel.model - Regressor (histogram gradient boosting) feature selector dropped 39 column(s): availability_next_round, bps_lag1, bps_ma5, creation_plus_minus_lag1, creation_plus_minus_ma5, defensive_actions_lag1, defensive_actions_ma5, expected_goal_involvements_ma5, expected_goal_involvements_per_90, injury_risk_flag, ... (+29 more)
2026-05-04 12:18:45,235 [INFO] fplmodel.model - Final model selection: classifier=Histogram Gradient Boosting | regressor=Histogram Gradient Boosting
2026-05-04 12:18:45,296 [INFO] fplmodel - Training prediction models completed in 222.01s
2026-05-04 12:18:45,296 [INFO] fplmodel - Estimator HistGradientBoostingRegressor for regressor does not expose feature_importances_; skipping logging.
2026-05-04 12:18:45,297 [INFO] fplmodel - Estimator HistGradientBoostingClassifier for classifier does not expose feature_importances_; skipping logging.
2026-05-04 12:18:45,297 [INFO] fplmodel - Model training complete; fitted 2 candidate pair(s).
2026-05-04 12:18:45,297 [INFO] fplmodel - Generating next gameweek predictions...
2026-05-04 12:18:45,346 [INFO] fplmodel - Generating next gameweek predictions completed in 0.05s
2026-05-04 12:18:45,347 [INFO] fplmodel - Generated ensemble predictions for 832 players using 2 model(s): Histogram Gradient Boosting, XGBoost
2026-05-04 12:18:45,353 [INFO] fplmodel - Applied fixture multipliers; average EP now 1.99
2026-05-04 12:18:45,354 [INFO] fplmodel - Top 5 expected point predictions (ensemble): Carlos Henrique Casimiro (9.30); Morgan Gibbs-White (8.57); Gianluigi Donnarumma (7.52); Marc Guéhi (7.30); Jarrod Bowen (7.21)
2026-05-04 12:18:45,354 [INFO] fplmodel - Evaluating last finished gameweek residuals...
2026-05-04 12:18:45,441 [INFO] fplmodel - Evaluating last finished gameweek residuals completed in 0.09s
2026-05-04 12:18:45,441 [INFO] fplmodel - Residuals computed for 7369 players in GW 34
2026-05-04 12:18:45,441 [INFO] fplmodel - Selecting best XI from 832 candidates
2026-05-04 12:18:45,441 [INFO] fplmodel - Optimising best XI selection...
2026-05-04 12:18:46,636 [INFO] fplmodel - Optimising best XI selection completed in 1.20s
2026-05-04 12:18:46,636 [INFO] fplmodel - Selected squad: total cost 97.6M | starting cost 74.2M | bench cost 23.4M
2026-05-04 12:18:46,637 [INFO] fplmodel - Projected points: XI 79.94 | Captain included 89.24 | Bench 24.21
2026-05-04 12:18:46,637 [INFO] fplmodel - Captain: Carlos Henrique Casimiro
2026-05-04 12:18:46,637 [INFO] fplmodel - XI | Gianluigi Donnarumma (Man City) - 7.52 pts | 5.6M
2026-05-04 12:18:46,637 [INFO] fplmodel - XI | Marc Guéhi (Man City) - 7.30 pts | 5.1M
2026-05-04 12:18:46,637 [INFO] fplmodel - XI | Nico O'Reilly (Man City) - 6.99 pts | 5.2M
2026-05-04 12:18:46,637 [INFO] fplmodel - XI | Gabriel dos Santos Magalhães (Arsenal) - 6.94 pts | 7.2M
2026-05-04 12:18:46,637 [INFO] fplmodel - XI | Ferdi Kadıoğlu (Brighton) - 6.87 pts | 4.4M
2026-05-04 12:18:46,637 [INFO] fplmodel - XI | Virgil van Dijk (Liverpool) - 6.84 pts | 6.2M
2026-05-04 12:18:46,637 [INFO] fplmodel - XI | Carlos Henrique Casimiro (Man Utd) - 9.30 pts | 5.8M
2026-05-04 12:18:46,637 [INFO] fplmodel - XI | Morgan Gibbs-White (Nott'm Forest) - 8.57 pts | 7.7M
2026-05-04 12:18:46,637 [INFO] fplmodel - XI | Bruno Borges Fernandes (Man Utd) - 6.52 pts | 10.4M
2026-05-04 12:18:46,637 [INFO] fplmodel - XI | Jarrod Bowen (West Ham) - 7.21 pts | 7.8M
2026-05-04 12:18:46,637 [INFO] fplmodel - XI | Ollie Watkins (Aston Villa) - 5.89 pts | 8.8M
2026-05-04 12:18:46,637 [INFO] fplmodel - Bench 1 | Pascal Groß (Brighton) - 6.34 pts
2026-05-04 12:18:46,637 [INFO] fplmodel - Bench 2 | Elliot Anderson (Nott'm Forest) - 6.22 pts
2026-05-04 12:18:46,637 [INFO] fplmodel - Bench 3 | Igor Thiago Nascimento Rodrigues (Brentford) - 5.27 pts
2026-05-04 12:18:46,637 [INFO] fplmodel - Bench 4 | Bernd Leno (Fulham) - 6.38 pts
2026-05-04 12:18:46,648 [INFO] fplmodel - Predictions saved to /Users/kyle/Documents/FPL-Prediction/outputs/predictions_gw35.csv
2026-05-04 12:18:46,650 [INFO] fplmodel - Starting XI saved to /Users/kyle/Documents/FPL-Prediction/outputs/starting_xi_gw35.csv
2026-05-04 12:18:46,652 [INFO] fplmodel - Bench saved to /Users/kyle/Documents/FPL-Prediction/outputs/bench_gw35.csv
2026-05-04 12:18:46,652 [INFO] fplmodel - Best XI JSON saved to /Users/kyle/Documents/FPL-Prediction/outputs/best_xi_gw35.json
2026-05-04 12:18:46,652 [INFO] fplmodel - Rendering best XI graphic...
2026-05-04 12:18:46,798 [INFO] fplmodel - Rendering best XI graphic completed in 0.15s
2026-05-04 12:18:46,798 [INFO] fplmodel - Best XI graphic generated at /Users/kyle/Documents/FPL-Prediction/outputs/best_xi_gw35.png
2026-05-04 12:18:46,808 [INFO] fplmodel - Residuals saved to /Users/kyle/Documents/FPL-Prediction/outputs/residuals_gw34.csv
2026-05-04 12:18:46,808 [INFO] fplmodel - Pipeline complete for GW 35
