2025-12-09 09:58:03,176 [INFO] fplmodel - Logging initialised. Writing to /Users/kyle/Documents/FPL-Prediction/logs/run_20251209_095803.log
2025-12-09 09:58:03,176 [INFO] fplmodel - Starting pipeline run (force_refetch=False)
2025-12-09 09:58:03,176 [INFO] fplmodel - Fetching bootstrap static data...
2025-12-09 09:58:03,237 [INFO] fplmodel - Fetching bootstrap static data completed in 0.06s
2025-12-09 09:58:03,237 [INFO] fplmodel - Fetching fixtures data...
2025-12-09 09:58:03,241 [INFO] fplmodel - Fetching fixtures data completed in 0.00s
2025-12-09 09:58:03,241 [INFO] fplmodel - Normalising bootstrap data...
2025-12-09 09:58:03,251 [INFO] fplmodel - Normalising bootstrap data completed in 0.01s
2025-12-09 09:58:03,251 [INFO] fplmodel - Loaded normalised frames: 759 elements, 20 teams, 38 events
2025-12-09 09:58:03,252 [INFO] fplmodel - Gameweek override applied -> next_gw=17 | last_finished_gw=16
2025-12-09 09:58:03,252 [INFO] fplmodel - Next gameweek: 17 | Last finished gameweek: 16
2025-12-09 09:58:03,252 [INFO] fplmodel - Renaming log file to highlight gameweek 17
2025-12-09 09:58:03,252 [INFO] fplmodel - Log file renamed to /Users/kyle/Documents/FPL-Prediction/logs/run_gw17_20251209_095803.log
2025-12-09 09:58:03,252 [INFO] fplmodel - Fetching player histories for 759 players (force_refetch=False)...
2025-12-09 09:58:04,136 [INFO] fplmodel - Fetching player histories for 759 players (force_refetch=False) completed in 0.88s
2025-12-09 09:58:04,137 [INFO] fplmodel - Loading 759 player history files from /Users/kyle/Documents/FPL-Prediction/data/raw
2025-12-09 09:58:04,137 [INFO] fplmodel - Collating player history JSON into dataframe...
2025-12-09 09:58:04,508 [INFO] fplmodel - Collating player history JSON into dataframe completed in 0.37s
2025-12-09 09:58:04,904 [INFO] fplmodel - Built player histories dataframe with 66540 rows
2025-12-09 09:58:04,904 [INFO] fplmodel - Loading external history data...
2025-12-09 09:58:05,705 [INFO] fplmodel - Loading external history data completed in 0.80s
2025-12-09 09:58:05,746 [INFO] fplmodel - Loaded 131605 external history rows for seasons 2020-21, 2021-22, 2022-23, 2023-24, 2024-25
2025-12-09 09:58:05,836 [INFO] fplmodel - Combined history dataset now has 192346 rows
2025-12-09 09:58:05,836 [INFO] fplmodel - Building training and prediction feature frames...
2025-12-09 09:58:09,788 [INFO] fplmodel - Building training and prediction feature frames completed in 3.95s
2025-12-09 09:58:09,789 [INFO] fplmodel - Prepared features: X_train=(109550, 156), y_train=109550, X_pred=(759, 163)
2025-12-09 09:58:09,793 [INFO] fplmodel - Training models with 156 features
2025-12-09 09:58:09,793 [INFO] fplmodel - Training feature columns: total_points_ma5, minutes_ma5, goals_scored_ma5, assists_ma5, clean_sheets_ma5, influence_ma5, creativity_ma5, threat_ma5, ict_index_ma5, goals_conceded_ma5, own_goals_ma5, penalties_saved_ma5, penalties_missed_ma5, yellow_cards_ma5, red_cards_ma5, saves_ma5, bonus_ma5, bps_ma5, clearances_blocks_interceptions_ma5, recoveries_ma5, tackles_ma5, defensive_contribution_ma5, starts_ma5, expected_goals_ma5, expected_assists_ma5, expected_goal_involvements_ma5, expected_goals_conceded_ma5, value_ma5, transfers_balance_ma5, selected_ma5, transfers_in_ma5, transfers_out_ma5, attacking_returns_ma5, finishing_plus_minus_ma5, finishing_ratio_ma5, creation_plus_minus_ma5, creation_ratio_ma5, xgi_plus_minus_ma5, minutes_share_ma5, points_per_90_ma5, tackles_plus_interceptions_ma5, defensive_actions_ma5, total_points_lag1, minutes_lag1, goals_scored_lag1, assists_lag1, clean_sheets_lag1, influence_lag1, creativity_lag1, threat_lag1, ict_index_lag1, goals_conceded_lag1, own_goals_lag1, penalties_saved_lag1, penalties_missed_lag1, yellow_cards_lag1, red_cards_lag1, saves_lag1, bonus_lag1, bps_lag1, clearances_blocks_interceptions_lag1, recoveries_lag1, tackles_lag1, defensive_contribution_lag1, starts_lag1, expected_goals_lag1, expected_assists_lag1, expected_goal_involvements_lag1, expected_goals_conceded_lag1, value_lag1, transfers_balance_lag1, selected_lag1, transfers_in_lag1, transfers_out_lag1, attacking_returns_lag1, finishing_plus_minus_lag1, finishing_ratio_lag1, creation_plus_minus_lag1, creation_ratio_lag1, xgi_plus_minus_lag1, minutes_share_lag1, points_per_90_lag1, tackles_plus_interceptions_lag1, defensive_actions_lag1, team_goals_for_ma5, team_goals_against_ma5, team_goal_diff_ma5, team_clean_sheet_ma5, team_conceded_two_plus_ma5, team_match_points_ma5, opp_team_goals_for_ma5, opp_team_goals_against_ma5, opp_team_goal_diff_ma5, opp_team_clean_sheet_ma5, opp_team_conceded_two_plus_ma5, opp_team_match_points_ma5, was_home, team_strength_overall, team_strength_home, team_strength_away, team_attack_home, team_attack_away, team_def_home, team_def_away, team_form_rating, team_points_table, team_league_position, team_matches_played, team_wins, team_draws, team_losses, opp_strength_overall, opp_strength_home, opp_strength_away, opp_attack_home, opp_attack_away, opp_def_home, opp_def_away, opp_form_rating, opp_points_table, opp_league_position, opp_matches_played, opp_wins, opp_draws, opp_losses, form, points_per_game, value_form, value_season, selected_by_percent, expected_goals_per_90, expected_assists_per_90, expected_goal_involvements_per_90, expected_goals_conceded_per_90, goals_conceded_per_90, saves_per_90, starts_per_90, clean_sheets_per_90, defensive_contribution_per_90, availability_this_round, availability_next_round, status_availability, status_injury_flag, injury_risk_flag, corners_and_indirect_freekicks_order, direct_freekicks_order, penalties_order, has_corners_duty, primary_corners_taker, has_direct_fk_duty, primary_direct_fk_taker, has_penalty_duty, primary_penalty_taker, set_piece_duty_score, player_bias, pos_bias
2025-12-09 09:58:09,793 [INFO] fplmodel - Training prediction models...
2025-12-09 09:58:09,996 [INFO] fplmodel.model - Season sample weights applied: 2020-21: 0.25, 2021-22: 0.25, 2022-23: 0.34, 2023-24: 0.49, 2024-25: 0.70, 2025-26: 1.00
2025-12-09 09:58:09,996 [INFO] fplmodel.model - Using TimeSeriesSplit with 3 folds for hyperparameter tuning.
2025-12-09 09:58:56,546 [INFO] fplmodel.model - Best classifier[hist_gbdt] params from tuning: {'est__min_samples_leaf': 20, 'est__max_iter': 350, 'est__max_depth': 4, 'est__learning_rate': 0.04, 'est__l2_regularization': 0.1} (score=1.0000)
2025-12-09 09:59:55,461 [INFO] fplmodel.model - Best regressor[hist_gbdt] params from tuning: {'est__min_samples_leaf': 30, 'est__max_iter': 250, 'est__max_depth': None, 'est__learning_rate': 0.06, 'est__l2_regularization': 0.05} (score=-0.9688)
2025-12-09 09:59:55,462 [INFO] fplmodel.model - Candidate Histogram Gradient Boosting | classifier=1.0000 ± 0.0000 ↑ | regressor=0.9688 ± 0.0616 ↓
2025-12-09 10:02:04,788 [INFO] fplmodel.model - Best classifier[random_forest] params from tuning: {'est__n_estimators': 200, 'est__min_samples_split': 6, 'est__min_samples_leaf': 4, 'est__max_features': 'sqrt', 'est__max_depth': None} (score=1.0000)
2025-12-09 10:24:04,597 [INFO] fplmodel.model - Best regressor[random_forest] params from tuning: {'est__n_estimators': 600, 'est__min_samples_split': 6, 'est__min_samples_leaf': 4, 'est__max_features': 0.7, 'est__max_depth': 20} (score=-0.9555)
2025-12-09 10:24:04,599 [INFO] fplmodel.model - Candidate Random Forest | classifier=1.0000 ± 0.0000 ↑ | regressor=0.9555 ± 0.0448 ↓
2025-12-09 10:25:19,451 [INFO] fplmodel.model - Best classifier[neural_network] params from tuning: {'est__learning_rate_init': 0.003, 'est__hidden_layer_sizes': (256, 128), 'est__beta_1': 0.85, 'est__alpha': 0.0005} (score=0.9990)
2025-12-09 10:26:08,681 [INFO] fplmodel.model - Best regressor[neural_network] params from tuning: {'est__learning_rate_init': 0.003, 'est__hidden_layer_sizes': (128, 64), 'est__beta_1': 0.9, 'est__alpha': 0.0001} (score=-1.0004)
2025-12-09 10:26:08,681 [INFO] fplmodel.model - Candidate Neural Network (MLP) | classifier=0.9990 ± 0.0004 ↑ | regressor=1.0004 ± 0.1168 ↓
2025-12-09 10:26:08,683 [INFO] fplmodel.model - Saved model selection summary to /Users/kyle/Documents/FPL-Prediction/models/model_selection_summary.csv
2025-12-09 10:26:08,683 [INFO] fplmodel.model - Selected classifier model: Histogram Gradient Boosting (balanced_accuracy=1.0000 ± 0.0000 ↑)
2025-12-09 10:26:08,683 [INFO] fplmodel.model - Selected regressor model: Random Forest (MAE=0.9555 ± 0.0448 ↓)
2025-12-09 10:29:16,895 [INFO] fplmodel.model - Classifier (histogram gradient boosting) feature selector dropped 40 column(s): availability_next_round, bps_lag1, bps_ma5, creation_plus_minus_lag1, creation_plus_minus_ma5, defensive_actions_lag1, defensive_actions_ma5, expected_goal_involvements_lag1, expected_goal_involvements_ma5, expected_goal_involvements_per_90, ... (+30 more)
2025-12-09 10:29:16,895 [INFO] fplmodel.model - Regressor (random forest) feature selector dropped 40 column(s): availability_next_round, bps_lag1, bps_ma5, creation_plus_minus_lag1, creation_plus_minus_ma5, defensive_actions_lag1, defensive_actions_ma5, expected_goal_involvements_lag1, expected_goal_involvements_ma5, expected_goal_involvements_per_90, ... (+30 more)
2025-12-09 10:29:16,895 [INFO] fplmodel.model - Final model selection: classifier=Histogram Gradient Boosting | regressor=Random Forest
2025-12-09 10:29:17,123 [INFO] fplmodel - Training prediction models completed in 1867.28s
2025-12-09 10:29:17,170 [INFO] fplmodel - Top feature weights for regressor: total_points_lag1: 0.3799, recoveries_lag1: 0.0821, total_points_ma5: 0.0737, defensive_contribution_lag1: 0.0362, bonus_lag1: 0.0301, points_per_90_lag1: 0.0287, player_bias: 0.0184, team_conceded_two_plus_ma5: 0.0123, selected_lag1: 0.0113, team_clean_sheet_ma5: 0.0100, selected_ma5: 0.0091, value_ma5: 0.0088, team_match_points_ma5: 0.0083, bonus_ma5: 0.0081, transfers_balance_lag1: 0.0080
2025-12-09 10:29:17,171 [INFO] fplmodel - Estimator HistGradientBoostingClassifier for classifier does not expose feature_importances_; skipping logging.
2025-12-09 10:29:17,171 [INFO] fplmodel - Model training complete; fitted 3 candidate pair(s).
2025-12-09 10:29:17,171 [INFO] fplmodel - Generating next gameweek predictions...
2025-12-09 10:29:17,302 [INFO] fplmodel - Generating next gameweek predictions completed in 0.13s
2025-12-09 10:29:17,304 [INFO] fplmodel - Generated ensemble predictions for 759 players using 3 model(s): Histogram Gradient Boosting, Random Forest, Neural Network (MLP)
2025-12-09 10:29:17,306 [INFO] fplmodel - Applied fixture multipliers; average EP now 1.90
2025-12-09 10:29:17,306 [INFO] fplmodel - Top 5 expected point predictions (ensemble): Samuel Chukwueze (7.56); James Tarkowski (5.21); Bukayo Saka (5.00); Cristian Romero (4.76); Anton Stach (4.72)
2025-12-09 10:29:17,307 [INFO] fplmodel - Evaluating last finished gameweek residuals...
2025-12-09 10:29:17,414 [INFO] fplmodel - Evaluating last finished gameweek residuals completed in 0.11s
2025-12-09 10:29:17,414 [INFO] fplmodel - Residuals computed for 3200 players in GW 16
2025-12-09 10:29:17,414 [INFO] fplmodel - Selecting best XI from 759 candidates
2025-12-09 10:29:17,414 [INFO] fplmodel - Optimising best XI selection...
2025-12-09 10:29:18,270 [INFO] fplmodel - Optimising best XI selection completed in 0.86s
2025-12-09 10:29:18,270 [INFO] fplmodel - Selected squad: total cost 91.0M | starting cost 65.9M | bench cost 25.1M
2025-12-09 10:29:18,271 [INFO] fplmodel - Projected points: XI 53.57 | Captain included 61.13 | Bench 15.70
2025-12-09 10:29:18,271 [INFO] fplmodel - Captain: Samuel Chukwueze
2025-12-09 10:29:18,271 [INFO] fplmodel - XI | Alisson Becker (Liverpool) - 3.48 pts | 5.4M
2025-12-09 10:29:18,271 [INFO] fplmodel - XI | James Tarkowski (Everton) - 5.21 pts | 5.4M
2025-12-09 10:29:18,271 [INFO] fplmodel - XI | Cristian Romero (Spurs) - 4.76 pts | 5.0M
2025-12-09 10:29:18,271 [INFO] fplmodel - XI | Djed Spence (Spurs) - 4.60 pts | 4.4M
2025-12-09 10:29:18,271 [INFO] fplmodel - XI | Jayden Bogle (Leeds) - 4.54 pts | 4.4M
2025-12-09 10:29:18,271 [INFO] fplmodel - XI | Samuel Chukwueze (Fulham) - 7.56 pts | 5.3M
2025-12-09 10:29:18,271 [INFO] fplmodel - XI | Bukayo Saka (Arsenal) - 5.00 pts | 10.2M
2025-12-09 10:29:18,271 [INFO] fplmodel - XI | Anton Stach (Leeds) - 4.72 pts | 4.8M
2025-12-09 10:29:18,271 [INFO] fplmodel - XI | Phil Foden (Man City) - 4.71 pts | 8.6M
2025-12-09 10:29:18,271 [INFO] fplmodel - XI | Kiernan Dewsbury-Hall (Everton) - 4.69 pts | 5.1M
2025-12-09 10:29:18,271 [INFO] fplmodel - XI | João Pedro Junqueira de Jesus (Chelsea) - 4.30 pts | 7.3M
2025-12-09 10:29:18,271 [INFO] fplmodel - Bench 1 | John Stones (Man City) - 4.44 pts
2025-12-09 10:29:18,271 [INFO] fplmodel - Bench 2 | Igor Jesus Maciel da Cruz (Nott'm Forest) - 4.14 pts
2025-12-09 10:29:18,271 [INFO] fplmodel - Bench 3 | Hugo Ekitiké (Liverpool) - 3.88 pts
2025-12-09 10:29:18,271 [INFO] fplmodel - Bench 4 | Jordan Pickford (Everton) - 3.24 pts
2025-12-09 10:29:18,277 [INFO] fplmodel - Predictions saved to /Users/kyle/Documents/FPL-Prediction/outputs/predictions_gw17.csv
2025-12-09 10:29:18,278 [INFO] fplmodel - Starting XI saved to /Users/kyle/Documents/FPL-Prediction/outputs/starting_xi_gw17.csv
2025-12-09 10:29:18,278 [INFO] fplmodel - Bench saved to /Users/kyle/Documents/FPL-Prediction/outputs/bench_gw17.csv
2025-12-09 10:29:18,278 [INFO] fplmodel - Best XI JSON saved to /Users/kyle/Documents/FPL-Prediction/outputs/best_xi_gw17.json
2025-12-09 10:29:18,279 [INFO] fplmodel - Rendering best XI graphic...
2025-12-09 10:29:18,419 [INFO] fplmodel - Rendering best XI graphic completed in 0.14s
2025-12-09 10:29:18,419 [INFO] fplmodel - Best XI graphic generated at /Users/kyle/Documents/FPL-Prediction/outputs/best_xi_gw17.png
2025-12-09 10:29:18,424 [INFO] fplmodel - Residuals saved to /Users/kyle/Documents/FPL-Prediction/outputs/residuals_gw16.csv
2025-12-09 10:29:18,424 [INFO] fplmodel - Pipeline complete for GW 17
