2026-05-14 08:41:22,421 [INFO] fplmodel - Logging initialised. Writing to /Users/kyle/Documents/FPL-Prediction/logs/run_20260514_084122.log
2026-05-14 08:41:22,421 [INFO] fplmodel - Starting pipeline run (force_refetch=False)
2026-05-14 08:41:22,421 [INFO] fplmodel - Fetching bootstrap static data...
2026-05-14 08:41:22,443 [INFO] fplmodel - Fetching bootstrap static data completed in 0.02s
2026-05-14 08:41:22,443 [INFO] fplmodel - Fetching fixtures data...
2026-05-14 08:41:22,453 [INFO] fplmodel - Fetching fixtures data completed in 0.01s
2026-05-14 08:41:22,453 [INFO] fplmodel - Normalising bootstrap data...
2026-05-14 08:41:22,463 [INFO] fplmodel - Normalising bootstrap data completed in 0.01s
2026-05-14 08:41:22,463 [INFO] fplmodel - Loaded normalised frames: 838 elements, 20 teams, 38 events
2026-05-14 08:41:22,463 [INFO] fplmodel - Gameweek override applied -> next_gw=39 | last_finished_gw=38
2026-05-14 08:41:22,463 [INFO] fplmodel - Next gameweek: 39 | Last finished gameweek: 38
2026-05-14 08:41:22,463 [INFO] fplmodel - Renaming log file to highlight gameweek 39
2026-05-14 08:41:22,464 [INFO] fplmodel - Log file renamed to /Users/kyle/Documents/FPL-Prediction/logs/run_gw39_20260514_084122.log
2026-05-14 08:41:22,464 [INFO] fplmodel - Fetching player histories for 838 players (force_refetch=False)...
2026-05-14 08:41:22,464 [INFO] fplmodel.data_pull - Fetching player histories with 8 worker thread(s).
2026-05-14 08:41:22,611 [INFO] fplmodel.data_pull - Player history fetch progress: 50/838 complete (0 failures).
2026-05-14 08:41:22,711 [INFO] fplmodel.data_pull - Player history fetch progress: 100/838 complete (0 failures).
2026-05-14 08:41:22,818 [INFO] fplmodel.data_pull - Player history fetch progress: 150/838 complete (0 failures).
2026-05-14 08:41:22,919 [INFO] fplmodel.data_pull - Player history fetch progress: 200/838 complete (0 failures).
2026-05-14 08:41:23,015 [INFO] fplmodel.data_pull - Player history fetch progress: 250/838 complete (0 failures).
2026-05-14 08:41:23,119 [INFO] fplmodel.data_pull - Player history fetch progress: 300/838 complete (0 failures).
2026-05-14 08:41:23,218 [INFO] fplmodel.data_pull - Player history fetch progress: 350/838 complete (0 failures).
2026-05-14 08:41:23,320 [INFO] fplmodel.data_pull - Player history fetch progress: 400/838 complete (0 failures).
2026-05-14 08:41:23,427 [INFO] fplmodel.data_pull - Player history fetch progress: 450/838 complete (0 failures).
2026-05-14 08:41:23,529 [INFO] fplmodel.data_pull - Player history fetch progress: 500/838 complete (0 failures).
2026-05-14 08:41:23,632 [INFO] fplmodel.data_pull - Player history fetch progress: 550/838 complete (0 failures).
2026-05-14 08:41:23,740 [INFO] fplmodel.data_pull - Player history fetch progress: 600/838 complete (0 failures).
2026-05-14 08:41:23,842 [INFO] fplmodel.data_pull - Player history fetch progress: 650/838 complete (0 failures).
2026-05-14 08:41:23,941 [INFO] fplmodel.data_pull - Player history fetch progress: 700/838 complete (0 failures).
2026-05-14 08:41:24,037 [INFO] fplmodel.data_pull - Player history fetch progress: 750/838 complete (0 failures).
2026-05-14 08:41:24,140 [INFO] fplmodel.data_pull - Player history fetch progress: 800/838 complete (0 failures).
2026-05-14 08:41:24,203 [INFO] fplmodel.data_pull - Player history fetch progress: 838/838 complete (0 failures).
2026-05-14 08:41:24,237 [INFO] fplmodel - Fetching player histories for 838 players (force_refetch=False) completed in 1.77s
2026-05-14 08:41:24,238 [INFO] fplmodel - Loading 838 player history files from /Users/kyle/Documents/FPL-Prediction/data/raw
2026-05-14 08:41:24,238 [INFO] fplmodel - Collating player history JSON into dataframe...
2026-05-14 08:41:25,052 [INFO] fplmodel - Collating player history JSON into dataframe completed in 0.81s
2026-05-14 08:41:25,984 [INFO] fplmodel - Built player histories dataframe with 168396 rows
2026-05-14 08:41:25,985 [INFO] fplmodel - Loading external history data...
2026-05-14 08:41:26,736 [INFO] fplmodel - Loading external history data completed in 0.75s
2026-05-14 08:41:26,774 [INFO] fplmodel - Loaded 133468 external history rows for seasons 2020-21, 2021-22, 2022-23, 2023-24, 2024-25
2026-05-14 08:41:26,925 [INFO] fplmodel - Combined history dataset now has 287184 rows
2026-05-14 08:41:26,925 [INFO] fplmodel - Building training and prediction feature frames...
2026-05-14 08:41:46,913 [INFO] fplmodel - Building training and prediction feature frames completed in 19.99s
2026-05-14 08:41:46,915 [INFO] fplmodel - Prepared features: X_train=(272170, 156), y_train=272170, X_pred=(838, 163)
2026-05-14 08:41:46,963 [INFO] fplmodel - Training models with 156 features
2026-05-14 08:41:46,963 [INFO] fplmodel - Training feature columns: total_points_ma5, minutes_ma5, goals_scored_ma5, assists_ma5, clean_sheets_ma5, influence_ma5, creativity_ma5, threat_ma5, ict_index_ma5, goals_conceded_ma5, own_goals_ma5, penalties_saved_ma5, penalties_missed_ma5, yellow_cards_ma5, red_cards_ma5, saves_ma5, bonus_ma5, bps_ma5, clearances_blocks_interceptions_ma5, recoveries_ma5, tackles_ma5, defensive_contribution_ma5, starts_ma5, expected_goals_ma5, expected_assists_ma5, expected_goal_involvements_ma5, expected_goals_conceded_ma5, value_ma5, transfers_balance_ma5, selected_ma5, transfers_in_ma5, transfers_out_ma5, attacking_returns_ma5, finishing_plus_minus_ma5, finishing_ratio_ma5, creation_plus_minus_ma5, creation_ratio_ma5, xgi_plus_minus_ma5, minutes_share_ma5, points_per_90_ma5, tackles_plus_interceptions_ma5, defensive_actions_ma5, total_points_lag1, minutes_lag1, goals_scored_lag1, assists_lag1, clean_sheets_lag1, influence_lag1, creativity_lag1, threat_lag1, ict_index_lag1, goals_conceded_lag1, own_goals_lag1, penalties_saved_lag1, penalties_missed_lag1, yellow_cards_lag1, red_cards_lag1, saves_lag1, bonus_lag1, bps_lag1, clearances_blocks_interceptions_lag1, recoveries_lag1, tackles_lag1, defensive_contribution_lag1, starts_lag1, expected_goals_lag1, expected_assists_lag1, expected_goal_involvements_lag1, expected_goals_conceded_lag1, value_lag1, transfers_balance_lag1, selected_lag1, transfers_in_lag1, transfers_out_lag1, attacking_returns_lag1, finishing_plus_minus_lag1, finishing_ratio_lag1, creation_plus_minus_lag1, creation_ratio_lag1, xgi_plus_minus_lag1, minutes_share_lag1, points_per_90_lag1, tackles_plus_interceptions_lag1, defensive_actions_lag1, team_goals_for_ma5, team_goals_against_ma5, team_goal_diff_ma5, team_clean_sheet_ma5, team_conceded_two_plus_ma5, team_match_points_ma5, opp_team_goals_for_ma5, opp_team_goals_against_ma5, opp_team_goal_diff_ma5, opp_team_clean_sheet_ma5, opp_team_conceded_two_plus_ma5, opp_team_match_points_ma5, was_home, team_strength_overall, team_strength_home, team_strength_away, team_attack_home, team_attack_away, team_def_home, team_def_away, team_form_rating, team_points_table, team_league_position, team_matches_played, team_wins, team_draws, team_losses, opp_strength_overall, opp_strength_home, opp_strength_away, opp_attack_home, opp_attack_away, opp_def_home, opp_def_away, opp_form_rating, opp_points_table, opp_league_position, opp_matches_played, opp_wins, opp_draws, opp_losses, form, points_per_game, value_form, value_season, selected_by_percent, expected_goals_per_90, expected_assists_per_90, expected_goal_involvements_per_90, expected_goals_conceded_per_90, goals_conceded_per_90, saves_per_90, starts_per_90, clean_sheets_per_90, defensive_contribution_per_90, availability_this_round, availability_next_round, status_availability, status_injury_flag, injury_risk_flag, corners_and_indirect_freekicks_order, direct_freekicks_order, penalties_order, has_corners_duty, primary_corners_taker, has_direct_fk_duty, primary_direct_fk_taker, has_penalty_duty, primary_penalty_taker, set_piece_duty_score, player_bias, pos_bias
2026-05-14 08:41:46,963 [INFO] fplmodel - Training prediction models...
2026-05-14 08:41:47,400 [INFO] fplmodel.model - Season sample weights applied: 2020-21: 0.25, 2021-22: 0.25, 2022-23: 0.34, 2023-24: 0.49, 2024-25: 0.70, 2025-26: 1.00
2026-05-14 08:41:47,400 [INFO] fplmodel.model - Using TimeSeriesSplit with 3 folds for hyperparameter tuning.
2026-05-14 08:41:47,402 [INFO] fplmodel.model - Using actual match minutes as classifier target (minutes >= 60).
2026-05-14 08:41:47,408 [INFO] fplmodel.model - Model selection using most recent 60000/272170 training rows; final fits still use all rows.
2026-05-14 08:42:13,051 [INFO] fplmodel.model - Best classifier[hist_gbdt] params from tuning: {'est__min_samples_leaf': 30, 'est__max_iter': 200, 'est__max_depth': None, 'est__learning_rate': 0.06, 'est__l2_regularization': 0.05} (score=0.7834)
2026-05-14 08:42:31,383 [INFO] fplmodel.model - Best regressor[hist_gbdt] params from tuning: {'est__min_samples_leaf': 30, 'est__max_iter': 350, 'est__max_depth': 8, 'est__learning_rate': 0.06, 'est__l2_regularization': 0.1} (score=-1.0808)
2026-05-14 08:42:31,383 [INFO] fplmodel.model - Candidate Histogram Gradient Boosting | classifier=0.7834 ± 0.0139 ↑ | regressor=1.0808 ± 0.0862 ↓
2026-05-14 08:43:04,088 [INFO] fplmodel.model - Best classifier[xgboost] params from tuning: {'est__subsample': 0.9, 'est__reg_lambda': 1.5, 'est__n_estimators': 550, 'est__max_depth': 8, 'est__learning_rate': 0.05, 'est__gamma': 0.3, 'est__colsample_bytree': 0.85} (score=0.7806)
2026-05-14 08:43:32,887 [INFO] fplmodel.model - Best regressor[xgboost] params from tuning: {'est__subsample': 0.8, 'est__reg_lambda': 1.5, 'est__n_estimators': 550, 'est__max_depth': 4, 'est__learning_rate': 0.05, 'est__gamma': 0.0, 'est__colsample_bytree': 1.0} (score=-1.0949)
2026-05-14 08:43:32,887 [INFO] fplmodel.model - Candidate XGBoost | classifier=0.7806 ± 0.0197 ↑ | regressor=1.0949 ± 0.0882 ↓
2026-05-14 08:43:32,888 [INFO] fplmodel.model - Saved model selection summary to /Users/kyle/Documents/FPL-Prediction/models/model_selection_summary.csv
2026-05-14 08:43:32,888 [INFO] fplmodel.model - Selected classifier model: Histogram Gradient Boosting (balanced_accuracy=0.7834 ± 0.0139 ↑)
2026-05-14 08:43:32,888 [INFO] fplmodel.model - Selected regressor model: Histogram Gradient Boosting (MAE=1.0808 ± 0.0862 ↓)
2026-05-14 08:45:12,081 [INFO] fplmodel.model - Classifier (histogram gradient boosting) feature selector dropped 39 column(s): availability_next_round, bps_lag1, bps_ma5, creation_plus_minus_lag1, creation_plus_minus_ma5, defensive_actions_lag1, defensive_actions_ma5, expected_goal_involvements_ma5, expected_goal_involvements_per_90, injury_risk_flag, ... (+29 more)
2026-05-14 08:45:12,082 [INFO] fplmodel.model - Regressor (histogram gradient boosting) feature selector dropped 39 column(s): availability_next_round, bps_lag1, bps_ma5, creation_plus_minus_lag1, creation_plus_minus_ma5, defensive_actions_lag1, defensive_actions_ma5, expected_goal_involvements_ma5, expected_goal_involvements_per_90, injury_risk_flag, ... (+29 more)
2026-05-14 08:45:12,082 [INFO] fplmodel.model - Final model selection: classifier=Histogram Gradient Boosting | regressor=Histogram Gradient Boosting
2026-05-14 08:45:12,128 [INFO] fplmodel - Training prediction models completed in 205.16s
2026-05-14 08:45:12,128 [INFO] fplmodel - Estimator HistGradientBoostingRegressor for regressor does not expose feature_importances_; skipping logging.
2026-05-14 08:45:12,128 [INFO] fplmodel - Estimator HistGradientBoostingClassifier for classifier does not expose feature_importances_; skipping logging.
2026-05-14 08:45:12,128 [INFO] fplmodel - Model training complete; fitted 2 candidate pair(s).
2026-05-14 08:45:12,128 [INFO] fplmodel - Generating next gameweek predictions...
2026-05-14 08:45:12,173 [INFO] fplmodel - Generating next gameweek predictions completed in 0.05s
2026-05-14 08:45:12,174 [INFO] fplmodel - Generated ensemble predictions for 838 players using 2 model(s): Histogram Gradient Boosting, XGBoost
2026-05-14 08:45:12,180 [INFO] fplmodel - Applied fixture multipliers; average EP now 0.63
2026-05-14 08:45:12,180 [INFO] fplmodel - Top 5 expected point predictions (ensemble): Rayan Vitor Simplício Rocha (6.73); James Tarkowski (6.35); Gabriel dos Santos Magalhães (5.47); Elliot Anderson (4.85); William Saliba (4.80)
2026-05-14 08:45:12,181 [INFO] fplmodel - Evaluating last finished gameweek residuals...
2026-05-14 08:45:12,230 [INFO] fplmodel - Evaluating last finished gameweek residuals completed in 0.05s
2026-05-14 08:45:12,231 [INFO] fplmodel - Residuals computed for 3869 players in GW 38
2026-05-14 08:45:12,231 [INFO] fplmodel - Selecting best XI from 838 candidates
2026-05-14 08:45:12,231 [INFO] fplmodel - Optimising best XI selection...
2026-05-14 08:45:13,061 [INFO] fplmodel - Optimising best XI selection completed in 0.83s
2026-05-14 08:45:13,062 [INFO] fplmodel - Selected squad: total cost 86.3M | starting cost 62.8M | bench cost 23.5M
2026-05-14 08:45:13,062 [INFO] fplmodel - Projected points: XI 53.93 | Captain included 60.66 | Bench 13.40
2026-05-14 08:45:13,062 [INFO] fplmodel - Captain: Rayan Vitor Simplício Rocha
2026-05-14 08:45:13,062 [INFO] fplmodel - XI | Bernd Leno (Fulham) - 3.92 pts | 4.9M
2026-05-14 08:45:13,062 [INFO] fplmodel - XI | James Tarkowski (Everton) - 6.35 pts | 5.7M
2026-05-14 08:45:13,062 [INFO] fplmodel - XI | Gabriel dos Santos Magalhães (Arsenal) - 5.47 pts | 7.3M
2026-05-14 08:45:13,062 [INFO] fplmodel - XI | William Saliba (Arsenal) - 4.80 pts | 6.2M
2026-05-14 08:45:13,062 [INFO] fplmodel - XI | Marcos Senesi Barón (Bournemouth) - 4.33 pts | 5.2M
2026-05-14 08:45:13,062 [INFO] fplmodel - XI | Rayan Vitor Simplício Rocha (Bournemouth) - 6.73 pts | 5.4M
2026-05-14 08:45:13,062 [INFO] fplmodel - XI | Elliot Anderson (Nott'm Forest) - 4.85 pts | 5.6M
2026-05-14 08:45:13,062 [INFO] fplmodel - XI | Jack Hinshelwood (Brighton) - 4.63 pts | 5.1M
2026-05-14 08:45:13,062 [INFO] fplmodel - XI | Jaidon Anthony (Burnley) - 4.59 pts | 5.0M
2026-05-14 08:45:13,062 [INFO] fplmodel - XI | Leandro Trossard (Arsenal) - 4.50 pts | 6.5M
2026-05-14 08:45:13,062 [INFO] fplmodel - XI | Igor Jesus Maciel da Cruz (Nott'm Forest) - 3.76 pts | 5.9M
2026-05-14 08:45:13,062 [INFO] fplmodel - Bench 1 | Ollie Watkins (Aston Villa) - 3.58 pts
2026-05-14 08:45:13,062 [INFO] fplmodel - Bench 2 | Ferdi Kadıoğlu (Brighton) - 3.46 pts
2026-05-14 08:45:13,062 [INFO] fplmodel - Bench 3 | Zian Flemming (Burnley) - 2.99 pts
2026-05-14 08:45:13,062 [INFO] fplmodel - Bench 4 | Senne Lammens (Man Utd) - 3.37 pts
2026-05-14 08:45:13,072 [INFO] fplmodel - Predictions saved to /Users/kyle/Documents/FPL-Prediction/outputs/predictions_gw39.csv
2026-05-14 08:45:13,073 [INFO] fplmodel - Starting XI saved to /Users/kyle/Documents/FPL-Prediction/outputs/starting_xi_gw39.csv
2026-05-14 08:45:13,073 [INFO] fplmodel - Bench saved to /Users/kyle/Documents/FPL-Prediction/outputs/bench_gw39.csv
2026-05-14 08:45:13,074 [INFO] fplmodel - Best XI JSON saved to /Users/kyle/Documents/FPL-Prediction/outputs/best_xi_gw39.json
2026-05-14 08:45:13,074 [INFO] fplmodel - Rendering best XI graphic...
2026-05-14 08:45:13,214 [INFO] fplmodel - Rendering best XI graphic completed in 0.14s
2026-05-14 08:45:13,214 [INFO] fplmodel - Best XI graphic generated at /Users/kyle/Documents/FPL-Prediction/outputs/best_xi_gw39.png
2026-05-14 08:45:13,219 [INFO] fplmodel - Residuals saved to /Users/kyle/Documents/FPL-Prediction/outputs/residuals_gw38.csv
2026-05-14 08:45:13,219 [INFO] fplmodel - Pipeline complete for GW 39
