2026-05-27 10:27:05,279 [INFO] fplmodel - Logging initialised. Writing to /Users/kyle/Documents/FPL-Prediction/logs/run_20260527_102705.log
2026-05-27 10:27:05,280 [INFO] fplmodel - Starting pipeline run (force_refetch=False)
2026-05-27 10:27:05,280 [INFO] fplmodel - Fetching bootstrap static data...
2026-05-27 10:27:05,300 [INFO] fplmodel - Fetching bootstrap static data completed in 0.02s
2026-05-27 10:27:05,300 [INFO] fplmodel - Fetching fixtures data...
2026-05-27 10:27:05,310 [INFO] fplmodel - Fetching fixtures data completed in 0.01s
2026-05-27 10:27:05,310 [INFO] fplmodel - Normalising bootstrap data...
2026-05-27 10:27:05,321 [INFO] fplmodel - Normalising bootstrap data completed in 0.01s
2026-05-27 10:27:05,321 [INFO] fplmodel - Loaded normalised frames: 841 elements, 20 teams, 38 events
2026-05-27 10:27:05,321 [INFO] fplmodel - Gameweek override applied -> next_gw=27 | last_finished_gw=26
2026-05-27 10:27:05,321 [INFO] fplmodel - Next gameweek: 27 | Last finished gameweek: 26
2026-05-27 10:27:05,321 [INFO] fplmodel - Renaming log file to highlight gameweek 27
2026-05-27 10:27:05,321 [INFO] fplmodel - Log file renamed to /Users/kyle/Documents/FPL-Prediction/logs/run_gw27_20260527_102705.log
2026-05-27 10:27:05,324 [INFO] fplmodel - Fetching player histories for 841 players (force_refetch=False)...
2026-05-27 10:27:05,324 [INFO] fplmodel.data_pull - Fetching player histories with 8 worker thread(s).
2026-05-27 10:27:05,449 [INFO] fplmodel.data_pull - Player history fetch progress: 50/841 complete (0 failures).
2026-05-27 10:27:05,556 [INFO] fplmodel.data_pull - Player history fetch progress: 100/841 complete (0 failures).
2026-05-27 10:27:05,671 [INFO] fplmodel.data_pull - Player history fetch progress: 150/841 complete (0 failures).
2026-05-27 10:27:05,780 [INFO] fplmodel.data_pull - Player history fetch progress: 200/841 complete (0 failures).
2026-05-27 10:27:05,885 [INFO] fplmodel.data_pull - Player history fetch progress: 250/841 complete (0 failures).
2026-05-27 10:27:05,995 [INFO] fplmodel.data_pull - Player history fetch progress: 300/841 complete (0 failures).
2026-05-27 10:27:06,099 [INFO] fplmodel.data_pull - Player history fetch progress: 350/841 complete (0 failures).
2026-05-27 10:27:06,225 [INFO] fplmodel.data_pull - Player history fetch progress: 400/841 complete (0 failures).
2026-05-27 10:27:06,331 [INFO] fplmodel.data_pull - Player history fetch progress: 450/841 complete (0 failures).
2026-05-27 10:27:06,443 [INFO] fplmodel.data_pull - Player history fetch progress: 500/841 complete (0 failures).
2026-05-27 10:27:06,550 [INFO] fplmodel.data_pull - Player history fetch progress: 550/841 complete (0 failures).
2026-05-27 10:27:06,668 [INFO] fplmodel.data_pull - Player history fetch progress: 600/841 complete (0 failures).
2026-05-27 10:27:06,777 [INFO] fplmodel.data_pull - Player history fetch progress: 650/841 complete (0 failures).
2026-05-27 10:27:06,884 [INFO] fplmodel.data_pull - Player history fetch progress: 700/841 complete (0 failures).
2026-05-27 10:27:06,985 [INFO] fplmodel.data_pull - Player history fetch progress: 750/841 complete (0 failures).
2026-05-27 10:27:07,091 [INFO] fplmodel.data_pull - Player history fetch progress: 800/841 complete (0 failures).
2026-05-27 10:27:07,168 [INFO] fplmodel.data_pull - Player history fetch progress: 841/841 complete (0 failures).
2026-05-27 10:27:07,210 [INFO] fplmodel - Fetching player histories for 841 players (force_refetch=False) completed in 1.89s
2026-05-27 10:27:07,210 [INFO] fplmodel - Loading 841 player history files from /Users/kyle/Documents/FPL-Prediction/data/raw
2026-05-27 10:27:07,210 [INFO] fplmodel - Collating player history JSON into dataframe...
2026-05-27 10:27:08,087 [INFO] fplmodel - Collating player history JSON into dataframe completed in 0.88s
2026-05-27 10:27:09,136 [INFO] fplmodel - Built player histories dataframe with 178482 rows
2026-05-27 10:27:09,136 [INFO] fplmodel - Loading external history data...
2026-05-27 10:27:09,943 [INFO] fplmodel - Loading external history data completed in 0.81s
2026-05-27 10:27:09,982 [INFO] fplmodel - Loaded 133500 external history rows for seasons 2020-21, 2021-22, 2022-23, 2023-24, 2024-25
2026-05-27 10:27:10,166 [INFO] fplmodel - Combined history dataset now has 296480 rows
2026-05-27 10:27:10,166 [INFO] fplmodel - Building training and prediction feature frames...
2026-05-27 10:27:30,663 [INFO] fplmodel - Building training and prediction feature frames completed in 20.50s
2026-05-27 10:27:30,663 [INFO] fplmodel - Prepared features: X_train=(271573, 156), y_train=271573, X_pred=(841, 163)
2026-05-27 10:27:30,672 [INFO] fplmodel - Training models with 156 features
2026-05-27 10:27:30,672 [INFO] fplmodel - Training feature columns: total_points_ma5, minutes_ma5, goals_scored_ma5, assists_ma5, clean_sheets_ma5, influence_ma5, creativity_ma5, threat_ma5, ict_index_ma5, goals_conceded_ma5, own_goals_ma5, penalties_saved_ma5, penalties_missed_ma5, yellow_cards_ma5, red_cards_ma5, saves_ma5, bonus_ma5, bps_ma5, clearances_blocks_interceptions_ma5, recoveries_ma5, tackles_ma5, defensive_contribution_ma5, starts_ma5, expected_goals_ma5, expected_assists_ma5, expected_goal_involvements_ma5, expected_goals_conceded_ma5, value_ma5, transfers_balance_ma5, selected_ma5, transfers_in_ma5, transfers_out_ma5, attacking_returns_ma5, finishing_plus_minus_ma5, finishing_ratio_ma5, creation_plus_minus_ma5, creation_ratio_ma5, xgi_plus_minus_ma5, minutes_share_ma5, points_per_90_ma5, tackles_plus_interceptions_ma5, defensive_actions_ma5, total_points_lag1, minutes_lag1, goals_scored_lag1, assists_lag1, clean_sheets_lag1, influence_lag1, creativity_lag1, threat_lag1, ict_index_lag1, goals_conceded_lag1, own_goals_lag1, penalties_saved_lag1, penalties_missed_lag1, yellow_cards_lag1, red_cards_lag1, saves_lag1, bonus_lag1, bps_lag1, clearances_blocks_interceptions_lag1, recoveries_lag1, tackles_lag1, defensive_contribution_lag1, starts_lag1, expected_goals_lag1, expected_assists_lag1, expected_goal_involvements_lag1, expected_goals_conceded_lag1, value_lag1, transfers_balance_lag1, selected_lag1, transfers_in_lag1, transfers_out_lag1, attacking_returns_lag1, finishing_plus_minus_lag1, finishing_ratio_lag1, creation_plus_minus_lag1, creation_ratio_lag1, xgi_plus_minus_lag1, minutes_share_lag1, points_per_90_lag1, tackles_plus_interceptions_lag1, defensive_actions_lag1, team_goals_for_ma5, team_goals_against_ma5, team_goal_diff_ma5, team_clean_sheet_ma5, team_conceded_two_plus_ma5, team_match_points_ma5, opp_team_goals_for_ma5, opp_team_goals_against_ma5, opp_team_goal_diff_ma5, opp_team_clean_sheet_ma5, opp_team_conceded_two_plus_ma5, opp_team_match_points_ma5, was_home, team_strength_overall, team_strength_home, team_strength_away, team_attack_home, team_attack_away, team_def_home, team_def_away, team_form_rating, team_points_table, team_league_position, team_matches_played, team_wins, team_draws, team_losses, opp_strength_overall, opp_strength_home, opp_strength_away, opp_attack_home, opp_attack_away, opp_def_home, opp_def_away, opp_form_rating, opp_points_table, opp_league_position, opp_matches_played, opp_wins, opp_draws, opp_losses, form, points_per_game, value_form, value_season, selected_by_percent, expected_goals_per_90, expected_assists_per_90, expected_goal_involvements_per_90, expected_goals_conceded_per_90, goals_conceded_per_90, saves_per_90, starts_per_90, clean_sheets_per_90, defensive_contribution_per_90, availability_this_round, availability_next_round, status_availability, status_injury_flag, injury_risk_flag, corners_and_indirect_freekicks_order, direct_freekicks_order, penalties_order, has_corners_duty, primary_corners_taker, has_direct_fk_duty, primary_direct_fk_taker, has_penalty_duty, primary_penalty_taker, set_piece_duty_score, player_bias, pos_bias
2026-05-27 10:27:30,672 [INFO] fplmodel - Training prediction models...
2026-05-27 10:27:31,083 [INFO] fplmodel.model - Season sample weights applied: 2020-21: 0.25, 2021-22: 0.25, 2022-23: 0.34, 2023-24: 0.49, 2024-25: 0.70, 2025-26: 1.00
2026-05-27 10:27:31,083 [INFO] fplmodel.model - Using TimeSeriesSplit with 3 folds for hyperparameter tuning.
2026-05-27 10:27:31,084 [INFO] fplmodel.model - Using actual match minutes as classifier target (minutes >= 60).
2026-05-27 10:27:31,090 [INFO] fplmodel.model - Model selection using most recent 60000/271573 training rows; final fits still use all rows.
2026-05-27 10:28:01,456 [INFO] fplmodel.model - Best classifier[hist_gbdt] params from tuning: {'est__min_samples_leaf': 40, 'est__max_iter': 350, 'est__max_depth': None, 'est__learning_rate': 0.08, 'est__l2_regularization': 0.05} (score=0.7842)
2026-05-27 10:28:22,143 [INFO] fplmodel.model - Best regressor[hist_gbdt] params from tuning: {'est__min_samples_leaf': 40, 'est__max_iter': 400, 'est__max_depth': 6, 'est__learning_rate': 0.04, 'est__l2_regularization': 0.0} (score=-1.0983)
2026-05-27 10:28:22,143 [INFO] fplmodel.model - Candidate Histogram Gradient Boosting | classifier=0.7842 ± 0.0100 ↑ | regressor=1.0983 ± 0.0679 ↓
2026-05-27 10:28:55,657 [INFO] fplmodel.model - Best classifier[xgboost] params from tuning: {'est__subsample': 0.9, 'est__reg_lambda': 1.5, 'est__n_estimators': 550, 'est__max_depth': 8, 'est__learning_rate': 0.05, 'est__gamma': 0.3, 'est__colsample_bytree': 0.85} (score=0.7863)
2026-05-27 10:29:23,261 [INFO] fplmodel.model - Best regressor[xgboost] params from tuning: {'est__subsample': 0.8, 'est__reg_lambda': 1.5, 'est__n_estimators': 250, 'est__max_depth': 4, 'est__learning_rate': 0.08, 'est__gamma': 0.1, 'est__colsample_bytree': 0.7} (score=-1.1132)
2026-05-27 10:29:23,262 [INFO] fplmodel.model - Candidate XGBoost | classifier=0.7863 ± 0.0109 ↑ | regressor=1.1132 ± 0.0754 ↓
2026-05-27 10:29:23,263 [INFO] fplmodel.model - Saved model selection summary to /Users/kyle/Documents/FPL-Prediction/models/model_selection_summary.csv
2026-05-27 10:29:23,263 [INFO] fplmodel.model - Selected classifier model: XGBoost (balanced_accuracy=0.7863 ± 0.0109 ↑)
2026-05-27 10:29:23,263 [INFO] fplmodel.model - Selected regressor model: Histogram Gradient Boosting (MAE=1.0983 ± 0.0679 ↓)
2026-05-27 10:30:59,869 [INFO] fplmodel.model - Classifier (xgboost) feature selector dropped 37 column(s): availability_next_round, bps_lag1, bps_ma5, creation_plus_minus_lag1, creation_plus_minus_ma5, defensive_actions_lag1, defensive_actions_ma5, expected_goal_involvements_ma5, expected_goal_involvements_per_90, injury_risk_flag, ... (+27 more)
2026-05-27 10:30:59,871 [INFO] fplmodel.model - Regressor (histogram gradient boosting) feature selector dropped 37 column(s): availability_next_round, bps_lag1, bps_ma5, creation_plus_minus_lag1, creation_plus_minus_ma5, defensive_actions_lag1, defensive_actions_ma5, expected_goal_involvements_ma5, expected_goal_involvements_per_90, injury_risk_flag, ... (+27 more)
2026-05-27 10:30:59,871 [INFO] fplmodel.model - Final model selection: classifier=XGBoost | regressor=Histogram Gradient Boosting
2026-05-27 10:30:59,936 [INFO] fplmodel - Training prediction models completed in 209.26s
2026-05-27 10:30:59,936 [INFO] fplmodel - Estimator HistGradientBoostingRegressor for regressor does not expose feature_importances_; skipping logging.
2026-05-27 10:30:59,938 [INFO] fplmodel - Top feature weights for classifier: minutes_ma5: 0.1943, minutes_lag1: 0.0705, starts_lag1: 0.0401, value_season: 0.0254, influence_ma5: 0.0207, recoveries_ma5: 0.0200, ict_index_ma5: 0.0165, ict_index_lag1: 0.0162, starts_ma5: 0.0140, influence_lag1: 0.0134, recoveries_lag1: 0.0128, defensive_contribution_ma5: 0.0127, defensive_contribution_lag1: 0.0112, transfers_in_lag1: 0.0109, red_cards_ma5: 0.0093
2026-05-27 10:30:59,938 [INFO] fplmodel - Model training complete; fitted 2 candidate pair(s).
2026-05-27 10:30:59,938 [INFO] fplmodel - Generating next gameweek predictions...
2026-05-27 10:30:59,982 [INFO] fplmodel - Generating next gameweek predictions completed in 0.04s
2026-05-27 10:30:59,983 [INFO] fplmodel - Generated ensemble predictions for 841 players using 2 model(s): Histogram Gradient Boosting, XGBoost
2026-05-27 10:30:59,989 [INFO] fplmodel - Applied fixture multipliers; average EP now 0.79
2026-05-27 10:30:59,990 [INFO] fplmodel - Top 5 expected point predictions (ensemble): Cole Palmer (8.28); Declan Rice (7.16); João Pedro Junqueira de Jesus (6.95); Gabriel dos Santos Magalhães (6.63); Antoine Semenyo (6.39)
2026-05-27 10:30:59,990 [INFO] fplmodel - Evaluating last finished gameweek residuals...
2026-05-27 10:31:00,124 [INFO] fplmodel - Evaluating last finished gameweek residuals completed in 0.13s
2026-05-27 10:31:00,124 [INFO] fplmodel - Residuals computed for 9359 players in GW 26
2026-05-27 10:31:00,124 [INFO] fplmodel - Selecting best XI from 841 candidates
2026-05-27 10:31:00,124 [INFO] fplmodel - Optimising best XI selection...
2026-05-27 10:31:00,947 [INFO] fplmodel - Optimising best XI selection completed in 0.82s
2026-05-27 10:31:00,947 [INFO] fplmodel - Selected squad: total cost 95.2M | starting cost 76.1M | bench cost 19.1M
2026-05-27 10:31:00,948 [INFO] fplmodel - Projected points: XI 65.68 | Captain included 73.96 | Bench 16.14
2026-05-27 10:31:00,948 [INFO] fplmodel - Captain: Cole Palmer
2026-05-27 10:31:00,948 [INFO] fplmodel - XI | Gianluigi Donnarumma (Man City) - 4.60 pts | 5.6M
2026-05-27 10:31:00,948 [INFO] fplmodel - XI | Gabriel dos Santos Magalhães (Arsenal) - 6.63 pts | 7.3M
2026-05-27 10:31:00,948 [INFO] fplmodel - XI | Virgil van Dijk (Liverpool) - 5.32 pts | 6.1M
2026-05-27 10:31:00,948 [INFO] fplmodel - XI | Jurriën Timber (Arsenal) - 5.12 pts | 6.0M
2026-05-27 10:31:00,948 [INFO] fplmodel - XI | James Hill (Bournemouth) - 5.11 pts | 4.2M
2026-05-27 10:31:00,948 [INFO] fplmodel - XI | Cole Palmer (Chelsea) - 8.28 pts | 10.3M
2026-05-27 10:31:00,948 [INFO] fplmodel - XI | Declan Rice (Arsenal) - 7.16 pts | 7.2M
2026-05-27 10:31:00,948 [INFO] fplmodel - XI | Antoine Semenyo (Man City) - 6.39 pts | 8.0M
2026-05-27 10:31:00,948 [INFO] fplmodel - XI | Florian Wirtz (Liverpool) - 5.40 pts | 8.3M
2026-05-27 10:31:00,948 [INFO] fplmodel - XI | Elliot Anderson (Nott'm Forest) - 4.72 pts | 5.7M
2026-05-27 10:31:00,948 [INFO] fplmodel - XI | João Pedro Junqueira de Jesus (Chelsea) - 6.95 pts | 7.4M
2026-05-27 10:31:00,948 [INFO] fplmodel - Bench 1 | Lisandro Martínez (Man Utd) - 4.41 pts
2026-05-27 10:31:00,948 [INFO] fplmodel - Bench 2 | Mateus Mané (Wolves) - 4.19 pts
2026-05-27 10:31:00,948 [INFO] fplmodel - Bench 3 | Brian Brobbey (Sunderland) - 3.91 pts
2026-05-27 10:31:00,948 [INFO] fplmodel - Bench 4 | Robert Lynch Sánchez (Chelsea) - 3.63 pts
2026-05-27 10:31:00,959 [INFO] fplmodel - Predictions saved to /Users/kyle/Documents/FPL-Prediction/outputs/predictions_gw27.csv
2026-05-27 10:31:00,959 [INFO] fplmodel - Starting XI saved to /Users/kyle/Documents/FPL-Prediction/outputs/starting_xi_gw27.csv
2026-05-27 10:31:00,960 [INFO] fplmodel - Bench saved to /Users/kyle/Documents/FPL-Prediction/outputs/bench_gw27.csv
2026-05-27 10:31:00,961 [INFO] fplmodel - Best XI JSON saved to /Users/kyle/Documents/FPL-Prediction/outputs/best_xi_gw27.json
2026-05-27 10:31:00,961 [INFO] fplmodel - Rendering best XI graphic...
2026-05-27 10:31:01,100 [INFO] fplmodel - Rendering best XI graphic completed in 0.14s
2026-05-27 10:31:01,100 [INFO] fplmodel - Best XI graphic generated at /Users/kyle/Documents/FPL-Prediction/outputs/best_xi_gw27.png
2026-05-27 10:31:01,112 [INFO] fplmodel - Residuals saved to /Users/kyle/Documents/FPL-Prediction/outputs/residuals_gw26.csv
2026-05-27 10:31:01,112 [INFO] fplmodel - Pipeline complete for GW 27
