2026-05-27 09:43:24,334 [INFO] fplmodel - Logging initialised. Writing to /Users/kyle/Documents/FPL-Prediction/logs/run_20260527_094324.log
2026-05-27 09:43:24,334 [INFO] fplmodel - Starting pipeline run (force_refetch=False)
2026-05-27 09:43:24,334 [INFO] fplmodel - Fetching bootstrap static data...
2026-05-27 09:43:24,357 [INFO] fplmodel - Fetching bootstrap static data completed in 0.02s
2026-05-27 09:43:24,357 [INFO] fplmodel - Fetching fixtures data...
2026-05-27 09:43:24,367 [INFO] fplmodel - Fetching fixtures data completed in 0.01s
2026-05-27 09:43:24,367 [INFO] fplmodel - Normalising bootstrap data...
2026-05-27 09:43:24,378 [INFO] fplmodel - Normalising bootstrap data completed in 0.01s
2026-05-27 09:43:24,378 [INFO] fplmodel - Loaded normalised frames: 841 elements, 20 teams, 38 events
2026-05-27 09:43:24,378 [INFO] fplmodel - Gameweek override applied -> next_gw=16 | last_finished_gw=15
2026-05-27 09:43:24,378 [INFO] fplmodel - Next gameweek: 16 | Last finished gameweek: 15
2026-05-27 09:43:24,378 [INFO] fplmodel - Renaming log file to highlight gameweek 16
2026-05-27 09:43:24,378 [INFO] fplmodel - Log file renamed to /Users/kyle/Documents/FPL-Prediction/logs/run_gw16_20260527_094324.log
2026-05-27 09:43:24,379 [INFO] fplmodel - Fetching player histories for 841 players (force_refetch=False)...
2026-05-27 09:43:24,379 [INFO] fplmodel.data_pull - Fetching player histories with 8 worker thread(s).
2026-05-27 09:43:24,503 [INFO] fplmodel.data_pull - Player history fetch progress: 50/841 complete (0 failures).
2026-05-27 09:43:24,611 [INFO] fplmodel.data_pull - Player history fetch progress: 100/841 complete (0 failures).
2026-05-27 09:43:24,719 [INFO] fplmodel.data_pull - Player history fetch progress: 150/841 complete (0 failures).
2026-05-27 09:43:24,833 [INFO] fplmodel.data_pull - Player history fetch progress: 200/841 complete (0 failures).
2026-05-27 09:43:24,933 [INFO] fplmodel.data_pull - Player history fetch progress: 250/841 complete (0 failures).
2026-05-27 09:43:25,042 [INFO] fplmodel.data_pull - Player history fetch progress: 300/841 complete (0 failures).
2026-05-27 09:43:25,153 [INFO] fplmodel.data_pull - Player history fetch progress: 350/841 complete (0 failures).
2026-05-27 09:43:25,306 [INFO] fplmodel.data_pull - Player history fetch progress: 400/841 complete (0 failures).
2026-05-27 09:43:25,418 [INFO] fplmodel.data_pull - Player history fetch progress: 450/841 complete (0 failures).
2026-05-27 09:43:25,522 [INFO] fplmodel.data_pull - Player history fetch progress: 500/841 complete (0 failures).
2026-05-27 09:43:25,632 [INFO] fplmodel.data_pull - Player history fetch progress: 550/841 complete (0 failures).
2026-05-27 09:43:25,742 [INFO] fplmodel.data_pull - Player history fetch progress: 600/841 complete (0 failures).
2026-05-27 09:43:25,855 [INFO] fplmodel.data_pull - Player history fetch progress: 650/841 complete (0 failures).
2026-05-27 09:43:25,961 [INFO] fplmodel.data_pull - Player history fetch progress: 700/841 complete (0 failures).
2026-05-27 09:43:26,062 [INFO] fplmodel.data_pull - Player history fetch progress: 750/841 complete (0 failures).
2026-05-27 09:43:26,166 [INFO] fplmodel.data_pull - Player history fetch progress: 800/841 complete (0 failures).
2026-05-27 09:43:26,242 [INFO] fplmodel.data_pull - Player history fetch progress: 841/841 complete (0 failures).
2026-05-27 09:43:26,281 [INFO] fplmodel - Fetching player histories for 841 players (force_refetch=False) completed in 1.90s
2026-05-27 09:43:26,282 [INFO] fplmodel - Loading 841 player history files from /Users/kyle/Documents/FPL-Prediction/data/raw
2026-05-27 09:43:26,282 [INFO] fplmodel - Collating player history JSON into dataframe...
2026-05-27 09:43:27,181 [INFO] fplmodel - Collating player history JSON into dataframe completed in 0.90s
2026-05-27 09:43:28,347 [INFO] fplmodel - Built player histories dataframe with 178482 rows
2026-05-27 09:43:28,347 [INFO] fplmodel - Loading external history data...
2026-05-27 09:43:29,189 [INFO] fplmodel - Loading external history data completed in 0.84s
2026-05-27 09:43:29,235 [INFO] fplmodel - Loaded 133500 external history rows for seasons 2020-21, 2021-22, 2022-23, 2023-24, 2024-25
2026-05-27 09:43:29,441 [INFO] fplmodel - Combined history dataset now has 296480 rows
2026-05-27 09:43:29,442 [INFO] fplmodel - Building training and prediction feature frames...
2026-05-27 09:43:51,770 [INFO] fplmodel - Building training and prediction feature frames completed in 22.33s
2026-05-27 09:43:51,771 [INFO] fplmodel - Prepared features: X_train=(262952, 156), y_train=262952, X_pred=(841, 163)
2026-05-27 09:43:51,781 [INFO] fplmodel - Training models with 156 features
2026-05-27 09:43:51,782 [INFO] fplmodel - Training feature columns: total_points_ma5, minutes_ma5, goals_scored_ma5, assists_ma5, clean_sheets_ma5, influence_ma5, creativity_ma5, threat_ma5, ict_index_ma5, goals_conceded_ma5, own_goals_ma5, penalties_saved_ma5, penalties_missed_ma5, yellow_cards_ma5, red_cards_ma5, saves_ma5, bonus_ma5, bps_ma5, clearances_blocks_interceptions_ma5, recoveries_ma5, tackles_ma5, defensive_contribution_ma5, starts_ma5, expected_goals_ma5, expected_assists_ma5, expected_goal_involvements_ma5, expected_goals_conceded_ma5, value_ma5, transfers_balance_ma5, selected_ma5, transfers_in_ma5, transfers_out_ma5, attacking_returns_ma5, finishing_plus_minus_ma5, finishing_ratio_ma5, creation_plus_minus_ma5, creation_ratio_ma5, xgi_plus_minus_ma5, minutes_share_ma5, points_per_90_ma5, tackles_plus_interceptions_ma5, defensive_actions_ma5, total_points_lag1, minutes_lag1, goals_scored_lag1, assists_lag1, clean_sheets_lag1, influence_lag1, creativity_lag1, threat_lag1, ict_index_lag1, goals_conceded_lag1, own_goals_lag1, penalties_saved_lag1, penalties_missed_lag1, yellow_cards_lag1, red_cards_lag1, saves_lag1, bonus_lag1, bps_lag1, clearances_blocks_interceptions_lag1, recoveries_lag1, tackles_lag1, defensive_contribution_lag1, starts_lag1, expected_goals_lag1, expected_assists_lag1, expected_goal_involvements_lag1, expected_goals_conceded_lag1, value_lag1, transfers_balance_lag1, selected_lag1, transfers_in_lag1, transfers_out_lag1, attacking_returns_lag1, finishing_plus_minus_lag1, finishing_ratio_lag1, creation_plus_minus_lag1, creation_ratio_lag1, xgi_plus_minus_lag1, minutes_share_lag1, points_per_90_lag1, tackles_plus_interceptions_lag1, defensive_actions_lag1, team_goals_for_ma5, team_goals_against_ma5, team_goal_diff_ma5, team_clean_sheet_ma5, team_conceded_two_plus_ma5, team_match_points_ma5, opp_team_goals_for_ma5, opp_team_goals_against_ma5, opp_team_goal_diff_ma5, opp_team_clean_sheet_ma5, opp_team_conceded_two_plus_ma5, opp_team_match_points_ma5, was_home, team_strength_overall, team_strength_home, team_strength_away, team_attack_home, team_attack_away, team_def_home, team_def_away, team_form_rating, team_points_table, team_league_position, team_matches_played, team_wins, team_draws, team_losses, opp_strength_overall, opp_strength_home, opp_strength_away, opp_attack_home, opp_attack_away, opp_def_home, opp_def_away, opp_form_rating, opp_points_table, opp_league_position, opp_matches_played, opp_wins, opp_draws, opp_losses, form, points_per_game, value_form, value_season, selected_by_percent, expected_goals_per_90, expected_assists_per_90, expected_goal_involvements_per_90, expected_goals_conceded_per_90, goals_conceded_per_90, saves_per_90, starts_per_90, clean_sheets_per_90, defensive_contribution_per_90, availability_this_round, availability_next_round, status_availability, status_injury_flag, injury_risk_flag, corners_and_indirect_freekicks_order, direct_freekicks_order, penalties_order, has_corners_duty, primary_corners_taker, has_direct_fk_duty, primary_direct_fk_taker, has_penalty_duty, primary_penalty_taker, set_piece_duty_score, player_bias, pos_bias
2026-05-27 09:43:51,782 [INFO] fplmodel - Training prediction models...
2026-05-27 09:43:52,229 [INFO] fplmodel.model - Season sample weights applied: 2020-21: 0.25, 2021-22: 0.25, 2022-23: 0.34, 2023-24: 0.49, 2024-25: 0.70, 2025-26: 1.00
2026-05-27 09:43:52,229 [INFO] fplmodel.model - Using TimeSeriesSplit with 3 folds for hyperparameter tuning.
2026-05-27 09:43:52,230 [INFO] fplmodel.model - Using actual match minutes as classifier target (minutes >= 60).
2026-05-27 09:43:52,237 [INFO] fplmodel.model - Model selection using most recent 60000/262952 training rows; final fits still use all rows.
2026-05-27 09:44:26,481 [INFO] fplmodel.model - Best classifier[hist_gbdt] params from tuning: {'est__min_samples_leaf': 10, 'est__max_iter': 350, 'est__max_depth': None, 'est__learning_rate': 0.08, 'est__l2_regularization': 0.05} (score=0.7871)
2026-05-27 09:44:47,160 [INFO] fplmodel.model - Best regressor[hist_gbdt] params from tuning: {'est__min_samples_leaf': 30, 'est__max_iter': 350, 'est__max_depth': 8, 'est__learning_rate': 0.06, 'est__l2_regularization': 0.1} (score=-1.1288)
2026-05-27 09:44:47,162 [INFO] fplmodel.model - Candidate Histogram Gradient Boosting | classifier=0.7871 ± 0.0018 ↑ | regressor=1.1288 ± 0.0571 ↓
2026-05-27 09:45:25,415 [INFO] fplmodel.model - Best classifier[xgboost] params from tuning: {'est__subsample': 0.9, 'est__reg_lambda': 1.5, 'est__n_estimators': 550, 'est__max_depth': 8, 'est__learning_rate': 0.05, 'est__gamma': 0.3, 'est__colsample_bytree': 0.85} (score=0.7875)
2026-05-27 09:45:56,884 [INFO] fplmodel.model - Best regressor[xgboost] params from tuning: {'est__subsample': 0.8, 'est__reg_lambda': 1.5, 'est__n_estimators': 250, 'est__max_depth': 4, 'est__learning_rate': 0.08, 'est__gamma': 0.1, 'est__colsample_bytree': 0.7} (score=-1.1474)
2026-05-27 09:45:56,885 [INFO] fplmodel.model - Candidate XGBoost | classifier=0.7875 ± 0.0071 ↑ | regressor=1.1474 ± 0.0707 ↓
2026-05-27 09:45:56,887 [INFO] fplmodel.model - Saved model selection summary to /Users/kyle/Documents/FPL-Prediction/models/model_selection_summary.csv
2026-05-27 09:45:56,887 [INFO] fplmodel.model - Selected classifier model: XGBoost (balanced_accuracy=0.7875 ± 0.0071 ↑)
2026-05-27 09:45:56,887 [INFO] fplmodel.model - Selected regressor model: Histogram Gradient Boosting (MAE=1.1288 ± 0.0571 ↓)
2026-05-27 09:47:40,819 [INFO] fplmodel.model - Classifier (xgboost) feature selector dropped 37 column(s): availability_next_round, bps_lag1, bps_ma5, creation_plus_minus_lag1, creation_plus_minus_ma5, defensive_actions_lag1, defensive_actions_ma5, expected_goal_involvements_ma5, expected_goal_involvements_per_90, injury_risk_flag, ... (+27 more)
2026-05-27 09:47:40,819 [INFO] fplmodel.model - Regressor (histogram gradient boosting) feature selector dropped 37 column(s): availability_next_round, bps_lag1, bps_ma5, creation_plus_minus_lag1, creation_plus_minus_ma5, defensive_actions_lag1, defensive_actions_ma5, expected_goal_involvements_ma5, expected_goal_involvements_per_90, injury_risk_flag, ... (+27 more)
2026-05-27 09:47:40,819 [INFO] fplmodel.model - Final model selection: classifier=XGBoost | regressor=Histogram Gradient Boosting
2026-05-27 09:47:40,891 [INFO] fplmodel - Training prediction models completed in 229.11s
2026-05-27 09:47:40,891 [INFO] fplmodel - Estimator HistGradientBoostingRegressor for regressor does not expose feature_importances_; skipping logging.
2026-05-27 09:47:40,892 [INFO] fplmodel - Top feature weights for classifier: minutes_ma5: 0.1851, minutes_lag1: 0.0878, starts_lag1: 0.0623, value_season: 0.0254, influence_ma5: 0.0187, recoveries_ma5: 0.0185, ict_index_lag1: 0.0180, ict_index_ma5: 0.0156, starts_ma5: 0.0145, influence_lag1: 0.0143, defensive_contribution_lag1: 0.0128, recoveries_lag1: 0.0115, transfers_in_lag1: 0.0114, defensive_contribution_ma5: 0.0107, red_cards_ma5: 0.0101
2026-05-27 09:47:40,892 [INFO] fplmodel - Model training complete; fitted 2 candidate pair(s).
2026-05-27 09:47:40,892 [INFO] fplmodel - Generating next gameweek predictions...
2026-05-27 09:47:40,943 [INFO] fplmodel - Generating next gameweek predictions completed in 0.05s
2026-05-27 09:47:40,944 [INFO] fplmodel - Generated ensemble predictions for 841 players using 2 model(s): Histogram Gradient Boosting, XGBoost
2026-05-27 09:47:40,952 [INFO] fplmodel - Applied fixture multipliers; average EP now 0.86
2026-05-27 09:47:40,952 [INFO] fplmodel - Top 5 expected point predictions (ensemble): Bruno Borges Fernandes (12.59); Phil Foden (7.90); Bruno Guimarães Rodriguez Moura (6.77); Kiernan Dewsbury-Hall (6.18); Harry Wilson (5.90)
2026-05-27 09:47:40,952 [INFO] fplmodel - Evaluating last finished gameweek residuals...
2026-05-27 09:47:41,065 [INFO] fplmodel - Evaluating last finished gameweek residuals completed in 0.11s
2026-05-27 09:47:41,065 [INFO] fplmodel - Residuals computed for 7383 players in GW 15
2026-05-27 09:47:41,065 [INFO] fplmodel - Selecting best XI from 841 candidates
2026-05-27 09:47:41,065 [INFO] fplmodel - Optimising best XI selection...
2026-05-27 09:47:41,915 [INFO] fplmodel - Optimising best XI selection completed in 0.85s
2026-05-27 09:47:41,915 [INFO] fplmodel - Selected squad: total cost 94.1M | starting cost 71.8M | bench cost 22.3M
2026-05-27 09:47:41,915 [INFO] fplmodel - Projected points: XI 69.65 | Captain included 82.24 | Bench 16.93
2026-05-27 09:47:41,915 [INFO] fplmodel - Captain: Bruno Borges Fernandes
2026-05-27 09:47:41,915 [INFO] fplmodel - XI | Jordan Pickford (Everton) - 3.86 pts | 5.6M
2026-05-27 09:47:41,916 [INFO] fplmodel - XI | Nico O'Reilly (Man City) - 5.85 pts | 5.3M
2026-05-27 09:47:41,916 [INFO] fplmodel - XI | Rúben dos Santos Gato Alves Dias (Man City) - 5.44 pts | 5.5M
2026-05-27 09:47:41,916 [INFO] fplmodel - XI | James Tarkowski (Everton) - 5.24 pts | 5.8M
2026-05-27 09:47:41,916 [INFO] fplmodel - XI | Trevoh Chalobah (Chelsea) - 4.81 pts | 5.4M
2026-05-27 09:47:41,916 [INFO] fplmodel - XI | Bruno Borges Fernandes (Man Utd) - 12.59 pts | 10.4M
2026-05-27 09:47:41,916 [INFO] fplmodel - XI | Phil Foden (Man City) - 7.90 pts | 8.0M
2026-05-27 09:47:41,916 [INFO] fplmodel - XI | Bruno Guimarães Rodriguez Moura (Newcastle) - 6.77 pts | 6.9M
2026-05-27 09:47:41,916 [INFO] fplmodel - XI | Kiernan Dewsbury-Hall (Everton) - 6.18 pts | 5.3M
2026-05-27 09:47:41,916 [INFO] fplmodel - XI | Harry Wilson (Fulham) - 5.90 pts | 5.8M
2026-05-27 09:47:41,916 [INFO] fplmodel - XI | Jarrod Bowen (West Ham) - 5.11 pts | 7.8M
2026-05-27 09:47:41,916 [INFO] fplmodel - Bench 1 | Nick Woltemade (Newcastle) - 4.62 pts
2026-05-27 09:47:41,916 [INFO] fplmodel - Bench 2 | Malick Thiaw (Newcastle) - 4.49 pts
2026-05-27 09:47:41,916 [INFO] fplmodel - Bench 3 | Igor Jesus Maciel da Cruz (Nott'm Forest) - 3.98 pts
2026-05-27 09:47:41,916 [INFO] fplmodel - Bench 4 | Robert Lynch Sánchez (Chelsea) - 3.84 pts
2026-05-27 09:47:41,928 [INFO] fplmodel - Predictions saved to /Users/kyle/Documents/FPL-Prediction/outputs/predictions_gw16.csv
2026-05-27 09:47:41,929 [INFO] fplmodel - Starting XI saved to /Users/kyle/Documents/FPL-Prediction/outputs/starting_xi_gw16.csv
2026-05-27 09:47:41,929 [INFO] fplmodel - Bench saved to /Users/kyle/Documents/FPL-Prediction/outputs/bench_gw16.csv
2026-05-27 09:47:41,930 [INFO] fplmodel - Best XI JSON saved to /Users/kyle/Documents/FPL-Prediction/outputs/best_xi_gw16.json
2026-05-27 09:47:41,930 [INFO] fplmodel - Rendering best XI graphic...
2026-05-27 09:47:42,073 [INFO] fplmodel - Rendering best XI graphic completed in 0.14s
2026-05-27 09:47:42,073 [INFO] fplmodel - Best XI graphic generated at /Users/kyle/Documents/FPL-Prediction/outputs/best_xi_gw16.png
2026-05-27 09:47:42,083 [INFO] fplmodel - Residuals saved to /Users/kyle/Documents/FPL-Prediction/outputs/residuals_gw15.csv
2026-05-27 09:47:42,083 [INFO] fplmodel - Pipeline complete for GW 16
