2026-05-20 11:21:00,381 [INFO] fplmodel - Logging initialised. Writing to /Users/kyle/Documents/FPL-Prediction/logs/run_20260520_112100.log
2026-05-20 11:21:00,381 [INFO] fplmodel - Starting pipeline run (force_refetch=True)
2026-05-20 11:21:00,381 [INFO] fplmodel - Fetching bootstrap static data...
2026-05-20 11:21:00,775 [INFO] fplmodel - Fetching bootstrap static data completed in 0.39s
2026-05-20 11:21:00,775 [INFO] fplmodel - Fetching fixtures data...
2026-05-20 11:21:01,143 [INFO] fplmodel - Fetching fixtures data completed in 0.37s
2026-05-20 11:21:01,143 [INFO] fplmodel - Normalising bootstrap data...
2026-05-20 11:21:01,154 [INFO] fplmodel - Normalising bootstrap data completed in 0.01s
2026-05-20 11:21:01,155 [INFO] fplmodel - Loaded normalised frames: 840 elements, 20 teams, 38 events
2026-05-20 11:21:01,155 [INFO] fplmodel - Gameweek override applied -> next_gw=37 | last_finished_gw=36
2026-05-20 11:21:01,155 [INFO] fplmodel - Next gameweek: 37 | Last finished gameweek: 36
2026-05-20 11:21:01,155 [INFO] fplmodel - Renaming log file to highlight gameweek 37
2026-05-20 11:21:01,155 [INFO] fplmodel - Log file renamed to /Users/kyle/Documents/FPL-Prediction/logs/run_gw37_20260520_112100.log
2026-05-20 11:21:01,156 [INFO] fplmodel - Fetching player histories for 840 players (force_refetch=True)...
2026-05-20 11:21:01,156 [INFO] fplmodel.data_pull - Fetching player histories with 8 worker thread(s).
2026-05-20 11:21:14,140 [INFO] fplmodel.data_pull - Player history fetch progress: 50/840 complete (0 failures).
2026-05-20 11:21:25,481 [INFO] fplmodel.data_pull - Player history fetch progress: 100/840 complete (0 failures).
2026-05-20 11:21:36,678 [INFO] fplmodel.data_pull - Player history fetch progress: 150/840 complete (0 failures).
2026-05-20 11:21:48,198 [INFO] fplmodel.data_pull - Player history fetch progress: 200/840 complete (0 failures).
2026-05-20 11:22:00,059 [INFO] fplmodel.data_pull - Player history fetch progress: 250/840 complete (0 failures).
2026-05-20 11:22:11,827 [INFO] fplmodel.data_pull - Player history fetch progress: 300/840 complete (0 failures).
2026-05-20 11:22:23,907 [INFO] fplmodel.data_pull - Player history fetch progress: 350/840 complete (0 failures).
2026-05-20 11:22:35,455 [INFO] fplmodel.data_pull - Player history fetch progress: 400/840 complete (0 failures).
2026-05-20 11:22:47,030 [INFO] fplmodel.data_pull - Player history fetch progress: 450/840 complete (0 failures).
2026-05-20 11:22:58,763 [INFO] fplmodel.data_pull - Player history fetch progress: 500/840 complete (0 failures).
2026-05-20 11:23:10,496 [INFO] fplmodel.data_pull - Player history fetch progress: 550/840 complete (0 failures).
2026-05-20 11:23:22,230 [INFO] fplmodel.data_pull - Player history fetch progress: 600/840 complete (0 failures).
2026-05-20 11:23:33,856 [INFO] fplmodel.data_pull - Player history fetch progress: 650/840 complete (0 failures).
2026-05-20 11:23:46,353 [INFO] fplmodel.data_pull - Player history fetch progress: 700/840 complete (0 failures).
2026-05-20 11:23:57,338 [WARNING] fplmodel.data_pull - Failed fetch for player 726: HTTPSConnectionPool(host='fantasy.premierleague.com', port=443): Max retries exceeded with url: /api/element-summary/726/?season=2022-23 (Caused by NameResolutionError("<urllib3.connection.HTTPSConnection object at 0x1233fc390>: Failed to resolve 'fantasy.premierleague.com' ([Errno 8] nodename nor servname provided, or not known)"))
2026-05-20 11:23:59,263 [INFO] fplmodel.data_pull - Player history fetch progress: 750/840 complete (1 failure).
2026-05-20 11:24:11,512 [WARNING] fplmodel.data_pull - Failed fetch for player 560: HTTPSConnectionPool(host='fantasy.premierleague.com', port=443): Read timed out. (read timeout=30)
2026-05-20 11:24:12,218 [INFO] fplmodel.data_pull - Player history fetch progress: 800/840 complete (2 failures).
2026-05-20 11:24:45,689 [INFO] fplmodel.data_pull - Player history fetch progress: 840/840 complete (2 failures).
2026-05-20 11:24:45,690 [INFO] fplmodel - Fetching player histories for 840 players (force_refetch=True) completed in 224.54s
2026-05-20 11:24:45,691 [INFO] fplmodel - Loading 840 player history files from /Users/kyle/Documents/FPL-Prediction/data/raw
2026-05-20 11:24:45,691 [INFO] fplmodel - Collating player history JSON into dataframe...
2026-05-20 11:24:46,811 [INFO] fplmodel - Collating player history JSON into dataframe completed in 1.12s
2026-05-20 11:24:47,898 [INFO] fplmodel - Built player histories dataframe with 173424 rows
2026-05-20 11:24:47,898 [INFO] fplmodel - Loading external history data...
2026-05-20 11:24:48,813 [INFO] fplmodel - Loading external history data completed in 0.91s
2026-05-20 11:24:48,862 [INFO] fplmodel - Loaded 133490 external history rows for seasons 2020-21, 2021-22, 2022-23, 2023-24, 2024-25
2026-05-20 11:24:49,042 [INFO] fplmodel - Combined history dataset now has 291835 rows
2026-05-20 11:24:49,044 [INFO] fplmodel - Building training and prediction feature frames...
2026-05-20 11:25:09,887 [INFO] fplmodel - Building training and prediction feature frames completed in 20.84s
2026-05-20 11:25:09,887 [INFO] fplmodel - Prepared features: X_train=(275937, 156), y_train=275937, X_pred=(840, 163)
2026-05-20 11:25:09,906 [INFO] fplmodel - Training models with 156 features
2026-05-20 11:25:09,906 [INFO] fplmodel - Training feature columns: total_points_ma5, minutes_ma5, goals_scored_ma5, assists_ma5, clean_sheets_ma5, influence_ma5, creativity_ma5, threat_ma5, ict_index_ma5, goals_conceded_ma5, own_goals_ma5, penalties_saved_ma5, penalties_missed_ma5, yellow_cards_ma5, red_cards_ma5, saves_ma5, bonus_ma5, bps_ma5, clearances_blocks_interceptions_ma5, recoveries_ma5, tackles_ma5, defensive_contribution_ma5, starts_ma5, expected_goals_ma5, expected_assists_ma5, expected_goal_involvements_ma5, expected_goals_conceded_ma5, value_ma5, transfers_balance_ma5, selected_ma5, transfers_in_ma5, transfers_out_ma5, attacking_returns_ma5, finishing_plus_minus_ma5, finishing_ratio_ma5, creation_plus_minus_ma5, creation_ratio_ma5, xgi_plus_minus_ma5, minutes_share_ma5, points_per_90_ma5, tackles_plus_interceptions_ma5, defensive_actions_ma5, total_points_lag1, minutes_lag1, goals_scored_lag1, assists_lag1, clean_sheets_lag1, influence_lag1, creativity_lag1, threat_lag1, ict_index_lag1, goals_conceded_lag1, own_goals_lag1, penalties_saved_lag1, penalties_missed_lag1, yellow_cards_lag1, red_cards_lag1, saves_lag1, bonus_lag1, bps_lag1, clearances_blocks_interceptions_lag1, recoveries_lag1, tackles_lag1, defensive_contribution_lag1, starts_lag1, expected_goals_lag1, expected_assists_lag1, expected_goal_involvements_lag1, expected_goals_conceded_lag1, value_lag1, transfers_balance_lag1, selected_lag1, transfers_in_lag1, transfers_out_lag1, attacking_returns_lag1, finishing_plus_minus_lag1, finishing_ratio_lag1, creation_plus_minus_lag1, creation_ratio_lag1, xgi_plus_minus_lag1, minutes_share_lag1, points_per_90_lag1, tackles_plus_interceptions_lag1, defensive_actions_lag1, team_goals_for_ma5, team_goals_against_ma5, team_goal_diff_ma5, team_clean_sheet_ma5, team_conceded_two_plus_ma5, team_match_points_ma5, opp_team_goals_for_ma5, opp_team_goals_against_ma5, opp_team_goal_diff_ma5, opp_team_clean_sheet_ma5, opp_team_conceded_two_plus_ma5, opp_team_match_points_ma5, was_home, team_strength_overall, team_strength_home, team_strength_away, team_attack_home, team_attack_away, team_def_home, team_def_away, team_form_rating, team_points_table, team_league_position, team_matches_played, team_wins, team_draws, team_losses, opp_strength_overall, opp_strength_home, opp_strength_away, opp_attack_home, opp_attack_away, opp_def_home, opp_def_away, opp_form_rating, opp_points_table, opp_league_position, opp_matches_played, opp_wins, opp_draws, opp_losses, form, points_per_game, value_form, value_season, selected_by_percent, expected_goals_per_90, expected_assists_per_90, expected_goal_involvements_per_90, expected_goals_conceded_per_90, goals_conceded_per_90, saves_per_90, starts_per_90, clean_sheets_per_90, defensive_contribution_per_90, availability_this_round, availability_next_round, status_availability, status_injury_flag, injury_risk_flag, corners_and_indirect_freekicks_order, direct_freekicks_order, penalties_order, has_corners_duty, primary_corners_taker, has_direct_fk_duty, primary_direct_fk_taker, has_penalty_duty, primary_penalty_taker, set_piece_duty_score, player_bias, pos_bias
2026-05-20 11:25:09,906 [INFO] fplmodel - Training prediction models...
2026-05-20 11:25:10,337 [INFO] fplmodel.model - Season sample weights applied: 2020-21: 0.25, 2021-22: 0.25, 2022-23: 0.34, 2023-24: 0.49, 2024-25: 0.70, 2025-26: 1.00
2026-05-20 11:25:10,338 [INFO] fplmodel.model - Using TimeSeriesSplit with 3 folds for hyperparameter tuning.
2026-05-20 11:25:10,339 [INFO] fplmodel.model - Using actual match minutes as classifier target (minutes >= 60).
2026-05-20 11:25:10,341 [INFO] fplmodel.model - Model selection using most recent 60000/275937 training rows; final fits still use all rows.
2026-05-20 11:25:42,280 [INFO] fplmodel.model - Best classifier[hist_gbdt] params from tuning: {'est__min_samples_leaf': 10, 'est__max_iter': 350, 'est__max_depth': None, 'est__learning_rate': 0.08, 'est__l2_regularization': 0.05} (score=0.7880)
2026-05-20 11:26:04,101 [INFO] fplmodel.model - Best regressor[hist_gbdt] params from tuning: {'est__min_samples_leaf': 20, 'est__max_iter': 300, 'est__max_depth': 8, 'est__learning_rate': 0.06, 'est__l2_regularization': 0.05} (score=-1.0670)
2026-05-20 11:26:04,101 [INFO] fplmodel.model - Candidate Histogram Gradient Boosting | classifier=0.7880 ± 0.0115 ↑ | regressor=1.0670 ± 0.0982 ↓
2026-05-20 11:26:38,433 [INFO] fplmodel.model - Best classifier[xgboost] params from tuning: {'est__subsample': 0.9, 'est__reg_lambda': 1.5, 'est__n_estimators': 550, 'est__max_depth': 8, 'est__learning_rate': 0.05, 'est__gamma': 0.3, 'est__colsample_bytree': 0.85} (score=0.7873)
2026-05-20 11:27:08,637 [INFO] fplmodel.model - Best regressor[xgboost] params from tuning: {'est__subsample': 0.8, 'est__reg_lambda': 1.5, 'est__n_estimators': 550, 'est__max_depth': 4, 'est__learning_rate': 0.05, 'est__gamma': 0.0, 'est__colsample_bytree': 1.0} (score=-1.0785)
2026-05-20 11:27:08,638 [INFO] fplmodel.model - Candidate XGBoost | classifier=0.7873 ± 0.0152 ↑ | regressor=1.0785 ± 0.0946 ↓
2026-05-20 11:27:08,641 [INFO] fplmodel.model - Saved model selection summary to /Users/kyle/Documents/FPL-Prediction/models/model_selection_summary.csv
2026-05-20 11:27:08,641 [INFO] fplmodel.model - Selected classifier model: Histogram Gradient Boosting (balanced_accuracy=0.7880 ± 0.0115 ↑)
2026-05-20 11:27:08,641 [INFO] fplmodel.model - Selected regressor model: Histogram Gradient Boosting (MAE=1.0670 ± 0.0982 ↓)
2026-05-20 11:29:00,071 [INFO] fplmodel.model - Classifier (histogram gradient boosting) feature selector dropped 37 column(s): availability_next_round, bps_lag1, bps_ma5, creation_plus_minus_lag1, creation_plus_minus_ma5, defensive_actions_lag1, defensive_actions_ma5, expected_goal_involvements_ma5, expected_goal_involvements_per_90, injury_risk_flag, ... (+27 more)
2026-05-20 11:29:00,072 [INFO] fplmodel.model - Regressor (histogram gradient boosting) feature selector dropped 37 column(s): availability_next_round, bps_lag1, bps_ma5, creation_plus_minus_lag1, creation_plus_minus_ma5, defensive_actions_lag1, defensive_actions_ma5, expected_goal_involvements_ma5, expected_goal_involvements_per_90, injury_risk_flag, ... (+27 more)
2026-05-20 11:29:00,072 [INFO] fplmodel.model - Final model selection: classifier=Histogram Gradient Boosting | regressor=Histogram Gradient Boosting
2026-05-20 11:29:00,135 [INFO] fplmodel - Training prediction models completed in 230.23s
2026-05-20 11:29:00,136 [INFO] fplmodel - Estimator HistGradientBoostingRegressor for regressor does not expose feature_importances_; skipping logging.
2026-05-20 11:29:00,136 [INFO] fplmodel - Estimator HistGradientBoostingClassifier for classifier does not expose feature_importances_; skipping logging.
2026-05-20 11:29:00,136 [INFO] fplmodel - Model training complete; fitted 2 candidate pair(s).
2026-05-20 11:29:00,136 [INFO] fplmodel - Generating next gameweek predictions...
2026-05-20 11:29:00,186 [INFO] fplmodel - Generating next gameweek predictions completed in 0.05s
2026-05-20 11:29:00,187 [INFO] fplmodel - Generated ensemble predictions for 840 players using 2 model(s): Histogram Gradient Boosting, XGBoost
2026-05-20 11:29:00,196 [INFO] fplmodel - Applied fixture multipliers; average EP now 0.61
2026-05-20 11:29:00,197 [INFO] fplmodel - Top 5 expected point predictions (ensemble): Rayan Vitor Simplício Rocha (6.24); Gabriel dos Santos Magalhães (5.49); James Tarkowski (5.34); Leandro Trossard (4.84); Elliot Anderson (4.66)
2026-05-20 11:29:00,197 [INFO] fplmodel - Evaluating last finished gameweek residuals...
2026-05-20 11:29:00,338 [INFO] fplmodel - Evaluating last finished gameweek residuals completed in 0.14s
2026-05-20 11:29:00,338 [INFO] fplmodel - Residuals computed for 9329 players in GW 36
2026-05-20 11:29:00,338 [INFO] fplmodel - Selecting best XI from 840 candidates
2026-05-20 11:29:00,338 [INFO] fplmodel - Optimising best XI selection...
2026-05-20 11:29:01,315 [INFO] fplmodel - Optimising best XI selection completed in 0.98s
2026-05-20 11:29:01,315 [INFO] fplmodel - Selected squad: total cost 89.0M | starting cost 68.5M | bench cost 20.5M
2026-05-20 11:29:01,315 [INFO] fplmodel - Projected points: XI 50.67 | Captain included 56.91 | Bench 13.02
2026-05-20 11:29:01,315 [INFO] fplmodel - Captain: Rayan Vitor Simplício Rocha
2026-05-20 11:29:01,315 [INFO] fplmodel - XI | Senne Lammens (Man Utd) - 3.54 pts | 5.1M
2026-05-20 11:29:01,316 [INFO] fplmodel - XI | Gabriel dos Santos Magalhães (Arsenal) - 5.49 pts | 7.3M
2026-05-20 11:29:01,316 [INFO] fplmodel - XI | James Tarkowski (Everton) - 5.34 pts | 5.8M
2026-05-20 11:29:01,316 [INFO] fplmodel - XI | William Saliba (Arsenal) - 4.54 pts | 6.3M
2026-05-20 11:29:01,316 [INFO] fplmodel - XI | Ferdi Kadıoğlu (Brighton) - 3.58 pts | 4.5M
2026-05-20 11:29:01,316 [INFO] fplmodel - XI | Rayan Vitor Simplício Rocha (Bournemouth) - 6.24 pts | 5.4M
2026-05-20 11:29:01,316 [INFO] fplmodel - XI | Leandro Trossard (Arsenal) - 4.84 pts | 6.6M
2026-05-20 11:29:01,316 [INFO] fplmodel - XI | Elliot Anderson (Nott'm Forest) - 4.66 pts | 5.6M
2026-05-20 11:29:01,316 [INFO] fplmodel - XI | Jack Hinshelwood (Brighton) - 4.49 pts | 5.2M
2026-05-20 11:29:01,316 [INFO] fplmodel - XI | Phil Foden (Man City) - 4.45 pts | 8.0M
2026-05-20 11:29:01,316 [INFO] fplmodel - XI | Ollie Watkins (Aston Villa) - 3.51 pts | 8.7M
2026-05-20 11:29:01,316 [INFO] fplmodel - Bench 1 | Jaka Bijol (Leeds) - 3.45 pts
2026-05-20 11:29:01,316 [INFO] fplmodel - Bench 2 | Igor Jesus Maciel da Cruz (Nott'm Forest) - 3.22 pts
2026-05-20 11:29:01,316 [INFO] fplmodel - Bench 3 | Norberto Bercique Gomes Betuncal (Everton) - 2.90 pts
2026-05-20 11:29:01,316 [INFO] fplmodel - Bench 4 | Gianluigi Donnarumma (Man City) - 3.46 pts
2026-05-20 11:29:01,327 [INFO] fplmodel - Predictions saved to /Users/kyle/Documents/FPL-Prediction/outputs/predictions_gw37.csv
2026-05-20 11:29:01,328 [INFO] fplmodel - Starting XI saved to /Users/kyle/Documents/FPL-Prediction/outputs/starting_xi_gw37.csv
2026-05-20 11:29:01,329 [INFO] fplmodel - Bench saved to /Users/kyle/Documents/FPL-Prediction/outputs/bench_gw37.csv
2026-05-20 11:29:01,329 [INFO] fplmodel - Best XI JSON saved to /Users/kyle/Documents/FPL-Prediction/outputs/best_xi_gw37.json
2026-05-20 11:29:01,329 [INFO] fplmodel - Rendering best XI graphic...
2026-05-20 11:29:01,654 [INFO] fplmodel - Rendering best XI graphic completed in 0.32s
2026-05-20 11:29:01,654 [INFO] fplmodel - Best XI graphic generated at /Users/kyle/Documents/FPL-Prediction/outputs/best_xi_gw37.png
2026-05-20 11:29:01,666 [INFO] fplmodel - Residuals saved to /Users/kyle/Documents/FPL-Prediction/outputs/residuals_gw36.csv
2026-05-20 11:29:01,666 [INFO] fplmodel - Pipeline complete for GW 37
