2026-04-16 14:36:07,755 [INFO] fplmodel - Logging initialised. Writing to /Users/kyle/Documents/FPL-Prediction/logs/run_20260416_143607.log
2026-04-16 14:36:07,755 [INFO] fplmodel - Starting pipeline run (force_refetch=False)
2026-04-16 14:36:07,755 [INFO] fplmodel - Fetching bootstrap static data...
2026-04-16 14:36:07,777 [INFO] fplmodel - Fetching bootstrap static data completed in 0.02s
2026-04-16 14:36:07,778 [INFO] fplmodel - Fetching fixtures data...
2026-04-16 14:36:07,788 [INFO] fplmodel - Fetching fixtures data completed in 0.01s
2026-04-16 14:36:07,788 [INFO] fplmodel - Normalising bootstrap data...
2026-04-16 14:36:07,800 [INFO] fplmodel - Normalising bootstrap data completed in 0.01s
2026-04-16 14:36:07,800 [INFO] fplmodel - Loaded normalised frames: 826 elements, 20 teams, 38 events
2026-04-16 14:36:07,800 [INFO] fplmodel - Gameweek override applied -> next_gw=34 | last_finished_gw=33
2026-04-16 14:36:07,800 [INFO] fplmodel - Next gameweek: 34 | Last finished gameweek: 33
2026-04-16 14:36:07,800 [INFO] fplmodel - Renaming log file to highlight gameweek 34
2026-04-16 14:36:07,801 [INFO] fplmodel - Log file renamed to /Users/kyle/Documents/FPL-Prediction/logs/run_gw34_20260416_143607.log
2026-04-16 14:36:07,801 [INFO] fplmodel - Fetching player histories for 826 players (force_refetch=False)...
2026-04-16 14:36:09,550 [INFO] fplmodel - Fetching player histories for 826 players (force_refetch=False) completed in 1.75s
2026-04-16 14:36:09,551 [INFO] fplmodel - Loading 826 player history files from /Users/kyle/Documents/FPL-Prediction/data/raw
2026-04-16 14:36:09,551 [INFO] fplmodel - Collating player history JSON into dataframe...
2026-04-16 14:36:10,329 [INFO] fplmodel - Collating player history JSON into dataframe completed in 0.78s
2026-04-16 14:36:11,212 [INFO] fplmodel - Built player histories dataframe with 147930 rows
2026-04-16 14:36:11,212 [INFO] fplmodel - Loading external history data...
2026-04-16 14:36:12,002 [INFO] fplmodel - Loading external history data completed in 0.79s
2026-04-16 14:36:12,040 [INFO] fplmodel - Loaded 133323 external history rows for seasons 2020-21, 2021-22, 2022-23, 2023-24, 2024-25
2026-04-16 14:36:12,208 [INFO] fplmodel - Combined history dataset now has 268224 rows
2026-04-16 14:36:12,208 [INFO] fplmodel - Building training and prediction feature frames...
2026-04-16 14:36:17,315 [INFO] fplmodel - Building training and prediction feature frames completed in 5.11s
2026-04-16 14:36:17,315 [INFO] fplmodel - Prepared features: X_train=(245093, 156), y_train=245093, X_pred=(826, 163)
2026-04-16 14:36:17,323 [INFO] fplmodel - Training models with 156 features
2026-04-16 14:36:17,323 [INFO] fplmodel - Training feature columns: total_points_ma5, minutes_ma5, goals_scored_ma5, assists_ma5, clean_sheets_ma5, influence_ma5, creativity_ma5, threat_ma5, ict_index_ma5, goals_conceded_ma5, own_goals_ma5, penalties_saved_ma5, penalties_missed_ma5, yellow_cards_ma5, red_cards_ma5, saves_ma5, bonus_ma5, bps_ma5, clearances_blocks_interceptions_ma5, recoveries_ma5, tackles_ma5, defensive_contribution_ma5, starts_ma5, expected_goals_ma5, expected_assists_ma5, expected_goal_involvements_ma5, expected_goals_conceded_ma5, value_ma5, transfers_balance_ma5, selected_ma5, transfers_in_ma5, transfers_out_ma5, attacking_returns_ma5, finishing_plus_minus_ma5, finishing_ratio_ma5, creation_plus_minus_ma5, creation_ratio_ma5, xgi_plus_minus_ma5, minutes_share_ma5, points_per_90_ma5, tackles_plus_interceptions_ma5, defensive_actions_ma5, total_points_lag1, minutes_lag1, goals_scored_lag1, assists_lag1, clean_sheets_lag1, influence_lag1, creativity_lag1, threat_lag1, ict_index_lag1, goals_conceded_lag1, own_goals_lag1, penalties_saved_lag1, penalties_missed_lag1, yellow_cards_lag1, red_cards_lag1, saves_lag1, bonus_lag1, bps_lag1, clearances_blocks_interceptions_lag1, recoveries_lag1, tackles_lag1, defensive_contribution_lag1, starts_lag1, expected_goals_lag1, expected_assists_lag1, expected_goal_involvements_lag1, expected_goals_conceded_lag1, value_lag1, transfers_balance_lag1, selected_lag1, transfers_in_lag1, transfers_out_lag1, attacking_returns_lag1, finishing_plus_minus_lag1, finishing_ratio_lag1, creation_plus_minus_lag1, creation_ratio_lag1, xgi_plus_minus_lag1, minutes_share_lag1, points_per_90_lag1, tackles_plus_interceptions_lag1, defensive_actions_lag1, team_goals_for_ma5, team_goals_against_ma5, team_goal_diff_ma5, team_clean_sheet_ma5, team_conceded_two_plus_ma5, team_match_points_ma5, opp_team_goals_for_ma5, opp_team_goals_against_ma5, opp_team_goal_diff_ma5, opp_team_clean_sheet_ma5, opp_team_conceded_two_plus_ma5, opp_team_match_points_ma5, was_home, team_strength_overall, team_strength_home, team_strength_away, team_attack_home, team_attack_away, team_def_home, team_def_away, team_form_rating, team_points_table, team_league_position, team_matches_played, team_wins, team_draws, team_losses, opp_strength_overall, opp_strength_home, opp_strength_away, opp_attack_home, opp_attack_away, opp_def_home, opp_def_away, opp_form_rating, opp_points_table, opp_league_position, opp_matches_played, opp_wins, opp_draws, opp_losses, form, points_per_game, value_form, value_season, selected_by_percent, expected_goals_per_90, expected_assists_per_90, expected_goal_involvements_per_90, expected_goals_conceded_per_90, goals_conceded_per_90, saves_per_90, starts_per_90, clean_sheets_per_90, defensive_contribution_per_90, availability_this_round, availability_next_round, status_availability, status_injury_flag, injury_risk_flag, corners_and_indirect_freekicks_order, direct_freekicks_order, penalties_order, has_corners_duty, primary_corners_taker, has_direct_fk_duty, primary_direct_fk_taker, has_penalty_duty, primary_penalty_taker, set_piece_duty_score, player_bias, pos_bias
2026-04-16 14:36:17,323 [INFO] fplmodel - Training prediction models...
2026-04-16 14:36:17,684 [INFO] fplmodel.model - Season sample weights applied: 2020-21: 0.25, 2021-22: 0.25, 2022-23: 0.34, 2023-24: 0.49, 2024-25: 0.70, 2025-26: 1.00
2026-04-16 14:36:17,684 [INFO] fplmodel.model - Using TimeSeriesSplit with 3 folds for hyperparameter tuning.
2026-04-16 14:38:05,310 [INFO] fplmodel.model - Best classifier[hist_gbdt] params from tuning: {'est__min_samples_leaf': 20, 'est__max_iter': 350, 'est__max_depth': 4, 'est__learning_rate': 0.04, 'est__l2_regularization': 0.1} (score=1.0000)
2026-04-16 14:40:21,059 [INFO] fplmodel.model - Best regressor[hist_gbdt] params from tuning: {'est__min_samples_leaf': 30, 'est__max_iter': 250, 'est__max_depth': None, 'est__learning_rate': 0.06, 'est__l2_regularization': 0.05} (score=-0.9343)
2026-04-16 14:40:21,060 [INFO] fplmodel.model - Candidate Histogram Gradient Boosting | classifier=1.0000 ± 0.0000 ↑ | regressor=0.9343 ± 0.0369 ↓
2026-04-16 14:45:31,687 [INFO] fplmodel.model - Best classifier[random_forest] params from tuning: {'est__n_estimators': 200, 'est__min_samples_split': 6, 'est__min_samples_leaf': 4, 'est__max_features': 'sqrt', 'est__max_depth': None} (score=1.0000)
2026-04-16 15:38:55,289 [INFO] fplmodel.model - Best regressor[random_forest] params from tuning: {'est__n_estimators': 600, 'est__min_samples_split': 6, 'est__min_samples_leaf': 4, 'est__max_features': 0.7, 'est__max_depth': 20} (score=-0.9118)
2026-04-16 15:38:55,291 [INFO] fplmodel.model - Candidate Random Forest | classifier=1.0000 ± 0.0000 ↑ | regressor=0.9118 ± 0.0502 ↓
2026-04-16 15:41:36,795 [INFO] fplmodel.model - Best classifier[neural_network] params from tuning: {'est__learning_rate_init': 0.003, 'est__hidden_layer_sizes': (128, 64), 'est__beta_1': 0.85, 'est__alpha': 0.0005} (score=0.9992)
2026-04-16 15:43:42,423 [INFO] fplmodel.model - Best regressor[neural_network] params from tuning: {'est__learning_rate_init': 0.001, 'est__hidden_layer_sizes': (256, 128), 'est__beta_1': 0.85, 'est__alpha': 0.0005} (score=-0.9426)
2026-04-16 15:43:42,425 [INFO] fplmodel.model - Candidate Neural Network (MLP) | classifier=0.9992 ± 0.0003 ↑ | regressor=0.9426 ± 0.0817 ↓
2026-04-16 15:43:42,427 [INFO] fplmodel.model - Saved model selection summary to /Users/kyle/Documents/FPL-Prediction/models/model_selection_summary.csv
2026-04-16 15:43:42,427 [INFO] fplmodel.model - Selected classifier model: Histogram Gradient Boosting (balanced_accuracy=1.0000 ± 0.0000 ↑)
2026-04-16 15:43:42,427 [INFO] fplmodel.model - Selected regressor model: Random Forest (MAE=0.9118 ± 0.0502 ↓)
2026-04-16 15:50:34,102 [INFO] fplmodel.model - Classifier (histogram gradient boosting) feature selector dropped 38 column(s): availability_next_round, bps_lag1, bps_ma5, creation_plus_minus_lag1, creation_plus_minus_ma5, defensive_actions_lag1, defensive_actions_ma5, expected_goal_involvements_per_90, injury_risk_flag, minutes_share_lag1, ... (+28 more)
2026-04-16 15:50:34,102 [INFO] fplmodel.model - Regressor (random forest) feature selector dropped 38 column(s): availability_next_round, bps_lag1, bps_ma5, creation_plus_minus_lag1, creation_plus_minus_ma5, defensive_actions_lag1, defensive_actions_ma5, expected_goal_involvements_per_90, injury_risk_flag, minutes_share_lag1, ... (+28 more)
2026-04-16 15:50:34,102 [INFO] fplmodel.model - Final model selection: classifier=Histogram Gradient Boosting | regressor=Random Forest
2026-04-16 15:50:34,409 [INFO] fplmodel - Training prediction models completed in 4457.08s
2026-04-16 15:50:34,447 [INFO] fplmodel - Top feature weights for regressor: total_points_lag1: 0.3666, recoveries_lag1: 0.0872, total_points_ma5: 0.0782, points_per_90_lag1: 0.0467, defensive_contribution_lag1: 0.0319, bonus_lag1: 0.0272, player_bias: 0.0161, team_conceded_two_plus_ma5: 0.0143, selected_lag1: 0.0116, team_clean_sheet_ma5: 0.0105, transfers_out_lag1: 0.0087, selected_ma5: 0.0086, team_match_points_ma5: 0.0086, value_ma5: 0.0081, transfers_balance_lag1: 0.0078
2026-04-16 15:50:34,447 [INFO] fplmodel - Estimator HistGradientBoostingClassifier for classifier does not expose feature_importances_; skipping logging.
2026-04-16 15:50:34,447 [INFO] fplmodel - Model training complete; fitted 3 candidate pair(s).
2026-04-16 15:50:34,447 [INFO] fplmodel - Generating next gameweek predictions...
2026-04-16 15:50:34,588 [INFO] fplmodel - Generating next gameweek predictions completed in 0.14s
2026-04-16 15:50:34,589 [INFO] fplmodel - Generated ensemble predictions for 826 players using 3 model(s): Histogram Gradient Boosting, Random Forest, Neural Network (MLP)
2026-04-16 15:50:34,591 [INFO] fplmodel - Applied fixture multipliers; average EP now 1.77
2026-04-16 15:50:34,592 [INFO] fplmodel - Top 5 expected point predictions (ensemble): Ilia Gruev (7.11); Neco Williams (6.54); Virgil van Dijk (6.34); Jurriën Timber (5.65); Harry Wilson (5.50)
2026-04-16 15:50:34,592 [INFO] fplmodel - Evaluating last finished gameweek residuals...
2026-04-16 15:50:34,707 [INFO] fplmodel - Evaluating last finished gameweek residuals completed in 0.12s
2026-04-16 15:50:34,707 [INFO] fplmodel - Residuals computed for 3949 players in GW 33
2026-04-16 15:50:34,707 [INFO] fplmodel - Selecting best XI from 826 candidates
2026-04-16 15:50:34,707 [INFO] fplmodel - Optimising best XI selection...
2026-04-16 15:50:35,660 [INFO] fplmodel - Optimising best XI selection completed in 0.95s
2026-04-16 15:50:35,660 [INFO] fplmodel - Selected squad: total cost 83.4M | starting cost 62.2M | bench cost 21.2M
2026-04-16 15:50:35,660 [INFO] fplmodel - Projected points: XI 59.78 | Captain included 66.89 | Bench 17.06
2026-04-16 15:50:35,660 [INFO] fplmodel - Captain: Ilia Gruev
2026-04-16 15:50:35,660 [INFO] fplmodel - XI | Gianluigi Donnarumma (Man City) - 3.94 pts | 5.6M
2026-04-16 15:50:35,660 [INFO] fplmodel - XI | Neco Williams (Nott'm Forest) - 6.54 pts | 4.7M
2026-04-16 15:50:35,660 [INFO] fplmodel - XI | Virgil van Dijk (Liverpool) - 6.34 pts | 6.3M
2026-04-16 15:50:35,660 [INFO] fplmodel - XI | Jurriën Timber (Arsenal) - 5.65 pts | 6.2M
2026-04-16 15:50:35,660 [INFO] fplmodel - XI | Jayden Bogle (Leeds) - 5.44 pts | 4.4M
2026-04-16 15:50:35,660 [INFO] fplmodel - XI | Ilia Gruev (Leeds) - 7.11 pts | 4.7M
2026-04-16 15:50:35,660 [INFO] fplmodel - XI | Harry Wilson (Fulham) - 5.50 pts | 6.1M
2026-04-16 15:50:35,661 [INFO] fplmodel - XI | Idrissa Gana Gueye (Everton) - 4.98 pts | 5.4M
2026-04-16 15:50:35,661 [INFO] fplmodel - XI | Rayan Cherki (Man City) - 4.95 pts | 6.3M
2026-04-16 15:50:35,661 [INFO] fplmodel - XI | Jaidon Anthony (Burnley) - 4.95 pts | 5.0M
2026-04-16 15:50:35,661 [INFO] fplmodel - XI | Jean-Philippe Mateta (Crystal Palace) - 4.39 pts | 7.5M
2026-04-16 15:50:35,661 [INFO] fplmodel - Bench 1 | Ayden Heaven (Man Utd) - 5.21 pts
2026-04-16 15:50:35,661 [INFO] fplmodel - Bench 2 | João Pedro Junqueira de Jesus (Chelsea) - 4.24 pts
2026-04-16 15:50:35,661 [INFO] fplmodel - Bench 3 | Norberto Bercique Gomes Betuncal (Everton) - 3.91 pts
2026-04-16 15:50:35,661 [INFO] fplmodel - Bench 4 | Caoimhín Kelleher (Brentford) - 3.71 pts
2026-04-16 15:50:35,668 [INFO] fplmodel - Predictions saved to /Users/kyle/Documents/FPL-Prediction/outputs/predictions_gw34.csv
2026-04-16 15:50:35,669 [INFO] fplmodel - Starting XI saved to /Users/kyle/Documents/FPL-Prediction/outputs/starting_xi_gw34.csv
2026-04-16 15:50:35,669 [INFO] fplmodel - Bench saved to /Users/kyle/Documents/FPL-Prediction/outputs/bench_gw34.csv
2026-04-16 15:50:35,670 [INFO] fplmodel - Best XI JSON saved to /Users/kyle/Documents/FPL-Prediction/outputs/best_xi_gw34.json
2026-04-16 15:50:35,670 [INFO] fplmodel - Rendering best XI graphic...
2026-04-16 15:50:35,817 [INFO] fplmodel - Rendering best XI graphic completed in 0.15s
2026-04-16 15:50:35,817 [INFO] fplmodel - Best XI graphic generated at /Users/kyle/Documents/FPL-Prediction/outputs/best_xi_gw34.png
2026-04-16 15:50:35,823 [INFO] fplmodel - Residuals saved to /Users/kyle/Documents/FPL-Prediction/outputs/residuals_gw33.csv
2026-04-16 15:50:35,823 [INFO] fplmodel - Pipeline complete for GW 34
