2026-05-06 07:07:52,554 [INFO] fplmodel - Logging initialised. Writing to /Users/kyle/Documents/FPL-Prediction/logs/run_20260506_070752.log
2026-05-06 07:07:52,554 [INFO] fplmodel - Starting pipeline run (force_refetch=True)
2026-05-06 07:07:52,554 [INFO] fplmodel - Fetching bootstrap static data...
2026-05-06 07:07:52,975 [INFO] fplmodel - Fetching bootstrap static data completed in 0.42s
2026-05-06 07:07:52,975 [INFO] fplmodel - Fetching fixtures data...
2026-05-06 07:07:53,321 [INFO] fplmodel - Fetching fixtures data completed in 0.35s
2026-05-06 07:07:53,321 [INFO] fplmodel - Normalising bootstrap data...
2026-05-06 07:07:53,335 [INFO] fplmodel - Normalising bootstrap data completed in 0.01s
2026-05-06 07:07:53,335 [INFO] fplmodel - Loaded normalised frames: 832 elements, 20 teams, 38 events
2026-05-06 07:07:53,337 [INFO] fplmodel - Gameweek override applied -> next_gw=35 | last_finished_gw=34
2026-05-06 07:07:53,337 [INFO] fplmodel - Next gameweek: 35 | Last finished gameweek: 34
2026-05-06 07:07:53,337 [INFO] fplmodel - Renaming log file to highlight gameweek 35
2026-05-06 07:07:53,337 [INFO] fplmodel - Log file renamed to /Users/kyle/Documents/FPL-Prediction/logs/run_gw35_20260506_070752.log
2026-05-06 07:07:53,337 [INFO] fplmodel - Fetching player histories for 832 players (force_refetch=True)...
2026-05-06 07:07:53,337 [INFO] fplmodel.data_pull - Fetching player histories with 8 worker thread(s).
2026-05-06 07:08:08,623 [INFO] fplmodel.data_pull - Player history fetch progress: 50/832 complete (0 failures).
2026-05-06 07:08:21,997 [INFO] fplmodel.data_pull - Player history fetch progress: 100/832 complete (0 failures).
2026-05-06 07:08:35,377 [INFO] fplmodel.data_pull - Player history fetch progress: 150/832 complete (0 failures).
2026-05-06 07:08:48,535 [INFO] fplmodel.data_pull - Player history fetch progress: 200/832 complete (0 failures).
2026-05-06 07:09:01,883 [INFO] fplmodel.data_pull - Player history fetch progress: 250/832 complete (0 failures).
2026-05-06 07:09:14,747 [INFO] fplmodel.data_pull - Player history fetch progress: 300/832 complete (0 failures).
2026-05-06 07:09:28,300 [INFO] fplmodel.data_pull - Player history fetch progress: 350/832 complete (0 failures).
2026-05-06 07:09:41,751 [INFO] fplmodel.data_pull - Player history fetch progress: 400/832 complete (0 failures).
2026-05-06 07:09:54,729 [INFO] fplmodel.data_pull - Player history fetch progress: 450/832 complete (0 failures).
2026-05-06 07:10:08,445 [INFO] fplmodel.data_pull - Player history fetch progress: 500/832 complete (0 failures).
2026-05-06 07:10:21,485 [INFO] fplmodel.data_pull - Player history fetch progress: 550/832 complete (0 failures).
2026-05-06 07:10:35,108 [INFO] fplmodel.data_pull - Player history fetch progress: 600/832 complete (0 failures).
2026-05-06 07:10:48,459 [INFO] fplmodel.data_pull - Player history fetch progress: 650/832 complete (0 failures).
2026-05-06 07:11:02,548 [INFO] fplmodel.data_pull - Player history fetch progress: 700/832 complete (0 failures).
2026-05-06 07:11:16,277 [INFO] fplmodel.data_pull - Player history fetch progress: 750/832 complete (0 failures).
2026-05-06 07:11:29,788 [INFO] fplmodel.data_pull - Player history fetch progress: 800/832 complete (0 failures).
2026-05-06 07:11:38,047 [INFO] fplmodel.data_pull - Player history fetch progress: 832/832 complete (0 failures).
2026-05-06 07:11:38,125 [INFO] fplmodel - Fetching player histories for 832 players (force_refetch=True) completed in 224.79s
2026-05-06 07:11:38,126 [INFO] fplmodel - Loading 832 player history files from /Users/kyle/Documents/FPL-Prediction/data/raw
2026-05-06 07:11:38,126 [INFO] fplmodel - Collating player history JSON into dataframe...
2026-05-06 07:11:38,937 [INFO] fplmodel - Collating player history JSON into dataframe completed in 0.81s
2026-05-06 07:11:39,885 [INFO] fplmodel - Built player histories dataframe with 162876 rows
2026-05-06 07:11:39,886 [INFO] fplmodel - Loading external history data...
2026-05-06 07:11:40,643 [INFO] fplmodel - Loading external history data completed in 0.76s
2026-05-06 07:11:40,692 [INFO] fplmodel - Loaded 133400 external history rows for seasons 2020-21, 2021-22, 2022-23, 2023-24, 2024-25
2026-05-06 07:11:40,892 [INFO] fplmodel - Combined history dataset now has 282030 rows
2026-05-06 07:11:40,894 [INFO] fplmodel - Building training and prediction feature frames...
2026-05-06 07:12:00,677 [INFO] fplmodel - Building training and prediction feature frames completed in 19.78s
2026-05-06 07:12:00,677 [INFO] fplmodel - Prepared features: X_train=(266253, 156), y_train=266253, X_pred=(832, 163)
2026-05-06 07:12:00,698 [INFO] fplmodel - Training models with 156 features
2026-05-06 07:12:00,698 [INFO] fplmodel - Training feature columns: total_points_ma5, minutes_ma5, goals_scored_ma5, assists_ma5, clean_sheets_ma5, influence_ma5, creativity_ma5, threat_ma5, ict_index_ma5, goals_conceded_ma5, own_goals_ma5, penalties_saved_ma5, penalties_missed_ma5, yellow_cards_ma5, red_cards_ma5, saves_ma5, bonus_ma5, bps_ma5, clearances_blocks_interceptions_ma5, recoveries_ma5, tackles_ma5, defensive_contribution_ma5, starts_ma5, expected_goals_ma5, expected_assists_ma5, expected_goal_involvements_ma5, expected_goals_conceded_ma5, value_ma5, transfers_balance_ma5, selected_ma5, transfers_in_ma5, transfers_out_ma5, attacking_returns_ma5, finishing_plus_minus_ma5, finishing_ratio_ma5, creation_plus_minus_ma5, creation_ratio_ma5, xgi_plus_minus_ma5, minutes_share_ma5, points_per_90_ma5, tackles_plus_interceptions_ma5, defensive_actions_ma5, total_points_lag1, minutes_lag1, goals_scored_lag1, assists_lag1, clean_sheets_lag1, influence_lag1, creativity_lag1, threat_lag1, ict_index_lag1, goals_conceded_lag1, own_goals_lag1, penalties_saved_lag1, penalties_missed_lag1, yellow_cards_lag1, red_cards_lag1, saves_lag1, bonus_lag1, bps_lag1, clearances_blocks_interceptions_lag1, recoveries_lag1, tackles_lag1, defensive_contribution_lag1, starts_lag1, expected_goals_lag1, expected_assists_lag1, expected_goal_involvements_lag1, expected_goals_conceded_lag1, value_lag1, transfers_balance_lag1, selected_lag1, transfers_in_lag1, transfers_out_lag1, attacking_returns_lag1, finishing_plus_minus_lag1, finishing_ratio_lag1, creation_plus_minus_lag1, creation_ratio_lag1, xgi_plus_minus_lag1, minutes_share_lag1, points_per_90_lag1, tackles_plus_interceptions_lag1, defensive_actions_lag1, team_goals_for_ma5, team_goals_against_ma5, team_goal_diff_ma5, team_clean_sheet_ma5, team_conceded_two_plus_ma5, team_match_points_ma5, opp_team_goals_for_ma5, opp_team_goals_against_ma5, opp_team_goal_diff_ma5, opp_team_clean_sheet_ma5, opp_team_conceded_two_plus_ma5, opp_team_match_points_ma5, was_home, team_strength_overall, team_strength_home, team_strength_away, team_attack_home, team_attack_away, team_def_home, team_def_away, team_form_rating, team_points_table, team_league_position, team_matches_played, team_wins, team_draws, team_losses, opp_strength_overall, opp_strength_home, opp_strength_away, opp_attack_home, opp_attack_away, opp_def_home, opp_def_away, opp_form_rating, opp_points_table, opp_league_position, opp_matches_played, opp_wins, opp_draws, opp_losses, form, points_per_game, value_form, value_season, selected_by_percent, expected_goals_per_90, expected_assists_per_90, expected_goal_involvements_per_90, expected_goals_conceded_per_90, goals_conceded_per_90, saves_per_90, starts_per_90, clean_sheets_per_90, defensive_contribution_per_90, availability_this_round, availability_next_round, status_availability, status_injury_flag, injury_risk_flag, corners_and_indirect_freekicks_order, direct_freekicks_order, penalties_order, has_corners_duty, primary_corners_taker, has_direct_fk_duty, primary_direct_fk_taker, has_penalty_duty, primary_penalty_taker, set_piece_duty_score, player_bias, pos_bias
2026-05-06 07:12:00,698 [INFO] fplmodel - Training prediction models...
2026-05-06 07:12:01,092 [INFO] fplmodel.model - Season sample weights applied: 2020-21: 0.25, 2021-22: 0.25, 2022-23: 0.34, 2023-24: 0.49, 2024-25: 0.70, 2025-26: 1.00
2026-05-06 07:12:01,093 [INFO] fplmodel.model - Using TimeSeriesSplit with 3 folds for hyperparameter tuning.
2026-05-06 07:12:01,094 [INFO] fplmodel.model - Using actual match minutes as classifier target (minutes >= 60).
2026-05-06 07:12:01,101 [INFO] fplmodel.model - Model selection using most recent 60000/266253 training rows; final fits still use all rows.
2026-05-06 07:12:31,670 [INFO] fplmodel.model - Best classifier[hist_gbdt] params from tuning: {'est__min_samples_leaf': 40, 'est__max_iter': 350, 'est__max_depth': None, 'est__learning_rate': 0.08, 'est__l2_regularization': 0.05} (score=0.7797)
2026-05-06 07:12:52,566 [INFO] fplmodel.model - Best regressor[hist_gbdt] params from tuning: {'est__min_samples_leaf': 20, 'est__max_iter': 300, 'est__max_depth': 8, 'est__learning_rate': 0.06, 'est__l2_regularization': 0.05} (score=-1.0971)
2026-05-06 07:12:52,567 [INFO] fplmodel.model - Candidate Histogram Gradient Boosting | classifier=0.7797 ± 0.0187 ↑ | regressor=1.0971 ± 0.0861 ↓
2026-05-06 07:13:26,136 [INFO] fplmodel.model - Best classifier[xgboost] params from tuning: {'est__subsample': 1.0, 'est__reg_lambda': 1.0, 'est__n_estimators': 550, 'est__max_depth': 8, 'est__learning_rate': 0.08, 'est__gamma': 0.1, 'est__colsample_bytree': 0.85} (score=0.7778)
2026-05-06 07:13:53,253 [INFO] fplmodel.model - Best regressor[xgboost] params from tuning: {'est__subsample': 0.8, 'est__reg_lambda': 1.5, 'est__n_estimators': 250, 'est__max_depth': 4, 'est__learning_rate': 0.08, 'est__gamma': 0.1, 'est__colsample_bytree': 0.7} (score=-1.1031)
2026-05-06 07:13:53,254 [INFO] fplmodel.model - Candidate XGBoost | classifier=0.7778 ± 0.0248 ↑ | regressor=1.1031 ± 0.0835 ↓
2026-05-06 07:13:53,257 [INFO] fplmodel.model - Saved model selection summary to /Users/kyle/Documents/FPL-Prediction/models/model_selection_summary.csv
2026-05-06 07:13:53,257 [INFO] fplmodel.model - Selected classifier model: Histogram Gradient Boosting (balanced_accuracy=0.7797 ± 0.0187 ↑)
2026-05-06 07:13:53,257 [INFO] fplmodel.model - Selected regressor model: Histogram Gradient Boosting (MAE=1.0971 ± 0.0861 ↓)
2026-05-06 07:15:22,392 [INFO] fplmodel.model - Classifier (histogram gradient boosting) feature selector dropped 37 column(s): availability_next_round, bps_lag1, bps_ma5, creation_plus_minus_lag1, creation_plus_minus_ma5, defensive_actions_lag1, defensive_actions_ma5, expected_goal_involvements_ma5, expected_goal_involvements_per_90, injury_risk_flag, ... (+27 more)
2026-05-06 07:15:22,392 [INFO] fplmodel.model - Regressor (histogram gradient boosting) feature selector dropped 37 column(s): availability_next_round, bps_lag1, bps_ma5, creation_plus_minus_lag1, creation_plus_minus_ma5, defensive_actions_lag1, defensive_actions_ma5, expected_goal_involvements_ma5, expected_goal_involvements_per_90, injury_risk_flag, ... (+27 more)
2026-05-06 07:15:22,392 [INFO] fplmodel.model - Final model selection: classifier=Histogram Gradient Boosting | regressor=Histogram Gradient Boosting
2026-05-06 07:15:22,465 [INFO] fplmodel - Training prediction models completed in 201.77s
2026-05-06 07:15:22,466 [INFO] fplmodel - Estimator HistGradientBoostingRegressor for regressor does not expose feature_importances_; skipping logging.
2026-05-06 07:15:22,466 [INFO] fplmodel - Estimator HistGradientBoostingClassifier for classifier does not expose feature_importances_; skipping logging.
2026-05-06 07:15:22,466 [INFO] fplmodel - Model training complete; fitted 2 candidate pair(s).
2026-05-06 07:15:22,466 [INFO] fplmodel - Generating next gameweek predictions...
2026-05-06 07:15:22,509 [INFO] fplmodel - Generating next gameweek predictions completed in 0.04s
2026-05-06 07:15:22,510 [INFO] fplmodel - Generated ensemble predictions for 832 players using 2 model(s): Histogram Gradient Boosting, XGBoost
2026-05-06 07:15:22,520 [INFO] fplmodel - Applied fixture multipliers; average EP now 0.68
2026-05-06 07:15:22,521 [INFO] fplmodel - Top 5 expected point predictions (ensemble): Morgan Gibbs-White (6.77); Carlos Henrique Casimiro (5.83); Curtis Jones (5.76); Igor Jesus Maciel da Cruz (5.47); Mathias Jensen (4.99)
2026-05-06 07:15:22,522 [INFO] fplmodel - Evaluating last finished gameweek residuals...
2026-05-06 07:15:22,620 [INFO] fplmodel - Evaluating last finished gameweek residuals completed in 0.10s
2026-05-06 07:15:22,620 [INFO] fplmodel - Residuals computed for 7369 players in GW 34
2026-05-06 07:15:22,620 [INFO] fplmodel - Selecting best XI from 832 candidates
2026-05-06 07:15:22,620 [INFO] fplmodel - Optimising best XI selection...
2026-05-06 07:15:23,433 [INFO] fplmodel - Optimising best XI selection completed in 0.81s
2026-05-06 07:15:23,434 [INFO] fplmodel - Selected squad: total cost 90.0M | starting cost 66.0M | bench cost 24.0M
2026-05-06 07:15:23,434 [INFO] fplmodel - Projected points: XI 55.13 | Captain included 61.91 | Bench 14.83
2026-05-06 07:15:23,434 [INFO] fplmodel - Captain: Morgan Gibbs-White
2026-05-06 07:15:23,434 [INFO] fplmodel - XI | Bernd Leno (Fulham) - 4.39 pts | 4.9M
2026-05-06 07:15:23,434 [INFO] fplmodel - XI | Gabriel dos Santos Magalhães (Arsenal) - 4.67 pts | 7.2M
2026-05-06 07:15:23,434 [INFO] fplmodel - XI | William Saliba (Arsenal) - 4.17 pts | 6.1M
2026-05-06 07:15:23,434 [INFO] fplmodel - XI | Matheus Nunes (Man City) - 4.07 pts | 5.3M
2026-05-06 07:15:23,434 [INFO] fplmodel - XI | Morgan Gibbs-White (Nott'm Forest) - 6.77 pts | 7.7M
2026-05-06 07:15:23,434 [INFO] fplmodel - XI | Carlos Henrique Casimiro (Man Utd) - 5.83 pts | 5.8M
2026-05-06 07:15:23,434 [INFO] fplmodel - XI | Curtis Jones (Liverpool) - 5.76 pts | 5.4M
2026-05-06 07:15:23,434 [INFO] fplmodel - XI | Mathias Jensen (Brentford) - 4.99 pts | 4.9M
2026-05-06 07:15:23,435 [INFO] fplmodel - XI | Martín Zubimendi Ibáñez (Arsenal) - 4.43 pts | 5.0M
2026-05-06 07:15:23,435 [INFO] fplmodel - XI | Igor Jesus Maciel da Cruz (Nott'm Forest) - 5.47 pts | 5.9M
2026-05-06 07:15:23,435 [INFO] fplmodel - XI | Jarrod Bowen (West Ham) - 4.58 pts | 7.8M
2026-05-06 07:15:23,435 [INFO] fplmodel - Bench 1 | Nico O'Reilly (Man City) - 4.03 pts
2026-05-06 07:15:23,435 [INFO] fplmodel - Bench 2 | Ferdi Kadıoğlu (Brighton) - 3.91 pts
2026-05-06 07:15:23,435 [INFO] fplmodel - Bench 3 | Ollie Watkins (Aston Villa) - 3.31 pts
2026-05-06 07:15:23,435 [INFO] fplmodel - Bench 4 | Gianluigi Donnarumma (Man City) - 3.58 pts
2026-05-06 07:15:23,445 [INFO] fplmodel - Predictions saved to /Users/kyle/Documents/FPL-Prediction/outputs/predictions_gw35.csv
2026-05-06 07:15:23,446 [INFO] fplmodel - Starting XI saved to /Users/kyle/Documents/FPL-Prediction/outputs/starting_xi_gw35.csv
2026-05-06 07:15:23,446 [INFO] fplmodel - Bench saved to /Users/kyle/Documents/FPL-Prediction/outputs/bench_gw35.csv
2026-05-06 07:15:23,447 [INFO] fplmodel - Best XI JSON saved to /Users/kyle/Documents/FPL-Prediction/outputs/best_xi_gw35.json
2026-05-06 07:15:23,447 [INFO] fplmodel - Rendering best XI graphic...
2026-05-06 07:15:23,774 [INFO] fplmodel - Rendering best XI graphic completed in 0.33s
2026-05-06 07:15:23,774 [INFO] fplmodel - Best XI graphic generated at /Users/kyle/Documents/FPL-Prediction/outputs/best_xi_gw35.png
2026-05-06 07:15:23,783 [INFO] fplmodel - Residuals saved to /Users/kyle/Documents/FPL-Prediction/outputs/residuals_gw34.csv
2026-05-06 07:15:23,783 [INFO] fplmodel - Pipeline complete for GW 35
