2026-01-20 15:38:28,124 [INFO] fplmodel - Logging initialised. Writing to /Users/kyle/Documents/FPL-Prediction/logs/run_20260120_153828.log
2026-01-20 15:38:28,124 [INFO] fplmodel - Starting pipeline run (force_refetch=False)
2026-01-20 15:38:28,124 [INFO] fplmodel - Fetching bootstrap static data...
2026-01-20 15:38:28,144 [INFO] fplmodel - Fetching bootstrap static data completed in 0.02s
2026-01-20 15:38:28,144 [INFO] fplmodel - Fetching fixtures data...
2026-01-20 15:38:28,152 [INFO] fplmodel - Fetching fixtures data completed in 0.01s
2026-01-20 15:38:28,152 [INFO] fplmodel - Normalising bootstrap data...
2026-01-20 15:38:28,162 [INFO] fplmodel - Normalising bootstrap data completed in 0.01s
2026-01-20 15:38:28,162 [INFO] fplmodel - Loaded normalised frames: 801 elements, 20 teams, 38 events
2026-01-20 15:38:28,162 [INFO] fplmodel - Gameweek override applied -> next_gw=23 | last_finished_gw=22
2026-01-20 15:38:28,162 [INFO] fplmodel - Next gameweek: 23 | Last finished gameweek: 22
2026-01-20 15:38:28,162 [INFO] fplmodel - Renaming log file to highlight gameweek 23
2026-01-20 15:38:28,163 [INFO] fplmodel - Log file renamed to /Users/kyle/Documents/FPL-Prediction/logs/run_gw23_20260120_153828.log
2026-01-20 15:38:28,163 [INFO] fplmodel - Fetching player histories for 801 players (force_refetch=False)...
2026-01-20 15:38:29,365 [INFO] fplmodel - Fetching player histories for 801 players (force_refetch=False) completed in 1.20s
2026-01-20 15:38:29,366 [INFO] fplmodel - Loading 801 player history files from /Users/kyle/Documents/FPL-Prediction/data/raw
2026-01-20 15:38:29,366 [INFO] fplmodel - Collating player history JSON into dataframe...
2026-01-20 15:38:29,897 [INFO] fplmodel - Collating player history JSON into dataframe completed in 0.53s
2026-01-20 15:38:30,439 [INFO] fplmodel - Built player histories dataframe with 99354 rows
2026-01-20 15:38:30,439 [INFO] fplmodel - Loading external history data...
2026-01-20 15:38:31,221 [INFO] fplmodel - Loading external history data completed in 0.78s
2026-01-20 15:38:31,262 [INFO] fplmodel - Loaded 132944 external history rows for seasons 2020-21, 2021-22, 2022-23, 2023-24, 2024-25
2026-01-20 15:38:31,371 [INFO] fplmodel - Combined history dataset now has 223419 rows
2026-01-20 15:38:31,371 [INFO] fplmodel - Building training and prediction feature frames...
2026-01-20 15:38:35,571 [INFO] fplmodel - Building training and prediction feature frames completed in 4.20s
2026-01-20 15:38:35,571 [INFO] fplmodel - Prepared features: X_train=(159071, 156), y_train=159071, X_pred=(800, 163)
2026-01-20 15:38:35,577 [INFO] fplmodel - Training models with 156 features
2026-01-20 15:38:35,577 [INFO] fplmodel - Training feature columns: total_points_ma5, minutes_ma5, goals_scored_ma5, assists_ma5, clean_sheets_ma5, influence_ma5, creativity_ma5, threat_ma5, ict_index_ma5, goals_conceded_ma5, own_goals_ma5, penalties_saved_ma5, penalties_missed_ma5, yellow_cards_ma5, red_cards_ma5, saves_ma5, bonus_ma5, bps_ma5, clearances_blocks_interceptions_ma5, recoveries_ma5, tackles_ma5, defensive_contribution_ma5, starts_ma5, expected_goals_ma5, expected_assists_ma5, expected_goal_involvements_ma5, expected_goals_conceded_ma5, value_ma5, transfers_balance_ma5, selected_ma5, transfers_in_ma5, transfers_out_ma5, attacking_returns_ma5, finishing_plus_minus_ma5, finishing_ratio_ma5, creation_plus_minus_ma5, creation_ratio_ma5, xgi_plus_minus_ma5, minutes_share_ma5, points_per_90_ma5, tackles_plus_interceptions_ma5, defensive_actions_ma5, total_points_lag1, minutes_lag1, goals_scored_lag1, assists_lag1, clean_sheets_lag1, influence_lag1, creativity_lag1, threat_lag1, ict_index_lag1, goals_conceded_lag1, own_goals_lag1, penalties_saved_lag1, penalties_missed_lag1, yellow_cards_lag1, red_cards_lag1, saves_lag1, bonus_lag1, bps_lag1, clearances_blocks_interceptions_lag1, recoveries_lag1, tackles_lag1, defensive_contribution_lag1, starts_lag1, expected_goals_lag1, expected_assists_lag1, expected_goal_involvements_lag1, expected_goals_conceded_lag1, value_lag1, transfers_balance_lag1, selected_lag1, transfers_in_lag1, transfers_out_lag1, attacking_returns_lag1, finishing_plus_minus_lag1, finishing_ratio_lag1, creation_plus_minus_lag1, creation_ratio_lag1, xgi_plus_minus_lag1, minutes_share_lag1, points_per_90_lag1, tackles_plus_interceptions_lag1, defensive_actions_lag1, team_goals_for_ma5, team_goals_against_ma5, team_goal_diff_ma5, team_clean_sheet_ma5, team_conceded_two_plus_ma5, team_match_points_ma5, opp_team_goals_for_ma5, opp_team_goals_against_ma5, opp_team_goal_diff_ma5, opp_team_clean_sheet_ma5, opp_team_conceded_two_plus_ma5, opp_team_match_points_ma5, was_home, team_strength_overall, team_strength_home, team_strength_away, team_attack_home, team_attack_away, team_def_home, team_def_away, team_form_rating, team_points_table, team_league_position, team_matches_played, team_wins, team_draws, team_losses, opp_strength_overall, opp_strength_home, opp_strength_away, opp_attack_home, opp_attack_away, opp_def_home, opp_def_away, opp_form_rating, opp_points_table, opp_league_position, opp_matches_played, opp_wins, opp_draws, opp_losses, form, points_per_game, value_form, value_season, selected_by_percent, expected_goals_per_90, expected_assists_per_90, expected_goal_involvements_per_90, expected_goals_conceded_per_90, goals_conceded_per_90, saves_per_90, starts_per_90, clean_sheets_per_90, defensive_contribution_per_90, availability_this_round, availability_next_round, status_availability, status_injury_flag, injury_risk_flag, corners_and_indirect_freekicks_order, direct_freekicks_order, penalties_order, has_corners_duty, primary_corners_taker, has_direct_fk_duty, primary_direct_fk_taker, has_penalty_duty, primary_penalty_taker, set_piece_duty_score, player_bias, pos_bias
2026-01-20 15:38:35,577 [INFO] fplmodel - Training prediction models...
2026-01-20 15:38:35,810 [INFO] fplmodel.model - Season sample weights applied: 2020-21: 0.25, 2021-22: 0.25, 2022-23: 0.34, 2023-24: 0.49, 2024-25: 0.70, 2025-26: 1.00
2026-01-20 15:38:35,811 [INFO] fplmodel.model - Using TimeSeriesSplit with 3 folds for hyperparameter tuning.
2026-01-20 15:39:40,268 [INFO] fplmodel.model - Best classifier[hist_gbdt] params from tuning: {'est__min_samples_leaf': 20, 'est__max_iter': 350, 'est__max_depth': 4, 'est__learning_rate': 0.04, 'est__l2_regularization': 0.1} (score=1.0000)
2026-01-20 15:41:27,406 [INFO] fplmodel.model - Best regressor[hist_gbdt] params from tuning: {'est__min_samples_leaf': 40, 'est__max_iter': 400, 'est__max_depth': None, 'est__learning_rate': 0.08, 'est__l2_regularization': 0.05} (score=-0.9247)
2026-01-20 15:41:27,406 [INFO] fplmodel.model - Candidate Histogram Gradient Boosting | classifier=1.0000 ± 0.0000 ↑ | regressor=0.9247 ± 0.0396 ↓
2026-01-20 15:44:29,892 [INFO] fplmodel.model - Best classifier[random_forest] params from tuning: {'est__n_estimators': 200, 'est__min_samples_split': 6, 'est__min_samples_leaf': 4, 'est__max_features': 'sqrt', 'est__max_depth': None} (score=1.0000)
2026-01-20 16:13:46,093 [INFO] fplmodel.model - Best regressor[random_forest] params from tuning: {'est__n_estimators': 600, 'est__min_samples_split': 6, 'est__min_samples_leaf': 4, 'est__max_features': 0.7, 'est__max_depth': 20} (score=-0.9127)
2026-01-20 16:13:46,094 [INFO] fplmodel.model - Candidate Random Forest | classifier=1.0000 ± 0.0000 ↑ | regressor=0.9127 ± 0.0452 ↓
2026-01-20 16:15:23,115 [INFO] fplmodel.model - Best classifier[neural_network] params from tuning: {'est__learning_rate_init': 0.001, 'est__hidden_layer_sizes': (256, 128), 'est__beta_1': 0.85, 'est__alpha': 0.0005} (score=0.9990)
2026-01-20 16:16:36,557 [INFO] fplmodel.model - Best regressor[neural_network] params from tuning: {'est__learning_rate_init': 0.001, 'est__hidden_layer_sizes': (128, 128, 64), 'est__beta_1': 0.85, 'est__alpha': 0.0005} (score=-0.9475)
2026-01-20 16:16:36,559 [INFO] fplmodel.model - Candidate Neural Network (MLP) | classifier=0.9990 ± 0.0005 ↑ | regressor=0.9475 ± 0.1065 ↓
2026-01-20 16:16:36,560 [INFO] fplmodel.model - Saved model selection summary to /Users/kyle/Documents/FPL-Prediction/models/model_selection_summary.csv
2026-01-20 16:16:36,561 [INFO] fplmodel.model - Selected classifier model: Histogram Gradient Boosting (balanced_accuracy=1.0000 ± 0.0000 ↑)
2026-01-20 16:16:36,561 [INFO] fplmodel.model - Selected regressor model: Random Forest (MAE=0.9127 ± 0.0452 ↓)
2026-01-20 16:21:02,121 [INFO] fplmodel.model - Classifier (histogram gradient boosting) feature selector dropped 38 column(s): availability_next_round, bps_lag1, bps_ma5, creation_plus_minus_lag1, creation_plus_minus_ma5, defensive_actions_lag1, defensive_actions_ma5, expected_goal_involvements_lag1, expected_goal_involvements_ma5, expected_goal_involvements_per_90, ... (+28 more)
2026-01-20 16:21:02,121 [INFO] fplmodel.model - Regressor (random forest) feature selector dropped 38 column(s): availability_next_round, bps_lag1, bps_ma5, creation_plus_minus_lag1, creation_plus_minus_ma5, defensive_actions_lag1, defensive_actions_ma5, expected_goal_involvements_lag1, expected_goal_involvements_ma5, expected_goal_involvements_per_90, ... (+28 more)
2026-01-20 16:21:02,121 [INFO] fplmodel.model - Final model selection: classifier=Histogram Gradient Boosting | regressor=Random Forest
2026-01-20 16:21:02,451 [INFO] fplmodel - Training prediction models completed in 2546.85s
2026-01-20 16:21:02,489 [INFO] fplmodel - Top feature weights for regressor: total_points_lag1: 0.3913, recoveries_lag1: 0.0797, total_points_ma5: 0.0791, points_per_90_lag1: 0.0338, defensive_contribution_lag1: 0.0335, bonus_lag1: 0.0278, player_bias: 0.0161, team_conceded_two_plus_ma5: 0.0140, selected_lag1: 0.0105, team_clean_sheet_ma5: 0.0096, value_ma5: 0.0083, selected_ma5: 0.0082, transfers_out_lag1: 0.0078, team_match_points_ma5: 0.0075, defensive_contribution_ma5: 0.0075
2026-01-20 16:21:02,490 [INFO] fplmodel - Estimator HistGradientBoostingClassifier for classifier does not expose feature_importances_; skipping logging.
2026-01-20 16:21:02,490 [INFO] fplmodel - Model training complete; fitted 3 candidate pair(s).
2026-01-20 16:21:02,490 [INFO] fplmodel - Generating next gameweek predictions...
2026-01-20 16:21:02,618 [INFO] fplmodel - Generating next gameweek predictions completed in 0.13s
2026-01-20 16:21:02,619 [INFO] fplmodel - Generated ensemble predictions for 800 players using 3 model(s): Histogram Gradient Boosting, Random Forest, Neural Network (MLP)
2026-01-20 16:21:02,621 [INFO] fplmodel - Applied fixture multipliers; average EP now 1.84
2026-01-20 16:21:02,621 [INFO] fplmodel - Top 5 expected point predictions (ensemble): Brian Brobbey (9.04); Gabriel Martinelli Silva (6.25); Nico González Iglesias (5.71); Ayden Heaven (5.62); Mateus Mané (4.94)
2026-01-20 16:21:02,622 [INFO] fplmodel - Evaluating last finished gameweek residuals...
2026-01-20 16:21:02,753 [INFO] fplmodel - Evaluating last finished gameweek residuals completed in 0.13s
2026-01-20 16:21:02,753 [INFO] fplmodel - Residuals computed for 8131 players in GW 22
2026-01-20 16:21:02,753 [INFO] fplmodel - Selecting best XI from 800 candidates
2026-01-20 16:21:02,753 [INFO] fplmodel - Optimising best XI selection...
2026-01-20 16:21:03,637 [INFO] fplmodel - Optimising best XI selection completed in 0.88s
2026-01-20 16:21:03,637 [INFO] fplmodel - Selected squad: total cost 81.0M | starting cost 58.9M | bench cost 22.1M
2026-01-20 16:21:03,638 [INFO] fplmodel - Projected points: XI 59.24 | Captain included 68.28 | Bench 16.68
2026-01-20 16:21:03,638 [INFO] fplmodel - Captain: Brian Brobbey
2026-01-20 16:21:03,638 [INFO] fplmodel - XI | Martin Dúbravka (Burnley) - 4.75 pts | 4.0M
2026-01-20 16:21:03,638 [INFO] fplmodel - XI | Ayden Heaven (Man Utd) - 5.62 pts | 3.9M
2026-01-20 16:21:03,638 [INFO] fplmodel - XI | Ezri Konsa Ngoyo (Aston Villa) - 4.38 pts | 4.4M
2026-01-20 16:21:03,638 [INFO] fplmodel - XI | James Tarkowski (Everton) - 4.26 pts | 5.7M
2026-01-20 16:21:03,638 [INFO] fplmodel - XI | Gabriel Martinelli Silva (Arsenal) - 6.25 pts | 6.8M
2026-01-20 16:21:03,638 [INFO] fplmodel - XI | Nico González Iglesias (Man City) - 5.71 pts | 5.9M
2026-01-20 16:21:03,638 [INFO] fplmodel - XI | Pedro Lomba Neto (Chelsea) - 4.87 pts | 7.1M
2026-01-20 16:21:03,639 [INFO] fplmodel - XI | Wilfried Gnonto (Leeds) - 4.85 pts | 5.2M
2026-01-20 16:21:03,639 [INFO] fplmodel - XI | Harry Wilson (Fulham) - 4.57 pts | 5.9M
2026-01-20 16:21:03,639 [INFO] fplmodel - XI | Brian Brobbey (Sunderland) - 9.04 pts | 5.5M
2026-01-20 16:21:03,639 [INFO] fplmodel - XI | Mateus Mané (Wolves) - 4.94 pts | 4.5M
2026-01-20 16:21:03,639 [INFO] fplmodel - Bench 1 | Yoane Wissa (Newcastle) - 4.44 pts
2026-01-20 16:21:03,639 [INFO] fplmodel - Bench 2 | Jaydee Canvot (Crystal Palace) - 4.20 pts
2026-01-20 16:21:03,639 [INFO] fplmodel - Bench 3 | Keane Lewis-Potter (Brentford) - 4.06 pts
2026-01-20 16:21:03,639 [INFO] fplmodel - Bench 4 | Alisson Becker (Liverpool) - 3.97 pts
2026-01-20 16:21:03,645 [INFO] fplmodel - Predictions saved to /Users/kyle/Documents/FPL-Prediction/outputs/predictions_gw23.csv
2026-01-20 16:21:03,645 [INFO] fplmodel - Starting XI saved to /Users/kyle/Documents/FPL-Prediction/outputs/starting_xi_gw23.csv
2026-01-20 16:21:03,646 [INFO] fplmodel - Bench saved to /Users/kyle/Documents/FPL-Prediction/outputs/bench_gw23.csv
2026-01-20 16:21:03,647 [INFO] fplmodel - Best XI JSON saved to /Users/kyle/Documents/FPL-Prediction/outputs/best_xi_gw23.json
2026-01-20 16:21:03,647 [INFO] fplmodel - Rendering best XI graphic...
2026-01-20 16:21:03,789 [INFO] fplmodel - Rendering best XI graphic completed in 0.14s
2026-01-20 16:21:03,789 [INFO] fplmodel - Best XI graphic generated at /Users/kyle/Documents/FPL-Prediction/outputs/best_xi_gw23.png
2026-01-20 16:21:03,799 [INFO] fplmodel - Residuals saved to /Users/kyle/Documents/FPL-Prediction/outputs/residuals_gw22.csv
2026-01-20 16:21:03,799 [INFO] fplmodel - Pipeline complete for GW 23
