2025-12-29 08:05:17,405 [INFO] fplmodel - Logging initialised. Writing to /Users/kyle/Documents/FPL-Prediction/logs/run_20251229_080517.log
2025-12-29 08:05:17,405 [INFO] fplmodel - Starting pipeline run (force_refetch=False)
2025-12-29 08:05:17,405 [INFO] fplmodel - Fetching bootstrap static data...
2025-12-29 08:05:17,425 [INFO] fplmodel - Fetching bootstrap static data completed in 0.02s
2025-12-29 08:05:17,425 [INFO] fplmodel - Fetching fixtures data...
2025-12-29 08:05:17,430 [INFO] fplmodel - Fetching fixtures data completed in 0.01s
2025-12-29 08:05:17,430 [INFO] fplmodel - Normalising bootstrap data...
2025-12-29 08:05:17,440 [INFO] fplmodel - Normalising bootstrap data completed in 0.01s
2025-12-29 08:05:17,440 [INFO] fplmodel - Loaded normalised frames: 775 elements, 20 teams, 38 events
2025-12-29 08:05:17,441 [INFO] fplmodel - Gameweek override applied -> next_gw=18 | last_finished_gw=17
2025-12-29 08:05:17,441 [INFO] fplmodel - Next gameweek: 18 | Last finished gameweek: 17
2025-12-29 08:05:17,441 [INFO] fplmodel - Renaming log file to highlight gameweek 18
2025-12-29 08:05:17,441 [INFO] fplmodel - Log file renamed to /Users/kyle/Documents/FPL-Prediction/logs/run_gw18_20251229_080517.log
2025-12-29 08:05:17,441 [INFO] fplmodel - Fetching player histories for 775 players (force_refetch=False)...
2025-12-29 08:05:20,085 [INFO] fplmodel - Fetching player histories for 775 players (force_refetch=False) completed in 2.64s
2025-12-29 08:05:20,088 [INFO] fplmodel - Loading 775 player history files from /Users/kyle/Documents/FPL-Prediction/data/raw
2025-12-29 08:05:20,088 [INFO] fplmodel - Collating player history JSON into dataframe...
2025-12-29 08:05:20,518 [INFO] fplmodel - Collating player history JSON into dataframe completed in 0.43s
2025-12-29 08:05:20,954 [INFO] fplmodel - Built player histories dataframe with 80370 rows
2025-12-29 08:05:20,954 [INFO] fplmodel - Loading external history data...
2025-12-29 08:05:21,797 [INFO] fplmodel - Loading external history data completed in 0.84s
2025-12-29 08:05:21,838 [INFO] fplmodel - Loaded 132226 external history rows for seasons 2020-21, 2021-22, 2022-23, 2023-24, 2024-25
2025-12-29 08:05:21,936 [INFO] fplmodel - Combined history dataset now has 205576 rows
2025-12-29 08:05:21,937 [INFO] fplmodel - Building training and prediction feature frames...
2025-12-29 08:05:26,028 [INFO] fplmodel - Building training and prediction feature frames completed in 4.09s
2025-12-29 08:05:26,029 [INFO] fplmodel - Prepared features: X_train=(120884, 156), y_train=120884, X_pred=(770, 163)
2025-12-29 08:05:26,033 [INFO] fplmodel - Training models with 156 features
2025-12-29 08:05:26,033 [INFO] fplmodel - Training feature columns: total_points_ma5, minutes_ma5, goals_scored_ma5, assists_ma5, clean_sheets_ma5, influence_ma5, creativity_ma5, threat_ma5, ict_index_ma5, goals_conceded_ma5, own_goals_ma5, penalties_saved_ma5, penalties_missed_ma5, yellow_cards_ma5, red_cards_ma5, saves_ma5, bonus_ma5, bps_ma5, clearances_blocks_interceptions_ma5, recoveries_ma5, tackles_ma5, defensive_contribution_ma5, starts_ma5, expected_goals_ma5, expected_assists_ma5, expected_goal_involvements_ma5, expected_goals_conceded_ma5, value_ma5, transfers_balance_ma5, selected_ma5, transfers_in_ma5, transfers_out_ma5, attacking_returns_ma5, finishing_plus_minus_ma5, finishing_ratio_ma5, creation_plus_minus_ma5, creation_ratio_ma5, xgi_plus_minus_ma5, minutes_share_ma5, points_per_90_ma5, tackles_plus_interceptions_ma5, defensive_actions_ma5, total_points_lag1, minutes_lag1, goals_scored_lag1, assists_lag1, clean_sheets_lag1, influence_lag1, creativity_lag1, threat_lag1, ict_index_lag1, goals_conceded_lag1, own_goals_lag1, penalties_saved_lag1, penalties_missed_lag1, yellow_cards_lag1, red_cards_lag1, saves_lag1, bonus_lag1, bps_lag1, clearances_blocks_interceptions_lag1, recoveries_lag1, tackles_lag1, defensive_contribution_lag1, starts_lag1, expected_goals_lag1, expected_assists_lag1, expected_goal_involvements_lag1, expected_goals_conceded_lag1, value_lag1, transfers_balance_lag1, selected_lag1, transfers_in_lag1, transfers_out_lag1, attacking_returns_lag1, finishing_plus_minus_lag1, finishing_ratio_lag1, creation_plus_minus_lag1, creation_ratio_lag1, xgi_plus_minus_lag1, minutes_share_lag1, points_per_90_lag1, tackles_plus_interceptions_lag1, defensive_actions_lag1, team_goals_for_ma5, team_goals_against_ma5, team_goal_diff_ma5, team_clean_sheet_ma5, team_conceded_two_plus_ma5, team_match_points_ma5, opp_team_goals_for_ma5, opp_team_goals_against_ma5, opp_team_goal_diff_ma5, opp_team_clean_sheet_ma5, opp_team_conceded_two_plus_ma5, opp_team_match_points_ma5, was_home, team_strength_overall, team_strength_home, team_strength_away, team_attack_home, team_attack_away, team_def_home, team_def_away, team_form_rating, team_points_table, team_league_position, team_matches_played, team_wins, team_draws, team_losses, opp_strength_overall, opp_strength_home, opp_strength_away, opp_attack_home, opp_attack_away, opp_def_home, opp_def_away, opp_form_rating, opp_points_table, opp_league_position, opp_matches_played, opp_wins, opp_draws, opp_losses, form, points_per_game, value_form, value_season, selected_by_percent, expected_goals_per_90, expected_assists_per_90, expected_goal_involvements_per_90, expected_goals_conceded_per_90, goals_conceded_per_90, saves_per_90, starts_per_90, clean_sheets_per_90, defensive_contribution_per_90, availability_this_round, availability_next_round, status_availability, status_injury_flag, injury_risk_flag, corners_and_indirect_freekicks_order, direct_freekicks_order, penalties_order, has_corners_duty, primary_corners_taker, has_direct_fk_duty, primary_direct_fk_taker, has_penalty_duty, primary_penalty_taker, set_piece_duty_score, player_bias, pos_bias
2025-12-29 08:05:26,033 [INFO] fplmodel - Training prediction models...
2025-12-29 08:05:26,242 [INFO] fplmodel.model - Season sample weights applied: 2020-21: 0.25, 2021-22: 0.25, 2022-23: 0.34, 2023-24: 0.49, 2024-25: 0.70, 2025-26: 1.00
2025-12-29 08:05:26,242 [INFO] fplmodel.model - Using TimeSeriesSplit with 3 folds for hyperparameter tuning.
2025-12-29 08:06:17,823 [INFO] fplmodel.model - Best classifier[hist_gbdt] params from tuning: {'est__min_samples_leaf': 20, 'est__max_iter': 350, 'est__max_depth': 4, 'est__learning_rate': 0.04, 'est__l2_regularization': 0.1} (score=1.0000)
2025-12-29 08:07:23,176 [INFO] fplmodel.model - Best regressor[hist_gbdt] params from tuning: {'est__min_samples_leaf': 30, 'est__max_iter': 350, 'est__max_depth': 8, 'est__learning_rate': 0.06, 'est__l2_regularization': 0.1} (score=-0.9507)
2025-12-29 08:07:23,177 [INFO] fplmodel.model - Candidate Histogram Gradient Boosting | classifier=1.0000 ± 0.0000 ↑ | regressor=0.9507 ± 0.0469 ↓
2025-12-29 08:09:44,125 [INFO] fplmodel.model - Best classifier[random_forest] params from tuning: {'est__n_estimators': 200, 'est__min_samples_split': 6, 'est__min_samples_leaf': 4, 'est__max_features': 'sqrt', 'est__max_depth': None} (score=1.0000)
2025-12-29 08:32:40,519 [INFO] fplmodel.model - Best regressor[random_forest] params from tuning: {'est__n_estimators': 600, 'est__min_samples_split': 6, 'est__min_samples_leaf': 4, 'est__max_features': 0.7, 'est__max_depth': 20} (score=-0.9286)
2025-12-29 08:32:40,522 [INFO] fplmodel.model - Candidate Random Forest | classifier=1.0000 ± 0.0000 ↑ | regressor=0.9286 ± 0.0352 ↓
2025-12-29 08:33:50,634 [INFO] fplmodel.model - Best classifier[neural_network] params from tuning: {'est__learning_rate_init': 0.003, 'est__hidden_layer_sizes': (128, 128, 64), 'est__beta_1': 0.9, 'est__alpha': 0.001} (score=0.9989)
2025-12-29 08:34:48,872 [INFO] fplmodel.model - Best regressor[neural_network] params from tuning: {'est__learning_rate_init': 0.003, 'est__hidden_layer_sizes': (256, 128), 'est__beta_1': 0.85, 'est__alpha': 0.0001} (score=-0.9397)
2025-12-29 08:34:48,874 [INFO] fplmodel.model - Candidate Neural Network (MLP) | classifier=0.9989 ± 0.0004 ↑ | regressor=0.9397 ± 0.0952 ↓
2025-12-29 08:34:48,876 [INFO] fplmodel.model - Saved model selection summary to /Users/kyle/Documents/FPL-Prediction/models/model_selection_summary.csv
2025-12-29 08:34:48,876 [INFO] fplmodel.model - Selected classifier model: Histogram Gradient Boosting (balanced_accuracy=1.0000 ± 0.0000 ↑)
2025-12-29 08:34:48,876 [INFO] fplmodel.model - Selected regressor model: Random Forest (MAE=0.9286 ± 0.0352 ↓)
2025-12-29 08:38:08,964 [INFO] fplmodel.model - Classifier (histogram gradient boosting) feature selector dropped 39 column(s): availability_next_round, bps_lag1, bps_ma5, creation_plus_minus_lag1, creation_plus_minus_ma5, defensive_actions_lag1, defensive_actions_ma5, expected_goal_involvements_lag1, expected_goal_involvements_ma5, expected_goal_involvements_per_90, ... (+29 more)
2025-12-29 08:38:08,965 [INFO] fplmodel.model - Regressor (random forest) feature selector dropped 39 column(s): availability_next_round, bps_lag1, bps_ma5, creation_plus_minus_lag1, creation_plus_minus_ma5, defensive_actions_lag1, defensive_actions_ma5, expected_goal_involvements_lag1, expected_goal_involvements_ma5, expected_goal_involvements_per_90, ... (+29 more)
2025-12-29 08:38:08,965 [INFO] fplmodel.model - Final model selection: classifier=Histogram Gradient Boosting | regressor=Random Forest
2025-12-29 08:38:09,225 [INFO] fplmodel - Training prediction models completed in 1963.18s
2025-12-29 08:38:09,262 [INFO] fplmodel - Top feature weights for regressor: total_points_lag1: 0.3793, total_points_ma5: 0.0851, recoveries_lag1: 0.0760, points_per_90_lag1: 0.0311, defensive_contribution_lag1: 0.0309, bonus_lag1: 0.0300, player_bias: 0.0173, team_conceded_two_plus_ma5: 0.0130, selected_lag1: 0.0112, value_season: 0.0099, team_clean_sheet_ma5: 0.0095, bonus_ma5: 0.0094, selected_ma5: 0.0091, team_match_points_ma5: 0.0083, value_ma5: 0.0082
2025-12-29 08:38:09,262 [INFO] fplmodel - Estimator HistGradientBoostingClassifier for classifier does not expose feature_importances_; skipping logging.
2025-12-29 08:38:09,262 [INFO] fplmodel - Model training complete; fitted 3 candidate pair(s).
2025-12-29 08:38:09,262 [INFO] fplmodel - Generating next gameweek predictions...
2025-12-29 08:38:09,389 [INFO] fplmodel - Generating next gameweek predictions completed in 0.13s
2025-12-29 08:38:09,390 [INFO] fplmodel - Generated ensemble predictions for 770 players using 3 model(s): Histogram Gradient Boosting, Random Forest, Neural Network (MLP)
2025-12-29 08:38:09,392 [INFO] fplmodel - Applied fixture multipliers; average EP now 1.92
2025-12-29 08:38:09,393 [INFO] fplmodel - Top 5 expected point predictions (ensemble): Harry Wilson (8.87); Lewis Cook (6.62); Kevin Santos Lopes de Macedo (6.56); Pedro Lomba Neto (6.22); Callum Hudson-Odoi (5.98)
2025-12-29 08:38:09,393 [INFO] fplmodel - Evaluating last finished gameweek residuals...
2025-12-29 08:38:09,515 [INFO] fplmodel - Evaluating last finished gameweek residuals completed in 0.12s
2025-12-29 08:38:09,515 [INFO] fplmodel - Residuals computed for 7369 players in GW 17
2025-12-29 08:38:09,515 [INFO] fplmodel - Selecting best XI from 770 candidates
2025-12-29 08:38:09,515 [INFO] fplmodel - Optimising best XI selection...
2025-12-29 08:38:10,383 [INFO] fplmodel - Optimising best XI selection completed in 0.87s
2025-12-29 08:38:10,383 [INFO] fplmodel - Selected squad: total cost 86.8M | starting cost 62.4M | bench cost 24.4M
2025-12-29 08:38:10,383 [INFO] fplmodel - Projected points: XI 64.57 | Captain included 73.44 | Bench 18.26
2025-12-29 08:38:10,384 [INFO] fplmodel - Captain: Harry Wilson
2025-12-29 08:38:10,384 [INFO] fplmodel - XI | John Victor Maciel Furtado (Nott'm Forest) - 4.26 pts | 4.0M
2025-12-29 08:38:10,384 [INFO] fplmodel - XI | Malo Gusto (Chelsea) - 5.50 pts | 5.0M
2025-12-29 08:38:10,384 [INFO] fplmodel - XI | Matheus Nunes (Man City) - 5.24 pts | 5.4M
2025-12-29 08:38:10,384 [INFO] fplmodel - XI | Keane Lewis-Potter (Brentford) - 5.18 pts | 4.9M
2025-12-29 08:38:10,384 [INFO] fplmodel - XI | Calvin Bassey (Fulham) - 4.91 pts | 4.5M
2025-12-29 08:38:10,384 [INFO] fplmodel - XI | Harry Wilson (Fulham) - 8.87 pts | 5.8M
2025-12-29 08:38:10,384 [INFO] fplmodel - XI | Lewis Cook (Bournemouth) - 6.62 pts | 4.9M
2025-12-29 08:38:10,384 [INFO] fplmodel - XI | Kevin Santos Lopes de Macedo (Fulham) - 6.56 pts | 5.8M
2025-12-29 08:38:10,384 [INFO] fplmodel - XI | Pedro Lomba Neto (Chelsea) - 6.22 pts | 7.3M
2025-12-29 08:38:10,384 [INFO] fplmodel - XI | Callum Hudson-Odoi (Nott'm Forest) - 5.98 pts | 5.7M
2025-12-29 08:38:10,384 [INFO] fplmodel - XI | Hugo Ekitiké (Liverpool) - 5.21 pts | 9.1M
2025-12-29 08:38:10,384 [INFO] fplmodel - Bench 1 | Eddie Nketiah (Crystal Palace) - 4.75 pts
2025-12-29 08:38:10,384 [INFO] fplmodel - Bench 2 | William Saliba (Arsenal) - 4.71 pts
2025-12-29 08:38:10,384 [INFO] fplmodel - Bench 3 | Nick Woltemade (Newcastle) - 4.58 pts
2025-12-29 08:38:10,384 [INFO] fplmodel - Bench 4 | Gianluigi Donnarumma (Man City) - 4.21 pts
2025-12-29 08:38:10,390 [INFO] fplmodel - Predictions saved to /Users/kyle/Documents/FPL-Prediction/outputs/predictions_gw18.csv
2025-12-29 08:38:10,391 [INFO] fplmodel - Starting XI saved to /Users/kyle/Documents/FPL-Prediction/outputs/starting_xi_gw18.csv
2025-12-29 08:38:10,391 [INFO] fplmodel - Bench saved to /Users/kyle/Documents/FPL-Prediction/outputs/bench_gw18.csv
2025-12-29 08:38:10,392 [INFO] fplmodel - Best XI JSON saved to /Users/kyle/Documents/FPL-Prediction/outputs/best_xi_gw18.json
2025-12-29 08:38:10,392 [INFO] fplmodel - Rendering best XI graphic...
2025-12-29 08:38:10,534 [INFO] fplmodel - Rendering best XI graphic completed in 0.14s
2025-12-29 08:38:10,534 [INFO] fplmodel - Best XI graphic generated at /Users/kyle/Documents/FPL-Prediction/outputs/best_xi_gw18.png
2025-12-29 08:38:10,543 [INFO] fplmodel - Residuals saved to /Users/kyle/Documents/FPL-Prediction/outputs/residuals_gw17.csv
2025-12-29 08:38:10,543 [INFO] fplmodel - Pipeline complete for GW 18
