2026-04-08 08:49:30,680 [INFO] fplmodel - Logging initialised. Writing to /Users/kyle/Documents/FPL-Prediction/logs/run_20260408_084930.log
2026-04-08 08:49:30,680 [INFO] fplmodel - Starting pipeline run (force_refetch=False)
2026-04-08 08:49:30,680 [INFO] fplmodel - Fetching bootstrap static data...
2026-04-08 08:49:30,700 [INFO] fplmodel - Fetching bootstrap static data completed in 0.02s
2026-04-08 08:49:30,700 [INFO] fplmodel - Fetching fixtures data...
2026-04-08 08:49:30,737 [INFO] fplmodel - Fetching fixtures data completed in 0.04s
2026-04-08 08:49:30,737 [INFO] fplmodel - Normalising bootstrap data...
2026-04-08 08:49:30,748 [INFO] fplmodel - Normalising bootstrap data completed in 0.01s
2026-04-08 08:49:30,748 [INFO] fplmodel - Loaded normalised frames: 825 elements, 20 teams, 38 events
2026-04-08 08:49:30,748 [INFO] fplmodel - Gameweek override applied -> next_gw=29 | last_finished_gw=28
2026-04-08 08:49:30,748 [INFO] fplmodel - Next gameweek: 29 | Last finished gameweek: 28
2026-04-08 08:49:30,748 [INFO] fplmodel - Renaming log file to highlight gameweek 29
2026-04-08 08:49:30,749 [INFO] fplmodel - Log file renamed to /Users/kyle/Documents/FPL-Prediction/logs/run_gw29_20260408_084930.log
2026-04-08 08:49:30,749 [INFO] fplmodel - Fetching player histories for 825 players (force_refetch=False)...
2026-04-08 08:49:32,322 [INFO] fplmodel - Fetching player histories for 825 players (force_refetch=False) completed in 1.57s
2026-04-08 08:49:32,323 [INFO] fplmodel - Loading 825 player history files from /Users/kyle/Documents/FPL-Prediction/data/raw
2026-04-08 08:49:32,323 [INFO] fplmodel - Collating player history JSON into dataframe...
2026-04-08 08:49:33,029 [INFO] fplmodel - Collating player history JSON into dataframe completed in 0.71s
2026-04-08 08:49:33,805 [INFO] fplmodel - Built player histories dataframe with 142974 rows
2026-04-08 08:49:33,805 [INFO] fplmodel - Loading external history data...
2026-04-08 08:49:34,570 [INFO] fplmodel - Loading external history data completed in 0.77s
2026-04-08 08:49:34,608 [INFO] fplmodel - Loaded 133310 external history rows for seasons 2020-21, 2021-22, 2022-23, 2023-24, 2024-25
2026-04-08 08:49:34,751 [INFO] fplmodel - Combined history dataset now has 263662 rows
2026-04-08 08:49:34,752 [INFO] fplmodel - Building training and prediction feature frames...
2026-04-08 08:49:39,426 [INFO] fplmodel - Building training and prediction feature frames completed in 4.67s
2026-04-08 08:49:39,426 [INFO] fplmodel - Prepared features: X_train=(209805, 156), y_train=209805, X_pred=(825, 163)
2026-04-08 08:49:39,433 [INFO] fplmodel - Training models with 156 features
2026-04-08 08:49:39,433 [INFO] fplmodel - Training feature columns: total_points_ma5, minutes_ma5, goals_scored_ma5, assists_ma5, clean_sheets_ma5, influence_ma5, creativity_ma5, threat_ma5, ict_index_ma5, goals_conceded_ma5, own_goals_ma5, penalties_saved_ma5, penalties_missed_ma5, yellow_cards_ma5, red_cards_ma5, saves_ma5, bonus_ma5, bps_ma5, clearances_blocks_interceptions_ma5, recoveries_ma5, tackles_ma5, defensive_contribution_ma5, starts_ma5, expected_goals_ma5, expected_assists_ma5, expected_goal_involvements_ma5, expected_goals_conceded_ma5, value_ma5, transfers_balance_ma5, selected_ma5, transfers_in_ma5, transfers_out_ma5, attacking_returns_ma5, finishing_plus_minus_ma5, finishing_ratio_ma5, creation_plus_minus_ma5, creation_ratio_ma5, xgi_plus_minus_ma5, minutes_share_ma5, points_per_90_ma5, tackles_plus_interceptions_ma5, defensive_actions_ma5, total_points_lag1, minutes_lag1, goals_scored_lag1, assists_lag1, clean_sheets_lag1, influence_lag1, creativity_lag1, threat_lag1, ict_index_lag1, goals_conceded_lag1, own_goals_lag1, penalties_saved_lag1, penalties_missed_lag1, yellow_cards_lag1, red_cards_lag1, saves_lag1, bonus_lag1, bps_lag1, clearances_blocks_interceptions_lag1, recoveries_lag1, tackles_lag1, defensive_contribution_lag1, starts_lag1, expected_goals_lag1, expected_assists_lag1, expected_goal_involvements_lag1, expected_goals_conceded_lag1, value_lag1, transfers_balance_lag1, selected_lag1, transfers_in_lag1, transfers_out_lag1, attacking_returns_lag1, finishing_plus_minus_lag1, finishing_ratio_lag1, creation_plus_minus_lag1, creation_ratio_lag1, xgi_plus_minus_lag1, minutes_share_lag1, points_per_90_lag1, tackles_plus_interceptions_lag1, defensive_actions_lag1, team_goals_for_ma5, team_goals_against_ma5, team_goal_diff_ma5, team_clean_sheet_ma5, team_conceded_two_plus_ma5, team_match_points_ma5, opp_team_goals_for_ma5, opp_team_goals_against_ma5, opp_team_goal_diff_ma5, opp_team_clean_sheet_ma5, opp_team_conceded_two_plus_ma5, opp_team_match_points_ma5, was_home, team_strength_overall, team_strength_home, team_strength_away, team_attack_home, team_attack_away, team_def_home, team_def_away, team_form_rating, team_points_table, team_league_position, team_matches_played, team_wins, team_draws, team_losses, opp_strength_overall, opp_strength_home, opp_strength_away, opp_attack_home, opp_attack_away, opp_def_home, opp_def_away, opp_form_rating, opp_points_table, opp_league_position, opp_matches_played, opp_wins, opp_draws, opp_losses, form, points_per_game, value_form, value_season, selected_by_percent, expected_goals_per_90, expected_assists_per_90, expected_goal_involvements_per_90, expected_goals_conceded_per_90, goals_conceded_per_90, saves_per_90, starts_per_90, clean_sheets_per_90, defensive_contribution_per_90, availability_this_round, availability_next_round, status_availability, status_injury_flag, injury_risk_flag, corners_and_indirect_freekicks_order, direct_freekicks_order, penalties_order, has_corners_duty, primary_corners_taker, has_direct_fk_duty, primary_direct_fk_taker, has_penalty_duty, primary_penalty_taker, set_piece_duty_score, player_bias, pos_bias
2026-04-08 08:49:39,433 [INFO] fplmodel - Training prediction models...
2026-04-08 08:49:39,740 [INFO] fplmodel.model - Season sample weights applied: 2020-21: 0.25, 2021-22: 0.25, 2022-23: 0.34, 2023-24: 0.49, 2024-25: 0.70, 2025-26: 1.00
2026-04-08 08:49:39,741 [INFO] fplmodel.model - Using TimeSeriesSplit with 3 folds for hyperparameter tuning.
2026-04-08 08:51:06,743 [INFO] fplmodel.model - Best classifier[hist_gbdt] params from tuning: {'est__min_samples_leaf': 20, 'est__max_iter': 350, 'est__max_depth': 4, 'est__learning_rate': 0.04, 'est__l2_regularization': 0.1} (score=1.0000)
2026-04-08 08:53:02,513 [INFO] fplmodel.model - Best regressor[hist_gbdt] params from tuning: {'est__min_samples_leaf': 40, 'est__max_iter': 400, 'est__max_depth': None, 'est__learning_rate': 0.08, 'est__l2_regularization': 0.05} (score=-0.9206)
2026-04-08 08:53:02,514 [INFO] fplmodel.model - Candidate Histogram Gradient Boosting | classifier=1.0000 ± 0.0000 ↑ | regressor=0.9206 ± 0.0374 ↓
2026-04-08 08:57:14,844 [INFO] fplmodel.model - Best classifier[random_forest] params from tuning: {'est__n_estimators': 200, 'est__min_samples_split': 6, 'est__min_samples_leaf': 4, 'est__max_features': 'sqrt', 'est__max_depth': None} (score=1.0000)
2026-04-08 09:39:33,339 [INFO] fplmodel.model - Best regressor[random_forest] params from tuning: {'est__n_estimators': 600, 'est__min_samples_split': 6, 'est__min_samples_leaf': 4, 'est__max_features': 0.7, 'est__max_depth': 20} (score=-0.9000)
2026-04-08 09:39:33,341 [INFO] fplmodel.model - Candidate Random Forest | classifier=1.0000 ± 0.0000 ↑ | regressor=0.9000 ± 0.0439 ↓
2026-04-08 09:42:06,913 [INFO] fplmodel.model - Best classifier[neural_network] params from tuning: {'est__learning_rate_init': 0.001, 'est__hidden_layer_sizes': (256, 128), 'est__beta_1': 0.9, 'est__alpha': 0.0001} (score=0.9991)
2026-04-08 09:43:43,375 [INFO] fplmodel.model - Best regressor[neural_network] params from tuning: {'est__learning_rate_init': 0.003, 'est__hidden_layer_sizes': (128, 64), 'est__beta_1': 0.9, 'est__alpha': 0.0001} (score=-0.9361)
2026-04-08 09:43:43,377 [INFO] fplmodel.model - Candidate Neural Network (MLP) | classifier=0.9991 ± 0.0005 ↑ | regressor=0.9361 ± 0.0868 ↓
2026-04-08 09:43:43,379 [INFO] fplmodel.model - Saved model selection summary to /Users/kyle/Documents/FPL-Prediction/models/model_selection_summary.csv
2026-04-08 09:43:43,379 [INFO] fplmodel.model - Selected classifier model: Histogram Gradient Boosting (balanced_accuracy=1.0000 ± 0.0000 ↑)
2026-04-08 09:43:43,379 [INFO] fplmodel.model - Selected regressor model: Random Forest (MAE=0.9000 ± 0.0439 ↓)
2026-04-08 09:49:51,417 [INFO] fplmodel.model - Classifier (histogram gradient boosting) feature selector dropped 35 column(s): availability_next_round, bps_lag1, bps_ma5, creation_plus_minus_lag1, creation_plus_minus_ma5, defensive_actions_lag1, defensive_actions_ma5, expected_goal_involvements_lag1, expected_goal_involvements_ma5, expected_goal_involvements_per_90, ... (+25 more)
2026-04-08 09:49:51,417 [INFO] fplmodel.model - Regressor (random forest) feature selector dropped 35 column(s): availability_next_round, bps_lag1, bps_ma5, creation_plus_minus_lag1, creation_plus_minus_ma5, defensive_actions_lag1, defensive_actions_ma5, expected_goal_involvements_lag1, expected_goal_involvements_ma5, expected_goal_involvements_per_90, ... (+25 more)
2026-04-08 09:49:51,417 [INFO] fplmodel.model - Final model selection: classifier=Histogram Gradient Boosting | regressor=Random Forest
2026-04-08 09:49:51,630 [INFO] fplmodel - Training prediction models completed in 3612.18s
2026-04-08 09:49:51,667 [INFO] fplmodel - Top feature weights for regressor: total_points_lag1: 0.3807, recoveries_lag1: 0.0814, total_points_ma5: 0.0763, points_per_90_lag1: 0.0469, defensive_contribution_lag1: 0.0336, bonus_lag1: 0.0251, player_bias: 0.0160, team_conceded_two_plus_ma5: 0.0137, selected_lag1: 0.0109, team_clean_sheet_ma5: 0.0097, team_match_points_ma5: 0.0083, selected_ma5: 0.0081, value_ma5: 0.0077, bonus_ma5: 0.0077, defensive_contribution_ma5: 0.0076
2026-04-08 09:49:51,667 [INFO] fplmodel - Estimator HistGradientBoostingClassifier for classifier does not expose feature_importances_; skipping logging.
2026-04-08 09:49:51,667 [INFO] fplmodel - Model training complete; fitted 3 candidate pair(s).
2026-04-08 09:49:51,667 [INFO] fplmodel - Generating next gameweek predictions...
2026-04-08 09:49:51,802 [INFO] fplmodel - Generating next gameweek predictions completed in 0.13s
2026-04-08 09:49:51,803 [INFO] fplmodel - Generated ensemble predictions for 825 players using 3 model(s): Histogram Gradient Boosting, Random Forest, Neural Network (MLP)
2026-04-08 09:49:51,805 [INFO] fplmodel - Applied fixture multipliers; average EP now 1.80
2026-04-08 09:49:51,806 [INFO] fplmodel - Top 5 expected point predictions (ensemble): Jaidon Anthony (6.40); Jake O'Brien (6.36); Bukayo Saka (6.26); Alisson Becker (6.18); Ryan Sessegnon (6.02)
2026-04-08 09:49:51,806 [INFO] fplmodel - Evaluating last finished gameweek residuals...
2026-04-08 09:49:51,954 [INFO] fplmodel - Evaluating last finished gameweek residuals completed in 0.15s
2026-04-08 09:49:51,954 [INFO] fplmodel - Residuals computed for 8504 players in GW 28
2026-04-08 09:49:51,954 [INFO] fplmodel - Selecting best XI from 825 candidates
2026-04-08 09:49:51,954 [INFO] fplmodel - Optimising best XI selection...
2026-04-08 09:49:52,931 [INFO] fplmodel - Optimising best XI selection completed in 0.98s
2026-04-08 09:49:52,931 [INFO] fplmodel - Selected squad: total cost 81.5M | starting cost 62.3M | bench cost 19.2M
2026-04-08 09:49:52,931 [INFO] fplmodel - Projected points: XI 62.54 | Captain included 68.94 | Bench 16.85
2026-04-08 09:49:52,932 [INFO] fplmodel - Captain: Jaidon Anthony
2026-04-08 09:49:52,932 [INFO] fplmodel - XI | Alisson Becker (Liverpool) - 6.18 pts | 5.4M
2026-04-08 09:49:52,932 [INFO] fplmodel - XI | Jake O'Brien (Everton) - 6.36 pts | 4.9M
2026-04-08 09:49:52,932 [INFO] fplmodel - XI | Josh Acheampong (Chelsea) - 5.40 pts | 3.7M
2026-04-08 09:49:52,932 [INFO] fplmodel - XI | William Saliba (Arsenal) - 5.29 pts | 6.1M
2026-04-08 09:49:52,932 [INFO] fplmodel - XI | Virgil van Dijk (Liverpool) - 4.80 pts | 6.3M
2026-04-08 09:49:52,932 [INFO] fplmodel - XI | Jaidon Anthony (Burnley) - 6.40 pts | 5.0M
2026-04-08 09:49:52,932 [INFO] fplmodel - XI | Bukayo Saka (Arsenal) - 6.26 pts | 9.8M
2026-04-08 09:49:52,932 [INFO] fplmodel - XI | Ryan Sessegnon (Fulham) - 6.02 pts | 5.4M
2026-04-08 09:49:52,932 [INFO] fplmodel - XI | Jacob Bruun Larsen (Burnley) - 4.88 pts | 5.2M
2026-04-08 09:49:52,932 [INFO] fplmodel - XI | Valentín Castellanos (West Ham) - 5.52 pts | 5.5M
2026-04-08 09:49:52,932 [INFO] fplmodel - XI | Lukas Nmecha (Leeds) - 5.43 pts | 5.0M
2026-04-08 09:49:52,932 [INFO] fplmodel - Bench 1 | Alexis Mac Allister (Liverpool) - 4.60 pts
2026-04-08 09:49:52,932 [INFO] fplmodel - Bench 2 | Nico O'Reilly (Man City) - 4.47 pts
2026-04-08 09:49:52,932 [INFO] fplmodel - Bench 3 | Marc Guiu Paz (Chelsea) - 4.15 pts
2026-04-08 09:49:52,932 [INFO] fplmodel - Bench 4 | Karl Darlow (Leeds) - 3.63 pts
2026-04-08 09:49:52,938 [INFO] fplmodel - Predictions saved to /Users/kyle/Documents/FPL-Prediction/outputs/predictions_gw29.csv
2026-04-08 09:49:52,939 [INFO] fplmodel - Starting XI saved to /Users/kyle/Documents/FPL-Prediction/outputs/starting_xi_gw29.csv
2026-04-08 09:49:52,939 [INFO] fplmodel - Bench saved to /Users/kyle/Documents/FPL-Prediction/outputs/bench_gw29.csv
2026-04-08 09:49:52,940 [INFO] fplmodel - Best XI JSON saved to /Users/kyle/Documents/FPL-Prediction/outputs/best_xi_gw29.json
2026-04-08 09:49:52,940 [INFO] fplmodel - Rendering best XI graphic...
2026-04-08 09:49:53,081 [INFO] fplmodel - Rendering best XI graphic completed in 0.14s
2026-04-08 09:49:53,081 [INFO] fplmodel - Best XI graphic generated at /Users/kyle/Documents/FPL-Prediction/outputs/best_xi_gw29.png
2026-04-08 09:49:53,092 [INFO] fplmodel - Residuals saved to /Users/kyle/Documents/FPL-Prediction/outputs/residuals_gw28.csv
2026-04-08 09:49:53,093 [INFO] fplmodel - Pipeline complete for GW 29
