2026-02-24 08:58:41,036 [INFO] fplmodel - Logging initialised. Writing to /Users/kyle/Documents/FPL-Prediction/logs/run_20260224_085841.log
2026-02-24 08:58:41,036 [INFO] fplmodel - Starting pipeline run (force_refetch=True)
2026-02-24 08:58:41,036 [INFO] fplmodel - Fetching bootstrap static data...
2026-02-24 08:58:41,799 [INFO] fplmodel - Fetching bootstrap static data completed in 0.76s
2026-02-24 08:58:41,799 [INFO] fplmodel - Fetching fixtures data...
2026-02-24 08:58:42,128 [INFO] fplmodel - Fetching fixtures data completed in 0.33s
2026-02-24 08:58:42,128 [INFO] fplmodel - Normalising bootstrap data...
2026-02-24 08:58:42,139 [INFO] fplmodel - Normalising bootstrap data completed in 0.01s
2026-02-24 08:58:42,139 [INFO] fplmodel - Loaded normalised frames: 818 elements, 20 teams, 38 events
2026-02-24 08:58:42,140 [INFO] fplmodel - Gameweek override applied -> next_gw=26 | last_finished_gw=25
2026-02-24 08:58:42,140 [INFO] fplmodel - Next gameweek: 26 | Last finished gameweek: 25
2026-02-24 08:58:42,140 [INFO] fplmodel - Renaming log file to highlight gameweek 26
2026-02-24 08:58:42,140 [INFO] fplmodel - Log file renamed to /Users/kyle/Documents/FPL-Prediction/logs/run_gw26_20260224_085841.log
2026-02-24 08:58:42,140 [INFO] fplmodel - Fetching player histories for 818 players (force_refetch=True)...
2026-02-24 09:24:17,488 [INFO] fplmodel - Fetching player histories for 818 players (force_refetch=True) completed in 1535.36s
2026-02-24 09:24:17,491 [INFO] fplmodel - Loading 818 player history files from /Users/kyle/Documents/FPL-Prediction/data/raw
2026-02-24 09:24:17,491 [INFO] fplmodel - Collating player history JSON into dataframe...
2026-02-24 09:24:18,316 [INFO] fplmodel - Collating player history JSON into dataframe completed in 0.82s
2026-02-24 09:24:18,985 [INFO] fplmodel - Built player histories dataframe with 124206 rows
2026-02-24 09:24:18,985 [INFO] fplmodel - Loading external history data...
2026-02-24 09:24:19,746 [INFO] fplmodel - Loading external history data completed in 0.76s
2026-02-24 09:24:19,788 [INFO] fplmodel - Loaded 133213 external history rows for seasons 2020-21, 2021-22, 2022-23, 2023-24, 2024-25
2026-02-24 09:24:19,908 [INFO] fplmodel - Combined history dataset now has 246182 rows
2026-02-24 09:24:19,909 [INFO] fplmodel - Building training and prediction feature frames...
2026-02-24 09:24:24,462 [INFO] fplmodel - Building training and prediction feature frames completed in 4.55s
2026-02-24 09:24:24,463 [INFO] fplmodel - Prepared features: X_train=(183611, 156), y_train=183611, X_pred=(818, 163)
2026-02-24 09:24:24,468 [INFO] fplmodel - Training models with 156 features
2026-02-24 09:24:24,468 [INFO] fplmodel - Training feature columns: total_points_ma5, minutes_ma5, goals_scored_ma5, assists_ma5, clean_sheets_ma5, influence_ma5, creativity_ma5, threat_ma5, ict_index_ma5, goals_conceded_ma5, own_goals_ma5, penalties_saved_ma5, penalties_missed_ma5, yellow_cards_ma5, red_cards_ma5, saves_ma5, bonus_ma5, bps_ma5, clearances_blocks_interceptions_ma5, recoveries_ma5, tackles_ma5, defensive_contribution_ma5, starts_ma5, expected_goals_ma5, expected_assists_ma5, expected_goal_involvements_ma5, expected_goals_conceded_ma5, value_ma5, transfers_balance_ma5, selected_ma5, transfers_in_ma5, transfers_out_ma5, attacking_returns_ma5, finishing_plus_minus_ma5, finishing_ratio_ma5, creation_plus_minus_ma5, creation_ratio_ma5, xgi_plus_minus_ma5, minutes_share_ma5, points_per_90_ma5, tackles_plus_interceptions_ma5, defensive_actions_ma5, total_points_lag1, minutes_lag1, goals_scored_lag1, assists_lag1, clean_sheets_lag1, influence_lag1, creativity_lag1, threat_lag1, ict_index_lag1, goals_conceded_lag1, own_goals_lag1, penalties_saved_lag1, penalties_missed_lag1, yellow_cards_lag1, red_cards_lag1, saves_lag1, bonus_lag1, bps_lag1, clearances_blocks_interceptions_lag1, recoveries_lag1, tackles_lag1, defensive_contribution_lag1, starts_lag1, expected_goals_lag1, expected_assists_lag1, expected_goal_involvements_lag1, expected_goals_conceded_lag1, value_lag1, transfers_balance_lag1, selected_lag1, transfers_in_lag1, transfers_out_lag1, attacking_returns_lag1, finishing_plus_minus_lag1, finishing_ratio_lag1, creation_plus_minus_lag1, creation_ratio_lag1, xgi_plus_minus_lag1, minutes_share_lag1, points_per_90_lag1, tackles_plus_interceptions_lag1, defensive_actions_lag1, team_goals_for_ma5, team_goals_against_ma5, team_goal_diff_ma5, team_clean_sheet_ma5, team_conceded_two_plus_ma5, team_match_points_ma5, opp_team_goals_for_ma5, opp_team_goals_against_ma5, opp_team_goal_diff_ma5, opp_team_clean_sheet_ma5, opp_team_conceded_two_plus_ma5, opp_team_match_points_ma5, was_home, team_strength_overall, team_strength_home, team_strength_away, team_attack_home, team_attack_away, team_def_home, team_def_away, team_form_rating, team_points_table, team_league_position, team_matches_played, team_wins, team_draws, team_losses, opp_strength_overall, opp_strength_home, opp_strength_away, opp_attack_home, opp_attack_away, opp_def_home, opp_def_away, opp_form_rating, opp_points_table, opp_league_position, opp_matches_played, opp_wins, opp_draws, opp_losses, form, points_per_game, value_form, value_season, selected_by_percent, expected_goals_per_90, expected_assists_per_90, expected_goal_involvements_per_90, expected_goals_conceded_per_90, goals_conceded_per_90, saves_per_90, starts_per_90, clean_sheets_per_90, defensive_contribution_per_90, availability_this_round, availability_next_round, status_availability, status_injury_flag, injury_risk_flag, corners_and_indirect_freekicks_order, direct_freekicks_order, penalties_order, has_corners_duty, primary_corners_taker, has_direct_fk_duty, primary_direct_fk_taker, has_penalty_duty, primary_penalty_taker, set_piece_duty_score, player_bias, pos_bias
2026-02-24 09:24:24,469 [INFO] fplmodel - Training prediction models...
2026-02-24 09:24:24,727 [INFO] fplmodel.model - Season sample weights applied: 2020-21: 0.25, 2021-22: 0.25, 2022-23: 0.34, 2023-24: 0.49, 2024-25: 0.70, 2025-26: 1.00
2026-02-24 09:24:24,727 [INFO] fplmodel.model - Using TimeSeriesSplit with 3 folds for hyperparameter tuning.
2026-02-24 09:25:40,189 [INFO] fplmodel.model - Best classifier[hist_gbdt] params from tuning: {'est__min_samples_leaf': 20, 'est__max_iter': 350, 'est__max_depth': 4, 'est__learning_rate': 0.04, 'est__l2_regularization': 0.1} (score=1.0000)
2026-02-24 09:27:16,271 [INFO] fplmodel.model - Best regressor[hist_gbdt] params from tuning: {'est__min_samples_leaf': 30, 'est__max_iter': 250, 'est__max_depth': None, 'est__learning_rate': 0.06, 'est__l2_regularization': 0.05} (score=-0.9249)
2026-02-24 09:27:16,271 [INFO] fplmodel.model - Candidate Histogram Gradient Boosting | classifier=1.0000 ± 0.0000 ↑ | regressor=0.9249 ± 0.0374 ↓
2026-02-24 09:30:53,249 [INFO] fplmodel.model - Best classifier[random_forest] params from tuning: {'est__n_estimators': 200, 'est__min_samples_split': 6, 'est__min_samples_leaf': 4, 'est__max_features': 'sqrt', 'est__max_depth': None} (score=1.0000)
2026-02-24 10:07:44,426 [INFO] fplmodel.model - Best regressor[random_forest] params from tuning: {'est__n_estimators': 600, 'est__min_samples_split': 6, 'est__min_samples_leaf': 4, 'est__max_features': 0.7, 'est__max_depth': 20} (score=-0.9023)
2026-02-24 10:07:44,428 [INFO] fplmodel.model - Candidate Random Forest | classifier=1.0000 ± 0.0000 ↑ | regressor=0.9023 ± 0.0470 ↓
2026-02-24 10:09:43,872 [INFO] fplmodel.model - Best classifier[neural_network] params from tuning: {'est__learning_rate_init': 0.003, 'est__hidden_layer_sizes': (256, 128), 'est__beta_1': 0.85, 'est__alpha': 0.0005} (score=0.9991)
2026-02-24 10:11:16,986 [INFO] fplmodel.model - Best regressor[neural_network] params from tuning: {'est__learning_rate_init': 0.003, 'est__hidden_layer_sizes': (256, 128), 'est__beta_1': 0.95, 'est__alpha': 0.0005} (score=-0.9462)
2026-02-24 10:11:16,987 [INFO] fplmodel.model - Candidate Neural Network (MLP) | classifier=0.9991 ± 0.0002 ↑ | regressor=0.9462 ± 0.0889 ↓
2026-02-24 10:11:16,990 [INFO] fplmodel.model - Saved model selection summary to /Users/kyle/Documents/FPL-Prediction/models/model_selection_summary.csv
2026-02-24 10:11:16,990 [INFO] fplmodel.model - Selected classifier model: Histogram Gradient Boosting (balanced_accuracy=1.0000 ± 0.0000 ↑)
2026-02-24 10:11:16,990 [INFO] fplmodel.model - Selected regressor model: Random Forest (MAE=0.9023 ± 0.0470 ↓)
2026-02-24 10:17:08,589 [INFO] fplmodel.model - Classifier (histogram gradient boosting) feature selector dropped 36 column(s): availability_next_round, bps_lag1, bps_ma5, creation_plus_minus_lag1, creation_plus_minus_ma5, defensive_actions_lag1, defensive_actions_ma5, expected_goal_involvements_lag1, expected_goal_involvements_ma5, expected_goal_involvements_per_90, ... (+26 more)
2026-02-24 10:17:08,589 [INFO] fplmodel.model - Regressor (random forest) feature selector dropped 36 column(s): availability_next_round, bps_lag1, bps_ma5, creation_plus_minus_lag1, creation_plus_minus_ma5, defensive_actions_lag1, defensive_actions_ma5, expected_goal_involvements_lag1, expected_goal_involvements_ma5, expected_goal_involvements_per_90, ... (+26 more)
2026-02-24 10:17:08,589 [INFO] fplmodel.model - Final model selection: classifier=Histogram Gradient Boosting | regressor=Random Forest
2026-02-24 10:17:08,869 [INFO] fplmodel - Training prediction models completed in 3164.39s
2026-02-24 10:17:08,907 [INFO] fplmodel - Top feature weights for regressor: total_points_lag1: 0.3787, total_points_ma5: 0.0824, recoveries_lag1: 0.0791, points_per_90_lag1: 0.0459, defensive_contribution_lag1: 0.0323, bonus_lag1: 0.0251, player_bias: 0.0160, team_conceded_two_plus_ma5: 0.0140, selected_lag1: 0.0107, team_clean_sheet_ma5: 0.0096, selected_ma5: 0.0081, team_match_points_ma5: 0.0080, defensive_contribution_ma5: 0.0077, transfers_out_lag1: 0.0077, value_ma5: 0.0077
2026-02-24 10:17:08,907 [INFO] fplmodel - Estimator HistGradientBoostingClassifier for classifier does not expose feature_importances_; skipping logging.
2026-02-24 10:17:08,907 [INFO] fplmodel - Model training complete; fitted 3 candidate pair(s).
2026-02-24 10:17:08,907 [INFO] fplmodel - Generating next gameweek predictions...
2026-02-24 10:17:09,089 [INFO] fplmodel - Generating next gameweek predictions completed in 0.18s
2026-02-24 10:17:09,090 [INFO] fplmodel - Generated ensemble predictions for 818 players using 3 model(s): Histogram Gradient Boosting, Random Forest, Neural Network (MLP)
2026-02-24 10:17:09,092 [INFO] fplmodel - Applied fixture multipliers; average EP now 2.03
2026-02-24 10:17:09,093 [INFO] fplmodel - Top 5 expected point predictions (ensemble): Gabriel Martinelli Silva (16.92); Mateus Mané (13.38); William Saliba (11.31); Myles Lewis-Skelly (8.04); Ryan Sessegnon (7.61)
2026-02-24 10:17:09,093 [INFO] fplmodel - Evaluating last finished gameweek residuals...
2026-02-24 10:17:09,230 [INFO] fplmodel - Evaluating last finished gameweek residuals completed in 0.14s
2026-02-24 10:17:09,230 [INFO] fplmodel - Residuals computed for 8364 players in GW 25
2026-02-24 10:17:09,230 [INFO] fplmodel - Selecting best XI from 818 candidates
2026-02-24 10:17:09,230 [INFO] fplmodel - Optimising best XI selection...
2026-02-24 10:17:10,347 [INFO] fplmodel - Optimising best XI selection completed in 1.12s
2026-02-24 10:17:10,347 [INFO] fplmodel - Selected squad: total cost 81.1M | starting cost 63.0M | bench cost 18.1M
2026-02-24 10:17:10,348 [INFO] fplmodel - Projected points: XI 87.12 | Captain included 104.04 | Bench 16.69
2026-02-24 10:17:10,348 [INFO] fplmodel - Captain: Gabriel Martinelli Silva
2026-02-24 10:17:10,348 [INFO] fplmodel - XI | Gianluigi Donnarumma (Man City) - 4.51 pts | 5.6M
2026-02-24 10:17:10,348 [INFO] fplmodel - XI | William Saliba (Arsenal) - 11.31 pts | 6.1M
2026-02-24 10:17:10,348 [INFO] fplmodel - XI | Myles Lewis-Skelly (Arsenal) - 8.04 pts | 5.1M
2026-02-24 10:17:10,348 [INFO] fplmodel - XI | Oleksandr Zinchenko (Nott'm Forest) - 4.23 pts | 4.9M
2026-02-24 10:17:10,348 [INFO] fplmodel - XI | Gabriel Martinelli Silva (Arsenal) - 16.92 pts | 6.8M
2026-02-24 10:17:10,348 [INFO] fplmodel - XI | Ryan Sessegnon (Fulham) - 7.61 pts | 5.4M
2026-02-24 10:17:10,348 [INFO] fplmodel - XI | Antoine Semenyo (Man City) - 5.42 pts | 8.0M
2026-02-24 10:17:10,348 [INFO] fplmodel - XI | Hwang Hee-chan (Wolves) - 5.12 pts | 5.6M
2026-02-24 10:17:10,348 [INFO] fplmodel - XI | Mason Mount (Man Utd) - 4.87 pts | 5.9M
2026-02-24 10:17:10,348 [INFO] fplmodel - XI | Mateus Mané (Wolves) - 13.38 pts | 4.6M
2026-02-24 10:17:10,348 [INFO] fplmodel - XI | Norberto Bercique Gomes Betuncal (Everton) - 5.71 pts | 5.0M
2026-02-24 10:17:10,348 [INFO] fplmodel - Bench 1 | Adam Armstrong (Wolves) - 4.41 pts
2026-02-24 10:17:10,348 [INFO] fplmodel - Bench 2 | Nico O'Reilly (Man City) - 4.19 pts
2026-02-24 10:17:10,348 [INFO] fplmodel - Bench 3 | Josh Acheampong (Chelsea) - 4.18 pts
2026-02-24 10:17:10,348 [INFO] fplmodel - Bench 4 | John Ruddy (Newcastle) - 3.92 pts
2026-02-24 10:17:10,355 [INFO] fplmodel - Predictions saved to /Users/kyle/Documents/FPL-Prediction/outputs/predictions_gw26.csv
2026-02-24 10:17:10,356 [INFO] fplmodel - Starting XI saved to /Users/kyle/Documents/FPL-Prediction/outputs/starting_xi_gw26.csv
2026-02-24 10:17:10,356 [INFO] fplmodel - Bench saved to /Users/kyle/Documents/FPL-Prediction/outputs/bench_gw26.csv
2026-02-24 10:17:10,357 [INFO] fplmodel - Best XI JSON saved to /Users/kyle/Documents/FPL-Prediction/outputs/best_xi_gw26.json
2026-02-24 10:17:10,357 [INFO] fplmodel - Rendering best XI graphic...
2026-02-24 10:17:10,746 [INFO] fplmodel - Rendering best XI graphic completed in 0.39s
2026-02-24 10:17:10,746 [INFO] fplmodel - Best XI graphic generated at /Users/kyle/Documents/FPL-Prediction/outputs/best_xi_gw26.png
2026-02-24 10:17:10,756 [INFO] fplmodel - Residuals saved to /Users/kyle/Documents/FPL-Prediction/outputs/residuals_gw25.csv
2026-02-24 10:17:10,756 [INFO] fplmodel - Pipeline complete for GW 26
