2026-01-16 20:21:07,999 [INFO] fplmodel - Logging initialised. Writing to /Users/kyle/Documents/FPL-Prediction/logs/run_20260116_202107.log
2026-01-16 20:21:07,999 [INFO] fplmodel - Starting pipeline run (force_refetch=False)
2026-01-16 20:21:07,999 [INFO] fplmodel - Fetching bootstrap static data...
2026-01-16 20:21:08,018 [INFO] fplmodel - Fetching bootstrap static data completed in 0.02s
2026-01-16 20:21:08,018 [INFO] fplmodel - Fetching fixtures data...
2026-01-16 20:21:08,025 [INFO] fplmodel - Fetching fixtures data completed in 0.01s
2026-01-16 20:21:08,025 [INFO] fplmodel - Normalising bootstrap data...
2026-01-16 20:21:08,035 [INFO] fplmodel - Normalising bootstrap data completed in 0.01s
2026-01-16 20:21:08,035 [INFO] fplmodel - Loaded normalised frames: 796 elements, 20 teams, 38 events
2026-01-16 20:21:08,036 [INFO] fplmodel - Gameweek override applied -> next_gw=27 | last_finished_gw=26
2026-01-16 20:21:08,036 [INFO] fplmodel - Next gameweek: 27 | Last finished gameweek: 26
2026-01-16 20:21:08,036 [INFO] fplmodel - Renaming log file to highlight gameweek 27
2026-01-16 20:21:08,036 [INFO] fplmodel - Log file renamed to /Users/kyle/Documents/FPL-Prediction/logs/run_gw27_20260116_202107.log
2026-01-16 20:21:08,036 [INFO] fplmodel - Fetching player histories for 796 players (force_refetch=False)...
2026-01-16 20:21:09,185 [INFO] fplmodel - Fetching player histories for 796 players (force_refetch=False) completed in 1.15s
2026-01-16 20:21:09,187 [INFO] fplmodel - Loading 796 player history files from /Users/kyle/Documents/FPL-Prediction/data/raw
2026-01-16 20:21:09,187 [INFO] fplmodel - Collating player history JSON into dataframe...
2026-01-16 20:21:09,684 [INFO] fplmodel - Collating player history JSON into dataframe completed in 0.50s
2026-01-16 20:21:10,232 [INFO] fplmodel - Built player histories dataframe with 94560 rows
2026-01-16 20:21:10,232 [INFO] fplmodel - Loading external history data...
2026-01-16 20:21:11,028 [INFO] fplmodel - Loading external history data completed in 0.80s
2026-01-16 20:21:11,067 [INFO] fplmodel - Loaded 132829 external history rows for seasons 2020-21, 2021-22, 2022-23, 2023-24, 2024-25
2026-01-16 20:21:11,174 [INFO] fplmodel - Combined history dataset now has 218937 rows
2026-01-16 20:21:11,175 [INFO] fplmodel - Building training and prediction feature frames...
2026-01-16 20:21:15,425 [INFO] fplmodel - Building training and prediction feature frames completed in 4.25s
2026-01-16 20:21:15,425 [INFO] fplmodel - Prepared features: X_train=(170482, 156), y_train=170482, X_pred=(796, 163)
2026-01-16 20:21:15,430 [INFO] fplmodel - Training models with 156 features
2026-01-16 20:21:15,431 [INFO] fplmodel - Training feature columns: total_points_ma5, minutes_ma5, goals_scored_ma5, assists_ma5, clean_sheets_ma5, influence_ma5, creativity_ma5, threat_ma5, ict_index_ma5, goals_conceded_ma5, own_goals_ma5, penalties_saved_ma5, penalties_missed_ma5, yellow_cards_ma5, red_cards_ma5, saves_ma5, bonus_ma5, bps_ma5, clearances_blocks_interceptions_ma5, recoveries_ma5, tackles_ma5, defensive_contribution_ma5, starts_ma5, expected_goals_ma5, expected_assists_ma5, expected_goal_involvements_ma5, expected_goals_conceded_ma5, value_ma5, transfers_balance_ma5, selected_ma5, transfers_in_ma5, transfers_out_ma5, attacking_returns_ma5, finishing_plus_minus_ma5, finishing_ratio_ma5, creation_plus_minus_ma5, creation_ratio_ma5, xgi_plus_minus_ma5, minutes_share_ma5, points_per_90_ma5, tackles_plus_interceptions_ma5, defensive_actions_ma5, total_points_lag1, minutes_lag1, goals_scored_lag1, assists_lag1, clean_sheets_lag1, influence_lag1, creativity_lag1, threat_lag1, ict_index_lag1, goals_conceded_lag1, own_goals_lag1, penalties_saved_lag1, penalties_missed_lag1, yellow_cards_lag1, red_cards_lag1, saves_lag1, bonus_lag1, bps_lag1, clearances_blocks_interceptions_lag1, recoveries_lag1, tackles_lag1, defensive_contribution_lag1, starts_lag1, expected_goals_lag1, expected_assists_lag1, expected_goal_involvements_lag1, expected_goals_conceded_lag1, value_lag1, transfers_balance_lag1, selected_lag1, transfers_in_lag1, transfers_out_lag1, attacking_returns_lag1, finishing_plus_minus_lag1, finishing_ratio_lag1, creation_plus_minus_lag1, creation_ratio_lag1, xgi_plus_minus_lag1, minutes_share_lag1, points_per_90_lag1, tackles_plus_interceptions_lag1, defensive_actions_lag1, team_goals_for_ma5, team_goals_against_ma5, team_goal_diff_ma5, team_clean_sheet_ma5, team_conceded_two_plus_ma5, team_match_points_ma5, opp_team_goals_for_ma5, opp_team_goals_against_ma5, opp_team_goal_diff_ma5, opp_team_clean_sheet_ma5, opp_team_conceded_two_plus_ma5, opp_team_match_points_ma5, was_home, team_strength_overall, team_strength_home, team_strength_away, team_attack_home, team_attack_away, team_def_home, team_def_away, team_form_rating, team_points_table, team_league_position, team_matches_played, team_wins, team_draws, team_losses, opp_strength_overall, opp_strength_home, opp_strength_away, opp_attack_home, opp_attack_away, opp_def_home, opp_def_away, opp_form_rating, opp_points_table, opp_league_position, opp_matches_played, opp_wins, opp_draws, opp_losses, form, points_per_game, value_form, value_season, selected_by_percent, expected_goals_per_90, expected_assists_per_90, expected_goal_involvements_per_90, expected_goals_conceded_per_90, goals_conceded_per_90, saves_per_90, starts_per_90, clean_sheets_per_90, defensive_contribution_per_90, availability_this_round, availability_next_round, status_availability, status_injury_flag, injury_risk_flag, corners_and_indirect_freekicks_order, direct_freekicks_order, penalties_order, has_corners_duty, primary_corners_taker, has_direct_fk_duty, primary_direct_fk_taker, has_penalty_duty, primary_penalty_taker, set_piece_duty_score, player_bias, pos_bias
2026-01-16 20:21:15,431 [INFO] fplmodel - Training prediction models...
2026-01-16 20:21:15,673 [INFO] fplmodel.model - Season sample weights applied: 2020-21: 0.25, 2021-22: 0.25, 2022-23: 0.34, 2023-24: 0.49, 2024-25: 0.70, 2025-26: 1.00
2026-01-16 20:21:15,673 [INFO] fplmodel.model - Using TimeSeriesSplit with 3 folds for hyperparameter tuning.
2026-01-16 20:22:25,609 [INFO] fplmodel.model - Best classifier[hist_gbdt] params from tuning: {'est__min_samples_leaf': 20, 'est__max_iter': 350, 'est__max_depth': 4, 'est__learning_rate': 0.04, 'est__l2_regularization': 0.1} (score=1.0000)
2026-01-16 20:23:59,096 [INFO] fplmodel.model - Best regressor[hist_gbdt] params from tuning: {'est__min_samples_leaf': 40, 'est__max_iter': 400, 'est__max_depth': None, 'est__learning_rate': 0.08, 'est__l2_regularization': 0.05} (score=-0.9976)
2026-01-16 20:23:59,097 [INFO] fplmodel.model - Candidate Histogram Gradient Boosting | classifier=1.0000 ± 0.0000 ↑ | regressor=0.9976 ± 0.0358 ↓
2026-01-16 20:27:15,233 [INFO] fplmodel.model - Best classifier[random_forest] params from tuning: {'est__n_estimators': 200, 'est__min_samples_split': 6, 'est__min_samples_leaf': 4, 'est__max_features': 'sqrt', 'est__max_depth': None} (score=1.0000)
2026-01-16 21:00:43,503 [INFO] fplmodel.model - Best regressor[random_forest] params from tuning: {'est__n_estimators': 600, 'est__min_samples_split': 6, 'est__min_samples_leaf': 4, 'est__max_features': 0.7, 'est__max_depth': 20} (score=-0.9914)
2026-01-16 21:00:43,505 [INFO] fplmodel.model - Candidate Random Forest | classifier=1.0000 ± 0.0000 ↑ | regressor=0.9914 ± 0.0247 ↓
2026-01-16 21:02:40,821 [INFO] fplmodel.model - Best classifier[neural_network] params from tuning: {'est__learning_rate_init': 0.001, 'est__hidden_layer_sizes': (128, 128, 64), 'est__beta_1': 0.85, 'est__alpha': 0.0005} (score=0.9989)
2026-01-16 21:04:06,031 [INFO] fplmodel.model - Best regressor[neural_network] params from tuning: {'est__learning_rate_init': 0.003, 'est__hidden_layer_sizes': (256, 128), 'est__beta_1': 0.95, 'est__alpha': 0.0005} (score=-1.0190)
2026-01-16 21:04:06,032 [INFO] fplmodel.model - Candidate Neural Network (MLP) | classifier=0.9989 ± 0.0005 ↑ | regressor=1.0190 ± 0.0937 ↓
2026-01-16 21:04:06,034 [INFO] fplmodel.model - Saved model selection summary to /Users/kyle/Documents/FPL-Prediction/models/model_selection_summary.csv
2026-01-16 21:04:06,034 [INFO] fplmodel.model - Selected classifier model: Histogram Gradient Boosting (balanced_accuracy=1.0000 ± 0.0000 ↑)
2026-01-16 21:04:06,034 [INFO] fplmodel.model - Selected regressor model: Random Forest (MAE=0.9914 ± 0.0247 ↓)
2026-01-16 21:09:00,051 [INFO] fplmodel.model - Classifier (histogram gradient boosting) feature selector dropped 36 column(s): bps_lag1, bps_ma5, creation_plus_minus_lag1, creation_plus_minus_ma5, defensive_actions_lag1, defensive_actions_ma5, expected_goal_involvements_lag1, expected_goal_involvements_ma5, has_penalty_duty, minutes_share_lag1, ... (+26 more)
2026-01-16 21:09:00,053 [INFO] fplmodel.model - Regressor (random forest) feature selector dropped 36 column(s): bps_lag1, bps_ma5, creation_plus_minus_lag1, creation_plus_minus_ma5, defensive_actions_lag1, defensive_actions_ma5, expected_goal_involvements_lag1, expected_goal_involvements_ma5, has_penalty_duty, minutes_share_lag1, ... (+26 more)
2026-01-16 21:09:00,053 [INFO] fplmodel.model - Final model selection: classifier=Histogram Gradient Boosting | regressor=Random Forest
2026-01-16 21:09:00,318 [INFO] fplmodel - Training prediction models completed in 2864.88s
2026-01-16 21:09:00,400 [INFO] fplmodel - Top feature weights for regressor: total_points_lag1: 0.3446, recoveries_lag1: 0.0886, total_points_ma5: 0.0825, points_per_90_lag1: 0.0384, defensive_contribution_lag1: 0.0332, player_bias: 0.0201, bonus_lag1: 0.0155, team_conceded_two_plus_ma5: 0.0133, bonus_ma5: 0.0128, selected_lag1: 0.0121, value_ma5: 0.0105, minutes_ma5: 0.0104, team_clean_sheet_ma5: 0.0098, selected_ma5: 0.0094, value_lag1: 0.0090
2026-01-16 21:09:00,400 [INFO] fplmodel - Estimator HistGradientBoostingClassifier for classifier does not expose feature_importances_; skipping logging.
2026-01-16 21:09:00,400 [INFO] fplmodel - Model training complete; fitted 3 candidate pair(s).
2026-01-16 21:09:00,400 [INFO] fplmodel - Generating next gameweek predictions...
2026-01-16 21:09:00,523 [INFO] fplmodel - Generating next gameweek predictions completed in 0.12s
2026-01-16 21:09:00,525 [INFO] fplmodel - Generated ensemble predictions for 796 players using 3 model(s): Histogram Gradient Boosting, Random Forest, Neural Network (MLP)
2026-01-16 21:09:00,527 [INFO] fplmodel - Applied fixture multipliers; average EP now 1.82
2026-01-16 21:09:00,527 [INFO] fplmodel - Top 5 expected point predictions (ensemble): Lyle Foster (9.20); Curtis Jones (5.92); Josh King (5.66); Michael Kayode (5.60); Jaidon Anthony (5.48)
2026-01-16 21:09:00,527 [INFO] fplmodel - Evaluating last finished gameweek residuals...
2026-01-16 21:09:00,640 [INFO] fplmodel - Evaluating last finished gameweek residuals completed in 0.11s
2026-01-16 21:09:00,640 [INFO] fplmodel - Residuals computed for 4312 players in GW 26
2026-01-16 21:09:00,640 [INFO] fplmodel - Selecting best XI from 796 candidates
2026-01-16 21:09:00,640 [INFO] fplmodel - Optimising best XI selection...
2026-01-16 21:09:01,491 [INFO] fplmodel - Optimising best XI selection completed in 0.85s
2026-01-16 21:09:01,491 [INFO] fplmodel - Selected squad: total cost 80.2M | starting cost 55.1M | bench cost 25.1M
2026-01-16 21:09:01,492 [INFO] fplmodel - Projected points: XI 60.58 | Captain included 69.78 | Bench 15.07
2026-01-16 21:09:01,492 [INFO] fplmodel - Captain: Lyle Foster
2026-01-16 21:09:01,492 [INFO] fplmodel - XI | Bernd Leno (Fulham) - 4.80 pts | 4.9M
2026-01-16 21:09:01,492 [INFO] fplmodel - XI | Michael Kayode (Brentford) - 5.60 pts | 4.5M
2026-01-16 21:09:01,492 [INFO] fplmodel - XI | Nathan Collins (Brentford) - 5.36 pts | 5.0M
2026-01-16 21:09:01,492 [INFO] fplmodel - XI | Djed Spence (Spurs) - 4.33 pts | 4.3M
2026-01-16 21:09:01,492 [INFO] fplmodel - XI | Gabriel dos Santos Magalhães (Arsenal) - 4.30 pts | 6.7M
2026-01-16 21:09:01,492 [INFO] fplmodel - XI | Curtis Jones (Liverpool) - 5.92 pts | 5.4M
2026-01-16 21:09:01,492 [INFO] fplmodel - XI | Josh King (Fulham) - 5.66 pts | 4.4M
2026-01-16 21:09:01,492 [INFO] fplmodel - XI | Jaidon Anthony (Burnley) - 5.48 pts | 5.1M
2026-01-16 21:09:01,492 [INFO] fplmodel - XI | David Brooks (Bournemouth) - 4.97 pts | 5.0M
2026-01-16 21:09:01,492 [INFO] fplmodel - XI | Loum Tchaouna (Burnley) - 4.96 pts | 4.9M
2026-01-16 21:09:01,492 [INFO] fplmodel - XI | Lyle Foster (Burnley) - 9.20 pts | 4.9M
2026-01-16 21:09:01,492 [INFO] fplmodel - Bench 1 | William Saliba (Arsenal) - 4.03 pts
2026-01-16 21:09:01,492 [INFO] fplmodel - Bench 2 | João Pedro Junqueira de Jesus (Chelsea) - 3.79 pts
2026-01-16 21:09:01,492 [INFO] fplmodel - Bench 3 | Jean-Philippe Mateta (Crystal Palace) - 3.76 pts
2026-01-16 21:09:01,492 [INFO] fplmodel - Bench 4 | Caoimhín Kelleher (Brentford) - 3.49 pts
2026-01-16 21:09:01,498 [INFO] fplmodel - Predictions saved to /Users/kyle/Documents/FPL-Prediction/outputs/predictions_gw27.csv
2026-01-16 21:09:01,499 [INFO] fplmodel - Starting XI saved to /Users/kyle/Documents/FPL-Prediction/outputs/starting_xi_gw27.csv
2026-01-16 21:09:01,500 [INFO] fplmodel - Bench saved to /Users/kyle/Documents/FPL-Prediction/outputs/bench_gw27.csv
2026-01-16 21:09:01,500 [INFO] fplmodel - Best XI JSON saved to /Users/kyle/Documents/FPL-Prediction/outputs/best_xi_gw27.json
2026-01-16 21:09:01,500 [INFO] fplmodel - Rendering best XI graphic...
2026-01-16 21:09:01,636 [INFO] fplmodel - Rendering best XI graphic completed in 0.14s
2026-01-16 21:09:01,636 [INFO] fplmodel - Best XI graphic generated at /Users/kyle/Documents/FPL-Prediction/outputs/best_xi_gw27.png
2026-01-16 21:09:01,642 [INFO] fplmodel - Residuals saved to /Users/kyle/Documents/FPL-Prediction/outputs/residuals_gw26.csv
2026-01-16 21:09:01,642 [INFO] fplmodel - Pipeline complete for GW 27
