2026-05-27 10:15:27,540 [INFO] fplmodel - Logging initialised. Writing to /Users/kyle/Documents/FPL-Prediction/logs/run_20260527_101527.log
2026-05-27 10:15:27,540 [INFO] fplmodel - Starting pipeline run (force_refetch=False)
2026-05-27 10:15:27,540 [INFO] fplmodel - Fetching bootstrap static data...
2026-05-27 10:15:27,561 [INFO] fplmodel - Fetching bootstrap static data completed in 0.02s
2026-05-27 10:15:27,561 [INFO] fplmodel - Fetching fixtures data...
2026-05-27 10:15:27,571 [INFO] fplmodel - Fetching fixtures data completed in 0.01s
2026-05-27 10:15:27,571 [INFO] fplmodel - Normalising bootstrap data...
2026-05-27 10:15:27,582 [INFO] fplmodel - Normalising bootstrap data completed in 0.01s
2026-05-27 10:15:27,582 [INFO] fplmodel - Loaded normalised frames: 841 elements, 20 teams, 38 events
2026-05-27 10:15:27,582 [INFO] fplmodel - Gameweek override applied -> next_gw=24 | last_finished_gw=23
2026-05-27 10:15:27,582 [INFO] fplmodel - Next gameweek: 24 | Last finished gameweek: 23
2026-05-27 10:15:27,582 [INFO] fplmodel - Renaming log file to highlight gameweek 24
2026-05-27 10:15:27,582 [INFO] fplmodel - Log file renamed to /Users/kyle/Documents/FPL-Prediction/logs/run_gw24_20260527_101527.log
2026-05-27 10:15:27,582 [INFO] fplmodel - Fetching player histories for 841 players (force_refetch=False)...
2026-05-27 10:15:27,582 [INFO] fplmodel.data_pull - Fetching player histories with 8 worker thread(s).
2026-05-27 10:15:27,746 [INFO] fplmodel.data_pull - Player history fetch progress: 50/841 complete (0 failures).
2026-05-27 10:15:27,856 [INFO] fplmodel.data_pull - Player history fetch progress: 100/841 complete (0 failures).
2026-05-27 10:15:27,970 [INFO] fplmodel.data_pull - Player history fetch progress: 150/841 complete (0 failures).
2026-05-27 10:15:28,083 [INFO] fplmodel.data_pull - Player history fetch progress: 200/841 complete (0 failures).
2026-05-27 10:15:28,191 [INFO] fplmodel.data_pull - Player history fetch progress: 250/841 complete (0 failures).
2026-05-27 10:15:28,300 [INFO] fplmodel.data_pull - Player history fetch progress: 300/841 complete (0 failures).
2026-05-27 10:15:28,403 [INFO] fplmodel.data_pull - Player history fetch progress: 350/841 complete (0 failures).
2026-05-27 10:15:28,523 [INFO] fplmodel.data_pull - Player history fetch progress: 400/841 complete (0 failures).
2026-05-27 10:15:28,636 [INFO] fplmodel.data_pull - Player history fetch progress: 450/841 complete (0 failures).
2026-05-27 10:15:28,745 [INFO] fplmodel.data_pull - Player history fetch progress: 500/841 complete (0 failures).
2026-05-27 10:15:28,851 [INFO] fplmodel.data_pull - Player history fetch progress: 550/841 complete (0 failures).
2026-05-27 10:15:28,966 [INFO] fplmodel.data_pull - Player history fetch progress: 600/841 complete (0 failures).
2026-05-27 10:15:29,078 [INFO] fplmodel.data_pull - Player history fetch progress: 650/841 complete (0 failures).
2026-05-27 10:15:29,186 [INFO] fplmodel.data_pull - Player history fetch progress: 700/841 complete (0 failures).
2026-05-27 10:15:29,290 [INFO] fplmodel.data_pull - Player history fetch progress: 750/841 complete (0 failures).
2026-05-27 10:15:29,389 [INFO] fplmodel.data_pull - Player history fetch progress: 800/841 complete (0 failures).
2026-05-27 10:15:29,471 [INFO] fplmodel.data_pull - Player history fetch progress: 841/841 complete (0 failures).
2026-05-27 10:15:29,513 [INFO] fplmodel - Fetching player histories for 841 players (force_refetch=False) completed in 1.93s
2026-05-27 10:15:29,513 [INFO] fplmodel - Loading 841 player history files from /Users/kyle/Documents/FPL-Prediction/data/raw
2026-05-27 10:15:29,513 [INFO] fplmodel - Collating player history JSON into dataframe...
2026-05-27 10:15:30,401 [INFO] fplmodel - Collating player history JSON into dataframe completed in 0.89s
2026-05-27 10:15:31,535 [INFO] fplmodel - Built player histories dataframe with 178482 rows
2026-05-27 10:15:31,535 [INFO] fplmodel - Loading external history data...
2026-05-27 10:15:32,378 [INFO] fplmodel - Loading external history data completed in 0.84s
2026-05-27 10:15:32,416 [INFO] fplmodel - Loaded 133500 external history rows for seasons 2020-21, 2021-22, 2022-23, 2023-24, 2024-25
2026-05-27 10:15:32,601 [INFO] fplmodel - Combined history dataset now has 296480 rows
2026-05-27 10:15:32,602 [INFO] fplmodel - Building training and prediction feature frames...
2026-05-27 10:15:53,441 [INFO] fplmodel - Building training and prediction feature frames completed in 20.84s
2026-05-27 10:15:53,443 [INFO] fplmodel - Prepared features: X_train=(269099, 156), y_train=269099, X_pred=(841, 163)
2026-05-27 10:15:53,451 [INFO] fplmodel - Training models with 156 features
2026-05-27 10:15:53,451 [INFO] fplmodel - Training feature columns: total_points_ma5, minutes_ma5, goals_scored_ma5, assists_ma5, clean_sheets_ma5, influence_ma5, creativity_ma5, threat_ma5, ict_index_ma5, goals_conceded_ma5, own_goals_ma5, penalties_saved_ma5, penalties_missed_ma5, yellow_cards_ma5, red_cards_ma5, saves_ma5, bonus_ma5, bps_ma5, clearances_blocks_interceptions_ma5, recoveries_ma5, tackles_ma5, defensive_contribution_ma5, starts_ma5, expected_goals_ma5, expected_assists_ma5, expected_goal_involvements_ma5, expected_goals_conceded_ma5, value_ma5, transfers_balance_ma5, selected_ma5, transfers_in_ma5, transfers_out_ma5, attacking_returns_ma5, finishing_plus_minus_ma5, finishing_ratio_ma5, creation_plus_minus_ma5, creation_ratio_ma5, xgi_plus_minus_ma5, minutes_share_ma5, points_per_90_ma5, tackles_plus_interceptions_ma5, defensive_actions_ma5, total_points_lag1, minutes_lag1, goals_scored_lag1, assists_lag1, clean_sheets_lag1, influence_lag1, creativity_lag1, threat_lag1, ict_index_lag1, goals_conceded_lag1, own_goals_lag1, penalties_saved_lag1, penalties_missed_lag1, yellow_cards_lag1, red_cards_lag1, saves_lag1, bonus_lag1, bps_lag1, clearances_blocks_interceptions_lag1, recoveries_lag1, tackles_lag1, defensive_contribution_lag1, starts_lag1, expected_goals_lag1, expected_assists_lag1, expected_goal_involvements_lag1, expected_goals_conceded_lag1, value_lag1, transfers_balance_lag1, selected_lag1, transfers_in_lag1, transfers_out_lag1, attacking_returns_lag1, finishing_plus_minus_lag1, finishing_ratio_lag1, creation_plus_minus_lag1, creation_ratio_lag1, xgi_plus_minus_lag1, minutes_share_lag1, points_per_90_lag1, tackles_plus_interceptions_lag1, defensive_actions_lag1, team_goals_for_ma5, team_goals_against_ma5, team_goal_diff_ma5, team_clean_sheet_ma5, team_conceded_two_plus_ma5, team_match_points_ma5, opp_team_goals_for_ma5, opp_team_goals_against_ma5, opp_team_goal_diff_ma5, opp_team_clean_sheet_ma5, opp_team_conceded_two_plus_ma5, opp_team_match_points_ma5, was_home, team_strength_overall, team_strength_home, team_strength_away, team_attack_home, team_attack_away, team_def_home, team_def_away, team_form_rating, team_points_table, team_league_position, team_matches_played, team_wins, team_draws, team_losses, opp_strength_overall, opp_strength_home, opp_strength_away, opp_attack_home, opp_attack_away, opp_def_home, opp_def_away, opp_form_rating, opp_points_table, opp_league_position, opp_matches_played, opp_wins, opp_draws, opp_losses, form, points_per_game, value_form, value_season, selected_by_percent, expected_goals_per_90, expected_assists_per_90, expected_goal_involvements_per_90, expected_goals_conceded_per_90, goals_conceded_per_90, saves_per_90, starts_per_90, clean_sheets_per_90, defensive_contribution_per_90, availability_this_round, availability_next_round, status_availability, status_injury_flag, injury_risk_flag, corners_and_indirect_freekicks_order, direct_freekicks_order, penalties_order, has_corners_duty, primary_corners_taker, has_direct_fk_duty, primary_direct_fk_taker, has_penalty_duty, primary_penalty_taker, set_piece_duty_score, player_bias, pos_bias
2026-05-27 10:15:53,451 [INFO] fplmodel - Training prediction models...
2026-05-27 10:15:53,858 [INFO] fplmodel.model - Season sample weights applied: 2020-21: 0.25, 2021-22: 0.25, 2022-23: 0.34, 2023-24: 0.49, 2024-25: 0.70, 2025-26: 1.00
2026-05-27 10:15:53,858 [INFO] fplmodel.model - Using TimeSeriesSplit with 3 folds for hyperparameter tuning.
2026-05-27 10:15:53,859 [INFO] fplmodel.model - Using actual match minutes as classifier target (minutes >= 60).
2026-05-27 10:15:53,865 [INFO] fplmodel.model - Model selection using most recent 60000/269099 training rows; final fits still use all rows.
2026-05-27 10:16:23,073 [INFO] fplmodel.model - Best classifier[hist_gbdt] params from tuning: {'est__min_samples_leaf': 40, 'est__max_iter': 350, 'est__max_depth': None, 'est__learning_rate': 0.08, 'est__l2_regularization': 0.05} (score=0.7815)
2026-05-27 10:16:42,434 [INFO] fplmodel.model - Best regressor[hist_gbdt] params from tuning: {'est__min_samples_leaf': 40, 'est__max_iter': 400, 'est__max_depth': 6, 'est__learning_rate': 0.04, 'est__l2_regularization': 0.0} (score=-1.1098)
2026-05-27 10:16:42,434 [INFO] fplmodel.model - Candidate Histogram Gradient Boosting | classifier=0.7815 ± 0.0063 ↑ | regressor=1.1098 ± 0.0679 ↓
2026-05-27 10:17:16,232 [INFO] fplmodel.model - Best classifier[xgboost] params from tuning: {'est__subsample': 0.9, 'est__reg_lambda': 1.5, 'est__n_estimators': 550, 'est__max_depth': 8, 'est__learning_rate': 0.05, 'est__gamma': 0.3, 'est__colsample_bytree': 0.85} (score=0.7820)
2026-05-27 10:17:43,822 [INFO] fplmodel.model - Best regressor[xgboost] params from tuning: {'est__subsample': 0.8, 'est__reg_lambda': 1.5, 'est__n_estimators': 250, 'est__max_depth': 4, 'est__learning_rate': 0.08, 'est__gamma': 0.1, 'est__colsample_bytree': 0.7} (score=-1.1260)
2026-05-27 10:17:43,823 [INFO] fplmodel.model - Candidate XGBoost | classifier=0.7820 ± 0.0054 ↑ | regressor=1.1260 ± 0.0776 ↓
2026-05-27 10:17:43,825 [INFO] fplmodel.model - Saved model selection summary to /Users/kyle/Documents/FPL-Prediction/models/model_selection_summary.csv
2026-05-27 10:17:43,825 [INFO] fplmodel.model - Selected classifier model: XGBoost (balanced_accuracy=0.7820 ± 0.0054 ↑)
2026-05-27 10:17:43,825 [INFO] fplmodel.model - Selected regressor model: Histogram Gradient Boosting (MAE=1.1098 ± 0.0679 ↓)
2026-05-27 10:19:20,989 [INFO] fplmodel.model - Classifier (xgboost) feature selector dropped 37 column(s): availability_next_round, bps_lag1, bps_ma5, creation_plus_minus_lag1, creation_plus_minus_ma5, defensive_actions_lag1, defensive_actions_ma5, expected_goal_involvements_ma5, expected_goal_involvements_per_90, injury_risk_flag, ... (+27 more)
2026-05-27 10:19:20,989 [INFO] fplmodel.model - Regressor (histogram gradient boosting) feature selector dropped 37 column(s): availability_next_round, bps_lag1, bps_ma5, creation_plus_minus_lag1, creation_plus_minus_ma5, defensive_actions_lag1, defensive_actions_ma5, expected_goal_involvements_ma5, expected_goal_involvements_per_90, injury_risk_flag, ... (+27 more)
2026-05-27 10:19:20,989 [INFO] fplmodel.model - Final model selection: classifier=XGBoost | regressor=Histogram Gradient Boosting
2026-05-27 10:19:21,058 [INFO] fplmodel - Training prediction models completed in 207.61s
2026-05-27 10:19:21,059 [INFO] fplmodel - Estimator HistGradientBoostingRegressor for regressor does not expose feature_importances_; skipping logging.
2026-05-27 10:19:21,060 [INFO] fplmodel - Top feature weights for classifier: minutes_ma5: 0.1944, minutes_lag1: 0.0800, starts_lag1: 0.0436, value_season: 0.0259, influence_ma5: 0.0201, recoveries_ma5: 0.0197, ict_index_lag1: 0.0171, ict_index_ma5: 0.0156, starts_ma5: 0.0136, influence_lag1: 0.0132, recoveries_lag1: 0.0130, defensive_contribution_lag1: 0.0117, transfers_in_lag1: 0.0112, defensive_contribution_ma5: 0.0102, red_cards_ma5: 0.0095
2026-05-27 10:19:21,060 [INFO] fplmodel - Model training complete; fitted 2 candidate pair(s).
2026-05-27 10:19:21,060 [INFO] fplmodel - Generating next gameweek predictions...
2026-05-27 10:19:21,107 [INFO] fplmodel - Generating next gameweek predictions completed in 0.05s
2026-05-27 10:19:21,108 [INFO] fplmodel - Generated ensemble predictions for 841 players using 2 model(s): Histogram Gradient Boosting, XGBoost
2026-05-27 10:19:21,115 [INFO] fplmodel - Applied fixture multipliers; average EP now 0.81
2026-05-27 10:19:21,115 [INFO] fplmodel - Top 5 expected point predictions (ensemble): Patrick Dorgu (6.88); Antoine Semenyo (5.88); Mateus Gonçalo Espanha Fernandes (5.27); Murillo Costa dos Santos (5.21); Jarrod Bowen (5.05)
2026-05-27 10:19:21,116 [INFO] fplmodel - Evaluating last finished gameweek residuals...
2026-05-27 10:19:21,239 [INFO] fplmodel - Evaluating last finished gameweek residuals completed in 0.12s
2026-05-27 10:19:21,239 [INFO] fplmodel - Residuals computed for 7980 players in GW 23
2026-05-27 10:19:21,239 [INFO] fplmodel - Selecting best XI from 841 candidates
2026-05-27 10:19:21,239 [INFO] fplmodel - Optimising best XI selection...
2026-05-27 10:19:22,084 [INFO] fplmodel - Optimising best XI selection completed in 0.84s
2026-05-27 10:19:22,084 [INFO] fplmodel - Selected squad: total cost 87.2M | starting cost 63.6M | bench cost 23.6M
2026-05-27 10:19:22,085 [INFO] fplmodel - Projected points: XI 56.38 | Captain included 63.26 | Bench 17.63
2026-05-27 10:19:22,085 [INFO] fplmodel - Captain: Patrick Dorgu
2026-05-27 10:19:22,085 [INFO] fplmodel - XI | Gianluigi Donnarumma (Man City) - 4.63 pts | 5.6M
2026-05-27 10:19:22,085 [INFO] fplmodel - XI | Patrick Dorgu (Man Utd) - 6.88 pts | 4.1M
2026-05-27 10:19:22,085 [INFO] fplmodel - XI | Murillo Costa dos Santos (Nott'm Forest) - 5.21 pts | 5.2M
2026-05-27 10:19:22,085 [INFO] fplmodel - XI | Micky van de Ven (Spurs) - 4.63 pts | 4.4M
2026-05-27 10:19:22,085 [INFO] fplmodel - XI | James Tarkowski (Everton) - 4.53 pts | 5.8M
2026-05-27 10:19:22,085 [INFO] fplmodel - XI | Antoine Semenyo (Man City) - 5.88 pts | 8.0M
2026-05-27 10:19:22,085 [INFO] fplmodel - XI | Mateus Gonçalo Espanha Fernandes (West Ham) - 5.27 pts | 5.5M
2026-05-27 10:19:22,085 [INFO] fplmodel - XI | Enzo Fernández (Chelsea) - 4.91 pts | 6.5M
2026-05-27 10:19:22,085 [INFO] fplmodel - XI | Harry Wilson (Fulham) - 4.84 pts | 5.8M
2026-05-27 10:19:22,085 [INFO] fplmodel - XI | Vitaly Janelt (Brentford) - 4.56 pts | 4.9M
2026-05-27 10:19:22,085 [INFO] fplmodel - XI | Jarrod Bowen (West Ham) - 5.05 pts | 7.8M
2026-05-27 10:19:22,085 [INFO] fplmodel - Bench 1 | Brian Brobbey (Sunderland) - 4.52 pts
2026-05-27 10:19:22,085 [INFO] fplmodel - Bench 2 | Ollie Watkins (Aston Villa) - 4.46 pts
2026-05-27 10:19:22,085 [INFO] fplmodel - Bench 3 | Lisandro Martínez (Man Utd) - 4.40 pts
2026-05-27 10:19:22,085 [INFO] fplmodel - Bench 4 | Caoimhín Kelleher (Brentford) - 4.25 pts
2026-05-27 10:19:22,095 [INFO] fplmodel - Predictions saved to /Users/kyle/Documents/FPL-Prediction/outputs/predictions_gw24.csv
2026-05-27 10:19:22,096 [INFO] fplmodel - Starting XI saved to /Users/kyle/Documents/FPL-Prediction/outputs/starting_xi_gw24.csv
2026-05-27 10:19:22,097 [INFO] fplmodel - Bench saved to /Users/kyle/Documents/FPL-Prediction/outputs/bench_gw24.csv
2026-05-27 10:19:22,098 [INFO] fplmodel - Best XI JSON saved to /Users/kyle/Documents/FPL-Prediction/outputs/best_xi_gw24.json
2026-05-27 10:19:22,098 [INFO] fplmodel - Rendering best XI graphic...
2026-05-27 10:19:22,240 [INFO] fplmodel - Rendering best XI graphic completed in 0.14s
2026-05-27 10:19:22,240 [INFO] fplmodel - Best XI graphic generated at /Users/kyle/Documents/FPL-Prediction/outputs/best_xi_gw24.png
2026-05-27 10:19:22,250 [INFO] fplmodel - Residuals saved to /Users/kyle/Documents/FPL-Prediction/outputs/residuals_gw23.csv
2026-05-27 10:19:22,250 [INFO] fplmodel - Pipeline complete for GW 24
