2026-05-27 08:57:04,817 [INFO] fplmodel - Logging initialised. Writing to /Users/kyle/Documents/FPL-Prediction/logs/run_20260527_085704.log
2026-05-27 08:57:04,817 [INFO] fplmodel - Starting pipeline run (force_refetch=False)
2026-05-27 08:57:04,818 [INFO] fplmodel - Fetching bootstrap static data...
2026-05-27 08:57:04,837 [INFO] fplmodel - Fetching bootstrap static data completed in 0.02s
2026-05-27 08:57:04,837 [INFO] fplmodel - Fetching fixtures data...
2026-05-27 08:57:04,881 [INFO] fplmodel - Fetching fixtures data completed in 0.04s
2026-05-27 08:57:04,881 [INFO] fplmodel - Normalising bootstrap data...
2026-05-27 08:57:04,892 [INFO] fplmodel - Normalising bootstrap data completed in 0.01s
2026-05-27 08:57:04,892 [INFO] fplmodel - Loaded normalised frames: 841 elements, 20 teams, 38 events
2026-05-27 08:57:04,892 [INFO] fplmodel - Gameweek override applied -> next_gw=4 | last_finished_gw=3
2026-05-27 08:57:04,892 [INFO] fplmodel - Next gameweek: 4 | Last finished gameweek: 3
2026-05-27 08:57:04,892 [INFO] fplmodel - Renaming log file to highlight gameweek 4
2026-05-27 08:57:04,892 [INFO] fplmodel - Log file renamed to /Users/kyle/Documents/FPL-Prediction/logs/run_gw4_20260527_085704.log
2026-05-27 08:57:04,893 [INFO] fplmodel - Fetching player histories for 841 players (force_refetch=False)...
2026-05-27 08:57:04,893 [INFO] fplmodel.data_pull - Fetching player histories with 8 worker thread(s).
2026-05-27 08:57:05,014 [INFO] fplmodel.data_pull - Player history fetch progress: 50/841 complete (0 failures).
2026-05-27 08:57:05,124 [INFO] fplmodel.data_pull - Player history fetch progress: 100/841 complete (0 failures).
2026-05-27 08:57:05,236 [INFO] fplmodel.data_pull - Player history fetch progress: 150/841 complete (0 failures).
2026-05-27 08:57:05,342 [INFO] fplmodel.data_pull - Player history fetch progress: 200/841 complete (0 failures).
2026-05-27 08:57:05,447 [INFO] fplmodel.data_pull - Player history fetch progress: 250/841 complete (0 failures).
2026-05-27 08:57:05,557 [INFO] fplmodel.data_pull - Player history fetch progress: 300/841 complete (0 failures).
2026-05-27 08:57:05,660 [INFO] fplmodel.data_pull - Player history fetch progress: 350/841 complete (0 failures).
2026-05-27 08:57:05,778 [INFO] fplmodel.data_pull - Player history fetch progress: 400/841 complete (0 failures).
2026-05-27 08:57:05,888 [INFO] fplmodel.data_pull - Player history fetch progress: 450/841 complete (0 failures).
2026-05-27 08:57:05,995 [INFO] fplmodel.data_pull - Player history fetch progress: 500/841 complete (0 failures).
2026-05-27 08:57:06,125 [INFO] fplmodel.data_pull - Player history fetch progress: 550/841 complete (0 failures).
2026-05-27 08:57:06,231 [INFO] fplmodel.data_pull - Player history fetch progress: 600/841 complete (0 failures).
2026-05-27 08:57:06,344 [INFO] fplmodel.data_pull - Player history fetch progress: 650/841 complete (0 failures).
2026-05-27 08:57:06,452 [INFO] fplmodel.data_pull - Player history fetch progress: 700/841 complete (0 failures).
2026-05-27 08:57:06,557 [INFO] fplmodel.data_pull - Player history fetch progress: 750/841 complete (0 failures).
2026-05-27 08:57:06,659 [INFO] fplmodel.data_pull - Player history fetch progress: 800/841 complete (0 failures).
2026-05-27 08:57:06,736 [INFO] fplmodel.data_pull - Player history fetch progress: 841/841 complete (0 failures).
2026-05-27 08:57:06,772 [INFO] fplmodel - Fetching player histories for 841 players (force_refetch=False) completed in 1.88s
2026-05-27 08:57:06,773 [INFO] fplmodel - Loading 841 player history files from /Users/kyle/Documents/FPL-Prediction/data/raw
2026-05-27 08:57:06,773 [INFO] fplmodel - Collating player history JSON into dataframe...
2026-05-27 08:57:07,660 [INFO] fplmodel - Collating player history JSON into dataframe completed in 0.89s
2026-05-27 08:57:08,708 [INFO] fplmodel - Built player histories dataframe with 178482 rows
2026-05-27 08:57:08,708 [INFO] fplmodel - Loading external history data...
2026-05-27 08:57:09,502 [INFO] fplmodel - Loading external history data completed in 0.79s
2026-05-27 08:57:09,539 [INFO] fplmodel - Loaded 133500 external history rows for seasons 2020-21, 2021-22, 2022-23, 2023-24, 2024-25
2026-05-27 08:57:09,701 [INFO] fplmodel - Combined history dataset now has 296480 rows
2026-05-27 08:57:09,702 [INFO] fplmodel - Building training and prediction feature frames...
2026-05-27 08:57:29,986 [INFO] fplmodel - Building training and prediction feature frames completed in 20.28s
2026-05-27 08:57:29,987 [INFO] fplmodel - Prepared features: X_train=(254134, 156), y_train=254134, X_pred=(841, 163)
2026-05-27 08:57:29,996 [INFO] fplmodel - Training models with 156 features
2026-05-27 08:57:29,996 [INFO] fplmodel - Training feature columns: total_points_ma5, minutes_ma5, goals_scored_ma5, assists_ma5, clean_sheets_ma5, influence_ma5, creativity_ma5, threat_ma5, ict_index_ma5, goals_conceded_ma5, own_goals_ma5, penalties_saved_ma5, penalties_missed_ma5, yellow_cards_ma5, red_cards_ma5, saves_ma5, bonus_ma5, bps_ma5, clearances_blocks_interceptions_ma5, recoveries_ma5, tackles_ma5, defensive_contribution_ma5, starts_ma5, expected_goals_ma5, expected_assists_ma5, expected_goal_involvements_ma5, expected_goals_conceded_ma5, value_ma5, transfers_balance_ma5, selected_ma5, transfers_in_ma5, transfers_out_ma5, attacking_returns_ma5, finishing_plus_minus_ma5, finishing_ratio_ma5, creation_plus_minus_ma5, creation_ratio_ma5, xgi_plus_minus_ma5, minutes_share_ma5, points_per_90_ma5, tackles_plus_interceptions_ma5, defensive_actions_ma5, total_points_lag1, minutes_lag1, goals_scored_lag1, assists_lag1, clean_sheets_lag1, influence_lag1, creativity_lag1, threat_lag1, ict_index_lag1, goals_conceded_lag1, own_goals_lag1, penalties_saved_lag1, penalties_missed_lag1, yellow_cards_lag1, red_cards_lag1, saves_lag1, bonus_lag1, bps_lag1, clearances_blocks_interceptions_lag1, recoveries_lag1, tackles_lag1, defensive_contribution_lag1, starts_lag1, expected_goals_lag1, expected_assists_lag1, expected_goal_involvements_lag1, expected_goals_conceded_lag1, value_lag1, transfers_balance_lag1, selected_lag1, transfers_in_lag1, transfers_out_lag1, attacking_returns_lag1, finishing_plus_minus_lag1, finishing_ratio_lag1, creation_plus_minus_lag1, creation_ratio_lag1, xgi_plus_minus_lag1, minutes_share_lag1, points_per_90_lag1, tackles_plus_interceptions_lag1, defensive_actions_lag1, team_goals_for_ma5, team_goals_against_ma5, team_goal_diff_ma5, team_clean_sheet_ma5, team_conceded_two_plus_ma5, team_match_points_ma5, opp_team_goals_for_ma5, opp_team_goals_against_ma5, opp_team_goal_diff_ma5, opp_team_clean_sheet_ma5, opp_team_conceded_two_plus_ma5, opp_team_match_points_ma5, was_home, team_strength_overall, team_strength_home, team_strength_away, team_attack_home, team_attack_away, team_def_home, team_def_away, team_form_rating, team_points_table, team_league_position, team_matches_played, team_wins, team_draws, team_losses, opp_strength_overall, opp_strength_home, opp_strength_away, opp_attack_home, opp_attack_away, opp_def_home, opp_def_away, opp_form_rating, opp_points_table, opp_league_position, opp_matches_played, opp_wins, opp_draws, opp_losses, form, points_per_game, value_form, value_season, selected_by_percent, expected_goals_per_90, expected_assists_per_90, expected_goal_involvements_per_90, expected_goals_conceded_per_90, goals_conceded_per_90, saves_per_90, starts_per_90, clean_sheets_per_90, defensive_contribution_per_90, availability_this_round, availability_next_round, status_availability, status_injury_flag, injury_risk_flag, corners_and_indirect_freekicks_order, direct_freekicks_order, penalties_order, has_corners_duty, primary_corners_taker, has_direct_fk_duty, primary_direct_fk_taker, has_penalty_duty, primary_penalty_taker, set_piece_duty_score, player_bias, pos_bias
2026-05-27 08:57:29,996 [INFO] fplmodel - Training prediction models...
2026-05-27 08:57:30,371 [INFO] fplmodel.model - Season sample weights applied: 2020-21: 0.25, 2021-22: 0.34, 2022-23: 0.49, 2023-24: 0.70, 2024-25: 1.00
2026-05-27 08:57:30,371 [INFO] fplmodel.model - Using TimeSeriesSplit with 3 folds for hyperparameter tuning.
2026-05-27 08:57:30,372 [INFO] fplmodel.model - Using actual match minutes as classifier target (minutes >= 60).
2026-05-27 08:57:30,378 [INFO] fplmodel.model - Model selection using most recent 60000/254134 training rows; final fits still use all rows.
2026-05-27 08:57:58,210 [INFO] fplmodel.model - Best classifier[hist_gbdt] params from tuning: {'est__min_samples_leaf': 20, 'est__max_iter': 250, 'est__max_depth': 8, 'est__learning_rate': 0.06, 'est__l2_regularization': 0.05} (score=0.7803)
2026-05-27 08:58:16,288 [INFO] fplmodel.model - Best regressor[hist_gbdt] params from tuning: {'est__min_samples_leaf': 30, 'est__max_iter': 400, 'est__max_depth': 6, 'est__learning_rate': 0.12, 'est__l2_regularization': 0.1} (score=-1.1600)
2026-05-27 08:58:16,288 [INFO] fplmodel.model - Candidate Histogram Gradient Boosting | classifier=0.7803 ± 0.0137 ↑ | regressor=1.1600 ± 0.0303 ↓
2026-05-27 08:58:50,447 [INFO] fplmodel.model - Best classifier[xgboost] params from tuning: {'est__subsample': 0.9, 'est__reg_lambda': 1.5, 'est__n_estimators': 550, 'est__max_depth': 8, 'est__learning_rate': 0.05, 'est__gamma': 0.3, 'est__colsample_bytree': 0.85} (score=0.7808)
2026-05-27 08:59:18,675 [INFO] fplmodel.model - Best regressor[xgboost] params from tuning: {'est__subsample': 0.8, 'est__reg_lambda': 1.5, 'est__n_estimators': 250, 'est__max_depth': 4, 'est__learning_rate': 0.08, 'est__gamma': 0.1, 'est__colsample_bytree': 0.7} (score=-1.1704)
2026-05-27 08:59:18,677 [INFO] fplmodel.model - Candidate XGBoost | classifier=0.7808 ± 0.0142 ↑ | regressor=1.1704 ± 0.0335 ↓
2026-05-27 08:59:18,677 [INFO] fplmodel.model - Saved model selection summary to /Users/kyle/Documents/FPL-Prediction/models/model_selection_summary.csv
2026-05-27 08:59:18,677 [INFO] fplmodel.model - Selected classifier model: XGBoost (balanced_accuracy=0.7808 ± 0.0142 ↑)
2026-05-27 08:59:18,677 [INFO] fplmodel.model - Selected regressor model: Histogram Gradient Boosting (MAE=1.1600 ± 0.0303 ↓)
2026-05-27 09:00:49,848 [INFO] fplmodel.model - Classifier (xgboost) feature selector dropped 37 column(s): availability_next_round, bps_lag1, bps_ma5, creation_plus_minus_lag1, creation_plus_minus_ma5, defensive_actions_lag1, defensive_actions_ma5, expected_goal_involvements_ma5, expected_goal_involvements_per_90, injury_risk_flag, ... (+27 more)
2026-05-27 09:00:49,848 [INFO] fplmodel.model - Regressor (histogram gradient boosting) feature selector dropped 37 column(s): availability_next_round, bps_lag1, bps_ma5, creation_plus_minus_lag1, creation_plus_minus_ma5, defensive_actions_lag1, defensive_actions_ma5, expected_goal_involvements_ma5, expected_goal_involvements_per_90, injury_risk_flag, ... (+27 more)
2026-05-27 09:00:49,848 [INFO] fplmodel.model - Final model selection: classifier=XGBoost | regressor=Histogram Gradient Boosting
2026-05-27 09:00:49,899 [INFO] fplmodel - Training prediction models completed in 199.90s
2026-05-27 09:00:49,899 [INFO] fplmodel - Estimator HistGradientBoostingRegressor for regressor does not expose feature_importances_; skipping logging.
2026-05-27 09:00:49,900 [INFO] fplmodel - Top feature weights for classifier: minutes_ma5: 0.1591, minutes_lag1: 0.1135, starts_lag1: 0.0957, value_season: 0.0221, ict_index_lag1: 0.0209, influence_ma5: 0.0162, recoveries_lag1: 0.0158, influence_lag1: 0.0155, recoveries_ma5: 0.0143, ict_index_ma5: 0.0128, starts_ma5: 0.0119, defensive_contribution_lag1: 0.0118, transfers_in_lag1: 0.0106, defensive_contribution_ma5: 0.0104, red_cards_ma5: 0.0092
2026-05-27 09:00:49,900 [INFO] fplmodel - Model training complete; fitted 2 candidate pair(s).
2026-05-27 09:00:49,900 [INFO] fplmodel - Generating next gameweek predictions...
2026-05-27 09:00:49,949 [INFO] fplmodel - Generating next gameweek predictions completed in 0.05s
2026-05-27 09:00:49,950 [INFO] fplmodel - Generated ensemble predictions for 841 players using 2 model(s): Histogram Gradient Boosting, XGBoost
2026-05-27 09:00:49,956 [INFO] fplmodel - Applied fixture multipliers; average EP now 0.72
2026-05-27 09:00:49,957 [INFO] fplmodel - Top 5 expected point predictions (ensemble): Josh Cullen (5.93); Matheus Santos Carneiro da Cunha (5.48); João Pedro Junqueira de Jesus (5.38); Hugo Ekitiké (5.38); Lucas Tolentino Coelho de Lima (5.37)
2026-05-27 09:00:49,957 [INFO] fplmodel - Evaluating last finished gameweek residuals...
2026-05-27 09:00:50,059 [INFO] fplmodel - Evaluating last finished gameweek residuals completed in 0.10s
2026-05-27 09:00:50,059 [INFO] fplmodel - Residuals computed for 7046 players in GW 3
2026-05-27 09:00:50,059 [INFO] fplmodel - Selecting best XI from 841 candidates
2026-05-27 09:00:50,060 [INFO] fplmodel - Optimising best XI selection...
2026-05-27 09:00:51,232 [INFO] fplmodel - Optimising best XI selection completed in 1.17s
2026-05-27 09:00:51,232 [INFO] fplmodel - Selected squad: total cost 97.3M | starting cost 68.3M | bench cost 29.0M
2026-05-27 09:00:51,232 [INFO] fplmodel - Projected points: XI 55.60 | Captain included 61.54 | Bench 17.27
2026-05-27 09:00:51,232 [INFO] fplmodel - Captain: Josh Cullen
2026-05-27 09:00:51,232 [INFO] fplmodel - XI | Jordan Pickford (Everton) - 4.26 pts | 5.6M
2026-05-27 09:00:51,232 [INFO] fplmodel - XI | James Tarkowski (Everton) - 4.71 pts | 5.8M
2026-05-27 09:00:51,232 [INFO] fplmodel - XI | Michael Keane (Everton) - 4.68 pts | 4.5M
2026-05-27 09:00:51,232 [INFO] fplmodel - XI | Marcos Senesi Barón (Bournemouth) - 4.49 pts | 5.2M
2026-05-27 09:00:51,232 [INFO] fplmodel - XI | Josh Cullen (Burnley) - 5.93 pts | 4.9M
2026-05-27 09:00:51,232 [INFO] fplmodel - XI | Matheus Santos Carneiro da Cunha (Man Utd) - 5.48 pts | 8.1M
2026-05-27 09:00:51,232 [INFO] fplmodel - XI | Lucas Tolentino Coelho de Lima (West Ham) - 5.37 pts | 5.9M
2026-05-27 09:00:51,233 [INFO] fplmodel - XI | Pedro Lomba Neto (Chelsea) - 5.31 pts | 7.0M
2026-05-27 09:00:51,233 [INFO] fplmodel - XI | Tyler Adams (Bournemouth) - 4.60 pts | 4.9M
2026-05-27 09:00:51,233 [INFO] fplmodel - XI | João Pedro Junqueira de Jesus (Chelsea) - 5.38 pts | 7.4M
2026-05-27 09:00:51,233 [INFO] fplmodel - XI | Hugo Ekitiké (Liverpool) - 5.38 pts | 9.0M
2026-05-27 09:00:51,233 [INFO] fplmodel - Bench 1 | Reinildo Mandava (Sunderland) - 4.49 pts
2026-05-27 09:00:51,233 [INFO] fplmodel - Bench 2 | Erling Haaland (Man City) - 4.46 pts
2026-05-27 09:00:51,233 [INFO] fplmodel - Bench 3 | Rúben dos Santos Gato Alves Dias (Man City) - 4.09 pts
2026-05-27 09:00:51,233 [INFO] fplmodel - Bench 4 | Nick Pope (Newcastle) - 4.23 pts
2026-05-27 09:00:51,243 [INFO] fplmodel - Predictions saved to /Users/kyle/Documents/FPL-Prediction/outputs/predictions_gw4.csv
2026-05-27 09:00:51,244 [INFO] fplmodel - Starting XI saved to /Users/kyle/Documents/FPL-Prediction/outputs/starting_xi_gw4.csv
2026-05-27 09:00:51,244 [INFO] fplmodel - Bench saved to /Users/kyle/Documents/FPL-Prediction/outputs/bench_gw4.csv
2026-05-27 09:00:51,245 [INFO] fplmodel - Best XI JSON saved to /Users/kyle/Documents/FPL-Prediction/outputs/best_xi_gw4.json
2026-05-27 09:00:51,245 [INFO] fplmodel - Rendering best XI graphic...
2026-05-27 09:00:51,383 [INFO] fplmodel - Rendering best XI graphic completed in 0.14s
2026-05-27 09:00:51,383 [INFO] fplmodel - Best XI graphic generated at /Users/kyle/Documents/FPL-Prediction/outputs/best_xi_gw4.png
2026-05-27 09:00:51,392 [INFO] fplmodel - Residuals saved to /Users/kyle/Documents/FPL-Prediction/outputs/residuals_gw3.csv
2026-05-27 09:00:51,392 [INFO] fplmodel - Pipeline complete for GW 4
