2025-12-09 12:53:46,583 [INFO] fplmodel - Logging initialised. Writing to /Users/kyle/Documents/FPL-Prediction/logs/run_20251209_125346.log
2025-12-09 12:53:46,583 [INFO] fplmodel - Starting pipeline run (force_refetch=False)
2025-12-09 12:53:46,583 [INFO] fplmodel - Fetching bootstrap static data...
2025-12-09 12:53:46,602 [INFO] fplmodel - Fetching bootstrap static data completed in 0.02s
2025-12-09 12:53:46,602 [INFO] fplmodel - Fetching fixtures data...
2025-12-09 12:53:46,640 [INFO] fplmodel - Fetching fixtures data completed in 0.04s
2025-12-09 12:53:46,640 [INFO] fplmodel - Normalising bootstrap data...
2025-12-09 12:53:46,650 [INFO] fplmodel - Normalising bootstrap data completed in 0.01s
2025-12-09 12:53:46,650 [INFO] fplmodel - Loaded normalised frames: 759 elements, 20 teams, 38 events
2025-12-09 12:53:46,650 [INFO] fplmodel - Gameweek override applied -> next_gw=19 | last_finished_gw=18
2025-12-09 12:53:46,650 [INFO] fplmodel - Next gameweek: 19 | Last finished gameweek: 18
2025-12-09 12:53:46,650 [INFO] fplmodel - Renaming log file to highlight gameweek 19
2025-12-09 12:53:46,650 [INFO] fplmodel - Log file renamed to /Users/kyle/Documents/FPL-Prediction/logs/run_gw19_20251209_125346.log
2025-12-09 12:53:46,651 [INFO] fplmodel - Fetching player histories for 759 players (force_refetch=False)...
2025-12-09 12:53:47,531 [INFO] fplmodel - Fetching player histories for 759 players (force_refetch=False) completed in 0.88s
2025-12-09 12:53:47,533 [INFO] fplmodel - Loading 759 player history files from /Users/kyle/Documents/FPL-Prediction/data/raw
2025-12-09 12:53:47,533 [INFO] fplmodel - Collating player history JSON into dataframe...
2025-12-09 12:53:47,903 [INFO] fplmodel - Collating player history JSON into dataframe completed in 0.37s
2025-12-09 12:53:48,273 [INFO] fplmodel - Built player histories dataframe with 66540 rows
2025-12-09 12:53:48,273 [INFO] fplmodel - Loading external history data...
2025-12-09 12:53:49,085 [INFO] fplmodel - Loading external history data completed in 0.81s
2025-12-09 12:53:49,125 [INFO] fplmodel - Loaded 131605 external history rows for seasons 2020-21, 2021-22, 2022-23, 2023-24, 2024-25
2025-12-09 12:53:49,215 [INFO] fplmodel - Combined history dataset now has 192346 rows
2025-12-09 12:53:49,216 [INFO] fplmodel - Building training and prediction feature frames...
2025-12-09 12:53:53,160 [INFO] fplmodel - Building training and prediction feature frames completed in 3.94s
2025-12-09 12:53:53,160 [INFO] fplmodel - Prepared features: X_train=(115290, 156), y_train=115290, X_pred=(759, 163)
2025-12-09 12:53:53,164 [INFO] fplmodel - Training models with 156 features
2025-12-09 12:53:53,164 [INFO] fplmodel - Training feature columns: total_points_ma5, minutes_ma5, goals_scored_ma5, assists_ma5, clean_sheets_ma5, influence_ma5, creativity_ma5, threat_ma5, ict_index_ma5, goals_conceded_ma5, own_goals_ma5, penalties_saved_ma5, penalties_missed_ma5, yellow_cards_ma5, red_cards_ma5, saves_ma5, bonus_ma5, bps_ma5, clearances_blocks_interceptions_ma5, recoveries_ma5, tackles_ma5, defensive_contribution_ma5, starts_ma5, expected_goals_ma5, expected_assists_ma5, expected_goal_involvements_ma5, expected_goals_conceded_ma5, value_ma5, transfers_balance_ma5, selected_ma5, transfers_in_ma5, transfers_out_ma5, attacking_returns_ma5, finishing_plus_minus_ma5, finishing_ratio_ma5, creation_plus_minus_ma5, creation_ratio_ma5, xgi_plus_minus_ma5, minutes_share_ma5, points_per_90_ma5, tackles_plus_interceptions_ma5, defensive_actions_ma5, total_points_lag1, minutes_lag1, goals_scored_lag1, assists_lag1, clean_sheets_lag1, influence_lag1, creativity_lag1, threat_lag1, ict_index_lag1, goals_conceded_lag1, own_goals_lag1, penalties_saved_lag1, penalties_missed_lag1, yellow_cards_lag1, red_cards_lag1, saves_lag1, bonus_lag1, bps_lag1, clearances_blocks_interceptions_lag1, recoveries_lag1, tackles_lag1, defensive_contribution_lag1, starts_lag1, expected_goals_lag1, expected_assists_lag1, expected_goal_involvements_lag1, expected_goals_conceded_lag1, value_lag1, transfers_balance_lag1, selected_lag1, transfers_in_lag1, transfers_out_lag1, attacking_returns_lag1, finishing_plus_minus_lag1, finishing_ratio_lag1, creation_plus_minus_lag1, creation_ratio_lag1, xgi_plus_minus_lag1, minutes_share_lag1, points_per_90_lag1, tackles_plus_interceptions_lag1, defensive_actions_lag1, team_goals_for_ma5, team_goals_against_ma5, team_goal_diff_ma5, team_clean_sheet_ma5, team_conceded_two_plus_ma5, team_match_points_ma5, opp_team_goals_for_ma5, opp_team_goals_against_ma5, opp_team_goal_diff_ma5, opp_team_clean_sheet_ma5, opp_team_conceded_two_plus_ma5, opp_team_match_points_ma5, was_home, team_strength_overall, team_strength_home, team_strength_away, team_attack_home, team_attack_away, team_def_home, team_def_away, team_form_rating, team_points_table, team_league_position, team_matches_played, team_wins, team_draws, team_losses, opp_strength_overall, opp_strength_home, opp_strength_away, opp_attack_home, opp_attack_away, opp_def_home, opp_def_away, opp_form_rating, opp_points_table, opp_league_position, opp_matches_played, opp_wins, opp_draws, opp_losses, form, points_per_game, value_form, value_season, selected_by_percent, expected_goals_per_90, expected_assists_per_90, expected_goal_involvements_per_90, expected_goals_conceded_per_90, goals_conceded_per_90, saves_per_90, starts_per_90, clean_sheets_per_90, defensive_contribution_per_90, availability_this_round, availability_next_round, status_availability, status_injury_flag, injury_risk_flag, corners_and_indirect_freekicks_order, direct_freekicks_order, penalties_order, has_corners_duty, primary_corners_taker, has_direct_fk_duty, primary_direct_fk_taker, has_penalty_duty, primary_penalty_taker, set_piece_duty_score, player_bias, pos_bias
2025-12-09 12:53:53,164 [INFO] fplmodel - Training prediction models...
2025-12-09 12:53:53,325 [INFO] fplmodel.model - Season sample weights applied: 2020-21: 0.25, 2021-22: 0.25, 2022-23: 0.34, 2023-24: 0.49, 2024-25: 0.70, 2025-26: 1.00
2025-12-09 12:53:53,325 [INFO] fplmodel.model - Using TimeSeriesSplit with 3 folds for hyperparameter tuning.
2025-12-09 12:54:41,111 [INFO] fplmodel.model - Best classifier[hist_gbdt] params from tuning: {'est__min_samples_leaf': 20, 'est__max_iter': 350, 'est__max_depth': 4, 'est__learning_rate': 0.04, 'est__l2_regularization': 0.1} (score=1.0000)
2025-12-09 12:55:43,320 [INFO] fplmodel.model - Best regressor[hist_gbdt] params from tuning: {'est__min_samples_leaf': 20, 'est__max_iter': 300, 'est__max_depth': 8, 'est__learning_rate': 0.06, 'est__l2_regularization': 0.05} (score=-0.9982)
2025-12-09 12:55:43,321 [INFO] fplmodel.model - Candidate Histogram Gradient Boosting | classifier=1.0000 ± 0.0000 ↑ | regressor=0.9982 ± 0.0491 ↓
2025-12-09 12:57:58,359 [INFO] fplmodel.model - Best classifier[random_forest] params from tuning: {'est__n_estimators': 200, 'est__min_samples_split': 6, 'est__min_samples_leaf': 4, 'est__max_features': 'sqrt', 'est__max_depth': None} (score=1.0000)
2025-12-09 13:20:36,518 [INFO] fplmodel.model - Best regressor[random_forest] params from tuning: {'est__n_estimators': 600, 'est__min_samples_split': 6, 'est__min_samples_leaf': 4, 'est__max_features': 0.7, 'est__max_depth': 20} (score=-0.9882)
2025-12-09 13:20:36,519 [INFO] fplmodel.model - Candidate Random Forest | classifier=1.0000 ± 0.0000 ↑ | regressor=0.9882 ± 0.0319 ↓
2025-12-09 13:21:51,416 [INFO] fplmodel.model - Best classifier[neural_network] params from tuning: {'est__learning_rate_init': 0.001, 'est__hidden_layer_sizes': (256, 128), 'est__beta_1': 0.85, 'est__alpha': 0.0005} (score=0.9990)
2025-12-09 13:22:49,933 [INFO] fplmodel.model - Best regressor[neural_network] params from tuning: {'est__learning_rate_init': 0.003, 'est__hidden_layer_sizes': (128, 128, 64), 'est__beta_1': 0.9, 'est__alpha': 0.001} (score=-1.0182)
2025-12-09 13:22:49,934 [INFO] fplmodel.model - Candidate Neural Network (MLP) | classifier=0.9990 ± 0.0005 ↑ | regressor=1.0182 ± 0.1453 ↓
2025-12-09 13:22:49,936 [INFO] fplmodel.model - Saved model selection summary to /Users/kyle/Documents/FPL-Prediction/models/model_selection_summary.csv
2025-12-09 13:22:49,936 [INFO] fplmodel.model - Selected classifier model: Histogram Gradient Boosting (balanced_accuracy=1.0000 ± 0.0000 ↑)
2025-12-09 13:22:49,936 [INFO] fplmodel.model - Selected regressor model: Random Forest (MAE=0.9882 ± 0.0319 ↓)
2025-12-09 13:26:00,558 [INFO] fplmodel.model - Classifier (histogram gradient boosting) feature selector dropped 40 column(s): availability_next_round, bps_lag1, bps_ma5, creation_plus_minus_lag1, creation_plus_minus_ma5, defensive_actions_lag1, defensive_actions_ma5, expected_goal_involvements_lag1, expected_goal_involvements_ma5, expected_goal_involvements_per_90, ... (+30 more)
2025-12-09 13:26:00,558 [INFO] fplmodel.model - Regressor (random forest) feature selector dropped 40 column(s): availability_next_round, bps_lag1, bps_ma5, creation_plus_minus_lag1, creation_plus_minus_ma5, defensive_actions_lag1, defensive_actions_ma5, expected_goal_involvements_lag1, expected_goal_involvements_ma5, expected_goal_involvements_per_90, ... (+30 more)
2025-12-09 13:26:00,558 [INFO] fplmodel.model - Final model selection: classifier=Histogram Gradient Boosting | regressor=Random Forest
2025-12-09 13:26:00,793 [INFO] fplmodel - Training prediction models completed in 1927.62s
2025-12-09 13:26:00,828 [INFO] fplmodel - Top feature weights for regressor: total_points_lag1: 0.3577, recoveries_lag1: 0.0860, total_points_ma5: 0.0765, defensive_contribution_lag1: 0.0372, points_per_90_lag1: 0.0284, bonus_lag1: 0.0236, player_bias: 0.0208, minutes_ma5: 0.0128, team_conceded_two_plus_ma5: 0.0122, selected_lag1: 0.0118, team_clean_sheet_ma5: 0.0094, value_ma5: 0.0093, selected_ma5: 0.0091, bonus_ma5: 0.0091, transfers_balance_lag1: 0.0086
2025-12-09 13:26:00,829 [INFO] fplmodel - Estimator HistGradientBoostingClassifier for classifier does not expose feature_importances_; skipping logging.
2025-12-09 13:26:00,829 [INFO] fplmodel - Model training complete; fitted 3 candidate pair(s).
2025-12-09 13:26:00,829 [INFO] fplmodel - Generating next gameweek predictions...
2025-12-09 13:26:00,944 [INFO] fplmodel - Generating next gameweek predictions completed in 0.11s
2025-12-09 13:26:00,945 [INFO] fplmodel - Generated ensemble predictions for 759 players using 3 model(s): Histogram Gradient Boosting, Random Forest, Neural Network (MLP)
2025-12-09 13:26:00,947 [INFO] fplmodel - Applied fixture multipliers; average EP now 1.89
2025-12-09 13:26:00,947 [INFO] fplmodel - Top 5 expected point predictions (ensemble): Samuel Chukwueze (8.70); Curtis Jones (7.20); Tanaka Ao (6.01); Bukayo Saka (5.61); William Saliba (5.55)
2025-12-09 13:26:00,948 [INFO] fplmodel - Evaluating last finished gameweek residuals...
2025-12-09 13:26:01,042 [INFO] fplmodel - Evaluating last finished gameweek residuals completed in 0.09s
2025-12-09 13:26:01,042 [INFO] fplmodel - Residuals computed for 2730 players in GW 18
2025-12-09 13:26:01,042 [INFO] fplmodel - Selecting best XI from 759 candidates
2025-12-09 13:26:01,042 [INFO] fplmodel - Optimising best XI selection...
2025-12-09 13:26:01,832 [INFO] fplmodel - Optimising best XI selection completed in 0.79s
2025-12-09 13:26:01,832 [INFO] fplmodel - Selected squad: total cost 84.6M | starting cost 61.5M | bench cost 23.1M
2025-12-09 13:26:01,832 [INFO] fplmodel - Projected points: XI 63.68 | Captain included 72.38 | Bench 17.20
2025-12-09 13:26:01,832 [INFO] fplmodel - Captain: Samuel Chukwueze
2025-12-09 13:26:01,832 [INFO] fplmodel - XI | Alisson Becker (Liverpool) - 4.81 pts | 5.4M
2025-12-09 13:26:01,832 [INFO] fplmodel - XI | William Saliba (Arsenal) - 5.55 pts | 6.0M
2025-12-09 13:26:01,832 [INFO] fplmodel - XI | James Tarkowski (Everton) - 5.44 pts | 5.4M
2025-12-09 13:26:01,832 [INFO] fplmodel - XI | Tosin Adarabioyo (Chelsea) - 5.18 pts | 4.2M
2025-12-09 13:26:01,832 [INFO] fplmodel - XI | Chris Richards (Crystal Palace) - 5.11 pts | 4.6M
2025-12-09 13:26:01,833 [INFO] fplmodel - XI | Samuel Chukwueze (Fulham) - 8.70 pts | 5.3M
2025-12-09 13:26:01,833 [INFO] fplmodel - XI | Curtis Jones (Liverpool) - 7.20 pts | 5.4M
2025-12-09 13:26:01,833 [INFO] fplmodel - XI | Tanaka Ao (Leeds) - 6.01 pts | 4.8M
2025-12-09 13:26:01,833 [INFO] fplmodel - XI | Bukayo Saka (Arsenal) - 5.61 pts | 10.2M
2025-12-09 13:26:01,833 [INFO] fplmodel - XI | Anton Stach (Leeds) - 5.46 pts | 4.8M
2025-12-09 13:26:01,833 [INFO] fplmodel - XI | Eddie Nketiah (Crystal Palace) - 4.60 pts | 5.4M
2025-12-09 13:26:01,833 [INFO] fplmodel - Bench 1 | Cristian Romero (Spurs) - 4.71 pts
2025-12-09 13:26:01,833 [INFO] fplmodel - Bench 2 | Igor Jesus Maciel da Cruz (Nott'm Forest) - 4.52 pts
2025-12-09 13:26:01,833 [INFO] fplmodel - Bench 3 | Hugo Ekitiké (Liverpool) - 4.45 pts
2025-12-09 13:26:01,833 [INFO] fplmodel - Bench 4 | Remi Matthews (Crystal Palace) - 3.53 pts
2025-12-09 13:26:01,838 [INFO] fplmodel - Predictions saved to /Users/kyle/Documents/FPL-Prediction/outputs/predictions_gw19.csv
2025-12-09 13:26:01,839 [INFO] fplmodel - Starting XI saved to /Users/kyle/Documents/FPL-Prediction/outputs/starting_xi_gw19.csv
2025-12-09 13:26:01,840 [INFO] fplmodel - Bench saved to /Users/kyle/Documents/FPL-Prediction/outputs/bench_gw19.csv
2025-12-09 13:26:01,840 [INFO] fplmodel - Best XI JSON saved to /Users/kyle/Documents/FPL-Prediction/outputs/best_xi_gw19.json
2025-12-09 13:26:01,840 [INFO] fplmodel - Rendering best XI graphic...
2025-12-09 13:26:01,980 [INFO] fplmodel - Rendering best XI graphic completed in 0.14s
2025-12-09 13:26:01,980 [INFO] fplmodel - Best XI graphic generated at /Users/kyle/Documents/FPL-Prediction/outputs/best_xi_gw19.png
2025-12-09 13:26:01,984 [INFO] fplmodel - Residuals saved to /Users/kyle/Documents/FPL-Prediction/outputs/residuals_gw18.csv
2025-12-09 13:26:01,984 [INFO] fplmodel - Pipeline complete for GW 19
