2026-05-04 20:53:26,984 [INFO] fplmodel - Logging initialised. Writing to /Users/kyle/Documents/FPL-Prediction/logs/run_20260504_205326.log
2026-05-04 20:53:26,984 [INFO] fplmodel - Starting pipeline run (force_refetch=False)
2026-05-04 20:53:26,984 [INFO] fplmodel - Fetching bootstrap static data...
2026-05-04 20:53:27,007 [INFO] fplmodel - Fetching bootstrap static data completed in 0.02s
2026-05-04 20:53:27,007 [INFO] fplmodel - Fetching fixtures data...
2026-05-04 20:53:27,049 [INFO] fplmodel - Fetching fixtures data completed in 0.04s
2026-05-04 20:53:27,049 [INFO] fplmodel - Normalising bootstrap data...
2026-05-04 20:53:27,060 [INFO] fplmodel - Normalising bootstrap data completed in 0.01s
2026-05-04 20:53:27,060 [INFO] fplmodel - Loaded normalised frames: 832 elements, 20 teams, 38 events
2026-05-04 20:53:27,060 [INFO] fplmodel - Gameweek override applied -> next_gw=36 | last_finished_gw=35
2026-05-04 20:53:27,060 [INFO] fplmodel - Next gameweek: 36 | Last finished gameweek: 35
2026-05-04 20:53:27,060 [INFO] fplmodel - Renaming log file to highlight gameweek 36
2026-05-04 20:53:27,060 [INFO] fplmodel - Log file renamed to /Users/kyle/Documents/FPL-Prediction/logs/run_gw36_20260504_205326.log
2026-05-04 20:53:27,060 [INFO] fplmodel - Fetching player histories for 832 players (force_refetch=False)...
2026-05-04 20:53:27,060 [INFO] fplmodel.data_pull - Fetching player histories with 8 worker thread(s).
2026-05-04 20:53:27,171 [INFO] fplmodel.data_pull - Player history fetch progress: 50/832 complete (0 failures).
2026-05-04 20:53:27,276 [INFO] fplmodel.data_pull - Player history fetch progress: 100/832 complete (0 failures).
2026-05-04 20:53:27,376 [INFO] fplmodel.data_pull - Player history fetch progress: 150/832 complete (0 failures).
2026-05-04 20:53:27,477 [INFO] fplmodel.data_pull - Player history fetch progress: 200/832 complete (0 failures).
2026-05-04 20:53:27,575 [INFO] fplmodel.data_pull - Player history fetch progress: 250/832 complete (0 failures).
2026-05-04 20:53:27,733 [INFO] fplmodel.data_pull - Player history fetch progress: 300/832 complete (0 failures).
2026-05-04 20:53:27,836 [INFO] fplmodel.data_pull - Player history fetch progress: 350/832 complete (0 failures).
2026-05-04 20:53:27,941 [INFO] fplmodel.data_pull - Player history fetch progress: 400/832 complete (0 failures).
2026-05-04 20:53:28,039 [INFO] fplmodel.data_pull - Player history fetch progress: 450/832 complete (0 failures).
2026-05-04 20:53:28,145 [INFO] fplmodel.data_pull - Player history fetch progress: 500/832 complete (0 failures).
2026-05-04 20:53:28,252 [INFO] fplmodel.data_pull - Player history fetch progress: 550/832 complete (0 failures).
2026-05-04 20:53:28,350 [INFO] fplmodel.data_pull - Player history fetch progress: 600/832 complete (0 failures).
2026-05-04 20:53:28,452 [INFO] fplmodel.data_pull - Player history fetch progress: 650/832 complete (0 failures).
2026-05-04 20:53:28,551 [INFO] fplmodel.data_pull - Player history fetch progress: 700/832 complete (0 failures).
2026-05-04 20:53:28,658 [INFO] fplmodel.data_pull - Player history fetch progress: 750/832 complete (0 failures).
2026-05-04 20:53:28,760 [INFO] fplmodel.data_pull - Player history fetch progress: 800/832 complete (0 failures).
2026-05-04 20:53:28,811 [INFO] fplmodel.data_pull - Player history fetch progress: 832/832 complete (0 failures).
2026-05-04 20:53:28,878 [INFO] fplmodel - Fetching player histories for 832 players (force_refetch=False) completed in 1.82s
2026-05-04 20:53:28,879 [INFO] fplmodel - Loading 832 player history files from /Users/kyle/Documents/FPL-Prediction/data/raw
2026-05-04 20:53:28,879 [INFO] fplmodel - Collating player history JSON into dataframe...
2026-05-04 20:53:29,699 [INFO] fplmodel - Collating player history JSON into dataframe completed in 0.82s
2026-05-04 20:53:30,611 [INFO] fplmodel - Built player histories dataframe with 162876 rows
2026-05-04 20:53:30,611 [INFO] fplmodel - Loading external history data...
2026-05-04 20:53:31,369 [INFO] fplmodel - Loading external history data completed in 0.76s
2026-05-04 20:53:31,409 [INFO] fplmodel - Loaded 133400 external history rows for seasons 2020-21, 2021-22, 2022-23, 2023-24, 2024-25
2026-05-04 20:53:31,562 [INFO] fplmodel - Combined history dataset now has 282030 rows
2026-05-04 20:53:31,563 [INFO] fplmodel - Building training and prediction feature frames...
2026-05-04 20:53:51,323 [INFO] fplmodel - Building training and prediction feature frames completed in 19.76s
2026-05-04 20:53:51,323 [INFO] fplmodel - Prepared features: X_train=(267079, 156), y_train=267079, X_pred=(832, 163)
2026-05-04 20:53:51,341 [INFO] fplmodel - Training models with 156 features
2026-05-04 20:53:51,342 [INFO] fplmodel - Training feature columns: total_points_ma5, minutes_ma5, goals_scored_ma5, assists_ma5, clean_sheets_ma5, influence_ma5, creativity_ma5, threat_ma5, ict_index_ma5, goals_conceded_ma5, own_goals_ma5, penalties_saved_ma5, penalties_missed_ma5, yellow_cards_ma5, red_cards_ma5, saves_ma5, bonus_ma5, bps_ma5, clearances_blocks_interceptions_ma5, recoveries_ma5, tackles_ma5, defensive_contribution_ma5, starts_ma5, expected_goals_ma5, expected_assists_ma5, expected_goal_involvements_ma5, expected_goals_conceded_ma5, value_ma5, transfers_balance_ma5, selected_ma5, transfers_in_ma5, transfers_out_ma5, attacking_returns_ma5, finishing_plus_minus_ma5, finishing_ratio_ma5, creation_plus_minus_ma5, creation_ratio_ma5, xgi_plus_minus_ma5, minutes_share_ma5, points_per_90_ma5, tackles_plus_interceptions_ma5, defensive_actions_ma5, total_points_lag1, minutes_lag1, goals_scored_lag1, assists_lag1, clean_sheets_lag1, influence_lag1, creativity_lag1, threat_lag1, ict_index_lag1, goals_conceded_lag1, own_goals_lag1, penalties_saved_lag1, penalties_missed_lag1, yellow_cards_lag1, red_cards_lag1, saves_lag1, bonus_lag1, bps_lag1, clearances_blocks_interceptions_lag1, recoveries_lag1, tackles_lag1, defensive_contribution_lag1, starts_lag1, expected_goals_lag1, expected_assists_lag1, expected_goal_involvements_lag1, expected_goals_conceded_lag1, value_lag1, transfers_balance_lag1, selected_lag1, transfers_in_lag1, transfers_out_lag1, attacking_returns_lag1, finishing_plus_minus_lag1, finishing_ratio_lag1, creation_plus_minus_lag1, creation_ratio_lag1, xgi_plus_minus_lag1, minutes_share_lag1, points_per_90_lag1, tackles_plus_interceptions_lag1, defensive_actions_lag1, team_goals_for_ma5, team_goals_against_ma5, team_goal_diff_ma5, team_clean_sheet_ma5, team_conceded_two_plus_ma5, team_match_points_ma5, opp_team_goals_for_ma5, opp_team_goals_against_ma5, opp_team_goal_diff_ma5, opp_team_clean_sheet_ma5, opp_team_conceded_two_plus_ma5, opp_team_match_points_ma5, was_home, team_strength_overall, team_strength_home, team_strength_away, team_attack_home, team_attack_away, team_def_home, team_def_away, team_form_rating, team_points_table, team_league_position, team_matches_played, team_wins, team_draws, team_losses, opp_strength_overall, opp_strength_home, opp_strength_away, opp_attack_home, opp_attack_away, opp_def_home, opp_def_away, opp_form_rating, opp_points_table, opp_league_position, opp_matches_played, opp_wins, opp_draws, opp_losses, form, points_per_game, value_form, value_season, selected_by_percent, expected_goals_per_90, expected_assists_per_90, expected_goal_involvements_per_90, expected_goals_conceded_per_90, goals_conceded_per_90, saves_per_90, starts_per_90, clean_sheets_per_90, defensive_contribution_per_90, availability_this_round, availability_next_round, status_availability, status_injury_flag, injury_risk_flag, corners_and_indirect_freekicks_order, direct_freekicks_order, penalties_order, has_corners_duty, primary_corners_taker, has_direct_fk_duty, primary_direct_fk_taker, has_penalty_duty, primary_penalty_taker, set_piece_duty_score, player_bias, pos_bias
2026-05-04 20:53:51,342 [INFO] fplmodel - Training prediction models...
2026-05-04 20:53:51,733 [INFO] fplmodel.model - Season sample weights applied: 2020-21: 0.25, 2021-22: 0.25, 2022-23: 0.34, 2023-24: 0.49, 2024-25: 0.70, 2025-26: 1.00
2026-05-04 20:53:51,733 [INFO] fplmodel.model - Using TimeSeriesSplit with 3 folds for hyperparameter tuning.
2026-05-04 20:53:51,734 [INFO] fplmodel.model - Using actual match minutes as classifier target (minutes >= 60).
2026-05-04 20:53:51,740 [INFO] fplmodel.model - Model selection using most recent 60000/267079 training rows; final fits still use all rows.
2026-05-04 20:54:19,112 [INFO] fplmodel.model - Best classifier[hist_gbdt] params from tuning: {'est__min_samples_leaf': 40, 'est__max_iter': 350, 'est__max_depth': None, 'est__learning_rate': 0.08, 'est__l2_regularization': 0.05} (score=0.7799)
2026-05-04 20:54:37,588 [INFO] fplmodel.model - Best regressor[hist_gbdt] params from tuning: {'est__min_samples_leaf': 20, 'est__max_iter': 400, 'est__max_depth': 4, 'est__learning_rate': 0.04, 'est__l2_regularization': 0.1} (score=-1.0975)
2026-05-04 20:54:37,588 [INFO] fplmodel.model - Candidate Histogram Gradient Boosting | classifier=0.7799 ± 0.0220 ↑ | regressor=1.0975 ± 0.0762 ↓
2026-05-04 20:55:10,836 [INFO] fplmodel.model - Best classifier[xgboost] params from tuning: {'est__subsample': 0.9, 'est__reg_lambda': 1.5, 'est__n_estimators': 550, 'est__max_depth': 8, 'est__learning_rate': 0.05, 'est__gamma': 0.3, 'est__colsample_bytree': 0.85} (score=0.7765)
2026-05-04 20:55:39,870 [INFO] fplmodel.model - Best regressor[xgboost] params from tuning: {'est__subsample': 0.8, 'est__reg_lambda': 1.5, 'est__n_estimators': 550, 'est__max_depth': 4, 'est__learning_rate': 0.05, 'est__gamma': 0.0, 'est__colsample_bytree': 1.0} (score=-1.1003)
2026-05-04 20:55:39,870 [INFO] fplmodel.model - Candidate XGBoost | classifier=0.7765 ± 0.0278 ↑ | regressor=1.1003 ± 0.0957 ↓
2026-05-04 20:55:39,871 [INFO] fplmodel.model - Saved model selection summary to /Users/kyle/Documents/FPL-Prediction/models/model_selection_summary.csv
2026-05-04 20:55:39,871 [INFO] fplmodel.model - Selected classifier model: Histogram Gradient Boosting (balanced_accuracy=0.7799 ± 0.0220 ↑)
2026-05-04 20:55:39,871 [INFO] fplmodel.model - Selected regressor model: Histogram Gradient Boosting (MAE=1.0975 ± 0.0762 ↓)
2026-05-04 20:57:19,500 [INFO] fplmodel.model - Classifier (histogram gradient boosting) feature selector dropped 37 column(s): availability_next_round, bps_lag1, bps_ma5, creation_plus_minus_lag1, creation_plus_minus_ma5, defensive_actions_lag1, defensive_actions_ma5, expected_goal_involvements_ma5, expected_goal_involvements_per_90, injury_risk_flag, ... (+27 more)
2026-05-04 20:57:19,501 [INFO] fplmodel.model - Regressor (histogram gradient boosting) feature selector dropped 37 column(s): availability_next_round, bps_lag1, bps_ma5, creation_plus_minus_lag1, creation_plus_minus_ma5, defensive_actions_lag1, defensive_actions_ma5, expected_goal_involvements_ma5, expected_goal_involvements_per_90, injury_risk_flag, ... (+27 more)
2026-05-04 20:57:19,501 [INFO] fplmodel.model - Final model selection: classifier=Histogram Gradient Boosting | regressor=Histogram Gradient Boosting
2026-05-04 20:57:19,561 [INFO] fplmodel - Training prediction models completed in 208.22s
2026-05-04 20:57:19,561 [INFO] fplmodel - Estimator HistGradientBoostingRegressor for regressor does not expose feature_importances_; skipping logging.
2026-05-04 20:57:19,561 [INFO] fplmodel - Estimator HistGradientBoostingClassifier for classifier does not expose feature_importances_; skipping logging.
2026-05-04 20:57:19,561 [INFO] fplmodel - Model training complete; fitted 2 candidate pair(s).
2026-05-04 20:57:19,561 [INFO] fplmodel - Generating next gameweek predictions...
2026-05-04 20:57:19,610 [INFO] fplmodel - Generating next gameweek predictions completed in 0.05s
2026-05-04 20:57:19,611 [INFO] fplmodel - Generated ensemble predictions for 832 players using 2 model(s): Histogram Gradient Boosting, XGBoost
2026-05-04 20:57:19,617 [INFO] fplmodel - Applied fixture multipliers; average EP now 1.88
2026-05-04 20:57:19,618 [INFO] fplmodel - Top 5 expected point predictions (ensemble): Erling Haaland (8.55); Rayan Cherki (8.37); Jérémy Doku (8.02); Nico O'Reilly (6.49); Jean-Philippe Mateta (6.39)
2026-05-04 20:57:19,618 [INFO] fplmodel - Evaluating last finished gameweek residuals...
2026-05-04 20:57:19,720 [INFO] fplmodel - Evaluating last finished gameweek residuals completed in 0.10s
2026-05-04 20:57:19,720 [INFO] fplmodel - Residuals computed for 8738 players in GW 35
2026-05-04 20:57:19,720 [INFO] fplmodel - Selecting best XI from 832 candidates
2026-05-04 20:57:19,720 [INFO] fplmodel - Optimising best XI selection...
2026-05-04 20:57:20,587 [INFO] fplmodel - Optimising best XI selection completed in 0.87s
2026-05-04 20:57:20,587 [INFO] fplmodel - Selected squad: total cost 99.6M | starting cost 76.6M | bench cost 23.0M
2026-05-04 20:57:20,588 [INFO] fplmodel - Projected points: XI 67.25 | Captain included 75.80 | Bench 17.24
2026-05-04 20:57:20,588 [INFO] fplmodel - Captain: Erling Haaland
2026-05-04 20:57:20,588 [INFO] fplmodel - XI | Remi Matthews (Crystal Palace) - 5.22 pts | 3.9M
2026-05-04 20:57:20,588 [INFO] fplmodel - XI | Borna Sosa (Crystal Palace) - 5.95 pts | 4.8M
2026-05-04 20:57:20,588 [INFO] fplmodel - XI | Gabriel dos Santos Magalhães (Arsenal) - 4.93 pts | 7.2M
2026-05-04 20:57:20,588 [INFO] fplmodel - XI | Jaka Bijol (Leeds) - 4.64 pts | 3.9M
2026-05-04 20:57:20,588 [INFO] fplmodel - XI | Rayan Cherki (Man City) - 8.37 pts | 6.6M
2026-05-04 20:57:20,588 [INFO] fplmodel - XI | Jérémy Doku (Man City) - 8.02 pts | 6.4M
2026-05-04 20:57:20,588 [INFO] fplmodel - XI | Rayan Vitor Simplício Rocha (Bournemouth) - 5.16 pts | 5.4M
2026-05-04 20:57:20,588 [INFO] fplmodel - XI | Bruno Borges Fernandes (Man Utd) - 5.05 pts | 10.4M
2026-05-04 20:57:20,588 [INFO] fplmodel - XI | Carlos Henrique Casimiro (Man Utd) - 4.98 pts | 5.8M
2026-05-04 20:57:20,588 [INFO] fplmodel - XI | Erling Haaland (Man City) - 8.55 pts | 14.6M
2026-05-04 20:57:20,588 [INFO] fplmodel - XI | Jean-Philippe Mateta (Crystal Palace) - 6.39 pts | 7.6M
2026-05-04 20:57:20,588 [INFO] fplmodel - Bench 1 | Marc Cucurella Saseta (Chelsea) - 4.56 pts
2026-05-04 20:57:20,588 [INFO] fplmodel - Bench 2 | Adrien Truffert (Bournemouth) - 4.22 pts
2026-05-04 20:57:20,588 [INFO] fplmodel - Bench 3 | Igor Thiago Nascimento Rodrigues (Brentford) - 4.19 pts
2026-05-04 20:57:20,588 [INFO] fplmodel - Bench 4 | Caoimhín Kelleher (Brentford) - 4.26 pts
2026-05-04 20:57:20,599 [INFO] fplmodel - Predictions saved to /Users/kyle/Documents/FPL-Prediction/outputs/predictions_gw36.csv
2026-05-04 20:57:20,600 [INFO] fplmodel - Starting XI saved to /Users/kyle/Documents/FPL-Prediction/outputs/starting_xi_gw36.csv
2026-05-04 20:57:20,600 [INFO] fplmodel - Bench saved to /Users/kyle/Documents/FPL-Prediction/outputs/bench_gw36.csv
2026-05-04 20:57:20,601 [INFO] fplmodel - Best XI JSON saved to /Users/kyle/Documents/FPL-Prediction/outputs/best_xi_gw36.json
2026-05-04 20:57:20,601 [INFO] fplmodel - Rendering best XI graphic...
2026-05-04 20:57:20,744 [INFO] fplmodel - Rendering best XI graphic completed in 0.14s
2026-05-04 20:57:20,744 [INFO] fplmodel - Best XI graphic generated at /Users/kyle/Documents/FPL-Prediction/outputs/best_xi_gw36.png
2026-05-04 20:57:20,755 [INFO] fplmodel - Residuals saved to /Users/kyle/Documents/FPL-Prediction/outputs/residuals_gw35.csv
2026-05-04 20:57:20,755 [INFO] fplmodel - Pipeline complete for GW 36
