2026-01-16 16:44:14,463 [INFO] fplmodel - Logging initialised. Writing to /Users/kyle/Documents/FPL-Prediction/logs/run_20260116_164414.log
2026-01-16 16:44:14,463 [INFO] fplmodel - Starting pipeline run (force_refetch=False)
2026-01-16 16:44:14,463 [INFO] fplmodel - Fetching bootstrap static data...
2026-01-16 16:44:14,482 [INFO] fplmodel - Fetching bootstrap static data completed in 0.02s
2026-01-16 16:44:14,482 [INFO] fplmodel - Fetching fixtures data...
2026-01-16 16:44:14,517 [INFO] fplmodel - Fetching fixtures data completed in 0.03s
2026-01-16 16:44:14,517 [INFO] fplmodel - Normalising bootstrap data...
2026-01-16 16:44:14,526 [INFO] fplmodel - Normalising bootstrap data completed in 0.01s
2026-01-16 16:44:14,527 [INFO] fplmodel - Loaded normalised frames: 796 elements, 20 teams, 38 events
2026-01-16 16:44:14,527 [INFO] fplmodel - Gameweek override applied -> next_gw=22 | last_finished_gw=21
2026-01-16 16:44:14,527 [INFO] fplmodel - Next gameweek: 22 | Last finished gameweek: 21
2026-01-16 16:44:14,527 [INFO] fplmodel - Renaming log file to highlight gameweek 22
2026-01-16 16:44:14,527 [INFO] fplmodel - Log file renamed to /Users/kyle/Documents/FPL-Prediction/logs/run_gw22_20260116_164414.log
2026-01-16 16:44:14,527 [INFO] fplmodel - Fetching player histories for 796 players (force_refetch=False)...
2026-01-16 16:44:15,645 [INFO] fplmodel - Fetching player histories for 796 players (force_refetch=False) completed in 1.12s
2026-01-16 16:44:15,645 [INFO] fplmodel - Loading 796 player history files from /Users/kyle/Documents/FPL-Prediction/data/raw
2026-01-16 16:44:15,645 [INFO] fplmodel - Collating player history JSON into dataframe...
2026-01-16 16:44:16,143 [INFO] fplmodel - Collating player history JSON into dataframe completed in 0.50s
2026-01-16 16:44:16,646 [INFO] fplmodel - Built player histories dataframe with 94560 rows
2026-01-16 16:44:16,647 [INFO] fplmodel - Loading external history data...
2026-01-16 16:44:17,399 [INFO] fplmodel - Loading external history data completed in 0.75s
2026-01-16 16:44:17,437 [INFO] fplmodel - Loaded 132829 external history rows for seasons 2020-21, 2021-22, 2022-23, 2023-24, 2024-25
2026-01-16 16:44:17,540 [INFO] fplmodel - Combined history dataset now has 218937 rows
2026-01-16 16:44:17,541 [INFO] fplmodel - Building training and prediction feature frames...
2026-01-16 16:44:21,759 [INFO] fplmodel - Building training and prediction feature frames completed in 4.22s
2026-01-16 16:44:21,761 [INFO] fplmodel - Prepared features: X_train=(151004, 156), y_train=151004, X_pred=(795, 163)
2026-01-16 16:44:21,766 [INFO] fplmodel - Training models with 156 features
2026-01-16 16:44:21,766 [INFO] fplmodel - Training feature columns: total_points_ma5, minutes_ma5, goals_scored_ma5, assists_ma5, clean_sheets_ma5, influence_ma5, creativity_ma5, threat_ma5, ict_index_ma5, goals_conceded_ma5, own_goals_ma5, penalties_saved_ma5, penalties_missed_ma5, yellow_cards_ma5, red_cards_ma5, saves_ma5, bonus_ma5, bps_ma5, clearances_blocks_interceptions_ma5, recoveries_ma5, tackles_ma5, defensive_contribution_ma5, starts_ma5, expected_goals_ma5, expected_assists_ma5, expected_goal_involvements_ma5, expected_goals_conceded_ma5, value_ma5, transfers_balance_ma5, selected_ma5, transfers_in_ma5, transfers_out_ma5, attacking_returns_ma5, finishing_plus_minus_ma5, finishing_ratio_ma5, creation_plus_minus_ma5, creation_ratio_ma5, xgi_plus_minus_ma5, minutes_share_ma5, points_per_90_ma5, tackles_plus_interceptions_ma5, defensive_actions_ma5, total_points_lag1, minutes_lag1, goals_scored_lag1, assists_lag1, clean_sheets_lag1, influence_lag1, creativity_lag1, threat_lag1, ict_index_lag1, goals_conceded_lag1, own_goals_lag1, penalties_saved_lag1, penalties_missed_lag1, yellow_cards_lag1, red_cards_lag1, saves_lag1, bonus_lag1, bps_lag1, clearances_blocks_interceptions_lag1, recoveries_lag1, tackles_lag1, defensive_contribution_lag1, starts_lag1, expected_goals_lag1, expected_assists_lag1, expected_goal_involvements_lag1, expected_goals_conceded_lag1, value_lag1, transfers_balance_lag1, selected_lag1, transfers_in_lag1, transfers_out_lag1, attacking_returns_lag1, finishing_plus_minus_lag1, finishing_ratio_lag1, creation_plus_minus_lag1, creation_ratio_lag1, xgi_plus_minus_lag1, minutes_share_lag1, points_per_90_lag1, tackles_plus_interceptions_lag1, defensive_actions_lag1, team_goals_for_ma5, team_goals_against_ma5, team_goal_diff_ma5, team_clean_sheet_ma5, team_conceded_two_plus_ma5, team_match_points_ma5, opp_team_goals_for_ma5, opp_team_goals_against_ma5, opp_team_goal_diff_ma5, opp_team_clean_sheet_ma5, opp_team_conceded_two_plus_ma5, opp_team_match_points_ma5, was_home, team_strength_overall, team_strength_home, team_strength_away, team_attack_home, team_attack_away, team_def_home, team_def_away, team_form_rating, team_points_table, team_league_position, team_matches_played, team_wins, team_draws, team_losses, opp_strength_overall, opp_strength_home, opp_strength_away, opp_attack_home, opp_attack_away, opp_def_home, opp_def_away, opp_form_rating, opp_points_table, opp_league_position, opp_matches_played, opp_wins, opp_draws, opp_losses, form, points_per_game, value_form, value_season, selected_by_percent, expected_goals_per_90, expected_assists_per_90, expected_goal_involvements_per_90, expected_goals_conceded_per_90, goals_conceded_per_90, saves_per_90, starts_per_90, clean_sheets_per_90, defensive_contribution_per_90, availability_this_round, availability_next_round, status_availability, status_injury_flag, injury_risk_flag, corners_and_indirect_freekicks_order, direct_freekicks_order, penalties_order, has_corners_duty, primary_corners_taker, has_direct_fk_duty, primary_direct_fk_taker, has_penalty_duty, primary_penalty_taker, set_piece_duty_score, player_bias, pos_bias
2026-01-16 16:44:21,767 [INFO] fplmodel - Training prediction models...
2026-01-16 16:44:21,982 [INFO] fplmodel.model - Season sample weights applied: 2020-21: 0.25, 2021-22: 0.25, 2022-23: 0.34, 2023-24: 0.49, 2024-25: 0.70, 2025-26: 1.00
2026-01-16 16:44:21,982 [INFO] fplmodel.model - Using TimeSeriesSplit with 3 folds for hyperparameter tuning.
2026-01-16 16:45:22,347 [INFO] fplmodel.model - Best classifier[hist_gbdt] params from tuning: {'est__min_samples_leaf': 20, 'est__max_iter': 350, 'est__max_depth': 4, 'est__learning_rate': 0.04, 'est__l2_regularization': 0.1} (score=1.0000)
2026-01-16 16:46:39,639 [INFO] fplmodel.model - Best regressor[hist_gbdt] params from tuning: {'est__min_samples_leaf': 30, 'est__max_iter': 250, 'est__max_depth': None, 'est__learning_rate': 0.06, 'est__l2_regularization': 0.05} (score=-0.9298)
2026-01-16 16:46:39,640 [INFO] fplmodel.model - Candidate Histogram Gradient Boosting | classifier=1.0000 ± 0.0000 ↑ | regressor=0.9298 ± 0.0482 ↓
2026-01-16 16:49:31,325 [INFO] fplmodel.model - Best classifier[random_forest] params from tuning: {'est__n_estimators': 200, 'est__min_samples_split': 6, 'est__min_samples_leaf': 4, 'est__max_features': 'sqrt', 'est__max_depth': None} (score=1.0000)
2026-01-16 17:17:42,951 [INFO] fplmodel.model - Best regressor[random_forest] params from tuning: {'est__n_estimators': 600, 'est__min_samples_split': 6, 'est__min_samples_leaf': 4, 'est__max_features': 0.7, 'est__max_depth': 20} (score=-0.9117)
2026-01-16 17:17:42,954 [INFO] fplmodel.model - Candidate Random Forest | classifier=1.0000 ± 0.0000 ↑ | regressor=0.9117 ± 0.0454 ↓
2026-01-16 17:19:22,824 [INFO] fplmodel.model - Best classifier[neural_network] params from tuning: {'est__learning_rate_init': 0.001, 'est__hidden_layer_sizes': (256, 128), 'est__beta_1': 0.85, 'est__alpha': 0.0005} (score=0.9989)
2026-01-16 17:20:39,704 [INFO] fplmodel.model - Best regressor[neural_network] params from tuning: {'est__learning_rate_init': 0.001, 'est__hidden_layer_sizes': (256, 128), 'est__beta_1': 0.85, 'est__alpha': 0.0005} (score=-0.9551)
2026-01-16 17:20:39,704 [INFO] fplmodel.model - Candidate Neural Network (MLP) | classifier=0.9989 ± 0.0006 ↑ | regressor=0.9551 ± 0.1028 ↓
2026-01-16 17:20:39,705 [INFO] fplmodel.model - Saved model selection summary to /Users/kyle/Documents/FPL-Prediction/models/model_selection_summary.csv
2026-01-16 17:20:39,705 [INFO] fplmodel.model - Selected classifier model: Histogram Gradient Boosting (balanced_accuracy=1.0000 ± 0.0000 ↑)
2026-01-16 17:20:39,705 [INFO] fplmodel.model - Selected regressor model: Random Forest (MAE=0.9117 ± 0.0454 ↓)
2026-01-16 17:24:45,729 [INFO] fplmodel.model - Classifier (histogram gradient boosting) feature selector dropped 36 column(s): bps_lag1, bps_ma5, creation_plus_minus_lag1, creation_plus_minus_ma5, defensive_actions_lag1, defensive_actions_ma5, expected_goal_involvements_lag1, expected_goal_involvements_ma5, has_penalty_duty, minutes_share_lag1, ... (+26 more)
2026-01-16 17:24:45,729 [INFO] fplmodel.model - Regressor (random forest) feature selector dropped 36 column(s): bps_lag1, bps_ma5, creation_plus_minus_lag1, creation_plus_minus_ma5, defensive_actions_lag1, defensive_actions_ma5, expected_goal_involvements_lag1, expected_goal_involvements_ma5, has_penalty_duty, minutes_share_lag1, ... (+26 more)
2026-01-16 17:24:45,729 [INFO] fplmodel.model - Final model selection: classifier=Histogram Gradient Boosting | regressor=Random Forest
2026-01-16 17:24:46,025 [INFO] fplmodel - Training prediction models completed in 2424.19s
2026-01-16 17:24:46,064 [INFO] fplmodel - Top feature weights for regressor: total_points_lag1: 0.3935, total_points_ma5: 0.0799, recoveries_lag1: 0.0782, defensive_contribution_lag1: 0.0340, points_per_90_lag1: 0.0319, bonus_lag1: 0.0277, player_bias: 0.0161, team_conceded_two_plus_ma5: 0.0136, selected_lag1: 0.0105, team_clean_sheet_ma5: 0.0096, selected_ma5: 0.0086, defensive_contribution_ma5: 0.0081, transfers_out_lag1: 0.0080, value_ma5: 0.0080, value_season: 0.0073
2026-01-16 17:24:46,064 [INFO] fplmodel - Estimator HistGradientBoostingClassifier for classifier does not expose feature_importances_; skipping logging.
2026-01-16 17:24:46,064 [INFO] fplmodel - Model training complete; fitted 3 candidate pair(s).
2026-01-16 17:24:46,064 [INFO] fplmodel - Generating next gameweek predictions...
2026-01-16 17:24:46,197 [INFO] fplmodel - Generating next gameweek predictions completed in 0.13s
2026-01-16 17:24:46,199 [INFO] fplmodel - Generated ensemble predictions for 795 players using 3 model(s): Histogram Gradient Boosting, Random Forest, Neural Network (MLP)
2026-01-16 17:24:46,201 [INFO] fplmodel - Applied fixture multipliers; average EP now 1.86
2026-01-16 17:24:46,201 [INFO] fplmodel - Top 5 expected point predictions (ensemble): Gabriel dos Santos Magalhães (9.11); Jurriën Timber (8.44); William Saliba (7.88); Bukayo Saka (7.69); Mateus Mané (7.44)
2026-01-16 17:24:46,201 [INFO] fplmodel - Evaluating last finished gameweek residuals...
2026-01-16 17:24:46,341 [INFO] fplmodel - Evaluating last finished gameweek residuals completed in 0.14s
2026-01-16 17:24:46,341 [INFO] fplmodel - Residuals computed for 7827 players in GW 21
2026-01-16 17:24:46,341 [INFO] fplmodel - Selecting best XI from 795 candidates
2026-01-16 17:24:46,341 [INFO] fplmodel - Optimising best XI selection...
2026-01-16 17:24:47,194 [INFO] fplmodel - Optimising best XI selection completed in 0.85s
2026-01-16 17:24:47,194 [INFO] fplmodel - Selected squad: total cost 92.8M | starting cost 68.0M | bench cost 24.8M
2026-01-16 17:24:47,194 [INFO] fplmodel - Projected points: XI 68.12 | Captain included 77.23 | Bench 16.39
2026-01-16 17:24:47,194 [INFO] fplmodel - Captain: Gabriel dos Santos Magalhães
2026-01-16 17:24:47,194 [INFO] fplmodel - XI | Jordan Pickford (Everton) - 4.33 pts | 5.6M
2026-01-16 17:24:47,194 [INFO] fplmodel - XI | Gabriel dos Santos Magalhães (Arsenal) - 9.11 pts | 6.7M
2026-01-16 17:24:47,194 [INFO] fplmodel - XI | Jurriën Timber (Arsenal) - 8.44 pts | 6.3M
2026-01-16 17:24:47,195 [INFO] fplmodel - XI | Keane Lewis-Potter (Brentford) - 4.86 pts | 4.9M
2026-01-16 17:24:47,195 [INFO] fplmodel - XI | Adrien Truffert (Bournemouth) - 4.80 pts | 4.5M
2026-01-16 17:24:47,195 [INFO] fplmodel - XI | Bukayo Saka (Arsenal) - 7.69 pts | 10.2M
2026-01-16 17:24:47,195 [INFO] fplmodel - XI | James Garner (Everton) - 6.72 pts | 5.1M
2026-01-16 17:24:47,195 [INFO] fplmodel - XI | Kevin Schade (Brentford) - 5.32 pts | 7.1M
2026-01-16 17:24:47,195 [INFO] fplmodel - XI | Florian Wirtz (Liverpool) - 4.89 pts | 8.2M
2026-01-16 17:24:47,195 [INFO] fplmodel - XI | Ethan Ampadu (Leeds) - 4.53 pts | 4.9M
2026-01-16 17:24:47,195 [INFO] fplmodel - XI | Mateus Mané (Wolves) - 7.44 pts | 4.5M
2026-01-16 17:24:47,195 [INFO] fplmodel - Bench 1 | Nathan Collins (Brentford) - 4.66 pts
2026-01-16 17:24:47,195 [INFO] fplmodel - Bench 2 | Dominic Calvert-Lewin (Leeds) - 3.91 pts
2026-01-16 17:24:47,195 [INFO] fplmodel - Bench 3 | Ollie Watkins (Aston Villa) - 3.82 pts
2026-01-16 17:24:47,195 [INFO] fplmodel - Bench 4 | Emiliano Martínez Romero (Aston Villa) - 4.01 pts
2026-01-16 17:24:47,202 [INFO] fplmodel - Predictions saved to /Users/kyle/Documents/FPL-Prediction/outputs/predictions_gw22.csv
2026-01-16 17:24:47,202 [INFO] fplmodel - Starting XI saved to /Users/kyle/Documents/FPL-Prediction/outputs/starting_xi_gw22.csv
2026-01-16 17:24:47,203 [INFO] fplmodel - Bench saved to /Users/kyle/Documents/FPL-Prediction/outputs/bench_gw22.csv
2026-01-16 17:24:47,204 [INFO] fplmodel - Best XI JSON saved to /Users/kyle/Documents/FPL-Prediction/outputs/best_xi_gw22.json
2026-01-16 17:24:47,204 [INFO] fplmodel - Rendering best XI graphic...
2026-01-16 17:24:47,349 [INFO] fplmodel - Rendering best XI graphic completed in 0.15s
2026-01-16 17:24:47,349 [INFO] fplmodel - Best XI graphic generated at /Users/kyle/Documents/FPL-Prediction/outputs/best_xi_gw22.png
2026-01-16 17:24:47,358 [INFO] fplmodel - Residuals saved to /Users/kyle/Documents/FPL-Prediction/outputs/residuals_gw21.csv
2026-01-16 17:24:47,359 [INFO] fplmodel - Pipeline complete for GW 22
