2026-05-04 12:26:35,459 [INFO] fplmodel - Logging initialised. Writing to /Users/kyle/Documents/FPL-Prediction/logs/run_20260504_122635.log
2026-05-04 12:26:35,459 [INFO] fplmodel - Starting pipeline run (force_refetch=False)
2026-05-04 12:26:35,459 [INFO] fplmodel - Fetching bootstrap static data...
2026-05-04 12:26:35,480 [INFO] fplmodel - Fetching bootstrap static data completed in 0.02s
2026-05-04 12:26:35,480 [INFO] fplmodel - Fetching fixtures data...
2026-05-04 12:26:35,490 [INFO] fplmodel - Fetching fixtures data completed in 0.01s
2026-05-04 12:26:35,490 [INFO] fplmodel - Normalising bootstrap data...
2026-05-04 12:26:35,500 [INFO] fplmodel - Normalising bootstrap data completed in 0.01s
2026-05-04 12:26:35,500 [INFO] fplmodel - Loaded normalised frames: 832 elements, 20 teams, 38 events
2026-05-04 12:26:35,500 [INFO] fplmodel - Gameweek override applied -> next_gw=38 | last_finished_gw=37
2026-05-04 12:26:35,501 [INFO] fplmodel - Next gameweek: 38 | Last finished gameweek: 37
2026-05-04 12:26:35,501 [INFO] fplmodel - Renaming log file to highlight gameweek 38
2026-05-04 12:26:35,501 [INFO] fplmodel - Log file renamed to /Users/kyle/Documents/FPL-Prediction/logs/run_gw38_20260504_122635.log
2026-05-04 12:26:35,501 [INFO] fplmodel - Fetching player histories for 832 players (force_refetch=False)...
2026-05-04 12:26:35,501 [INFO] fplmodel.data_pull - Fetching player histories with 8 worker thread(s).
2026-05-04 12:26:35,656 [INFO] fplmodel.data_pull - Player history fetch progress: 50/832 complete (0 failures).
2026-05-04 12:26:35,755 [INFO] fplmodel.data_pull - Player history fetch progress: 100/832 complete (0 failures).
2026-05-04 12:26:35,854 [INFO] fplmodel.data_pull - Player history fetch progress: 150/832 complete (0 failures).
2026-05-04 12:26:35,951 [INFO] fplmodel.data_pull - Player history fetch progress: 200/832 complete (0 failures).
2026-05-04 12:26:36,043 [INFO] fplmodel.data_pull - Player history fetch progress: 250/832 complete (0 failures).
2026-05-04 12:26:36,145 [INFO] fplmodel.data_pull - Player history fetch progress: 300/832 complete (0 failures).
2026-05-04 12:26:36,246 [INFO] fplmodel.data_pull - Player history fetch progress: 350/832 complete (0 failures).
2026-05-04 12:26:36,344 [INFO] fplmodel.data_pull - Player history fetch progress: 400/832 complete (0 failures).
2026-05-04 12:26:36,446 [INFO] fplmodel.data_pull - Player history fetch progress: 450/832 complete (0 failures).
2026-05-04 12:26:36,545 [INFO] fplmodel.data_pull - Player history fetch progress: 500/832 complete (0 failures).
2026-05-04 12:26:36,643 [INFO] fplmodel.data_pull - Player history fetch progress: 550/832 complete (0 failures).
2026-05-04 12:26:36,749 [INFO] fplmodel.data_pull - Player history fetch progress: 600/832 complete (0 failures).
2026-05-04 12:26:36,844 [INFO] fplmodel.data_pull - Player history fetch progress: 650/832 complete (0 failures).
2026-05-04 12:26:36,941 [INFO] fplmodel.data_pull - Player history fetch progress: 700/832 complete (0 failures).
2026-05-04 12:26:37,035 [INFO] fplmodel.data_pull - Player history fetch progress: 750/832 complete (0 failures).
2026-05-04 12:26:37,133 [INFO] fplmodel.data_pull - Player history fetch progress: 800/832 complete (0 failures).
2026-05-04 12:26:37,185 [INFO] fplmodel.data_pull - Player history fetch progress: 832/832 complete (0 failures).
2026-05-04 12:26:37,219 [INFO] fplmodel - Fetching player histories for 832 players (force_refetch=False) completed in 1.72s
2026-05-04 12:26:37,220 [INFO] fplmodel - Loading 832 player history files from /Users/kyle/Documents/FPL-Prediction/data/raw
2026-05-04 12:26:37,220 [INFO] fplmodel - Collating player history JSON into dataframe...
2026-05-04 12:26:38,029 [INFO] fplmodel - Collating player history JSON into dataframe completed in 0.81s
2026-05-04 12:26:38,924 [INFO] fplmodel - Built player histories dataframe with 162876 rows
2026-05-04 12:26:38,924 [INFO] fplmodel - Loading external history data...
2026-05-04 12:26:39,678 [INFO] fplmodel - Loading external history data completed in 0.75s
2026-05-04 12:26:39,717 [INFO] fplmodel - Loaded 133400 external history rows for seasons 2020-21, 2021-22, 2022-23, 2023-24, 2024-25
2026-05-04 12:26:39,872 [INFO] fplmodel - Combined history dataset now has 282030 rows
2026-05-04 12:26:39,872 [INFO] fplmodel - Building training and prediction feature frames...
2026-05-04 12:26:59,872 [INFO] fplmodel - Building training and prediction feature frames completed in 20.00s
2026-05-04 12:26:59,874 [INFO] fplmodel - Prepared features: X_train=(267079, 156), y_train=267079, X_pred=(832, 163)
2026-05-04 12:26:59,882 [INFO] fplmodel - Training models with 156 features
2026-05-04 12:26:59,882 [INFO] fplmodel - Training feature columns: total_points_ma5, minutes_ma5, goals_scored_ma5, assists_ma5, clean_sheets_ma5, influence_ma5, creativity_ma5, threat_ma5, ict_index_ma5, goals_conceded_ma5, own_goals_ma5, penalties_saved_ma5, penalties_missed_ma5, yellow_cards_ma5, red_cards_ma5, saves_ma5, bonus_ma5, bps_ma5, clearances_blocks_interceptions_ma5, recoveries_ma5, tackles_ma5, defensive_contribution_ma5, starts_ma5, expected_goals_ma5, expected_assists_ma5, expected_goal_involvements_ma5, expected_goals_conceded_ma5, value_ma5, transfers_balance_ma5, selected_ma5, transfers_in_ma5, transfers_out_ma5, attacking_returns_ma5, finishing_plus_minus_ma5, finishing_ratio_ma5, creation_plus_minus_ma5, creation_ratio_ma5, xgi_plus_minus_ma5, minutes_share_ma5, points_per_90_ma5, tackles_plus_interceptions_ma5, defensive_actions_ma5, total_points_lag1, minutes_lag1, goals_scored_lag1, assists_lag1, clean_sheets_lag1, influence_lag1, creativity_lag1, threat_lag1, ict_index_lag1, goals_conceded_lag1, own_goals_lag1, penalties_saved_lag1, penalties_missed_lag1, yellow_cards_lag1, red_cards_lag1, saves_lag1, bonus_lag1, bps_lag1, clearances_blocks_interceptions_lag1, recoveries_lag1, tackles_lag1, defensive_contribution_lag1, starts_lag1, expected_goals_lag1, expected_assists_lag1, expected_goal_involvements_lag1, expected_goals_conceded_lag1, value_lag1, transfers_balance_lag1, selected_lag1, transfers_in_lag1, transfers_out_lag1, attacking_returns_lag1, finishing_plus_minus_lag1, finishing_ratio_lag1, creation_plus_minus_lag1, creation_ratio_lag1, xgi_plus_minus_lag1, minutes_share_lag1, points_per_90_lag1, tackles_plus_interceptions_lag1, defensive_actions_lag1, team_goals_for_ma5, team_goals_against_ma5, team_goal_diff_ma5, team_clean_sheet_ma5, team_conceded_two_plus_ma5, team_match_points_ma5, opp_team_goals_for_ma5, opp_team_goals_against_ma5, opp_team_goal_diff_ma5, opp_team_clean_sheet_ma5, opp_team_conceded_two_plus_ma5, opp_team_match_points_ma5, was_home, team_strength_overall, team_strength_home, team_strength_away, team_attack_home, team_attack_away, team_def_home, team_def_away, team_form_rating, team_points_table, team_league_position, team_matches_played, team_wins, team_draws, team_losses, opp_strength_overall, opp_strength_home, opp_strength_away, opp_attack_home, opp_attack_away, opp_def_home, opp_def_away, opp_form_rating, opp_points_table, opp_league_position, opp_matches_played, opp_wins, opp_draws, opp_losses, form, points_per_game, value_form, value_season, selected_by_percent, expected_goals_per_90, expected_assists_per_90, expected_goal_involvements_per_90, expected_goals_conceded_per_90, goals_conceded_per_90, saves_per_90, starts_per_90, clean_sheets_per_90, defensive_contribution_per_90, availability_this_round, availability_next_round, status_availability, status_injury_flag, injury_risk_flag, corners_and_indirect_freekicks_order, direct_freekicks_order, penalties_order, has_corners_duty, primary_corners_taker, has_direct_fk_duty, primary_direct_fk_taker, has_penalty_duty, primary_penalty_taker, set_piece_duty_score, player_bias, pos_bias
2026-05-04 12:26:59,882 [INFO] fplmodel - Training prediction models...
2026-05-04 12:27:00,295 [INFO] fplmodel.model - Season sample weights applied: 2020-21: 0.25, 2021-22: 0.25, 2022-23: 0.34, 2023-24: 0.49, 2024-25: 0.70, 2025-26: 1.00
2026-05-04 12:27:00,295 [INFO] fplmodel.model - Using TimeSeriesSplit with 3 folds for hyperparameter tuning.
2026-05-04 12:27:00,296 [INFO] fplmodel.model - Using actual match minutes as classifier target (minutes >= 60).
2026-05-04 12:27:00,298 [INFO] fplmodel.model - Model selection using most recent 60000/267079 training rows; final fits still use all rows.
2026-05-04 12:27:27,443 [INFO] fplmodel.model - Best classifier[hist_gbdt] params from tuning: {'est__min_samples_leaf': 30, 'est__max_iter': 200, 'est__max_depth': None, 'est__learning_rate': 0.06, 'est__l2_regularization': 0.05} (score=0.7783)
2026-05-04 12:27:46,051 [INFO] fplmodel.model - Best regressor[hist_gbdt] params from tuning: {'est__min_samples_leaf': 20, 'est__max_iter': 400, 'est__max_depth': 4, 'est__learning_rate': 0.04, 'est__l2_regularization': 0.1} (score=-1.0949)
2026-05-04 12:27:46,051 [INFO] fplmodel.model - Candidate Histogram Gradient Boosting | classifier=0.7783 ± 0.0191 ↑ | regressor=1.0949 ± 0.0782 ↓
2026-05-04 12:28:19,208 [INFO] fplmodel.model - Best classifier[xgboost] params from tuning: {'est__subsample': 0.9, 'est__reg_lambda': 1.5, 'est__n_estimators': 550, 'est__max_depth': 8, 'est__learning_rate': 0.05, 'est__gamma': 0.3, 'est__colsample_bytree': 0.85} (score=0.7737)
2026-05-04 12:28:46,701 [INFO] fplmodel.model - Best regressor[xgboost] params from tuning: {'est__subsample': 0.8, 'est__reg_lambda': 1.5, 'est__n_estimators': 250, 'est__max_depth': 4, 'est__learning_rate': 0.08, 'est__gamma': 0.1, 'est__colsample_bytree': 0.7} (score=-1.0989)
2026-05-04 12:28:46,702 [INFO] fplmodel.model - Candidate XGBoost | classifier=0.7737 ± 0.0232 ↑ | regressor=1.0989 ± 0.0817 ↓
2026-05-04 12:28:46,704 [INFO] fplmodel.model - Saved model selection summary to /Users/kyle/Documents/FPL-Prediction/models/model_selection_summary.csv
2026-05-04 12:28:46,704 [INFO] fplmodel.model - Selected classifier model: Histogram Gradient Boosting (balanced_accuracy=0.7783 ± 0.0191 ↑)
2026-05-04 12:28:46,704 [INFO] fplmodel.model - Selected regressor model: Histogram Gradient Boosting (MAE=1.0949 ± 0.0782 ↓)
2026-05-04 12:30:16,048 [INFO] fplmodel.model - Classifier (histogram gradient boosting) feature selector dropped 39 column(s): availability_next_round, bps_lag1, bps_ma5, creation_plus_minus_lag1, creation_plus_minus_ma5, defensive_actions_lag1, defensive_actions_ma5, expected_goal_involvements_ma5, expected_goal_involvements_per_90, injury_risk_flag, ... (+29 more)
2026-05-04 12:30:16,049 [INFO] fplmodel.model - Regressor (histogram gradient boosting) feature selector dropped 39 column(s): availability_next_round, bps_lag1, bps_ma5, creation_plus_minus_lag1, creation_plus_minus_ma5, defensive_actions_lag1, defensive_actions_ma5, expected_goal_involvements_ma5, expected_goal_involvements_per_90, injury_risk_flag, ... (+29 more)
2026-05-04 12:30:16,049 [INFO] fplmodel.model - Final model selection: classifier=Histogram Gradient Boosting | regressor=Histogram Gradient Boosting
2026-05-04 12:30:16,099 [INFO] fplmodel - Training prediction models completed in 196.22s
2026-05-04 12:30:16,099 [INFO] fplmodel - Estimator HistGradientBoostingRegressor for regressor does not expose feature_importances_; skipping logging.
2026-05-04 12:30:16,099 [INFO] fplmodel - Estimator HistGradientBoostingClassifier for classifier does not expose feature_importances_; skipping logging.
2026-05-04 12:30:16,099 [INFO] fplmodel - Model training complete; fitted 2 candidate pair(s).
2026-05-04 12:30:16,100 [INFO] fplmodel - Generating next gameweek predictions...
2026-05-04 12:30:16,145 [INFO] fplmodel - Generating next gameweek predictions completed in 0.05s
2026-05-04 12:30:16,146 [INFO] fplmodel - Generated ensemble predictions for 832 players using 2 model(s): Histogram Gradient Boosting, XGBoost
2026-05-04 12:30:16,152 [INFO] fplmodel - Applied fixture multipliers; average EP now 1.77
2026-05-04 12:30:16,152 [INFO] fplmodel - Top 5 expected point predictions (ensemble): Gabriel dos Santos Magalhães (5.58); Jaidon Anthony (5.50); Bruno Borges Fernandes (5.42); Igor Thiago Nascimento Rodrigues (5.28); Carlos Henrique Casimiro (5.13)
2026-05-04 12:30:16,153 [INFO] fplmodel - Evaluating last finished gameweek residuals...
2026-05-04 12:30:16,208 [INFO] fplmodel - Evaluating last finished gameweek residuals completed in 0.05s
2026-05-04 12:30:16,208 [INFO] fplmodel - Residuals computed for 4406 players in GW 37
2026-05-04 12:30:16,208 [INFO] fplmodel - Selecting best XI from 832 candidates
2026-05-04 12:30:16,208 [INFO] fplmodel - Optimising best XI selection...
2026-05-04 12:30:17,055 [INFO] fplmodel - Optimising best XI selection completed in 0.85s
2026-05-04 12:30:17,055 [INFO] fplmodel - Selected squad: total cost 91.4M | starting cost 66.5M | bench cost 24.9M
2026-05-04 12:30:17,056 [INFO] fplmodel - Projected points: XI 55.61 | Captain included 61.19 | Bench 17.59
2026-05-04 12:30:17,056 [INFO] fplmodel - Captain: Gabriel dos Santos Magalhães
2026-05-04 12:30:17,056 [INFO] fplmodel - XI | Caoimhín Kelleher (Brentford) - 4.30 pts | 4.8M
2026-05-04 12:30:17,056 [INFO] fplmodel - XI | Gabriel dos Santos Magalhães (Arsenal) - 5.58 pts | 7.2M
2026-05-04 12:30:17,056 [INFO] fplmodel - XI | Jaka Bijol (Leeds) - 4.90 pts | 3.9M
2026-05-04 12:30:17,056 [INFO] fplmodel - XI | Adrien Truffert (Bournemouth) - 4.87 pts | 4.7M
2026-05-04 12:30:17,056 [INFO] fplmodel - XI | Marc Cucurella Saseta (Chelsea) - 4.82 pts | 6.1M
2026-05-04 12:30:17,056 [INFO] fplmodel - XI | Jaidon Anthony (Burnley) - 5.50 pts | 5.0M
2026-05-04 12:30:17,056 [INFO] fplmodel - XI | Bruno Borges Fernandes (Man Utd) - 5.42 pts | 10.4M
2026-05-04 12:30:17,056 [INFO] fplmodel - XI | Carlos Henrique Casimiro (Man Utd) - 5.13 pts | 5.8M
2026-05-04 12:30:17,056 [INFO] fplmodel - XI | Rayan Vitor Simplício Rocha (Bournemouth) - 4.91 pts | 5.4M
2026-05-04 12:30:17,056 [INFO] fplmodel - XI | Dango Ouattara (Brentford) - 4.91 pts | 5.8M
2026-05-04 12:30:17,056 [INFO] fplmodel - XI | Igor Thiago Nascimento Rodrigues (Brentford) - 5.28 pts | 7.4M
2026-05-04 12:30:17,056 [INFO] fplmodel - Bench 1 | Ollie Watkins (Aston Villa) - 4.58 pts
2026-05-04 12:30:17,056 [INFO] fplmodel - Bench 2 | James Hill (Bournemouth) - 4.57 pts
2026-05-04 12:30:17,056 [INFO] fplmodel - Bench 3 | Dominic Calvert-Lewin (Leeds) - 4.33 pts
2026-05-04 12:30:17,057 [INFO] fplmodel - Bench 4 | David Raya Martín (Arsenal) - 4.11 pts
2026-05-04 12:30:17,067 [INFO] fplmodel - Predictions saved to /Users/kyle/Documents/FPL-Prediction/outputs/predictions_gw38.csv
2026-05-04 12:30:17,068 [INFO] fplmodel - Starting XI saved to /Users/kyle/Documents/FPL-Prediction/outputs/starting_xi_gw38.csv
2026-05-04 12:30:17,069 [INFO] fplmodel - Bench saved to /Users/kyle/Documents/FPL-Prediction/outputs/bench_gw38.csv
2026-05-04 12:30:17,069 [INFO] fplmodel - Best XI JSON saved to /Users/kyle/Documents/FPL-Prediction/outputs/best_xi_gw38.json
2026-05-04 12:30:17,069 [INFO] fplmodel - Rendering best XI graphic...
2026-05-04 12:30:17,213 [INFO] fplmodel - Rendering best XI graphic completed in 0.14s
2026-05-04 12:30:17,213 [INFO] fplmodel - Best XI graphic generated at /Users/kyle/Documents/FPL-Prediction/outputs/best_xi_gw38.png
2026-05-04 12:30:17,218 [INFO] fplmodel - Residuals saved to /Users/kyle/Documents/FPL-Prediction/outputs/residuals_gw37.csv
2026-05-04 12:30:17,218 [INFO] fplmodel - Pipeline complete for GW 38
