2026-01-16 18:50:35,904 [INFO] fplmodel - Logging initialised. Writing to /Users/kyle/Documents/FPL-Prediction/logs/run_20260116_185035.log
2026-01-16 18:50:35,904 [INFO] fplmodel - Starting pipeline run (force_refetch=False)
2026-01-16 18:50:35,904 [INFO] fplmodel - Fetching bootstrap static data...
2026-01-16 18:50:35,925 [INFO] fplmodel - Fetching bootstrap static data completed in 0.02s
2026-01-16 18:50:35,925 [INFO] fplmodel - Fetching fixtures data...
2026-01-16 18:50:35,961 [INFO] fplmodel - Fetching fixtures data completed in 0.04s
2026-01-16 18:50:35,961 [INFO] fplmodel - Normalising bootstrap data...
2026-01-16 18:50:35,971 [INFO] fplmodel - Normalising bootstrap data completed in 0.01s
2026-01-16 18:50:35,971 [INFO] fplmodel - Loaded normalised frames: 796 elements, 20 teams, 38 events
2026-01-16 18:50:35,971 [INFO] fplmodel - Gameweek override applied -> next_gw=25 | last_finished_gw=24
2026-01-16 18:50:35,971 [INFO] fplmodel - Next gameweek: 25 | Last finished gameweek: 24
2026-01-16 18:50:35,971 [INFO] fplmodel - Renaming log file to highlight gameweek 25
2026-01-16 18:50:35,972 [INFO] fplmodel - Log file renamed to /Users/kyle/Documents/FPL-Prediction/logs/run_gw25_20260116_185035.log
2026-01-16 18:50:35,972 [INFO] fplmodel - Fetching player histories for 796 players (force_refetch=False)...
2026-01-16 18:50:37,093 [INFO] fplmodel - Fetching player histories for 796 players (force_refetch=False) completed in 1.12s
2026-01-16 18:50:37,093 [INFO] fplmodel - Loading 796 player history files from /Users/kyle/Documents/FPL-Prediction/data/raw
2026-01-16 18:50:37,094 [INFO] fplmodel - Collating player history JSON into dataframe...
2026-01-16 18:50:37,594 [INFO] fplmodel - Collating player history JSON into dataframe completed in 0.50s
2026-01-16 18:50:38,107 [INFO] fplmodel - Built player histories dataframe with 94560 rows
2026-01-16 18:50:38,107 [INFO] fplmodel - Loading external history data...
2026-01-16 18:50:38,860 [INFO] fplmodel - Loading external history data completed in 0.75s
2026-01-16 18:50:38,899 [INFO] fplmodel - Loaded 132829 external history rows for seasons 2020-21, 2021-22, 2022-23, 2023-24, 2024-25
2026-01-16 18:50:39,001 [INFO] fplmodel - Combined history dataset now has 218937 rows
2026-01-16 18:50:39,002 [INFO] fplmodel - Building training and prediction feature frames...
2026-01-16 18:50:43,105 [INFO] fplmodel - Building training and prediction feature frames completed in 4.10s
2026-01-16 18:50:43,105 [INFO] fplmodel - Prepared features: X_train=(162253, 156), y_train=162253, X_pred=(796, 163)
2026-01-16 18:50:43,110 [INFO] fplmodel - Training models with 156 features
2026-01-16 18:50:43,110 [INFO] fplmodel - Training feature columns: total_points_ma5, minutes_ma5, goals_scored_ma5, assists_ma5, clean_sheets_ma5, influence_ma5, creativity_ma5, threat_ma5, ict_index_ma5, goals_conceded_ma5, own_goals_ma5, penalties_saved_ma5, penalties_missed_ma5, yellow_cards_ma5, red_cards_ma5, saves_ma5, bonus_ma5, bps_ma5, clearances_blocks_interceptions_ma5, recoveries_ma5, tackles_ma5, defensive_contribution_ma5, starts_ma5, expected_goals_ma5, expected_assists_ma5, expected_goal_involvements_ma5, expected_goals_conceded_ma5, value_ma5, transfers_balance_ma5, selected_ma5, transfers_in_ma5, transfers_out_ma5, attacking_returns_ma5, finishing_plus_minus_ma5, finishing_ratio_ma5, creation_plus_minus_ma5, creation_ratio_ma5, xgi_plus_minus_ma5, minutes_share_ma5, points_per_90_ma5, tackles_plus_interceptions_ma5, defensive_actions_ma5, total_points_lag1, minutes_lag1, goals_scored_lag1, assists_lag1, clean_sheets_lag1, influence_lag1, creativity_lag1, threat_lag1, ict_index_lag1, goals_conceded_lag1, own_goals_lag1, penalties_saved_lag1, penalties_missed_lag1, yellow_cards_lag1, red_cards_lag1, saves_lag1, bonus_lag1, bps_lag1, clearances_blocks_interceptions_lag1, recoveries_lag1, tackles_lag1, defensive_contribution_lag1, starts_lag1, expected_goals_lag1, expected_assists_lag1, expected_goal_involvements_lag1, expected_goals_conceded_lag1, value_lag1, transfers_balance_lag1, selected_lag1, transfers_in_lag1, transfers_out_lag1, attacking_returns_lag1, finishing_plus_minus_lag1, finishing_ratio_lag1, creation_plus_minus_lag1, creation_ratio_lag1, xgi_plus_minus_lag1, minutes_share_lag1, points_per_90_lag1, tackles_plus_interceptions_lag1, defensive_actions_lag1, team_goals_for_ma5, team_goals_against_ma5, team_goal_diff_ma5, team_clean_sheet_ma5, team_conceded_two_plus_ma5, team_match_points_ma5, opp_team_goals_for_ma5, opp_team_goals_against_ma5, opp_team_goal_diff_ma5, opp_team_clean_sheet_ma5, opp_team_conceded_two_plus_ma5, opp_team_match_points_ma5, was_home, team_strength_overall, team_strength_home, team_strength_away, team_attack_home, team_attack_away, team_def_home, team_def_away, team_form_rating, team_points_table, team_league_position, team_matches_played, team_wins, team_draws, team_losses, opp_strength_overall, opp_strength_home, opp_strength_away, opp_attack_home, opp_attack_away, opp_def_home, opp_def_away, opp_form_rating, opp_points_table, opp_league_position, opp_matches_played, opp_wins, opp_draws, opp_losses, form, points_per_game, value_form, value_season, selected_by_percent, expected_goals_per_90, expected_assists_per_90, expected_goal_involvements_per_90, expected_goals_conceded_per_90, goals_conceded_per_90, saves_per_90, starts_per_90, clean_sheets_per_90, defensive_contribution_per_90, availability_this_round, availability_next_round, status_availability, status_injury_flag, injury_risk_flag, corners_and_indirect_freekicks_order, direct_freekicks_order, penalties_order, has_corners_duty, primary_corners_taker, has_direct_fk_duty, primary_direct_fk_taker, has_penalty_duty, primary_penalty_taker, set_piece_duty_score, player_bias, pos_bias
2026-01-16 18:50:43,111 [INFO] fplmodel - Training prediction models...
2026-01-16 18:50:43,335 [INFO] fplmodel.model - Season sample weights applied: 2020-21: 0.25, 2021-22: 0.25, 2022-23: 0.34, 2023-24: 0.49, 2024-25: 0.70, 2025-26: 1.00
2026-01-16 18:50:43,335 [INFO] fplmodel.model - Using TimeSeriesSplit with 3 folds for hyperparameter tuning.
2026-01-16 18:51:48,255 [INFO] fplmodel.model - Best classifier[hist_gbdt] params from tuning: {'est__min_samples_leaf': 20, 'est__max_iter': 350, 'est__max_depth': 4, 'est__learning_rate': 0.04, 'est__l2_regularization': 0.1} (score=1.0000)
2026-01-16 18:53:12,761 [INFO] fplmodel.model - Best regressor[hist_gbdt] params from tuning: {'est__min_samples_leaf': 30, 'est__max_iter': 250, 'est__max_depth': None, 'est__learning_rate': 0.06, 'est__l2_regularization': 0.05} (score=-0.9680)
2026-01-16 18:53:12,762 [INFO] fplmodel.model - Candidate Histogram Gradient Boosting | classifier=1.0000 ± 0.0000 ↑ | regressor=0.9680 ± 0.0488 ↓
2026-01-16 18:56:17,237 [INFO] fplmodel.model - Best classifier[random_forest] params from tuning: {'est__n_estimators': 200, 'est__min_samples_split': 6, 'est__min_samples_leaf': 4, 'est__max_features': 'sqrt', 'est__max_depth': None} (score=1.0000)
2026-01-16 19:27:45,447 [INFO] fplmodel.model - Best regressor[random_forest] params from tuning: {'est__n_estimators': 600, 'est__min_samples_split': 6, 'est__min_samples_leaf': 4, 'est__max_features': 0.7, 'est__max_depth': 20} (score=-0.9633)
2026-01-16 19:27:45,448 [INFO] fplmodel.model - Candidate Random Forest | classifier=1.0000 ± 0.0000 ↑ | regressor=0.9633 ± 0.0415 ↓
2026-01-16 19:29:26,694 [INFO] fplmodel.model - Best classifier[neural_network] params from tuning: {'est__learning_rate_init': 0.003, 'est__hidden_layer_sizes': (256, 128), 'est__beta_1': 0.95, 'est__alpha': 0.0005} (score=0.9989)
2026-01-16 19:30:46,468 [INFO] fplmodel.model - Best regressor[neural_network] params from tuning: {'est__learning_rate_init': 0.003, 'est__hidden_layer_sizes': (256, 128), 'est__beta_1': 0.85, 'est__alpha': 0.0005} (score=-0.9899)
2026-01-16 19:30:46,469 [INFO] fplmodel.model - Candidate Neural Network (MLP) | classifier=0.9989 ± 0.0002 ↑ | regressor=0.9899 ± 0.0643 ↓
2026-01-16 19:30:46,471 [INFO] fplmodel.model - Saved model selection summary to /Users/kyle/Documents/FPL-Prediction/models/model_selection_summary.csv
2026-01-16 19:30:46,471 [INFO] fplmodel.model - Selected classifier model: Histogram Gradient Boosting (balanced_accuracy=1.0000 ± 0.0000 ↑)
2026-01-16 19:30:46,471 [INFO] fplmodel.model - Selected regressor model: Random Forest (MAE=0.9633 ± 0.0415 ↓)
2026-01-16 19:35:14,795 [INFO] fplmodel.model - Classifier (histogram gradient boosting) feature selector dropped 36 column(s): bps_lag1, bps_ma5, creation_plus_minus_lag1, creation_plus_minus_ma5, defensive_actions_lag1, defensive_actions_ma5, expected_goal_involvements_lag1, expected_goal_involvements_ma5, has_penalty_duty, minutes_share_lag1, ... (+26 more)
2026-01-16 19:35:14,795 [INFO] fplmodel.model - Regressor (random forest) feature selector dropped 36 column(s): bps_lag1, bps_ma5, creation_plus_minus_lag1, creation_plus_minus_ma5, defensive_actions_lag1, defensive_actions_ma5, expected_goal_involvements_lag1, expected_goal_involvements_ma5, has_penalty_duty, minutes_share_lag1, ... (+26 more)
2026-01-16 19:35:14,795 [INFO] fplmodel.model - Final model selection: classifier=Histogram Gradient Boosting | regressor=Random Forest
2026-01-16 19:35:15,096 [INFO] fplmodel - Training prediction models completed in 2671.94s
2026-01-16 19:35:15,133 [INFO] fplmodel - Top feature weights for regressor: total_points_lag1: 0.3560, recoveries_lag1: 0.0863, total_points_ma5: 0.0825, points_per_90_lag1: 0.0402, defensive_contribution_lag1: 0.0326, bonus_lag1: 0.0234, player_bias: 0.0191, team_conceded_two_plus_ma5: 0.0134, selected_lag1: 0.0116, minutes_ma5: 0.0108, team_clean_sheet_ma5: 0.0098, value_ma5: 0.0093, selected_ma5: 0.0088, transfers_out_lag1: 0.0084, value_lag1: 0.0082
2026-01-16 19:35:15,133 [INFO] fplmodel - Estimator HistGradientBoostingClassifier for classifier does not expose feature_importances_; skipping logging.
2026-01-16 19:35:15,133 [INFO] fplmodel - Model training complete; fitted 3 candidate pair(s).
2026-01-16 19:35:15,133 [INFO] fplmodel - Generating next gameweek predictions...
2026-01-16 19:35:15,272 [INFO] fplmodel - Generating next gameweek predictions completed in 0.14s
2026-01-16 19:35:15,273 [INFO] fplmodel - Generated ensemble predictions for 796 players using 3 model(s): Histogram Gradient Boosting, Random Forest, Neural Network (MLP)
2026-01-16 19:35:15,275 [INFO] fplmodel - Applied fixture multipliers; average EP now 1.81
2026-01-16 19:35:15,275 [INFO] fplmodel - Top 5 expected point predictions (ensemble): Ayden Heaven (7.53); Jaidon Anthony (7.21); Ryan Sessegnon (6.97); Lisandro Martínez (6.84); Harry Wilson (6.44)
2026-01-16 19:35:15,276 [INFO] fplmodel - Evaluating last finished gameweek residuals...
2026-01-16 19:35:15,384 [INFO] fplmodel - Evaluating last finished gameweek residuals completed in 0.11s
2026-01-16 19:35:15,385 [INFO] fplmodel - Residuals computed for 3809 players in GW 24
2026-01-16 19:35:15,385 [INFO] fplmodel - Selecting best XI from 796 candidates
2026-01-16 19:35:15,385 [INFO] fplmodel - Optimising best XI selection...
2026-01-16 19:35:16,246 [INFO] fplmodel - Optimising best XI selection completed in 0.86s
2026-01-16 19:35:16,246 [INFO] fplmodel - Selected squad: total cost 79.6M | starting cost 59.4M | bench cost 20.2M
2026-01-16 19:35:16,247 [INFO] fplmodel - Projected points: XI 68.66 | Captain included 76.19 | Bench 16.67
2026-01-16 19:35:16,247 [INFO] fplmodel - Captain: Ayden Heaven
2026-01-16 19:35:16,247 [INFO] fplmodel - XI | Martin Dúbravka (Burnley) - 6.05 pts | 4.0M
2026-01-16 19:35:16,247 [INFO] fplmodel - XI | Ayden Heaven (Man Utd) - 7.53 pts | 3.9M
2026-01-16 19:35:16,247 [INFO] fplmodel - XI | Lisandro Martínez (Man Utd) - 6.84 pts | 4.8M
2026-01-16 19:35:16,247 [INFO] fplmodel - XI | Nathan Collins (Brentford) - 5.96 pts | 5.0M
2026-01-16 19:35:16,247 [INFO] fplmodel - XI | Gabriel dos Santos Magalhães (Arsenal) - 4.74 pts | 6.7M
2026-01-16 19:35:16,247 [INFO] fplmodel - XI | Jaidon Anthony (Burnley) - 7.21 pts | 5.1M
2026-01-16 19:35:16,247 [INFO] fplmodel - XI | Ryan Sessegnon (Fulham) - 6.97 pts | 5.4M
2026-01-16 19:35:16,247 [INFO] fplmodel - XI | Harry Wilson (Fulham) - 6.44 pts | 5.9M
2026-01-16 19:35:16,247 [INFO] fplmodel - XI | James Garner (Everton) - 6.16 pts | 5.1M
2026-01-16 19:35:16,247 [INFO] fplmodel - XI | Pedro Lomba Neto (Chelsea) - 5.94 pts | 7.1M
2026-01-16 19:35:16,247 [INFO] fplmodel - XI | Richarlison de Andrade (Spurs) - 4.81 pts | 6.4M
2026-01-16 19:35:16,247 [INFO] fplmodel - Bench 1 | Cristian Romero (Spurs) - 4.26 pts
2026-01-16 19:35:16,247 [INFO] fplmodel - Bench 2 | Norberto Bercique Gomes Betuncal (Everton) - 4.19 pts
2026-01-16 19:35:16,247 [INFO] fplmodel - Bench 3 | Thierno Barry (Everton) - 4.10 pts
2026-01-16 19:35:16,247 [INFO] fplmodel - Bench 4 | Caoimhín Kelleher (Brentford) - 4.12 pts
2026-01-16 19:35:16,254 [INFO] fplmodel - Predictions saved to /Users/kyle/Documents/FPL-Prediction/outputs/predictions_gw25.csv
2026-01-16 19:35:16,255 [INFO] fplmodel - Starting XI saved to /Users/kyle/Documents/FPL-Prediction/outputs/starting_xi_gw25.csv
2026-01-16 19:35:16,255 [INFO] fplmodel - Bench saved to /Users/kyle/Documents/FPL-Prediction/outputs/bench_gw25.csv
2026-01-16 19:35:16,256 [INFO] fplmodel - Best XI JSON saved to /Users/kyle/Documents/FPL-Prediction/outputs/best_xi_gw25.json
2026-01-16 19:35:16,256 [INFO] fplmodel - Rendering best XI graphic...
2026-01-16 19:35:16,399 [INFO] fplmodel - Rendering best XI graphic completed in 0.14s
2026-01-16 19:35:16,399 [INFO] fplmodel - Best XI graphic generated at /Users/kyle/Documents/FPL-Prediction/outputs/best_xi_gw25.png
2026-01-16 19:35:16,404 [INFO] fplmodel - Residuals saved to /Users/kyle/Documents/FPL-Prediction/outputs/residuals_gw24.csv
2026-01-16 19:35:16,404 [INFO] fplmodel - Pipeline complete for GW 25
