2026-05-06 07:15:23,978 [INFO] fplmodel - Logging initialised. Writing to /Users/kyle/Documents/FPL-Prediction/logs/run_20260506_071523.log
2026-05-06 07:15:23,978 [INFO] fplmodel - Starting pipeline run (force_refetch=False)
2026-05-06 07:15:23,978 [INFO] fplmodel - Fetching bootstrap static data...
2026-05-06 07:15:24,000 [INFO] fplmodel - Fetching bootstrap static data completed in 0.02s
2026-05-06 07:15:24,000 [INFO] fplmodel - Fetching fixtures data...
2026-05-06 07:15:24,044 [INFO] fplmodel - Fetching fixtures data completed in 0.04s
2026-05-06 07:15:24,044 [INFO] fplmodel - Normalising bootstrap data...
2026-05-06 07:15:24,054 [INFO] fplmodel - Normalising bootstrap data completed in 0.01s
2026-05-06 07:15:24,054 [INFO] fplmodel - Loaded normalised frames: 832 elements, 20 teams, 38 events
2026-05-06 07:15:24,055 [INFO] fplmodel - Gameweek override applied -> next_gw=36 | last_finished_gw=35
2026-05-06 07:15:24,055 [INFO] fplmodel - Next gameweek: 36 | Last finished gameweek: 35
2026-05-06 07:15:24,055 [INFO] fplmodel - Renaming log file to highlight gameweek 36
2026-05-06 07:15:24,055 [INFO] fplmodel - Log file renamed to /Users/kyle/Documents/FPL-Prediction/logs/run_gw36_20260506_071523.log
2026-05-06 07:15:24,055 [INFO] fplmodel - Fetching player histories for 832 players (force_refetch=False)...
2026-05-06 07:15:24,055 [INFO] fplmodel.data_pull - Fetching player histories with 8 worker thread(s).
2026-05-06 07:15:24,167 [INFO] fplmodel.data_pull - Player history fetch progress: 50/832 complete (0 failures).
2026-05-06 07:15:24,265 [INFO] fplmodel.data_pull - Player history fetch progress: 100/832 complete (0 failures).
2026-05-06 07:15:24,367 [INFO] fplmodel.data_pull - Player history fetch progress: 150/832 complete (0 failures).
2026-05-06 07:15:24,463 [INFO] fplmodel.data_pull - Player history fetch progress: 200/832 complete (0 failures).
2026-05-06 07:15:24,559 [INFO] fplmodel.data_pull - Player history fetch progress: 250/832 complete (0 failures).
2026-05-06 07:15:24,659 [INFO] fplmodel.data_pull - Player history fetch progress: 300/832 complete (0 failures).
2026-05-06 07:15:24,756 [INFO] fplmodel.data_pull - Player history fetch progress: 350/832 complete (0 failures).
2026-05-06 07:15:24,857 [INFO] fplmodel.data_pull - Player history fetch progress: 400/832 complete (0 failures).
2026-05-06 07:15:24,959 [INFO] fplmodel.data_pull - Player history fetch progress: 450/832 complete (0 failures).
2026-05-06 07:15:25,059 [INFO] fplmodel.data_pull - Player history fetch progress: 500/832 complete (0 failures).
2026-05-06 07:15:25,158 [INFO] fplmodel.data_pull - Player history fetch progress: 550/832 complete (0 failures).
2026-05-06 07:15:25,261 [INFO] fplmodel.data_pull - Player history fetch progress: 600/832 complete (0 failures).
2026-05-06 07:15:25,361 [INFO] fplmodel.data_pull - Player history fetch progress: 650/832 complete (0 failures).
2026-05-06 07:15:25,453 [INFO] fplmodel.data_pull - Player history fetch progress: 700/832 complete (0 failures).
2026-05-06 07:15:25,550 [INFO] fplmodel.data_pull - Player history fetch progress: 750/832 complete (0 failures).
2026-05-06 07:15:25,644 [INFO] fplmodel.data_pull - Player history fetch progress: 800/832 complete (0 failures).
2026-05-06 07:15:25,696 [INFO] fplmodel.data_pull - Player history fetch progress: 832/832 complete (0 failures).
2026-05-06 07:15:25,766 [INFO] fplmodel - Fetching player histories for 832 players (force_refetch=False) completed in 1.71s
2026-05-06 07:15:25,770 [INFO] fplmodel - Loading 832 player history files from /Users/kyle/Documents/FPL-Prediction/data/raw
2026-05-06 07:15:25,770 [INFO] fplmodel - Collating player history JSON into dataframe...
2026-05-06 07:15:26,574 [INFO] fplmodel - Collating player history JSON into dataframe completed in 0.80s
2026-05-06 07:15:27,469 [INFO] fplmodel - Built player histories dataframe with 162876 rows
2026-05-06 07:15:27,469 [INFO] fplmodel - Loading external history data...
2026-05-06 07:15:28,225 [INFO] fplmodel - Loading external history data completed in 0.76s
2026-05-06 07:15:28,265 [INFO] fplmodel - Loaded 133400 external history rows for seasons 2020-21, 2021-22, 2022-23, 2023-24, 2024-25
2026-05-06 07:15:28,421 [INFO] fplmodel - Combined history dataset now has 282030 rows
2026-05-06 07:15:28,422 [INFO] fplmodel - Building training and prediction feature frames...
2026-05-06 07:15:48,099 [INFO] fplmodel - Building training and prediction feature frames completed in 19.68s
2026-05-06 07:15:48,100 [INFO] fplmodel - Prepared features: X_train=(267079, 156), y_train=267079, X_pred=(832, 163)
2026-05-06 07:15:48,109 [INFO] fplmodel - Training models with 156 features
2026-05-06 07:15:48,109 [INFO] fplmodel - Training feature columns: total_points_ma5, minutes_ma5, goals_scored_ma5, assists_ma5, clean_sheets_ma5, influence_ma5, creativity_ma5, threat_ma5, ict_index_ma5, goals_conceded_ma5, own_goals_ma5, penalties_saved_ma5, penalties_missed_ma5, yellow_cards_ma5, red_cards_ma5, saves_ma5, bonus_ma5, bps_ma5, clearances_blocks_interceptions_ma5, recoveries_ma5, tackles_ma5, defensive_contribution_ma5, starts_ma5, expected_goals_ma5, expected_assists_ma5, expected_goal_involvements_ma5, expected_goals_conceded_ma5, value_ma5, transfers_balance_ma5, selected_ma5, transfers_in_ma5, transfers_out_ma5, attacking_returns_ma5, finishing_plus_minus_ma5, finishing_ratio_ma5, creation_plus_minus_ma5, creation_ratio_ma5, xgi_plus_minus_ma5, minutes_share_ma5, points_per_90_ma5, tackles_plus_interceptions_ma5, defensive_actions_ma5, total_points_lag1, minutes_lag1, goals_scored_lag1, assists_lag1, clean_sheets_lag1, influence_lag1, creativity_lag1, threat_lag1, ict_index_lag1, goals_conceded_lag1, own_goals_lag1, penalties_saved_lag1, penalties_missed_lag1, yellow_cards_lag1, red_cards_lag1, saves_lag1, bonus_lag1, bps_lag1, clearances_blocks_interceptions_lag1, recoveries_lag1, tackles_lag1, defensive_contribution_lag1, starts_lag1, expected_goals_lag1, expected_assists_lag1, expected_goal_involvements_lag1, expected_goals_conceded_lag1, value_lag1, transfers_balance_lag1, selected_lag1, transfers_in_lag1, transfers_out_lag1, attacking_returns_lag1, finishing_plus_minus_lag1, finishing_ratio_lag1, creation_plus_minus_lag1, creation_ratio_lag1, xgi_plus_minus_lag1, minutes_share_lag1, points_per_90_lag1, tackles_plus_interceptions_lag1, defensive_actions_lag1, team_goals_for_ma5, team_goals_against_ma5, team_goal_diff_ma5, team_clean_sheet_ma5, team_conceded_two_plus_ma5, team_match_points_ma5, opp_team_goals_for_ma5, opp_team_goals_against_ma5, opp_team_goal_diff_ma5, opp_team_clean_sheet_ma5, opp_team_conceded_two_plus_ma5, opp_team_match_points_ma5, was_home, team_strength_overall, team_strength_home, team_strength_away, team_attack_home, team_attack_away, team_def_home, team_def_away, team_form_rating, team_points_table, team_league_position, team_matches_played, team_wins, team_draws, team_losses, opp_strength_overall, opp_strength_home, opp_strength_away, opp_attack_home, opp_attack_away, opp_def_home, opp_def_away, opp_form_rating, opp_points_table, opp_league_position, opp_matches_played, opp_wins, opp_draws, opp_losses, form, points_per_game, value_form, value_season, selected_by_percent, expected_goals_per_90, expected_assists_per_90, expected_goal_involvements_per_90, expected_goals_conceded_per_90, goals_conceded_per_90, saves_per_90, starts_per_90, clean_sheets_per_90, defensive_contribution_per_90, availability_this_round, availability_next_round, status_availability, status_injury_flag, injury_risk_flag, corners_and_indirect_freekicks_order, direct_freekicks_order, penalties_order, has_corners_duty, primary_corners_taker, has_direct_fk_duty, primary_direct_fk_taker, has_penalty_duty, primary_penalty_taker, set_piece_duty_score, player_bias, pos_bias
2026-05-06 07:15:48,109 [INFO] fplmodel - Training prediction models...
2026-05-06 07:15:48,497 [INFO] fplmodel.model - Season sample weights applied: 2020-21: 0.25, 2021-22: 0.25, 2022-23: 0.34, 2023-24: 0.49, 2024-25: 0.70, 2025-26: 1.00
2026-05-06 07:15:48,497 [INFO] fplmodel.model - Using TimeSeriesSplit with 3 folds for hyperparameter tuning.
2026-05-06 07:15:48,498 [INFO] fplmodel.model - Using actual match minutes as classifier target (minutes >= 60).
2026-05-06 07:15:48,503 [INFO] fplmodel.model - Model selection using most recent 60000/267079 training rows; final fits still use all rows.
2026-05-06 07:16:16,028 [INFO] fplmodel.model - Best classifier[hist_gbdt] params from tuning: {'est__min_samples_leaf': 30, 'est__max_iter': 300, 'est__max_depth': 8, 'est__learning_rate': 0.06, 'est__l2_regularization': 0.1} (score=0.7779)
2026-05-06 07:16:35,860 [INFO] fplmodel.model - Best regressor[hist_gbdt] params from tuning: {'est__min_samples_leaf': 40, 'est__max_iter': 400, 'est__max_depth': 6, 'est__learning_rate': 0.04, 'est__l2_regularization': 0.0} (score=-1.0955)
2026-05-06 07:16:35,861 [INFO] fplmodel.model - Candidate Histogram Gradient Boosting | classifier=0.7779 ± 0.0191 ↑ | regressor=1.0955 ± 0.0752 ↓
2026-05-06 07:17:08,413 [INFO] fplmodel.model - Best classifier[xgboost] params from tuning: {'est__subsample': 1.0, 'est__reg_lambda': 1.0, 'est__n_estimators': 550, 'est__max_depth': 8, 'est__learning_rate': 0.08, 'est__gamma': 0.1, 'est__colsample_bytree': 0.85} (score=0.7768)
2026-05-06 07:17:37,397 [INFO] fplmodel.model - Best regressor[xgboost] params from tuning: {'est__subsample': 0.8, 'est__reg_lambda': 1.5, 'est__n_estimators': 550, 'est__max_depth': 4, 'est__learning_rate': 0.05, 'est__gamma': 0.0, 'est__colsample_bytree': 1.0} (score=-1.1003)
2026-05-06 07:17:37,397 [INFO] fplmodel.model - Candidate XGBoost | classifier=0.7768 ± 0.0265 ↑ | regressor=1.1003 ± 0.0921 ↓
2026-05-06 07:17:37,398 [INFO] fplmodel.model - Saved model selection summary to /Users/kyle/Documents/FPL-Prediction/models/model_selection_summary.csv
2026-05-06 07:17:37,398 [INFO] fplmodel.model - Selected classifier model: Histogram Gradient Boosting (balanced_accuracy=0.7779 ± 0.0191 ↑)
2026-05-06 07:17:37,398 [INFO] fplmodel.model - Selected regressor model: Histogram Gradient Boosting (MAE=1.0955 ± 0.0752 ↓)
2026-05-06 07:19:16,237 [INFO] fplmodel.model - Classifier (histogram gradient boosting) feature selector dropped 37 column(s): availability_next_round, bps_lag1, bps_ma5, creation_plus_minus_lag1, creation_plus_minus_ma5, defensive_actions_lag1, defensive_actions_ma5, expected_goal_involvements_ma5, expected_goal_involvements_per_90, injury_risk_flag, ... (+27 more)
2026-05-06 07:19:16,237 [INFO] fplmodel.model - Regressor (histogram gradient boosting) feature selector dropped 37 column(s): availability_next_round, bps_lag1, bps_ma5, creation_plus_minus_lag1, creation_plus_minus_ma5, defensive_actions_lag1, defensive_actions_ma5, expected_goal_involvements_ma5, expected_goal_involvements_per_90, injury_risk_flag, ... (+27 more)
2026-05-06 07:19:16,237 [INFO] fplmodel.model - Final model selection: classifier=Histogram Gradient Boosting | regressor=Histogram Gradient Boosting
2026-05-06 07:19:16,294 [INFO] fplmodel - Training prediction models completed in 208.19s
2026-05-06 07:19:16,294 [INFO] fplmodel - Estimator HistGradientBoostingRegressor for regressor does not expose feature_importances_; skipping logging.
2026-05-06 07:19:16,294 [INFO] fplmodel - Estimator HistGradientBoostingClassifier for classifier does not expose feature_importances_; skipping logging.
2026-05-06 07:19:16,295 [INFO] fplmodel - Model training complete; fitted 2 candidate pair(s).
2026-05-06 07:19:16,295 [INFO] fplmodel - Generating next gameweek predictions...
2026-05-06 07:19:16,335 [INFO] fplmodel - Generating next gameweek predictions completed in 0.04s
2026-05-06 07:19:16,336 [INFO] fplmodel - Generated ensemble predictions for 832 players using 2 model(s): Histogram Gradient Boosting, XGBoost
2026-05-06 07:19:16,342 [INFO] fplmodel - Applied fixture multipliers; average EP now 0.72
2026-05-06 07:19:16,343 [INFO] fplmodel - Top 5 expected point predictions (ensemble): Erling Haaland (7.44); Jérémy Doku (6.93); Rayan Cherki (6.53); Antoine Semenyo (5.72); Abdukodir Khusanov (5.14)
2026-05-06 07:19:16,343 [INFO] fplmodel - Evaluating last finished gameweek residuals...
2026-05-06 07:19:16,434 [INFO] fplmodel - Evaluating last finished gameweek residuals completed in 0.09s
2026-05-06 07:19:16,434 [INFO] fplmodel - Residuals computed for 8738 players in GW 35
2026-05-06 07:19:16,434 [INFO] fplmodel - Selecting best XI from 832 candidates
2026-05-06 07:19:16,434 [INFO] fplmodel - Optimising best XI selection...
2026-05-06 07:19:17,276 [INFO] fplmodel - Optimising best XI selection completed in 0.84s
2026-05-06 07:19:17,277 [INFO] fplmodel - Selected squad: total cost 96.3M | starting cost 71.7M | bench cost 24.6M
2026-05-06 07:19:17,277 [INFO] fplmodel - Projected points: XI 54.58 | Captain included 62.02 | Bench 13.73
2026-05-06 07:19:17,277 [INFO] fplmodel - Captain: Erling Haaland
2026-05-06 07:19:17,277 [INFO] fplmodel - XI | Caoimhín Kelleher (Brentford) - 4.00 pts | 4.8M
2026-05-06 07:19:17,277 [INFO] fplmodel - XI | Gabriel dos Santos Magalhães (Arsenal) - 4.86 pts | 7.2M
2026-05-06 07:19:17,277 [INFO] fplmodel - XI | Jaka Bijol (Leeds) - 4.21 pts | 3.9M
2026-05-06 07:19:17,277 [INFO] fplmodel - XI | Marc Cucurella Saseta (Chelsea) - 4.19 pts | 6.1M
2026-05-06 07:19:17,277 [INFO] fplmodel - XI | Maxence Lacroix (Crystal Palace) - 3.90 pts | 5.2M
2026-05-06 07:19:17,277 [INFO] fplmodel - XI | Jérémy Doku (Man City) - 6.93 pts | 6.4M
2026-05-06 07:19:17,277 [INFO] fplmodel - XI | Rayan Cherki (Man City) - 6.53 pts | 6.6M
2026-05-06 07:19:17,278 [INFO] fplmodel - XI | Rayan Vitor Simplício Rocha (Bournemouth) - 4.58 pts | 5.4M
2026-05-06 07:19:17,278 [INFO] fplmodel - XI | Dango Ouattara (Brentford) - 4.00 pts | 5.7M
2026-05-06 07:19:17,278 [INFO] fplmodel - XI | Carlos Henrique Casimiro (Man Utd) - 3.93 pts | 5.8M
2026-05-06 07:19:17,278 [INFO] fplmodel - XI | Erling Haaland (Man City) - 7.44 pts | 14.6M
2026-05-06 07:19:17,278 [INFO] fplmodel - Bench 1 | James Hill (Bournemouth) - 3.57 pts
2026-05-06 07:19:17,278 [INFO] fplmodel - Bench 2 | João Pedro Junqueira de Jesus (Chelsea) - 3.31 pts
2026-05-06 07:19:17,278 [INFO] fplmodel - Bench 3 | Viktor Gyökeres (Arsenal) - 3.23 pts
2026-05-06 07:19:17,278 [INFO] fplmodel - Bench 4 | Karl Darlow (Leeds) - 3.62 pts
2026-05-06 07:19:17,288 [INFO] fplmodel - Predictions saved to /Users/kyle/Documents/FPL-Prediction/outputs/predictions_gw36.csv
2026-05-06 07:19:17,288 [INFO] fplmodel - Starting XI saved to /Users/kyle/Documents/FPL-Prediction/outputs/starting_xi_gw36.csv
2026-05-06 07:19:17,289 [INFO] fplmodel - Bench saved to /Users/kyle/Documents/FPL-Prediction/outputs/bench_gw36.csv
2026-05-06 07:19:17,290 [INFO] fplmodel - Best XI JSON saved to /Users/kyle/Documents/FPL-Prediction/outputs/best_xi_gw36.json
2026-05-06 07:19:17,290 [INFO] fplmodel - Rendering best XI graphic...
2026-05-06 07:19:17,467 [INFO] fplmodel - Rendering best XI graphic completed in 0.18s
2026-05-06 07:19:17,467 [INFO] fplmodel - Best XI graphic generated at /Users/kyle/Documents/FPL-Prediction/outputs/best_xi_gw36.png
2026-05-06 07:19:17,478 [INFO] fplmodel - Residuals saved to /Users/kyle/Documents/FPL-Prediction/outputs/residuals_gw35.csv
2026-05-06 07:19:17,478 [INFO] fplmodel - Pipeline complete for GW 36
