2026-05-06 07:19:17,629 [INFO] fplmodel - Logging initialised. Writing to /Users/kyle/Documents/FPL-Prediction/logs/run_20260506_071917.log
2026-05-06 07:19:17,629 [INFO] fplmodel - Starting pipeline run (force_refetch=False)
2026-05-06 07:19:17,629 [INFO] fplmodel - Fetching bootstrap static data...
2026-05-06 07:19:17,650 [INFO] fplmodel - Fetching bootstrap static data completed in 0.02s
2026-05-06 07:19:17,651 [INFO] fplmodel - Fetching fixtures data...
2026-05-06 07:19:17,660 [INFO] fplmodel - Fetching fixtures data completed in 0.01s
2026-05-06 07:19:17,660 [INFO] fplmodel - Normalising bootstrap data...
2026-05-06 07:19:17,671 [INFO] fplmodel - Normalising bootstrap data completed in 0.01s
2026-05-06 07:19:17,671 [INFO] fplmodel - Loaded normalised frames: 832 elements, 20 teams, 38 events
2026-05-06 07:19:17,671 [INFO] fplmodel - Gameweek override applied -> next_gw=37 | last_finished_gw=36
2026-05-06 07:19:17,671 [INFO] fplmodel - Next gameweek: 37 | Last finished gameweek: 36
2026-05-06 07:19:17,671 [INFO] fplmodel - Renaming log file to highlight gameweek 37
2026-05-06 07:19:17,672 [INFO] fplmodel - Log file renamed to /Users/kyle/Documents/FPL-Prediction/logs/run_gw37_20260506_071917.log
2026-05-06 07:19:17,672 [INFO] fplmodel - Fetching player histories for 832 players (force_refetch=False)...
2026-05-06 07:19:17,672 [INFO] fplmodel.data_pull - Fetching player histories with 8 worker thread(s).
2026-05-06 07:19:17,788 [INFO] fplmodel.data_pull - Player history fetch progress: 50/832 complete (0 failures).
2026-05-06 07:19:17,882 [INFO] fplmodel.data_pull - Player history fetch progress: 100/832 complete (0 failures).
2026-05-06 07:19:17,981 [INFO] fplmodel.data_pull - Player history fetch progress: 150/832 complete (0 failures).
2026-05-06 07:19:18,081 [INFO] fplmodel.data_pull - Player history fetch progress: 200/832 complete (0 failures).
2026-05-06 07:19:18,174 [INFO] fplmodel.data_pull - Player history fetch progress: 250/832 complete (0 failures).
2026-05-06 07:19:18,274 [INFO] fplmodel.data_pull - Player history fetch progress: 300/832 complete (0 failures).
2026-05-06 07:19:18,369 [INFO] fplmodel.data_pull - Player history fetch progress: 350/832 complete (0 failures).
2026-05-06 07:19:18,487 [INFO] fplmodel.data_pull - Player history fetch progress: 400/832 complete (0 failures).
2026-05-06 07:19:18,586 [INFO] fplmodel.data_pull - Player history fetch progress: 450/832 complete (0 failures).
2026-05-06 07:19:18,686 [INFO] fplmodel.data_pull - Player history fetch progress: 500/832 complete (0 failures).
2026-05-06 07:19:18,789 [INFO] fplmodel.data_pull - Player history fetch progress: 550/832 complete (0 failures).
2026-05-06 07:19:18,892 [INFO] fplmodel.data_pull - Player history fetch progress: 600/832 complete (0 failures).
2026-05-06 07:19:18,988 [INFO] fplmodel.data_pull - Player history fetch progress: 650/832 complete (0 failures).
2026-05-06 07:19:19,086 [INFO] fplmodel.data_pull - Player history fetch progress: 700/832 complete (0 failures).
2026-05-06 07:19:19,183 [INFO] fplmodel.data_pull - Player history fetch progress: 750/832 complete (0 failures).
2026-05-06 07:19:19,278 [INFO] fplmodel.data_pull - Player history fetch progress: 800/832 complete (0 failures).
2026-05-06 07:19:19,331 [INFO] fplmodel.data_pull - Player history fetch progress: 832/832 complete (0 failures).
2026-05-06 07:19:19,364 [INFO] fplmodel - Fetching player histories for 832 players (force_refetch=False) completed in 1.69s
2026-05-06 07:19:19,364 [INFO] fplmodel - Loading 832 player history files from /Users/kyle/Documents/FPL-Prediction/data/raw
2026-05-06 07:19:19,364 [INFO] fplmodel - Collating player history JSON into dataframe...
2026-05-06 07:19:20,167 [INFO] fplmodel - Collating player history JSON into dataframe completed in 0.80s
2026-05-06 07:19:21,122 [INFO] fplmodel - Built player histories dataframe with 162876 rows
2026-05-06 07:19:21,122 [INFO] fplmodel - Loading external history data...
2026-05-06 07:19:21,885 [INFO] fplmodel - Loading external history data completed in 0.76s
2026-05-06 07:19:21,924 [INFO] fplmodel - Loaded 133400 external history rows for seasons 2020-21, 2021-22, 2022-23, 2023-24, 2024-25
2026-05-06 07:19:22,072 [INFO] fplmodel - Combined history dataset now has 282030 rows
2026-05-06 07:19:22,073 [INFO] fplmodel - Building training and prediction feature frames...
2026-05-06 07:19:41,870 [INFO] fplmodel - Building training and prediction feature frames completed in 19.80s
2026-05-06 07:19:41,871 [INFO] fplmodel - Prepared features: X_train=(267079, 156), y_train=267079, X_pred=(832, 163)
2026-05-06 07:19:41,879 [INFO] fplmodel - Training models with 156 features
2026-05-06 07:19:41,879 [INFO] fplmodel - Training feature columns: total_points_ma5, minutes_ma5, goals_scored_ma5, assists_ma5, clean_sheets_ma5, influence_ma5, creativity_ma5, threat_ma5, ict_index_ma5, goals_conceded_ma5, own_goals_ma5, penalties_saved_ma5, penalties_missed_ma5, yellow_cards_ma5, red_cards_ma5, saves_ma5, bonus_ma5, bps_ma5, clearances_blocks_interceptions_ma5, recoveries_ma5, tackles_ma5, defensive_contribution_ma5, starts_ma5, expected_goals_ma5, expected_assists_ma5, expected_goal_involvements_ma5, expected_goals_conceded_ma5, value_ma5, transfers_balance_ma5, selected_ma5, transfers_in_ma5, transfers_out_ma5, attacking_returns_ma5, finishing_plus_minus_ma5, finishing_ratio_ma5, creation_plus_minus_ma5, creation_ratio_ma5, xgi_plus_minus_ma5, minutes_share_ma5, points_per_90_ma5, tackles_plus_interceptions_ma5, defensive_actions_ma5, total_points_lag1, minutes_lag1, goals_scored_lag1, assists_lag1, clean_sheets_lag1, influence_lag1, creativity_lag1, threat_lag1, ict_index_lag1, goals_conceded_lag1, own_goals_lag1, penalties_saved_lag1, penalties_missed_lag1, yellow_cards_lag1, red_cards_lag1, saves_lag1, bonus_lag1, bps_lag1, clearances_blocks_interceptions_lag1, recoveries_lag1, tackles_lag1, defensive_contribution_lag1, starts_lag1, expected_goals_lag1, expected_assists_lag1, expected_goal_involvements_lag1, expected_goals_conceded_lag1, value_lag1, transfers_balance_lag1, selected_lag1, transfers_in_lag1, transfers_out_lag1, attacking_returns_lag1, finishing_plus_minus_lag1, finishing_ratio_lag1, creation_plus_minus_lag1, creation_ratio_lag1, xgi_plus_minus_lag1, minutes_share_lag1, points_per_90_lag1, tackles_plus_interceptions_lag1, defensive_actions_lag1, team_goals_for_ma5, team_goals_against_ma5, team_goal_diff_ma5, team_clean_sheet_ma5, team_conceded_two_plus_ma5, team_match_points_ma5, opp_team_goals_for_ma5, opp_team_goals_against_ma5, opp_team_goal_diff_ma5, opp_team_clean_sheet_ma5, opp_team_conceded_two_plus_ma5, opp_team_match_points_ma5, was_home, team_strength_overall, team_strength_home, team_strength_away, team_attack_home, team_attack_away, team_def_home, team_def_away, team_form_rating, team_points_table, team_league_position, team_matches_played, team_wins, team_draws, team_losses, opp_strength_overall, opp_strength_home, opp_strength_away, opp_attack_home, opp_attack_away, opp_def_home, opp_def_away, opp_form_rating, opp_points_table, opp_league_position, opp_matches_played, opp_wins, opp_draws, opp_losses, form, points_per_game, value_form, value_season, selected_by_percent, expected_goals_per_90, expected_assists_per_90, expected_goal_involvements_per_90, expected_goals_conceded_per_90, goals_conceded_per_90, saves_per_90, starts_per_90, clean_sheets_per_90, defensive_contribution_per_90, availability_this_round, availability_next_round, status_availability, status_injury_flag, injury_risk_flag, corners_and_indirect_freekicks_order, direct_freekicks_order, penalties_order, has_corners_duty, primary_corners_taker, has_direct_fk_duty, primary_direct_fk_taker, has_penalty_duty, primary_penalty_taker, set_piece_duty_score, player_bias, pos_bias
2026-05-06 07:19:41,879 [INFO] fplmodel - Training prediction models...
2026-05-06 07:19:42,270 [INFO] fplmodel.model - Season sample weights applied: 2020-21: 0.25, 2021-22: 0.25, 2022-23: 0.34, 2023-24: 0.49, 2024-25: 0.70, 2025-26: 1.00
2026-05-06 07:19:42,271 [INFO] fplmodel.model - Using TimeSeriesSplit with 3 folds for hyperparameter tuning.
2026-05-06 07:19:42,272 [INFO] fplmodel.model - Using actual match minutes as classifier target (minutes >= 60).
2026-05-06 07:19:42,277 [INFO] fplmodel.model - Model selection using most recent 60000/267079 training rows; final fits still use all rows.
2026-05-06 07:20:08,543 [INFO] fplmodel.model - Best classifier[hist_gbdt] params from tuning: {'est__min_samples_leaf': 20, 'est__max_iter': 250, 'est__max_depth': 8, 'est__learning_rate': 0.06, 'est__l2_regularization': 0.05} (score=0.7783)
2026-05-06 07:20:27,933 [INFO] fplmodel.model - Best regressor[hist_gbdt] params from tuning: {'est__min_samples_leaf': 20, 'est__max_iter': 300, 'est__max_depth': 8, 'est__learning_rate': 0.06, 'est__l2_regularization': 0.05} (score=-1.0964)
2026-05-06 07:20:27,934 [INFO] fplmodel.model - Candidate Histogram Gradient Boosting | classifier=0.7783 ± 0.0190 ↑ | regressor=1.0964 ± 0.0769 ↓
2026-05-06 07:21:00,634 [INFO] fplmodel.model - Best classifier[xgboost] params from tuning: {'est__subsample': 1.0, 'est__reg_lambda': 1.0, 'est__n_estimators': 550, 'est__max_depth': 8, 'est__learning_rate': 0.08, 'est__gamma': 0.1, 'est__colsample_bytree': 0.85} (score=0.7764)
2026-05-06 07:21:27,733 [INFO] fplmodel.model - Best regressor[xgboost] params from tuning: {'est__subsample': 0.8, 'est__reg_lambda': 1.5, 'est__n_estimators': 250, 'est__max_depth': 4, 'est__learning_rate': 0.08, 'est__gamma': 0.1, 'est__colsample_bytree': 0.7} (score=-1.1013)
2026-05-06 07:21:27,735 [INFO] fplmodel.model - Candidate XGBoost | classifier=0.7764 ± 0.0284 ↑ | regressor=1.1013 ± 0.0833 ↓
2026-05-06 07:21:27,735 [INFO] fplmodel.model - Saved model selection summary to /Users/kyle/Documents/FPL-Prediction/models/model_selection_summary.csv
2026-05-06 07:21:27,735 [INFO] fplmodel.model - Selected classifier model: Histogram Gradient Boosting (balanced_accuracy=0.7783 ± 0.0190 ↑)
2026-05-06 07:21:27,735 [INFO] fplmodel.model - Selected regressor model: Histogram Gradient Boosting (MAE=1.0964 ± 0.0769 ↓)
2026-05-06 07:22:55,022 [INFO] fplmodel.model - Classifier (histogram gradient boosting) feature selector dropped 37 column(s): availability_next_round, bps_lag1, bps_ma5, creation_plus_minus_lag1, creation_plus_minus_ma5, defensive_actions_lag1, defensive_actions_ma5, expected_goal_involvements_ma5, expected_goal_involvements_per_90, injury_risk_flag, ... (+27 more)
2026-05-06 07:22:55,023 [INFO] fplmodel.model - Regressor (histogram gradient boosting) feature selector dropped 37 column(s): availability_next_round, bps_lag1, bps_ma5, creation_plus_minus_lag1, creation_plus_minus_ma5, defensive_actions_lag1, defensive_actions_ma5, expected_goal_involvements_ma5, expected_goal_involvements_per_90, injury_risk_flag, ... (+27 more)
2026-05-06 07:22:55,023 [INFO] fplmodel.model - Final model selection: classifier=Histogram Gradient Boosting | regressor=Histogram Gradient Boosting
2026-05-06 07:22:55,071 [INFO] fplmodel - Training prediction models completed in 193.19s
2026-05-06 07:22:55,071 [INFO] fplmodel - Estimator HistGradientBoostingRegressor for regressor does not expose feature_importances_; skipping logging.
2026-05-06 07:22:55,071 [INFO] fplmodel - Estimator HistGradientBoostingClassifier for classifier does not expose feature_importances_; skipping logging.
2026-05-06 07:22:55,071 [INFO] fplmodel - Model training complete; fitted 2 candidate pair(s).
2026-05-06 07:22:55,071 [INFO] fplmodel - Generating next gameweek predictions...
2026-05-06 07:22:55,113 [INFO] fplmodel - Generating next gameweek predictions completed in 0.04s
2026-05-06 07:22:55,114 [INFO] fplmodel - Generated ensemble predictions for 832 players using 2 model(s): Histogram Gradient Boosting, XGBoost
2026-05-06 07:22:55,120 [INFO] fplmodel - Applied fixture multipliers; average EP now 0.67
2026-05-06 07:22:55,120 [INFO] fplmodel - Top 5 expected point predictions (ensemble): Rayan Vitor Simplício Rocha (4.92); Jérémy Doku (4.58); Dango Ouattara (4.38); Marc Cucurella Saseta (4.30); Caoimhín Kelleher (4.28)
2026-05-06 07:22:55,121 [INFO] fplmodel - Evaluating last finished gameweek residuals...
2026-05-06 07:22:55,185 [INFO] fplmodel - Evaluating last finished gameweek residuals completed in 0.06s
2026-05-06 07:22:55,185 [INFO] fplmodel - Residuals computed for 4235 players in GW 36
2026-05-06 07:22:55,185 [INFO] fplmodel - Selecting best XI from 832 candidates
2026-05-06 07:22:55,185 [INFO] fplmodel - Optimising best XI selection...
2026-05-06 07:22:56,050 [INFO] fplmodel - Optimising best XI selection completed in 0.87s
2026-05-06 07:22:56,051 [INFO] fplmodel - Selected squad: total cost 85.2M | starting cost 61.3M | bench cost 23.9M
2026-05-06 07:22:56,051 [INFO] fplmodel - Projected points: XI 47.22 | Captain included 52.14 | Bench 14.62
2026-05-06 07:22:56,051 [INFO] fplmodel - Captain: Rayan Vitor Simplício Rocha
2026-05-06 07:22:56,051 [INFO] fplmodel - XI | Caoimhín Kelleher (Brentford) - 4.28 pts | 4.8M
2026-05-06 07:22:56,051 [INFO] fplmodel - XI | Marc Cucurella Saseta (Chelsea) - 4.30 pts | 6.1M
2026-05-06 07:22:56,051 [INFO] fplmodel - XI | Marcos Senesi Barón (Bournemouth) - 4.10 pts | 5.2M
2026-05-06 07:22:56,051 [INFO] fplmodel - XI | Jaka Bijol (Leeds) - 4.04 pts | 3.9M
2026-05-06 07:22:56,051 [INFO] fplmodel - XI | Keane Lewis-Potter (Brentford) - 3.96 pts | 4.8M
2026-05-06 07:22:56,051 [INFO] fplmodel - XI | Rayan Vitor Simplício Rocha (Bournemouth) - 4.92 pts | 5.4M
2026-05-06 07:22:56,051 [INFO] fplmodel - XI | Jérémy Doku (Man City) - 4.58 pts | 6.4M
2026-05-06 07:22:56,051 [INFO] fplmodel - XI | Dango Ouattara (Brentford) - 4.38 pts | 5.7M
2026-05-06 07:22:56,051 [INFO] fplmodel - XI | Jaidon Anthony (Burnley) - 4.22 pts | 5.0M
2026-05-06 07:22:56,051 [INFO] fplmodel - XI | Granit Xhaka (Sunderland) - 4.21 pts | 5.1M
2026-05-06 07:22:56,051 [INFO] fplmodel - XI | Viktor Gyökeres (Arsenal) - 4.22 pts | 8.9M
2026-05-06 07:22:56,051 [INFO] fplmodel - Bench 1 | Gabriel dos Santos Magalhães (Arsenal) - 3.88 pts
2026-05-06 07:22:56,051 [INFO] fplmodel - Bench 2 | Taiwo Awoniyi (Nott'm Forest) - 3.76 pts
2026-05-06 07:22:56,052 [INFO] fplmodel - Bench 3 | João Pedro Junqueira de Jesus (Chelsea) - 3.75 pts
2026-05-06 07:22:56,052 [INFO] fplmodel - Bench 4 | Karl Darlow (Leeds) - 3.23 pts
2026-05-06 07:22:56,062 [INFO] fplmodel - Predictions saved to /Users/kyle/Documents/FPL-Prediction/outputs/predictions_gw37.csv
2026-05-06 07:22:56,063 [INFO] fplmodel - Starting XI saved to /Users/kyle/Documents/FPL-Prediction/outputs/starting_xi_gw37.csv
2026-05-06 07:22:56,064 [INFO] fplmodel - Bench saved to /Users/kyle/Documents/FPL-Prediction/outputs/bench_gw37.csv
2026-05-06 07:22:56,064 [INFO] fplmodel - Best XI JSON saved to /Users/kyle/Documents/FPL-Prediction/outputs/best_xi_gw37.json
2026-05-06 07:22:56,064 [INFO] fplmodel - Rendering best XI graphic...
2026-05-06 07:22:56,206 [INFO] fplmodel - Rendering best XI graphic completed in 0.14s
2026-05-06 07:22:56,206 [INFO] fplmodel - Best XI graphic generated at /Users/kyle/Documents/FPL-Prediction/outputs/best_xi_gw37.png
2026-05-06 07:22:56,211 [INFO] fplmodel - Residuals saved to /Users/kyle/Documents/FPL-Prediction/outputs/residuals_gw36.csv
2026-05-06 07:22:56,211 [INFO] fplmodel - Pipeline complete for GW 37
