2025-12-29 10:32:10,187 [INFO] fplmodel - Logging initialised. Writing to /Users/kyle/Documents/FPL-Prediction/logs/run_20251229_103210.log
2025-12-29 10:32:10,187 [INFO] fplmodel - Starting pipeline run (force_refetch=False)
2025-12-29 10:32:10,187 [INFO] fplmodel - Fetching bootstrap static data...
2025-12-29 10:32:10,207 [INFO] fplmodel - Fetching bootstrap static data completed in 0.02s
2025-12-29 10:32:10,207 [INFO] fplmodel - Fetching fixtures data...
2025-12-29 10:32:10,213 [INFO] fplmodel - Fetching fixtures data completed in 0.01s
2025-12-29 10:32:10,213 [INFO] fplmodel - Normalising bootstrap data...
2025-12-29 10:32:10,223 [INFO] fplmodel - Normalising bootstrap data completed in 0.01s
2025-12-29 10:32:10,223 [INFO] fplmodel - Loaded normalised frames: 775 elements, 20 teams, 38 events
2025-12-29 10:32:10,223 [INFO] fplmodel - Gameweek override applied -> next_gw=22 | last_finished_gw=21
2025-12-29 10:32:10,223 [INFO] fplmodel - Next gameweek: 22 | Last finished gameweek: 21
2025-12-29 10:32:10,223 [INFO] fplmodel - Renaming log file to highlight gameweek 22
2025-12-29 10:32:10,223 [INFO] fplmodel - Log file renamed to /Users/kyle/Documents/FPL-Prediction/logs/run_gw22_20251229_103210.log
2025-12-29 10:32:10,224 [INFO] fplmodel - Fetching player histories for 775 players (force_refetch=False)...
2025-12-29 10:32:11,243 [INFO] fplmodel - Fetching player histories for 775 players (force_refetch=False) completed in 1.02s
2025-12-29 10:32:11,243 [INFO] fplmodel - Loading 775 player history files from /Users/kyle/Documents/FPL-Prediction/data/raw
2025-12-29 10:32:11,243 [INFO] fplmodel - Collating player history JSON into dataframe...
2025-12-29 10:32:11,679 [INFO] fplmodel - Collating player history JSON into dataframe completed in 0.44s
2025-12-29 10:32:12,145 [INFO] fplmodel - Built player histories dataframe with 80370 rows
2025-12-29 10:32:12,145 [INFO] fplmodel - Loading external history data...
2025-12-29 10:32:12,922 [INFO] fplmodel - Loading external history data completed in 0.78s
2025-12-29 10:32:12,961 [INFO] fplmodel - Loaded 132226 external history rows for seasons 2020-21, 2021-22, 2022-23, 2023-24, 2024-25
2025-12-29 10:32:13,058 [INFO] fplmodel - Combined history dataset now has 205576 rows
2025-12-29 10:32:13,058 [INFO] fplmodel - Building training and prediction feature frames...
2025-12-29 10:32:17,160 [INFO] fplmodel - Building training and prediction feature frames completed in 4.10s
2025-12-29 10:32:17,160 [INFO] fplmodel - Prepared features: X_train=(138327, 156), y_train=138327, X_pred=(775, 163)
2025-12-29 10:32:17,174 [INFO] fplmodel - Training models with 156 features
2025-12-29 10:32:17,175 [INFO] fplmodel - Training feature columns: total_points_ma5, minutes_ma5, goals_scored_ma5, assists_ma5, clean_sheets_ma5, influence_ma5, creativity_ma5, threat_ma5, ict_index_ma5, goals_conceded_ma5, own_goals_ma5, penalties_saved_ma5, penalties_missed_ma5, yellow_cards_ma5, red_cards_ma5, saves_ma5, bonus_ma5, bps_ma5, clearances_blocks_interceptions_ma5, recoveries_ma5, tackles_ma5, defensive_contribution_ma5, starts_ma5, expected_goals_ma5, expected_assists_ma5, expected_goal_involvements_ma5, expected_goals_conceded_ma5, value_ma5, transfers_balance_ma5, selected_ma5, transfers_in_ma5, transfers_out_ma5, attacking_returns_ma5, finishing_plus_minus_ma5, finishing_ratio_ma5, creation_plus_minus_ma5, creation_ratio_ma5, xgi_plus_minus_ma5, minutes_share_ma5, points_per_90_ma5, tackles_plus_interceptions_ma5, defensive_actions_ma5, total_points_lag1, minutes_lag1, goals_scored_lag1, assists_lag1, clean_sheets_lag1, influence_lag1, creativity_lag1, threat_lag1, ict_index_lag1, goals_conceded_lag1, own_goals_lag1, penalties_saved_lag1, penalties_missed_lag1, yellow_cards_lag1, red_cards_lag1, saves_lag1, bonus_lag1, bps_lag1, clearances_blocks_interceptions_lag1, recoveries_lag1, tackles_lag1, defensive_contribution_lag1, starts_lag1, expected_goals_lag1, expected_assists_lag1, expected_goal_involvements_lag1, expected_goals_conceded_lag1, value_lag1, transfers_balance_lag1, selected_lag1, transfers_in_lag1, transfers_out_lag1, attacking_returns_lag1, finishing_plus_minus_lag1, finishing_ratio_lag1, creation_plus_minus_lag1, creation_ratio_lag1, xgi_plus_minus_lag1, minutes_share_lag1, points_per_90_lag1, tackles_plus_interceptions_lag1, defensive_actions_lag1, team_goals_for_ma5, team_goals_against_ma5, team_goal_diff_ma5, team_clean_sheet_ma5, team_conceded_two_plus_ma5, team_match_points_ma5, opp_team_goals_for_ma5, opp_team_goals_against_ma5, opp_team_goal_diff_ma5, opp_team_clean_sheet_ma5, opp_team_conceded_two_plus_ma5, opp_team_match_points_ma5, was_home, team_strength_overall, team_strength_home, team_strength_away, team_attack_home, team_attack_away, team_def_home, team_def_away, team_form_rating, team_points_table, team_league_position, team_matches_played, team_wins, team_draws, team_losses, opp_strength_overall, opp_strength_home, opp_strength_away, opp_attack_home, opp_attack_away, opp_def_home, opp_def_away, opp_form_rating, opp_points_table, opp_league_position, opp_matches_played, opp_wins, opp_draws, opp_losses, form, points_per_game, value_form, value_season, selected_by_percent, expected_goals_per_90, expected_assists_per_90, expected_goal_involvements_per_90, expected_goals_conceded_per_90, goals_conceded_per_90, saves_per_90, starts_per_90, clean_sheets_per_90, defensive_contribution_per_90, availability_this_round, availability_next_round, status_availability, status_injury_flag, injury_risk_flag, corners_and_indirect_freekicks_order, direct_freekicks_order, penalties_order, has_corners_duty, primary_corners_taker, has_direct_fk_duty, primary_direct_fk_taker, has_penalty_duty, primary_penalty_taker, set_piece_duty_score, player_bias, pos_bias
2025-12-29 10:32:17,175 [INFO] fplmodel - Training prediction models...
2025-12-29 10:32:17,373 [INFO] fplmodel.model - Season sample weights applied: 2020-21: 0.25, 2021-22: 0.25, 2022-23: 0.34, 2023-24: 0.49, 2024-25: 0.70, 2025-26: 1.00
2025-12-29 10:32:17,373 [INFO] fplmodel.model - Using TimeSeriesSplit with 3 folds for hyperparameter tuning.
2025-12-29 10:33:18,999 [INFO] fplmodel.model - Best classifier[hist_gbdt] params from tuning: {'est__min_samples_leaf': 20, 'est__max_iter': 350, 'est__max_depth': 4, 'est__learning_rate': 0.04, 'est__l2_regularization': 0.1} (score=1.0000)
2025-12-29 10:34:40,580 [INFO] fplmodel.model - Best regressor[hist_gbdt] params from tuning: {'est__min_samples_leaf': 20, 'est__max_iter': 300, 'est__max_depth': 8, 'est__learning_rate': 0.06, 'est__l2_regularization': 0.05} (score=-0.9863)
2025-12-29 10:34:40,581 [INFO] fplmodel.model - Candidate Histogram Gradient Boosting | classifier=1.0000 ± 0.0000 ↑ | regressor=0.9863 ± 0.0452 ↓
2025-12-29 10:37:35,134 [INFO] fplmodel.model - Best classifier[random_forest] params from tuning: {'est__n_estimators': 200, 'est__min_samples_split': 6, 'est__min_samples_leaf': 4, 'est__max_features': 'sqrt', 'est__max_depth': None} (score=1.0000)
2025-12-29 11:06:27,599 [INFO] fplmodel.model - Best regressor[random_forest] params from tuning: {'est__n_estimators': 600, 'est__min_samples_split': 6, 'est__min_samples_leaf': 4, 'est__max_features': 0.7, 'est__max_depth': 20} (score=-0.9804)
2025-12-29 11:06:27,602 [INFO] fplmodel.model - Candidate Random Forest | classifier=1.0000 ± 0.0000 ↑ | regressor=0.9804 ± 0.0253 ↓
2025-12-29 11:08:06,925 [INFO] fplmodel.model - Best classifier[neural_network] params from tuning: {'est__learning_rate_init': 0.001, 'est__hidden_layer_sizes': (256, 128), 'est__beta_1': 0.9, 'est__alpha': 0.0001} (score=0.9989)
2025-12-29 11:09:15,464 [INFO] fplmodel.model - Best regressor[neural_network] params from tuning: {'est__learning_rate_init': 0.003, 'est__hidden_layer_sizes': (128, 64), 'est__beta_1': 0.85, 'est__alpha': 0.0005} (score=-0.9974)
2025-12-29 11:09:15,465 [INFO] fplmodel.model - Candidate Neural Network (MLP) | classifier=0.9989 ± 0.0006 ↑ | regressor=0.9974 ± 0.0941 ↓
2025-12-29 11:09:15,467 [INFO] fplmodel.model - Saved model selection summary to /Users/kyle/Documents/FPL-Prediction/models/model_selection_summary.csv
2025-12-29 11:09:15,467 [INFO] fplmodel.model - Selected classifier model: Histogram Gradient Boosting (balanced_accuracy=1.0000 ± 0.0000 ↑)
2025-12-29 11:09:15,467 [INFO] fplmodel.model - Selected regressor model: Random Forest (MAE=0.9804 ± 0.0253 ↓)
2025-12-29 11:13:17,299 [INFO] fplmodel.model - Classifier (histogram gradient boosting) feature selector dropped 39 column(s): availability_next_round, bps_lag1, bps_ma5, creation_plus_minus_lag1, creation_plus_minus_ma5, defensive_actions_lag1, defensive_actions_ma5, expected_goal_involvements_lag1, expected_goal_involvements_ma5, expected_goal_involvements_per_90, ... (+29 more)
2025-12-29 11:13:17,300 [INFO] fplmodel.model - Regressor (random forest) feature selector dropped 39 column(s): availability_next_round, bps_lag1, bps_ma5, creation_plus_minus_lag1, creation_plus_minus_ma5, defensive_actions_lag1, defensive_actions_ma5, expected_goal_involvements_lag1, expected_goal_involvements_ma5, expected_goal_involvements_per_90, ... (+29 more)
2025-12-29 11:13:17,300 [INFO] fplmodel.model - Final model selection: classifier=Histogram Gradient Boosting | regressor=Random Forest
2025-12-29 11:13:17,556 [INFO] fplmodel - Training prediction models completed in 2460.09s
2025-12-29 11:13:17,593 [INFO] fplmodel - Top feature weights for regressor: total_points_lag1: 0.3533, total_points_ma5: 0.0866, recoveries_lag1: 0.0857, defensive_contribution_lag1: 0.0313, points_per_90_lag1: 0.0307, bonus_lag1: 0.0245, player_bias: 0.0196, team_conceded_two_plus_ma5: 0.0133, selected_lag1: 0.0114, minutes_ma5: 0.0105, team_clean_sheet_ma5: 0.0097, bonus_ma5: 0.0093, selected_ma5: 0.0093, team_match_points_ma5: 0.0089, value_season: 0.0088
2025-12-29 11:13:17,593 [INFO] fplmodel - Estimator HistGradientBoostingClassifier for classifier does not expose feature_importances_; skipping logging.
2025-12-29 11:13:17,593 [INFO] fplmodel - Model training complete; fitted 3 candidate pair(s).
2025-12-29 11:13:17,593 [INFO] fplmodel - Generating next gameweek predictions...
2025-12-29 11:13:17,718 [INFO] fplmodel - Generating next gameweek predictions completed in 0.12s
2025-12-29 11:13:17,719 [INFO] fplmodel - Generated ensemble predictions for 775 players using 3 model(s): Histogram Gradient Boosting, Random Forest, Neural Network (MLP)
2025-12-29 11:13:17,721 [INFO] fplmodel - Applied fixture multipliers; average EP now 1.82
2025-12-29 11:13:17,722 [INFO] fplmodel - Top 5 expected point predictions (ensemble): Ryan Sessegnon (6.24); Keane Lewis-Potter (5.53); Morgan Rogers (5.24); Bukayo Saka (5.17); Samuel Chukwueze (4.97)
2025-12-29 11:13:17,722 [INFO] fplmodel - Evaluating last finished gameweek residuals...
2025-12-29 11:13:17,830 [INFO] fplmodel - Evaluating last finished gameweek residuals completed in 0.11s
2025-12-29 11:13:17,830 [INFO] fplmodel - Residuals computed for 3541 players in GW 21
2025-12-29 11:13:17,830 [INFO] fplmodel - Selecting best XI from 775 candidates
2025-12-29 11:13:17,830 [INFO] fplmodel - Optimising best XI selection...
2025-12-29 11:13:18,668 [INFO] fplmodel - Optimising best XI selection completed in 0.84s
2025-12-29 11:13:18,668 [INFO] fplmodel - Selected squad: total cost 90.8M | starting cost 68.5M | bench cost 22.3M
2025-12-29 11:13:18,668 [INFO] fplmodel - Projected points: XI 53.43 | Captain included 59.67 | Bench 15.48
2025-12-29 11:13:18,668 [INFO] fplmodel - Captain: Ryan Sessegnon
2025-12-29 11:13:18,668 [INFO] fplmodel - XI | Martin Dúbravka (Burnley) - 3.59 pts | 4.0M
2025-12-29 11:13:18,668 [INFO] fplmodel - XI | Keane Lewis-Potter (Brentford) - 5.53 pts | 4.9M
2025-12-29 11:13:18,668 [INFO] fplmodel - XI | William Saliba (Arsenal) - 4.92 pts | 5.9M
2025-12-29 11:13:18,668 [INFO] fplmodel - XI | Matheus Nunes (Man City) - 4.67 pts | 5.4M
2025-12-29 11:13:18,669 [INFO] fplmodel - XI | Malo Gusto (Chelsea) - 4.32 pts | 5.0M
2025-12-29 11:13:18,669 [INFO] fplmodel - XI | Ryan Sessegnon (Fulham) - 6.24 pts | 5.4M
2025-12-29 11:13:18,669 [INFO] fplmodel - XI | Morgan Rogers (Aston Villa) - 5.24 pts | 7.4M
2025-12-29 11:13:18,669 [INFO] fplmodel - XI | Bukayo Saka (Arsenal) - 5.17 pts | 10.3M
2025-12-29 11:13:18,669 [INFO] fplmodel - XI | Samuel Chukwueze (Fulham) - 4.97 pts | 5.3M
2025-12-29 11:13:18,669 [INFO] fplmodel - XI | Yéremy Pino Santos (Crystal Palace) - 4.66 pts | 5.8M
2025-12-29 11:13:18,669 [INFO] fplmodel - XI | Hugo Ekitiké (Liverpool) - 4.13 pts | 9.1M
2025-12-29 11:13:18,669 [INFO] fplmodel - Bench 1 | João Pedro Junqueira de Jesus (Chelsea) - 4.12 pts
2025-12-29 11:13:18,669 [INFO] fplmodel - Bench 2 | Michael Keane (Everton) - 4.00 pts
2025-12-29 11:13:18,669 [INFO] fplmodel - Bench 3 | Dominic Calvert-Lewin (Leeds) - 3.89 pts
2025-12-29 11:13:18,669 [INFO] fplmodel - Bench 4 | Caoimhín Kelleher (Brentford) - 3.47 pts
2025-12-29 11:13:18,678 [INFO] fplmodel - Predictions saved to /Users/kyle/Documents/FPL-Prediction/outputs/predictions_gw22.csv
2025-12-29 11:13:18,678 [INFO] fplmodel - Starting XI saved to /Users/kyle/Documents/FPL-Prediction/outputs/starting_xi_gw22.csv
2025-12-29 11:13:18,679 [INFO] fplmodel - Bench saved to /Users/kyle/Documents/FPL-Prediction/outputs/bench_gw22.csv
2025-12-29 11:13:18,679 [INFO] fplmodel - Best XI JSON saved to /Users/kyle/Documents/FPL-Prediction/outputs/best_xi_gw22.json
2025-12-29 11:13:18,679 [INFO] fplmodel - Rendering best XI graphic...
2025-12-29 11:13:18,824 [INFO] fplmodel - Rendering best XI graphic completed in 0.15s
2025-12-29 11:13:18,825 [INFO] fplmodel - Best XI graphic generated at /Users/kyle/Documents/FPL-Prediction/outputs/best_xi_gw22.png
2025-12-29 11:13:18,830 [INFO] fplmodel - Residuals saved to /Users/kyle/Documents/FPL-Prediction/outputs/residuals_gw21.csv
2025-12-29 11:13:18,830 [INFO] fplmodel - Pipeline complete for GW 22
