2026-05-14 08:37:51,391 [INFO] fplmodel - Logging initialised. Writing to /Users/kyle/Documents/FPL-Prediction/logs/run_20260514_083751.log
2026-05-14 08:37:51,391 [INFO] fplmodel - Starting pipeline run (force_refetch=False)
2026-05-14 08:37:51,391 [INFO] fplmodel - Fetching bootstrap static data...
2026-05-14 08:37:51,413 [INFO] fplmodel - Fetching bootstrap static data completed in 0.02s
2026-05-14 08:37:51,413 [INFO] fplmodel - Fetching fixtures data...
2026-05-14 08:37:51,457 [INFO] fplmodel - Fetching fixtures data completed in 0.04s
2026-05-14 08:37:51,457 [INFO] fplmodel - Normalising bootstrap data...
2026-05-14 08:37:51,467 [INFO] fplmodel - Normalising bootstrap data completed in 0.01s
2026-05-14 08:37:51,467 [INFO] fplmodel - Loaded normalised frames: 838 elements, 20 teams, 38 events
2026-05-14 08:37:51,468 [INFO] fplmodel - Gameweek override applied -> next_gw=38 | last_finished_gw=37
2026-05-14 08:37:51,468 [INFO] fplmodel - Next gameweek: 38 | Last finished gameweek: 37
2026-05-14 08:37:51,468 [INFO] fplmodel - Renaming log file to highlight gameweek 38
2026-05-14 08:37:51,468 [INFO] fplmodel - Log file renamed to /Users/kyle/Documents/FPL-Prediction/logs/run_gw38_20260514_083751.log
2026-05-14 08:37:51,468 [INFO] fplmodel - Fetching player histories for 838 players (force_refetch=False)...
2026-05-14 08:37:51,468 [INFO] fplmodel.data_pull - Fetching player histories with 8 worker thread(s).
2026-05-14 08:37:51,582 [INFO] fplmodel.data_pull - Player history fetch progress: 50/838 complete (0 failures).
2026-05-14 08:37:51,682 [INFO] fplmodel.data_pull - Player history fetch progress: 100/838 complete (0 failures).
2026-05-14 08:37:51,788 [INFO] fplmodel.data_pull - Player history fetch progress: 150/838 complete (0 failures).
2026-05-14 08:37:51,885 [INFO] fplmodel.data_pull - Player history fetch progress: 200/838 complete (0 failures).
2026-05-14 08:37:51,999 [INFO] fplmodel.data_pull - Player history fetch progress: 250/838 complete (0 failures).
2026-05-14 08:37:52,097 [INFO] fplmodel.data_pull - Player history fetch progress: 300/838 complete (0 failures).
2026-05-14 08:37:52,194 [INFO] fplmodel.data_pull - Player history fetch progress: 350/838 complete (0 failures).
2026-05-14 08:37:52,305 [INFO] fplmodel.data_pull - Player history fetch progress: 400/838 complete (0 failures).
2026-05-14 08:37:52,404 [INFO] fplmodel.data_pull - Player history fetch progress: 450/838 complete (0 failures).
2026-05-14 08:37:52,504 [INFO] fplmodel.data_pull - Player history fetch progress: 500/838 complete (0 failures).
2026-05-14 08:37:52,611 [INFO] fplmodel.data_pull - Player history fetch progress: 550/838 complete (0 failures).
2026-05-14 08:37:52,711 [INFO] fplmodel.data_pull - Player history fetch progress: 600/838 complete (0 failures).
2026-05-14 08:37:52,816 [INFO] fplmodel.data_pull - Player history fetch progress: 650/838 complete (0 failures).
2026-05-14 08:37:52,915 [INFO] fplmodel.data_pull - Player history fetch progress: 700/838 complete (0 failures).
2026-05-14 08:37:53,009 [INFO] fplmodel.data_pull - Player history fetch progress: 750/838 complete (0 failures).
2026-05-14 08:37:53,109 [INFO] fplmodel.data_pull - Player history fetch progress: 800/838 complete (0 failures).
2026-05-14 08:37:53,174 [INFO] fplmodel.data_pull - Player history fetch progress: 838/838 complete (0 failures).
2026-05-14 08:37:53,208 [INFO] fplmodel - Fetching player histories for 838 players (force_refetch=False) completed in 1.74s
2026-05-14 08:37:53,208 [INFO] fplmodel - Loading 838 player history files from /Users/kyle/Documents/FPL-Prediction/data/raw
2026-05-14 08:37:53,208 [INFO] fplmodel - Collating player history JSON into dataframe...
2026-05-14 08:37:54,083 [INFO] fplmodel - Collating player history JSON into dataframe completed in 0.87s
2026-05-14 08:37:55,117 [INFO] fplmodel - Built player histories dataframe with 168396 rows
2026-05-14 08:37:55,117 [INFO] fplmodel - Loading external history data...
2026-05-14 08:37:55,881 [INFO] fplmodel - Loading external history data completed in 0.76s
2026-05-14 08:37:55,920 [INFO] fplmodel - Loaded 133468 external history rows for seasons 2020-21, 2021-22, 2022-23, 2023-24, 2024-25
2026-05-14 08:37:56,082 [INFO] fplmodel - Combined history dataset now has 287184 rows
2026-05-14 08:37:56,083 [INFO] fplmodel - Building training and prediction feature frames...
2026-05-14 08:38:16,426 [INFO] fplmodel - Building training and prediction feature frames completed in 20.34s
2026-05-14 08:38:16,427 [INFO] fplmodel - Prepared features: X_train=(272170, 156), y_train=272170, X_pred=(838, 163)
2026-05-14 08:38:16,436 [INFO] fplmodel - Training models with 156 features
2026-05-14 08:38:16,437 [INFO] fplmodel - Training feature columns: total_points_ma5, minutes_ma5, goals_scored_ma5, assists_ma5, clean_sheets_ma5, influence_ma5, creativity_ma5, threat_ma5, ict_index_ma5, goals_conceded_ma5, own_goals_ma5, penalties_saved_ma5, penalties_missed_ma5, yellow_cards_ma5, red_cards_ma5, saves_ma5, bonus_ma5, bps_ma5, clearances_blocks_interceptions_ma5, recoveries_ma5, tackles_ma5, defensive_contribution_ma5, starts_ma5, expected_goals_ma5, expected_assists_ma5, expected_goal_involvements_ma5, expected_goals_conceded_ma5, value_ma5, transfers_balance_ma5, selected_ma5, transfers_in_ma5, transfers_out_ma5, attacking_returns_ma5, finishing_plus_minus_ma5, finishing_ratio_ma5, creation_plus_minus_ma5, creation_ratio_ma5, xgi_plus_minus_ma5, minutes_share_ma5, points_per_90_ma5, tackles_plus_interceptions_ma5, defensive_actions_ma5, total_points_lag1, minutes_lag1, goals_scored_lag1, assists_lag1, clean_sheets_lag1, influence_lag1, creativity_lag1, threat_lag1, ict_index_lag1, goals_conceded_lag1, own_goals_lag1, penalties_saved_lag1, penalties_missed_lag1, yellow_cards_lag1, red_cards_lag1, saves_lag1, bonus_lag1, bps_lag1, clearances_blocks_interceptions_lag1, recoveries_lag1, tackles_lag1, defensive_contribution_lag1, starts_lag1, expected_goals_lag1, expected_assists_lag1, expected_goal_involvements_lag1, expected_goals_conceded_lag1, value_lag1, transfers_balance_lag1, selected_lag1, transfers_in_lag1, transfers_out_lag1, attacking_returns_lag1, finishing_plus_minus_lag1, finishing_ratio_lag1, creation_plus_minus_lag1, creation_ratio_lag1, xgi_plus_minus_lag1, minutes_share_lag1, points_per_90_lag1, tackles_plus_interceptions_lag1, defensive_actions_lag1, team_goals_for_ma5, team_goals_against_ma5, team_goal_diff_ma5, team_clean_sheet_ma5, team_conceded_two_plus_ma5, team_match_points_ma5, opp_team_goals_for_ma5, opp_team_goals_against_ma5, opp_team_goal_diff_ma5, opp_team_clean_sheet_ma5, opp_team_conceded_two_plus_ma5, opp_team_match_points_ma5, was_home, team_strength_overall, team_strength_home, team_strength_away, team_attack_home, team_attack_away, team_def_home, team_def_away, team_form_rating, team_points_table, team_league_position, team_matches_played, team_wins, team_draws, team_losses, opp_strength_overall, opp_strength_home, opp_strength_away, opp_attack_home, opp_attack_away, opp_def_home, opp_def_away, opp_form_rating, opp_points_table, opp_league_position, opp_matches_played, opp_wins, opp_draws, opp_losses, form, points_per_game, value_form, value_season, selected_by_percent, expected_goals_per_90, expected_assists_per_90, expected_goal_involvements_per_90, expected_goals_conceded_per_90, goals_conceded_per_90, saves_per_90, starts_per_90, clean_sheets_per_90, defensive_contribution_per_90, availability_this_round, availability_next_round, status_availability, status_injury_flag, injury_risk_flag, corners_and_indirect_freekicks_order, direct_freekicks_order, penalties_order, has_corners_duty, primary_corners_taker, has_direct_fk_duty, primary_direct_fk_taker, has_penalty_duty, primary_penalty_taker, set_piece_duty_score, player_bias, pos_bias
2026-05-14 08:38:16,437 [INFO] fplmodel - Training prediction models...
2026-05-14 08:38:16,857 [INFO] fplmodel.model - Season sample weights applied: 2020-21: 0.25, 2021-22: 0.25, 2022-23: 0.34, 2023-24: 0.49, 2024-25: 0.70, 2025-26: 1.00
2026-05-14 08:38:16,857 [INFO] fplmodel.model - Using TimeSeriesSplit with 3 folds for hyperparameter tuning.
2026-05-14 08:38:16,858 [INFO] fplmodel.model - Using actual match minutes as classifier target (minutes >= 60).
2026-05-14 08:38:16,864 [INFO] fplmodel.model - Model selection using most recent 60000/272170 training rows; final fits still use all rows.
2026-05-14 08:38:43,501 [INFO] fplmodel.model - Best classifier[hist_gbdt] params from tuning: {'est__min_samples_leaf': 30, 'est__max_iter': 200, 'est__max_depth': None, 'est__learning_rate': 0.06, 'est__l2_regularization': 0.05} (score=0.7837)
2026-05-14 08:39:02,760 [INFO] fplmodel.model - Best regressor[hist_gbdt] params from tuning: {'est__min_samples_leaf': 20, 'est__max_iter': 400, 'est__max_depth': 4, 'est__learning_rate': 0.04, 'est__l2_regularization': 0.1} (score=-1.0791)
2026-05-14 08:39:02,760 [INFO] fplmodel.model - Candidate Histogram Gradient Boosting | classifier=0.7837 ± 0.0130 ↑ | regressor=1.0791 ± 0.0786 ↓
2026-05-14 08:39:30,565 [INFO] fplmodel.model - Best classifier[xgboost] params from tuning: {'est__subsample': 0.9, 'est__reg_lambda': 1.5, 'est__n_estimators': 250, 'est__max_depth': 8, 'est__learning_rate': 0.12, 'est__gamma': 0.1, 'est__colsample_bytree': 0.7} (score=0.7794)
2026-05-14 08:39:59,246 [INFO] fplmodel.model - Best regressor[xgboost] params from tuning: {'est__subsample': 1.0, 'est__reg_lambda': 1.0, 'est__n_estimators': 550, 'est__max_depth': 4, 'est__learning_rate': 0.05, 'est__gamma': 0.3, 'est__colsample_bytree': 0.85} (score=-1.0943)
2026-05-14 08:39:59,246 [INFO] fplmodel.model - Candidate XGBoost | classifier=0.7794 ± 0.0241 ↑ | regressor=1.0943 ± 0.0902 ↓
2026-05-14 08:39:59,247 [INFO] fplmodel.model - Saved model selection summary to /Users/kyle/Documents/FPL-Prediction/models/model_selection_summary.csv
2026-05-14 08:39:59,247 [INFO] fplmodel.model - Selected classifier model: Histogram Gradient Boosting (balanced_accuracy=0.7837 ± 0.0130 ↑)
2026-05-14 08:39:59,247 [INFO] fplmodel.model - Selected regressor model: Histogram Gradient Boosting (MAE=1.0791 ± 0.0786 ↓)
2026-05-14 08:41:21,115 [INFO] fplmodel.model - Classifier (histogram gradient boosting) feature selector dropped 39 column(s): availability_next_round, bps_lag1, bps_ma5, creation_plus_minus_lag1, creation_plus_minus_ma5, defensive_actions_lag1, defensive_actions_ma5, expected_goal_involvements_ma5, expected_goal_involvements_per_90, injury_risk_flag, ... (+29 more)
2026-05-14 08:41:21,117 [INFO] fplmodel.model - Regressor (histogram gradient boosting) feature selector dropped 39 column(s): availability_next_round, bps_lag1, bps_ma5, creation_plus_minus_lag1, creation_plus_minus_ma5, defensive_actions_lag1, defensive_actions_ma5, expected_goal_involvements_ma5, expected_goal_involvements_per_90, injury_risk_flag, ... (+29 more)
2026-05-14 08:41:21,117 [INFO] fplmodel.model - Final model selection: classifier=Histogram Gradient Boosting | regressor=Histogram Gradient Boosting
2026-05-14 08:41:21,168 [INFO] fplmodel - Training prediction models completed in 184.73s
2026-05-14 08:41:21,168 [INFO] fplmodel - Estimator HistGradientBoostingRegressor for regressor does not expose feature_importances_; skipping logging.
2026-05-14 08:41:21,168 [INFO] fplmodel - Estimator HistGradientBoostingClassifier for classifier does not expose feature_importances_; skipping logging.
2026-05-14 08:41:21,168 [INFO] fplmodel - Model training complete; fitted 2 candidate pair(s).
2026-05-14 08:41:21,168 [INFO] fplmodel - Generating next gameweek predictions...
2026-05-14 08:41:21,205 [INFO] fplmodel - Generating next gameweek predictions completed in 0.04s
2026-05-14 08:41:21,206 [INFO] fplmodel - Generated ensemble predictions for 838 players using 2 model(s): Histogram Gradient Boosting, XGBoost
2026-05-14 08:41:21,212 [INFO] fplmodel - Applied fixture multipliers; average EP now 0.65
2026-05-14 08:41:21,213 [INFO] fplmodel - Top 5 expected point predictions (ensemble): Rayan Vitor Simplício Rocha (6.03); James Tarkowski (5.74); Gabriel dos Santos Magalhães (5.34); William Saliba (5.07); Matheus Santos Carneiro da Cunha (4.72)
2026-05-14 08:41:21,213 [INFO] fplmodel - Evaluating last finished gameweek residuals...
2026-05-14 08:41:21,266 [INFO] fplmodel - Evaluating last finished gameweek residuals completed in 0.05s
2026-05-14 08:41:21,266 [INFO] fplmodel - Residuals computed for 4415 players in GW 37
2026-05-14 08:41:21,266 [INFO] fplmodel - Selecting best XI from 838 candidates
2026-05-14 08:41:21,266 [INFO] fplmodel - Optimising best XI selection...
2026-05-14 08:41:22,100 [INFO] fplmodel - Optimising best XI selection completed in 0.83s
2026-05-14 08:41:22,100 [INFO] fplmodel - Selected squad: total cost 87.9M | starting cost 64.4M | bench cost 23.5M
2026-05-14 08:41:22,100 [INFO] fplmodel - Projected points: XI 52.04 | Captain included 58.07 | Bench 14.19
2026-05-14 08:41:22,100 [INFO] fplmodel - Captain: Rayan Vitor Simplício Rocha
2026-05-14 08:41:22,100 [INFO] fplmodel - XI | Bernd Leno (Fulham) - 3.72 pts | 4.9M
2026-05-14 08:41:22,100 [INFO] fplmodel - XI | James Tarkowski (Everton) - 5.74 pts | 5.7M
2026-05-14 08:41:22,100 [INFO] fplmodel - XI | Gabriel dos Santos Magalhães (Arsenal) - 5.34 pts | 7.3M
2026-05-14 08:41:22,100 [INFO] fplmodel - XI | William Saliba (Arsenal) - 5.07 pts | 6.2M
2026-05-14 08:41:22,101 [INFO] fplmodel - XI | Marcos Senesi Barón (Bournemouth) - 3.87 pts | 5.2M
2026-05-14 08:41:22,101 [INFO] fplmodel - XI | Rayan Vitor Simplício Rocha (Bournemouth) - 6.03 pts | 5.4M
2026-05-14 08:41:22,101 [INFO] fplmodel - XI | Matheus Santos Carneiro da Cunha (Man Utd) - 4.72 pts | 8.1M
2026-05-14 08:41:22,101 [INFO] fplmodel - XI | Jaidon Anthony (Burnley) - 4.60 pts | 5.0M
2026-05-14 08:41:22,101 [INFO] fplmodel - XI | Jack Hinshelwood (Brighton) - 4.45 pts | 5.1M
2026-05-14 08:41:22,101 [INFO] fplmodel - XI | Elliot Anderson (Nott'm Forest) - 4.37 pts | 5.6M
2026-05-14 08:41:22,101 [INFO] fplmodel - XI | Igor Jesus Maciel da Cruz (Nott'm Forest) - 4.13 pts | 5.9M
2026-05-14 08:41:22,101 [INFO] fplmodel - Bench 1 | Ollie Watkins (Aston Villa) - 3.85 pts
2026-05-14 08:41:22,101 [INFO] fplmodel - Bench 2 | Ferdi Kadıoğlu (Brighton) - 3.79 pts
2026-05-14 08:41:22,101 [INFO] fplmodel - Bench 3 | Zian Flemming (Burnley) - 2.91 pts
2026-05-14 08:41:22,101 [INFO] fplmodel - Bench 4 | Senne Lammens (Man Utd) - 3.64 pts
2026-05-14 08:41:22,111 [INFO] fplmodel - Predictions saved to /Users/kyle/Documents/FPL-Prediction/outputs/predictions_gw38.csv
2026-05-14 08:41:22,111 [INFO] fplmodel - Starting XI saved to /Users/kyle/Documents/FPL-Prediction/outputs/starting_xi_gw38.csv
2026-05-14 08:41:22,112 [INFO] fplmodel - Bench saved to /Users/kyle/Documents/FPL-Prediction/outputs/bench_gw38.csv
2026-05-14 08:41:22,112 [INFO] fplmodel - Best XI JSON saved to /Users/kyle/Documents/FPL-Prediction/outputs/best_xi_gw38.json
2026-05-14 08:41:22,112 [INFO] fplmodel - Rendering best XI graphic...
2026-05-14 08:41:22,255 [INFO] fplmodel - Rendering best XI graphic completed in 0.14s
2026-05-14 08:41:22,255 [INFO] fplmodel - Best XI graphic generated at /Users/kyle/Documents/FPL-Prediction/outputs/best_xi_gw38.png
2026-05-14 08:41:22,260 [INFO] fplmodel - Residuals saved to /Users/kyle/Documents/FPL-Prediction/outputs/residuals_gw37.csv
2026-05-14 08:41:22,260 [INFO] fplmodel - Pipeline complete for GW 38
