2026-01-29 16:38:42,283 [INFO] fplmodel - Logging initialised. Writing to /Users/kyle/Documents/FPL-Prediction/logs/run_20260129_163842.log
2026-01-29 16:38:42,283 [INFO] fplmodel - Starting pipeline run (force_refetch=False)
2026-01-29 16:38:42,283 [INFO] fplmodel - Fetching bootstrap static data...
2026-01-29 16:38:42,303 [INFO] fplmodel - Fetching bootstrap static data completed in 0.02s
2026-01-29 16:38:42,303 [INFO] fplmodel - Fetching fixtures data...
2026-01-29 16:38:42,311 [INFO] fplmodel - Fetching fixtures data completed in 0.01s
2026-01-29 16:38:42,311 [INFO] fplmodel - Normalising bootstrap data...
2026-01-29 16:38:42,322 [INFO] fplmodel - Normalising bootstrap data completed in 0.01s
2026-01-29 16:38:42,322 [INFO] fplmodel - Loaded normalised frames: 808 elements, 20 teams, 38 events
2026-01-29 16:38:42,322 [INFO] fplmodel - Gameweek override applied -> next_gw=24 | last_finished_gw=23
2026-01-29 16:38:42,322 [INFO] fplmodel - Next gameweek: 24 | Last finished gameweek: 23
2026-01-29 16:38:42,322 [INFO] fplmodel - Renaming log file to highlight gameweek 24
2026-01-29 16:38:42,323 [INFO] fplmodel - Log file renamed to /Users/kyle/Documents/FPL-Prediction/logs/run_gw24_20260129_163842.log
2026-01-29 16:38:42,323 [INFO] fplmodel - Fetching player histories for 808 players (force_refetch=False)...
2026-01-29 16:38:43,619 [INFO] fplmodel - Fetching player histories for 808 players (force_refetch=False) completed in 1.30s
2026-01-29 16:38:43,620 [INFO] fplmodel - Loading 808 player history files from /Users/kyle/Documents/FPL-Prediction/data/raw
2026-01-29 16:38:43,620 [INFO] fplmodel - Collating player history JSON into dataframe...
2026-01-29 16:38:44,189 [INFO] fplmodel - Collating player history JSON into dataframe completed in 0.57s
2026-01-29 16:38:44,819 [INFO] fplmodel - Built player histories dataframe with 104172 rows
2026-01-29 16:38:44,819 [INFO] fplmodel - Loading external history data...
2026-01-29 16:38:45,687 [INFO] fplmodel - Loading external history data completed in 0.87s
2026-01-29 16:38:45,729 [INFO] fplmodel - Loaded 133062 external history rows for seasons 2020-21, 2021-22, 2022-23, 2023-24, 2024-25
2026-01-29 16:38:45,842 [INFO] fplmodel - Combined history dataset now has 227702 rows
2026-01-29 16:38:45,842 [INFO] fplmodel - Building training and prediction feature frames...
2026-01-29 16:38:50,292 [INFO] fplmodel - Building training and prediction feature frames completed in 4.45s
2026-01-29 16:38:50,292 [INFO] fplmodel - Prepared features: X_train=(166995, 156), y_train=166995, X_pred=(808, 163)
2026-01-29 16:38:50,298 [INFO] fplmodel - Training models with 156 features
2026-01-29 16:38:50,298 [INFO] fplmodel - Training feature columns: total_points_ma5, minutes_ma5, goals_scored_ma5, assists_ma5, clean_sheets_ma5, influence_ma5, creativity_ma5, threat_ma5, ict_index_ma5, goals_conceded_ma5, own_goals_ma5, penalties_saved_ma5, penalties_missed_ma5, yellow_cards_ma5, red_cards_ma5, saves_ma5, bonus_ma5, bps_ma5, clearances_blocks_interceptions_ma5, recoveries_ma5, tackles_ma5, defensive_contribution_ma5, starts_ma5, expected_goals_ma5, expected_assists_ma5, expected_goal_involvements_ma5, expected_goals_conceded_ma5, value_ma5, transfers_balance_ma5, selected_ma5, transfers_in_ma5, transfers_out_ma5, attacking_returns_ma5, finishing_plus_minus_ma5, finishing_ratio_ma5, creation_plus_minus_ma5, creation_ratio_ma5, xgi_plus_minus_ma5, minutes_share_ma5, points_per_90_ma5, tackles_plus_interceptions_ma5, defensive_actions_ma5, total_points_lag1, minutes_lag1, goals_scored_lag1, assists_lag1, clean_sheets_lag1, influence_lag1, creativity_lag1, threat_lag1, ict_index_lag1, goals_conceded_lag1, own_goals_lag1, penalties_saved_lag1, penalties_missed_lag1, yellow_cards_lag1, red_cards_lag1, saves_lag1, bonus_lag1, bps_lag1, clearances_blocks_interceptions_lag1, recoveries_lag1, tackles_lag1, defensive_contribution_lag1, starts_lag1, expected_goals_lag1, expected_assists_lag1, expected_goal_involvements_lag1, expected_goals_conceded_lag1, value_lag1, transfers_balance_lag1, selected_lag1, transfers_in_lag1, transfers_out_lag1, attacking_returns_lag1, finishing_plus_minus_lag1, finishing_ratio_lag1, creation_plus_minus_lag1, creation_ratio_lag1, xgi_plus_minus_lag1, minutes_share_lag1, points_per_90_lag1, tackles_plus_interceptions_lag1, defensive_actions_lag1, team_goals_for_ma5, team_goals_against_ma5, team_goal_diff_ma5, team_clean_sheet_ma5, team_conceded_two_plus_ma5, team_match_points_ma5, opp_team_goals_for_ma5, opp_team_goals_against_ma5, opp_team_goal_diff_ma5, opp_team_clean_sheet_ma5, opp_team_conceded_two_plus_ma5, opp_team_match_points_ma5, was_home, team_strength_overall, team_strength_home, team_strength_away, team_attack_home, team_attack_away, team_def_home, team_def_away, team_form_rating, team_points_table, team_league_position, team_matches_played, team_wins, team_draws, team_losses, opp_strength_overall, opp_strength_home, opp_strength_away, opp_attack_home, opp_attack_away, opp_def_home, opp_def_away, opp_form_rating, opp_points_table, opp_league_position, opp_matches_played, opp_wins, opp_draws, opp_losses, form, points_per_game, value_form, value_season, selected_by_percent, expected_goals_per_90, expected_assists_per_90, expected_goal_involvements_per_90, expected_goals_conceded_per_90, goals_conceded_per_90, saves_per_90, starts_per_90, clean_sheets_per_90, defensive_contribution_per_90, availability_this_round, availability_next_round, status_availability, status_injury_flag, injury_risk_flag, corners_and_indirect_freekicks_order, direct_freekicks_order, penalties_order, has_corners_duty, primary_corners_taker, has_direct_fk_duty, primary_direct_fk_taker, has_penalty_duty, primary_penalty_taker, set_piece_duty_score, player_bias, pos_bias
2026-01-29 16:38:50,299 [INFO] fplmodel - Training prediction models...
2026-01-29 16:38:50,559 [INFO] fplmodel.model - Season sample weights applied: 2020-21: 0.25, 2021-22: 0.25, 2022-23: 0.34, 2023-24: 0.49, 2024-25: 0.70, 2025-26: 1.00
2026-01-29 16:38:50,559 [INFO] fplmodel.model - Using TimeSeriesSplit with 3 folds for hyperparameter tuning.
2026-01-29 16:40:23,938 [INFO] fplmodel.model - Best classifier[hist_gbdt] params from tuning: {'est__min_samples_leaf': 20, 'est__max_iter': 350, 'est__max_depth': 4, 'est__learning_rate': 0.04, 'est__l2_regularization': 0.1} (score=1.0000)
2026-01-29 16:42:31,556 [INFO] fplmodel.model - Best regressor[hist_gbdt] params from tuning: {'est__min_samples_leaf': 20, 'est__max_iter': 300, 'est__max_depth': 8, 'est__learning_rate': 0.06, 'est__l2_regularization': 0.05} (score=-0.9266)
2026-01-29 16:42:31,557 [INFO] fplmodel.model - Candidate Histogram Gradient Boosting | classifier=1.0000 ± 0.0000 ↑ | regressor=0.9266 ± 0.0419 ↓
2026-01-29 16:46:17,738 [INFO] fplmodel.model - Best classifier[random_forest] params from tuning: {'est__n_estimators': 200, 'est__min_samples_split': 6, 'est__min_samples_leaf': 4, 'est__max_features': 'sqrt', 'est__max_depth': None} (score=1.0000)
2026-01-29 17:23:20,968 [INFO] fplmodel.model - Best regressor[random_forest] params from tuning: {'est__n_estimators': 600, 'est__min_samples_split': 6, 'est__min_samples_leaf': 4, 'est__max_features': 0.7, 'est__max_depth': 20} (score=-0.9056)
2026-01-29 17:23:20,969 [INFO] fplmodel.model - Candidate Random Forest | classifier=1.0000 ± 0.0000 ↑ | regressor=0.9056 ± 0.0451 ↓
2026-01-29 17:25:45,546 [INFO] fplmodel.model - Best classifier[neural_network] params from tuning: {'est__learning_rate_init': 0.003, 'est__hidden_layer_sizes': (256, 128), 'est__beta_1': 0.95, 'est__alpha': 0.0001} (score=0.9991)
2026-01-29 17:27:29,416 [INFO] fplmodel.model - Best regressor[neural_network] params from tuning: {'est__learning_rate_init': 0.003, 'est__hidden_layer_sizes': (256, 128), 'est__beta_1': 0.95, 'est__alpha': 0.0001} (score=-0.9529)
2026-01-29 17:27:29,417 [INFO] fplmodel.model - Candidate Neural Network (MLP) | classifier=0.9991 ± 0.0004 ↑ | regressor=0.9529 ± 0.1450 ↓
2026-01-29 17:27:29,419 [INFO] fplmodel.model - Saved model selection summary to /Users/kyle/Documents/FPL-Prediction/models/model_selection_summary.csv
2026-01-29 17:27:29,420 [INFO] fplmodel.model - Selected classifier model: Histogram Gradient Boosting (balanced_accuracy=1.0000 ± 0.0000 ↑)
2026-01-29 17:27:29,420 [INFO] fplmodel.model - Selected regressor model: Random Forest (MAE=0.9056 ± 0.0451 ↓)
2026-01-29 17:34:09,345 [INFO] fplmodel.model - Classifier (histogram gradient boosting) feature selector dropped 38 column(s): availability_next_round, bps_lag1, bps_ma5, creation_plus_minus_lag1, creation_plus_minus_ma5, defensive_actions_lag1, defensive_actions_ma5, expected_goal_involvements_lag1, expected_goal_involvements_ma5, expected_goal_involvements_per_90, ... (+28 more)
2026-01-29 17:34:09,345 [INFO] fplmodel.model - Regressor (random forest) feature selector dropped 38 column(s): availability_next_round, bps_lag1, bps_ma5, creation_plus_minus_lag1, creation_plus_minus_ma5, defensive_actions_lag1, defensive_actions_ma5, expected_goal_involvements_lag1, expected_goal_involvements_ma5, expected_goal_involvements_per_90, ... (+28 more)
2026-01-29 17:34:09,346 [INFO] fplmodel.model - Final model selection: classifier=Histogram Gradient Boosting | regressor=Random Forest
2026-01-29 17:34:09,624 [INFO] fplmodel - Training prediction models completed in 3319.32s
2026-01-29 17:34:09,663 [INFO] fplmodel - Top feature weights for regressor: total_points_lag1: 0.3924, recoveries_lag1: 0.0826, total_points_ma5: 0.0793, points_per_90_lag1: 0.0329, defensive_contribution_lag1: 0.0323, bonus_lag1: 0.0289, player_bias: 0.0152, team_conceded_two_plus_ma5: 0.0147, selected_lag1: 0.0104, team_clean_sheet_ma5: 0.0096, value_ma5: 0.0082, selected_ma5: 0.0078, transfers_out_lag1: 0.0076, defensive_contribution_ma5: 0.0075, team_match_points_ma5: 0.0072
2026-01-29 17:34:09,663 [INFO] fplmodel - Estimator HistGradientBoostingClassifier for classifier does not expose feature_importances_; skipping logging.
2026-01-29 17:34:09,663 [INFO] fplmodel - Model training complete; fitted 3 candidate pair(s).
2026-01-29 17:34:09,663 [INFO] fplmodel - Generating next gameweek predictions...
2026-01-29 17:34:09,860 [INFO] fplmodel - Generating next gameweek predictions completed in 0.20s
2026-01-29 17:34:09,861 [INFO] fplmodel - Generated ensemble predictions for 808 players using 3 model(s): Histogram Gradient Boosting, Random Forest, Neural Network (MLP)
2026-01-29 17:34:09,863 [INFO] fplmodel - Applied fixture multipliers; average EP now 1.85
2026-01-29 17:34:09,864 [INFO] fplmodel - Top 5 expected point predictions (ensemble): Nathan Collins (7.06); Brenden Aaronson (6.75); Tyrick Mitchell (6.08); Adrien Truffert (5.78); Ryan Sessegnon (5.66)
2026-01-29 17:34:09,864 [INFO] fplmodel - Evaluating last finished gameweek residuals...
2026-01-29 17:34:10,045 [INFO] fplmodel - Evaluating last finished gameweek residuals completed in 0.18s
2026-01-29 17:34:10,045 [INFO] fplmodel - Residuals computed for 7978 players in GW 23
2026-01-29 17:34:10,045 [INFO] fplmodel - Selecting best XI from 808 candidates
2026-01-29 17:34:10,045 [INFO] fplmodel - Optimising best XI selection...
2026-01-29 17:34:11,004 [INFO] fplmodel - Optimising best XI selection completed in 0.96s
2026-01-29 17:34:11,004 [INFO] fplmodel - Selected squad: total cost 82.9M | starting cost 61.1M | bench cost 21.8M
2026-01-29 17:34:11,005 [INFO] fplmodel - Projected points: XI 63.16 | Captain included 70.22 | Bench 17.16
2026-01-29 17:34:11,005 [INFO] fplmodel - Captain: Nathan Collins
2026-01-29 17:34:11,005 [INFO] fplmodel - XI | Đorđe Petrović (Bournemouth) - 4.99 pts | 4.5M
2026-01-29 17:34:11,005 [INFO] fplmodel - XI | Nathan Collins (Brentford) - 7.06 pts | 5.0M
2026-01-29 17:34:11,005 [INFO] fplmodel - XI | Tyrick Mitchell (Crystal Palace) - 6.08 pts | 5.0M
2026-01-29 17:34:11,005 [INFO] fplmodel - XI | Adrien Truffert (Bournemouth) - 5.78 pts | 4.5M
2026-01-29 17:34:11,005 [INFO] fplmodel - XI | Jorge Cuenca Barreno (Fulham) - 5.54 pts | 4.3M
2026-01-29 17:34:11,005 [INFO] fplmodel - XI | Brenden Aaronson (Leeds) - 6.75 pts | 5.4M
2026-01-29 17:34:11,005 [INFO] fplmodel - XI | Ryan Sessegnon (Fulham) - 5.66 pts | 5.4M
2026-01-29 17:34:11,005 [INFO] fplmodel - XI | Lewis Cook (Bournemouth) - 5.60 pts | 4.9M
2026-01-29 17:34:11,005 [INFO] fplmodel - XI | Bukayo Saka (Arsenal) - 5.46 pts | 10.0M
2026-01-29 17:34:11,005 [INFO] fplmodel - XI | Vitaly Janelt (Brentford) - 5.42 pts | 4.9M
2026-01-29 17:34:11,005 [INFO] fplmodel - XI | Igor Thiago Nascimento Rodrigues (Brentford) - 4.82 pts | 7.2M
2026-01-29 17:34:11,005 [INFO] fplmodel - Bench 1 | Joël Veltman (Brighton) - 5.51 pts
2026-01-29 17:34:11,005 [INFO] fplmodel - Bench 2 | Jean-Philippe Mateta (Crystal Palace) - 4.16 pts
2026-01-29 17:34:11,005 [INFO] fplmodel - Bench 3 | Brian Brobbey (Sunderland) - 4.09 pts
2026-01-29 17:34:11,005 [INFO] fplmodel - Bench 4 | Bart Verbruggen (Brighton) - 3.39 pts
2026-01-29 17:34:11,012 [INFO] fplmodel - Predictions saved to /Users/kyle/Documents/FPL-Prediction/outputs/predictions_gw24.csv
2026-01-29 17:34:11,013 [INFO] fplmodel - Starting XI saved to /Users/kyle/Documents/FPL-Prediction/outputs/starting_xi_gw24.csv
2026-01-29 17:34:11,013 [INFO] fplmodel - Bench saved to /Users/kyle/Documents/FPL-Prediction/outputs/bench_gw24.csv
2026-01-29 17:34:11,014 [INFO] fplmodel - Best XI JSON saved to /Users/kyle/Documents/FPL-Prediction/outputs/best_xi_gw24.json
2026-01-29 17:34:11,014 [INFO] fplmodel - Rendering best XI graphic...
2026-01-29 17:34:11,159 [INFO] fplmodel - Rendering best XI graphic completed in 0.15s
2026-01-29 17:34:11,159 [INFO] fplmodel - Best XI graphic generated at /Users/kyle/Documents/FPL-Prediction/outputs/best_xi_gw24.png
2026-01-29 17:34:11,169 [INFO] fplmodel - Residuals saved to /Users/kyle/Documents/FPL-Prediction/outputs/residuals_gw23.csv
2026-01-29 17:34:11,169 [INFO] fplmodel - Pipeline complete for GW 24
