2026-01-20 16:21:03,929 [INFO] fplmodel - Logging initialised. Writing to /Users/kyle/Documents/FPL-Prediction/logs/run_20260120_162103.log
2026-01-20 16:21:03,929 [INFO] fplmodel - Starting pipeline run (force_refetch=False)
2026-01-20 16:21:03,929 [INFO] fplmodel - Fetching bootstrap static data...
2026-01-20 16:21:03,949 [INFO] fplmodel - Fetching bootstrap static data completed in 0.02s
2026-01-20 16:21:03,949 [INFO] fplmodel - Fetching fixtures data...
2026-01-20 16:21:03,985 [INFO] fplmodel - Fetching fixtures data completed in 0.04s
2026-01-20 16:21:03,985 [INFO] fplmodel - Normalising bootstrap data...
2026-01-20 16:21:03,995 [INFO] fplmodel - Normalising bootstrap data completed in 0.01s
2026-01-20 16:21:03,995 [INFO] fplmodel - Loaded normalised frames: 801 elements, 20 teams, 38 events
2026-01-20 16:21:03,996 [INFO] fplmodel - Gameweek override applied -> next_gw=24 | last_finished_gw=23
2026-01-20 16:21:03,996 [INFO] fplmodel - Next gameweek: 24 | Last finished gameweek: 23
2026-01-20 16:21:03,996 [INFO] fplmodel - Renaming log file to highlight gameweek 24
2026-01-20 16:21:03,996 [INFO] fplmodel - Log file renamed to /Users/kyle/Documents/FPL-Prediction/logs/run_gw24_20260120_162103.log
2026-01-20 16:21:03,996 [INFO] fplmodel - Fetching player histories for 801 players (force_refetch=False)...
2026-01-20 16:21:05,196 [INFO] fplmodel - Fetching player histories for 801 players (force_refetch=False) completed in 1.20s
2026-01-20 16:21:05,196 [INFO] fplmodel - Loading 801 player history files from /Users/kyle/Documents/FPL-Prediction/data/raw
2026-01-20 16:21:05,196 [INFO] fplmodel - Collating player history JSON into dataframe...
2026-01-20 16:21:05,721 [INFO] fplmodel - Collating player history JSON into dataframe completed in 0.52s
2026-01-20 16:21:06,273 [INFO] fplmodel - Built player histories dataframe with 99354 rows
2026-01-20 16:21:06,273 [INFO] fplmodel - Loading external history data...
2026-01-20 16:21:07,041 [INFO] fplmodel - Loading external history data completed in 0.77s
2026-01-20 16:21:07,079 [INFO] fplmodel - Loaded 132944 external history rows for seasons 2020-21, 2021-22, 2022-23, 2023-24, 2024-25
2026-01-20 16:21:07,187 [INFO] fplmodel - Combined history dataset now has 223419 rows
2026-01-20 16:21:07,187 [INFO] fplmodel - Building training and prediction feature frames...
2026-01-20 16:21:11,380 [INFO] fplmodel - Building training and prediction feature frames completed in 4.19s
2026-01-20 16:21:11,381 [INFO] fplmodel - Prepared features: X_train=(162839, 156), y_train=162839, X_pred=(801, 163)
2026-01-20 16:21:11,385 [INFO] fplmodel - Training models with 156 features
2026-01-20 16:21:11,386 [INFO] fplmodel - Training feature columns: total_points_ma5, minutes_ma5, goals_scored_ma5, assists_ma5, clean_sheets_ma5, influence_ma5, creativity_ma5, threat_ma5, ict_index_ma5, goals_conceded_ma5, own_goals_ma5, penalties_saved_ma5, penalties_missed_ma5, yellow_cards_ma5, red_cards_ma5, saves_ma5, bonus_ma5, bps_ma5, clearances_blocks_interceptions_ma5, recoveries_ma5, tackles_ma5, defensive_contribution_ma5, starts_ma5, expected_goals_ma5, expected_assists_ma5, expected_goal_involvements_ma5, expected_goals_conceded_ma5, value_ma5, transfers_balance_ma5, selected_ma5, transfers_in_ma5, transfers_out_ma5, attacking_returns_ma5, finishing_plus_minus_ma5, finishing_ratio_ma5, creation_plus_minus_ma5, creation_ratio_ma5, xgi_plus_minus_ma5, minutes_share_ma5, points_per_90_ma5, tackles_plus_interceptions_ma5, defensive_actions_ma5, total_points_lag1, minutes_lag1, goals_scored_lag1, assists_lag1, clean_sheets_lag1, influence_lag1, creativity_lag1, threat_lag1, ict_index_lag1, goals_conceded_lag1, own_goals_lag1, penalties_saved_lag1, penalties_missed_lag1, yellow_cards_lag1, red_cards_lag1, saves_lag1, bonus_lag1, bps_lag1, clearances_blocks_interceptions_lag1, recoveries_lag1, tackles_lag1, defensive_contribution_lag1, starts_lag1, expected_goals_lag1, expected_assists_lag1, expected_goal_involvements_lag1, expected_goals_conceded_lag1, value_lag1, transfers_balance_lag1, selected_lag1, transfers_in_lag1, transfers_out_lag1, attacking_returns_lag1, finishing_plus_minus_lag1, finishing_ratio_lag1, creation_plus_minus_lag1, creation_ratio_lag1, xgi_plus_minus_lag1, minutes_share_lag1, points_per_90_lag1, tackles_plus_interceptions_lag1, defensive_actions_lag1, team_goals_for_ma5, team_goals_against_ma5, team_goal_diff_ma5, team_clean_sheet_ma5, team_conceded_two_plus_ma5, team_match_points_ma5, opp_team_goals_for_ma5, opp_team_goals_against_ma5, opp_team_goal_diff_ma5, opp_team_clean_sheet_ma5, opp_team_conceded_two_plus_ma5, opp_team_match_points_ma5, was_home, team_strength_overall, team_strength_home, team_strength_away, team_attack_home, team_attack_away, team_def_home, team_def_away, team_form_rating, team_points_table, team_league_position, team_matches_played, team_wins, team_draws, team_losses, opp_strength_overall, opp_strength_home, opp_strength_away, opp_attack_home, opp_attack_away, opp_def_home, opp_def_away, opp_form_rating, opp_points_table, opp_league_position, opp_matches_played, opp_wins, opp_draws, opp_losses, form, points_per_game, value_form, value_season, selected_by_percent, expected_goals_per_90, expected_assists_per_90, expected_goal_involvements_per_90, expected_goals_conceded_per_90, goals_conceded_per_90, saves_per_90, starts_per_90, clean_sheets_per_90, defensive_contribution_per_90, availability_this_round, availability_next_round, status_availability, status_injury_flag, injury_risk_flag, corners_and_indirect_freekicks_order, direct_freekicks_order, penalties_order, has_corners_duty, primary_corners_taker, has_direct_fk_duty, primary_direct_fk_taker, has_penalty_duty, primary_penalty_taker, set_piece_duty_score, player_bias, pos_bias
2026-01-20 16:21:11,386 [INFO] fplmodel - Training prediction models...
2026-01-20 16:21:11,612 [INFO] fplmodel.model - Season sample weights applied: 2020-21: 0.25, 2021-22: 0.25, 2022-23: 0.34, 2023-24: 0.49, 2024-25: 0.70, 2025-26: 1.00
2026-01-20 16:21:11,612 [INFO] fplmodel.model - Using TimeSeriesSplit with 3 folds for hyperparameter tuning.
2026-01-20 16:22:15,948 [INFO] fplmodel.model - Best classifier[hist_gbdt] params from tuning: {'est__min_samples_leaf': 20, 'est__max_iter': 350, 'est__max_depth': 4, 'est__learning_rate': 0.04, 'est__l2_regularization': 0.1} (score=1.0000)
2026-01-20 16:23:43,237 [INFO] fplmodel.model - Best regressor[hist_gbdt] params from tuning: {'est__min_samples_leaf': 40, 'est__max_iter': 400, 'est__max_depth': None, 'est__learning_rate': 0.08, 'est__l2_regularization': 0.05} (score=-0.9404)
2026-01-20 16:23:43,237 [INFO] fplmodel.model - Candidate Histogram Gradient Boosting | classifier=1.0000 ± 0.0000 ↑ | regressor=0.9404 ± 0.0422 ↓
2026-01-20 16:26:49,112 [INFO] fplmodel.model - Best classifier[random_forest] params from tuning: {'est__n_estimators': 200, 'est__min_samples_split': 6, 'est__min_samples_leaf': 4, 'est__max_features': 'sqrt', 'est__max_depth': None} (score=1.0000)
2026-01-20 16:57:50,566 [INFO] fplmodel.model - Best regressor[random_forest] params from tuning: {'est__n_estimators': 600, 'est__min_samples_split': 6, 'est__min_samples_leaf': 4, 'est__max_features': 0.7, 'est__max_depth': 20} (score=-0.9282)
2026-01-20 16:57:50,567 [INFO] fplmodel.model - Candidate Random Forest | classifier=1.0000 ± 0.0000 ↑ | regressor=0.9282 ± 0.0423 ↓
2026-01-20 16:59:36,181 [INFO] fplmodel.model - Best classifier[neural_network] params from tuning: {'est__learning_rate_init': 0.003, 'est__hidden_layer_sizes': (256, 128), 'est__beta_1': 0.85, 'est__alpha': 0.0001} (score=0.9989)
2026-01-20 17:00:50,624 [INFO] fplmodel.model - Best regressor[neural_network] params from tuning: {'est__learning_rate_init': 0.003, 'est__hidden_layer_sizes': (128, 128, 64), 'est__beta_1': 0.9, 'est__alpha': 0.001} (score=-0.9681)
2026-01-20 17:00:50,625 [INFO] fplmodel.model - Candidate Neural Network (MLP) | classifier=0.9989 ± 0.0006 ↑ | regressor=0.9681 ± 0.0886 ↓
2026-01-20 17:00:50,627 [INFO] fplmodel.model - Saved model selection summary to /Users/kyle/Documents/FPL-Prediction/models/model_selection_summary.csv
2026-01-20 17:00:50,627 [INFO] fplmodel.model - Selected classifier model: Histogram Gradient Boosting (balanced_accuracy=1.0000 ± 0.0000 ↑)
2026-01-20 17:00:50,627 [INFO] fplmodel.model - Selected regressor model: Random Forest (MAE=0.9282 ± 0.0423 ↓)
2026-01-20 17:05:22,049 [INFO] fplmodel.model - Classifier (histogram gradient boosting) feature selector dropped 38 column(s): availability_next_round, bps_lag1, bps_ma5, creation_plus_minus_lag1, creation_plus_minus_ma5, defensive_actions_lag1, defensive_actions_ma5, expected_goal_involvements_lag1, expected_goal_involvements_ma5, expected_goal_involvements_per_90, ... (+28 more)
2026-01-20 17:05:22,049 [INFO] fplmodel.model - Regressor (random forest) feature selector dropped 38 column(s): availability_next_round, bps_lag1, bps_ma5, creation_plus_minus_lag1, creation_plus_minus_ma5, defensive_actions_lag1, defensive_actions_ma5, expected_goal_involvements_lag1, expected_goal_involvements_ma5, expected_goal_involvements_per_90, ... (+28 more)
2026-01-20 17:05:22,049 [INFO] fplmodel.model - Final model selection: classifier=Histogram Gradient Boosting | regressor=Random Forest
2026-01-20 17:05:22,324 [INFO] fplmodel - Training prediction models completed in 2650.92s
2026-01-20 17:05:22,363 [INFO] fplmodel - Top feature weights for regressor: total_points_lag1: 0.3826, recoveries_lag1: 0.0862, total_points_ma5: 0.0799, points_per_90_lag1: 0.0314, defensive_contribution_lag1: 0.0304, bonus_lag1: 0.0281, player_bias: 0.0159, team_conceded_two_plus_ma5: 0.0140, selected_lag1: 0.0108, team_clean_sheet_ma5: 0.0099, value_ma5: 0.0084, selected_ma5: 0.0081, transfers_out_lag1: 0.0079, value_season: 0.0075, team_match_points_ma5: 0.0074
2026-01-20 17:05:22,363 [INFO] fplmodel - Estimator HistGradientBoostingClassifier for classifier does not expose feature_importances_; skipping logging.
2026-01-20 17:05:22,363 [INFO] fplmodel - Model training complete; fitted 3 candidate pair(s).
2026-01-20 17:05:22,363 [INFO] fplmodel - Generating next gameweek predictions...
2026-01-20 17:05:22,513 [INFO] fplmodel - Generating next gameweek predictions completed in 0.15s
2026-01-20 17:05:22,515 [INFO] fplmodel - Generated ensemble predictions for 801 players using 3 model(s): Histogram Gradient Boosting, Random Forest, Neural Network (MLP)
2026-01-20 17:05:22,516 [INFO] fplmodel - Applied fixture multipliers; average EP now 1.82
2026-01-20 17:05:22,517 [INFO] fplmodel - Top 5 expected point predictions (ensemble): Nathan Collins (7.46); Jorge Cuenca Barreno (7.42); Brenden Aaronson (7.20); Ryan Sessegnon (6.25); William Saliba (5.69)
2026-01-20 17:05:22,517 [INFO] fplmodel - Evaluating last finished gameweek residuals...
2026-01-20 17:05:22,623 [INFO] fplmodel - Evaluating last finished gameweek residuals completed in 0.11s
2026-01-20 17:05:22,623 [INFO] fplmodel - Residuals computed for 3806 players in GW 23
2026-01-20 17:05:22,623 [INFO] fplmodel - Selecting best XI from 801 candidates
2026-01-20 17:05:22,623 [INFO] fplmodel - Optimising best XI selection...
2026-01-20 17:05:23,513 [INFO] fplmodel - Optimising best XI selection completed in 0.89s
2026-01-20 17:05:23,513 [INFO] fplmodel - Selected squad: total cost 93.2M | starting cost 68.2M | bench cost 25.0M
2026-01-20 17:05:23,513 [INFO] fplmodel - Projected points: XI 62.34 | Captain included 69.80 | Bench 15.56
2026-01-20 17:05:23,513 [INFO] fplmodel - Captain: Nathan Collins
2026-01-20 17:05:23,513 [INFO] fplmodel - XI | Caoimhín Kelleher (Brentford) - 4.26 pts | 4.6M
2026-01-20 17:05:23,514 [INFO] fplmodel - XI | Nathan Collins (Brentford) - 7.46 pts | 5.0M
2026-01-20 17:05:23,514 [INFO] fplmodel - XI | Jorge Cuenca Barreno (Fulham) - 7.42 pts | 4.3M
2026-01-20 17:05:23,514 [INFO] fplmodel - XI | William Saliba (Arsenal) - 5.69 pts | 6.0M
2026-01-20 17:05:23,514 [INFO] fplmodel - XI | Joël Veltman (Brighton) - 5.59 pts | 4.3M
2026-01-20 17:05:23,514 [INFO] fplmodel - XI | James Tarkowski (Everton) - 5.31 pts | 5.7M
2026-01-20 17:05:23,514 [INFO] fplmodel - XI | Brenden Aaronson (Leeds) - 7.20 pts | 5.4M
2026-01-20 17:05:23,514 [INFO] fplmodel - XI | Ryan Sessegnon (Fulham) - 6.25 pts | 5.4M
2026-01-20 17:05:23,514 [INFO] fplmodel - XI | James Garner (Everton) - 5.21 pts | 5.2M
2026-01-20 17:05:23,514 [INFO] fplmodel - XI | Erling Haaland (Man City) - 4.00 pts | 15.1M
2026-01-20 17:05:23,514 [INFO] fplmodel - XI | Igor Thiago Nascimento Rodrigues (Brentford) - 3.95 pts | 7.2M
2026-01-20 17:05:23,514 [INFO] fplmodel - Bench 1 | Declan Rice (Arsenal) - 4.04 pts
2026-01-20 17:05:23,514 [INFO] fplmodel - Bench 2 | Matheus Santos Carneiro da Cunha (Man Utd) - 3.94 pts
2026-01-20 17:05:23,514 [INFO] fplmodel - Bench 3 | Marc Guiu Paz (Chelsea) - 3.71 pts
2026-01-20 17:05:23,514 [INFO] fplmodel - Bench 4 | Alisson Becker (Liverpool) - 3.88 pts
2026-01-20 17:05:23,520 [INFO] fplmodel - Predictions saved to /Users/kyle/Documents/FPL-Prediction/outputs/predictions_gw24.csv
2026-01-20 17:05:23,521 [INFO] fplmodel - Starting XI saved to /Users/kyle/Documents/FPL-Prediction/outputs/starting_xi_gw24.csv
2026-01-20 17:05:23,521 [INFO] fplmodel - Bench saved to /Users/kyle/Documents/FPL-Prediction/outputs/bench_gw24.csv
2026-01-20 17:05:23,522 [INFO] fplmodel - Best XI JSON saved to /Users/kyle/Documents/FPL-Prediction/outputs/best_xi_gw24.json
2026-01-20 17:05:23,522 [INFO] fplmodel - Rendering best XI graphic...
2026-01-20 17:05:23,663 [INFO] fplmodel - Rendering best XI graphic completed in 0.14s
2026-01-20 17:05:23,663 [INFO] fplmodel - Best XI graphic generated at /Users/kyle/Documents/FPL-Prediction/outputs/best_xi_gw24.png
2026-01-20 17:05:23,668 [INFO] fplmodel - Residuals saved to /Users/kyle/Documents/FPL-Prediction/outputs/residuals_gw23.csv
2026-01-20 17:05:23,668 [INFO] fplmodel - Pipeline complete for GW 24
