2026-01-16 15:08:54,475 [INFO] fplmodel - Logging initialised. Writing to /Users/kyle/Documents/FPL-Prediction/logs/run_20260116_150854.log
2026-01-16 15:08:54,475 [INFO] fplmodel - Starting pipeline run (force_refetch=True)
2026-01-16 15:08:54,475 [INFO] fplmodel - Fetching bootstrap static data...
2026-01-16 15:08:54,802 [INFO] fplmodel - Fetching bootstrap static data completed in 0.33s
2026-01-16 15:08:54,802 [INFO] fplmodel - Fetching fixtures data...
2026-01-16 15:08:54,944 [INFO] fplmodel - Fetching fixtures data completed in 0.14s
2026-01-16 15:08:54,945 [INFO] fplmodel - Normalising bootstrap data...
2026-01-16 15:08:54,956 [INFO] fplmodel - Normalising bootstrap data completed in 0.01s
2026-01-16 15:08:54,956 [INFO] fplmodel - Loaded normalised frames: 796 elements, 20 teams, 38 events
2026-01-16 15:08:54,956 [INFO] fplmodel - Gameweek override applied -> next_gw=20 | last_finished_gw=19
2026-01-16 15:08:54,956 [INFO] fplmodel - Next gameweek: 20 | Last finished gameweek: 19
2026-01-16 15:08:54,956 [INFO] fplmodel - Renaming log file to highlight gameweek 20
2026-01-16 15:08:54,957 [INFO] fplmodel - Log file renamed to /Users/kyle/Documents/FPL-Prediction/logs/run_gw20_20260116_150854.log
2026-01-16 15:08:54,957 [INFO] fplmodel - Fetching player histories for 796 players (force_refetch=True)...
2026-01-16 15:29:40,414 [INFO] fplmodel - Fetching player histories for 796 players (force_refetch=True) completed in 1245.49s
2026-01-16 15:29:40,416 [INFO] fplmodel - Loading 796 player history files from /Users/kyle/Documents/FPL-Prediction/data/raw
2026-01-16 15:29:40,416 [INFO] fplmodel - Collating player history JSON into dataframe...
2026-01-16 15:29:41,032 [INFO] fplmodel - Collating player history JSON into dataframe completed in 0.62s
2026-01-16 15:29:41,534 [INFO] fplmodel - Built player histories dataframe with 94560 rows
2026-01-16 15:29:41,534 [INFO] fplmodel - Loading external history data...
2026-01-16 15:29:42,332 [INFO] fplmodel - Loading external history data completed in 0.80s
2026-01-16 15:29:42,376 [INFO] fplmodel - Loaded 132829 external history rows for seasons 2020-21, 2021-22, 2022-23, 2023-24, 2024-25
2026-01-16 15:29:42,483 [INFO] fplmodel - Combined history dataset now has 218937 rows
2026-01-16 15:29:42,485 [INFO] fplmodel - Building training and prediction feature frames...
2026-01-16 15:29:46,519 [INFO] fplmodel - Building training and prediction feature frames completed in 4.03s
2026-01-16 15:29:46,519 [INFO] fplmodel - Prepared features: X_train=(135677, 156), y_train=135677, X_pred=(780, 163)
2026-01-16 15:29:46,523 [INFO] fplmodel - Training models with 156 features
2026-01-16 15:29:46,524 [INFO] fplmodel - Training feature columns: total_points_ma5, minutes_ma5, goals_scored_ma5, assists_ma5, clean_sheets_ma5, influence_ma5, creativity_ma5, threat_ma5, ict_index_ma5, goals_conceded_ma5, own_goals_ma5, penalties_saved_ma5, penalties_missed_ma5, yellow_cards_ma5, red_cards_ma5, saves_ma5, bonus_ma5, bps_ma5, clearances_blocks_interceptions_ma5, recoveries_ma5, tackles_ma5, defensive_contribution_ma5, starts_ma5, expected_goals_ma5, expected_assists_ma5, expected_goal_involvements_ma5, expected_goals_conceded_ma5, value_ma5, transfers_balance_ma5, selected_ma5, transfers_in_ma5, transfers_out_ma5, attacking_returns_ma5, finishing_plus_minus_ma5, finishing_ratio_ma5, creation_plus_minus_ma5, creation_ratio_ma5, xgi_plus_minus_ma5, minutes_share_ma5, points_per_90_ma5, tackles_plus_interceptions_ma5, defensive_actions_ma5, total_points_lag1, minutes_lag1, goals_scored_lag1, assists_lag1, clean_sheets_lag1, influence_lag1, creativity_lag1, threat_lag1, ict_index_lag1, goals_conceded_lag1, own_goals_lag1, penalties_saved_lag1, penalties_missed_lag1, yellow_cards_lag1, red_cards_lag1, saves_lag1, bonus_lag1, bps_lag1, clearances_blocks_interceptions_lag1, recoveries_lag1, tackles_lag1, defensive_contribution_lag1, starts_lag1, expected_goals_lag1, expected_assists_lag1, expected_goal_involvements_lag1, expected_goals_conceded_lag1, value_lag1, transfers_balance_lag1, selected_lag1, transfers_in_lag1, transfers_out_lag1, attacking_returns_lag1, finishing_plus_minus_lag1, finishing_ratio_lag1, creation_plus_minus_lag1, creation_ratio_lag1, xgi_plus_minus_lag1, minutes_share_lag1, points_per_90_lag1, tackles_plus_interceptions_lag1, defensive_actions_lag1, team_goals_for_ma5, team_goals_against_ma5, team_goal_diff_ma5, team_clean_sheet_ma5, team_conceded_two_plus_ma5, team_match_points_ma5, opp_team_goals_for_ma5, opp_team_goals_against_ma5, opp_team_goal_diff_ma5, opp_team_clean_sheet_ma5, opp_team_conceded_two_plus_ma5, opp_team_match_points_ma5, was_home, team_strength_overall, team_strength_home, team_strength_away, team_attack_home, team_attack_away, team_def_home, team_def_away, team_form_rating, team_points_table, team_league_position, team_matches_played, team_wins, team_draws, team_losses, opp_strength_overall, opp_strength_home, opp_strength_away, opp_attack_home, opp_attack_away, opp_def_home, opp_def_away, opp_form_rating, opp_points_table, opp_league_position, opp_matches_played, opp_wins, opp_draws, opp_losses, form, points_per_game, value_form, value_season, selected_by_percent, expected_goals_per_90, expected_assists_per_90, expected_goal_involvements_per_90, expected_goals_conceded_per_90, goals_conceded_per_90, saves_per_90, starts_per_90, clean_sheets_per_90, defensive_contribution_per_90, availability_this_round, availability_next_round, status_availability, status_injury_flag, injury_risk_flag, corners_and_indirect_freekicks_order, direct_freekicks_order, penalties_order, has_corners_duty, primary_corners_taker, has_direct_fk_duty, primary_direct_fk_taker, has_penalty_duty, primary_penalty_taker, set_piece_duty_score, player_bias, pos_bias
2026-01-16 15:29:46,524 [INFO] fplmodel - Training prediction models...
2026-01-16 15:29:46,716 [INFO] fplmodel.model - Season sample weights applied: 2020-21: 0.25, 2021-22: 0.25, 2022-23: 0.34, 2023-24: 0.49, 2024-25: 0.70, 2025-26: 1.00
2026-01-16 15:29:46,716 [INFO] fplmodel.model - Using TimeSeriesSplit with 3 folds for hyperparameter tuning.
2026-01-16 15:30:42,671 [INFO] fplmodel.model - Best classifier[hist_gbdt] params from tuning: {'est__min_samples_leaf': 20, 'est__max_iter': 350, 'est__max_depth': 4, 'est__learning_rate': 0.04, 'est__l2_regularization': 0.1} (score=1.0000)
2026-01-16 15:31:53,359 [INFO] fplmodel.model - Best regressor[hist_gbdt] params from tuning: {'est__min_samples_leaf': 30, 'est__max_iter': 250, 'est__max_depth': None, 'est__learning_rate': 0.06, 'est__l2_regularization': 0.05} (score=-0.9300)
2026-01-16 15:31:53,359 [INFO] fplmodel.model - Candidate Histogram Gradient Boosting | classifier=1.0000 ± 0.0000 ↑ | regressor=0.9300 ± 0.0447 ↓
2026-01-16 15:34:27,795 [INFO] fplmodel.model - Best classifier[random_forest] params from tuning: {'est__n_estimators': 200, 'est__min_samples_split': 6, 'est__min_samples_leaf': 4, 'est__max_features': 'sqrt', 'est__max_depth': None} (score=1.0000)
2026-01-16 15:59:25,449 [INFO] fplmodel.model - Best regressor[random_forest] params from tuning: {'est__n_estimators': 600, 'est__min_samples_split': 6, 'est__min_samples_leaf': 4, 'est__max_features': 0.7, 'est__max_depth': 20} (score=-0.9230)
2026-01-16 15:59:25,450 [INFO] fplmodel.model - Candidate Random Forest | classifier=1.0000 ± 0.0000 ↑ | regressor=0.9230 ± 0.0456 ↓
2026-01-16 16:00:42,368 [INFO] fplmodel.model - Best classifier[neural_network] params from tuning: {'est__learning_rate_init': 0.001, 'est__hidden_layer_sizes': (128, 64), 'est__beta_1': 0.85, 'est__alpha': 0.0001} (score=0.9988)
2026-01-16 16:01:49,264 [INFO] fplmodel.model - Best regressor[neural_network] params from tuning: {'est__learning_rate_init': 0.003, 'est__hidden_layer_sizes': (256, 128), 'est__beta_1': 0.95, 'est__alpha': 0.0005} (score=-0.9529)
2026-01-16 16:01:49,264 [INFO] fplmodel.model - Candidate Neural Network (MLP) | classifier=0.9988 ± 0.0005 ↑ | regressor=0.9529 ± 0.0533 ↓
2026-01-16 16:01:49,267 [INFO] fplmodel.model - Saved model selection summary to /Users/kyle/Documents/FPL-Prediction/models/model_selection_summary.csv
2026-01-16 16:01:49,267 [INFO] fplmodel.model - Selected classifier model: Histogram Gradient Boosting (balanced_accuracy=1.0000 ± 0.0000 ↑)
2026-01-16 16:01:49,267 [INFO] fplmodel.model - Selected regressor model: Random Forest (MAE=0.9230 ± 0.0456 ↓)
2026-01-16 16:05:30,785 [INFO] fplmodel.model - Classifier (histogram gradient boosting) feature selector dropped 36 column(s): bps_lag1, bps_ma5, creation_plus_minus_lag1, creation_plus_minus_ma5, defensive_actions_lag1, defensive_actions_ma5, expected_goal_involvements_lag1, expected_goal_involvements_ma5, has_penalty_duty, minutes_share_lag1, ... (+26 more)
2026-01-16 16:05:30,785 [INFO] fplmodel.model - Regressor (random forest) feature selector dropped 36 column(s): bps_lag1, bps_ma5, creation_plus_minus_lag1, creation_plus_minus_ma5, defensive_actions_lag1, defensive_actions_ma5, expected_goal_involvements_lag1, expected_goal_involvements_ma5, has_penalty_duty, minutes_share_lag1, ... (+26 more)
2026-01-16 16:05:30,785 [INFO] fplmodel.model - Final model selection: classifier=Histogram Gradient Boosting | regressor=Random Forest
2026-01-16 16:05:30,976 [INFO] fplmodel - Training prediction models completed in 2144.44s
2026-01-16 16:05:31,006 [INFO] fplmodel - Top feature weights for regressor: total_points_lag1: 0.3960, recoveries_lag1: 0.0802, total_points_ma5: 0.0783, defensive_contribution_lag1: 0.0315, bonus_lag1: 0.0287, points_per_90_lag1: 0.0284, player_bias: 0.0173, team_conceded_two_plus_ma5: 0.0136, selected_lag1: 0.0106, team_clean_sheet_ma5: 0.0095, selected_ma5: 0.0083, transfers_out_lag1: 0.0080, value_ma5: 0.0079, defensive_contribution_ma5: 0.0079, bonus_ma5: 0.0077
2026-01-16 16:05:31,006 [INFO] fplmodel - Estimator HistGradientBoostingClassifier for classifier does not expose feature_importances_; skipping logging.
2026-01-16 16:05:31,006 [INFO] fplmodel - Model training complete; fitted 3 candidate pair(s).
2026-01-16 16:05:31,006 [INFO] fplmodel - Generating next gameweek predictions...
2026-01-16 16:05:31,142 [INFO] fplmodel - Generating next gameweek predictions completed in 0.14s
2026-01-16 16:05:31,143 [INFO] fplmodel - Generated ensemble predictions for 780 players using 3 model(s): Histogram Gradient Boosting, Random Forest, Neural Network (MLP)
2026-01-16 16:05:31,145 [INFO] fplmodel - Applied fixture multipliers; average EP now 1.84
2026-01-16 16:05:31,146 [INFO] fplmodel - Top 5 expected point predictions (ensemble): Bukayo Saka (5.89); Ayden Heaven (5.58); Antoine Semenyo (5.57); Keane Lewis-Potter (4.98); Cole Palmer (4.96)
2026-01-16 16:05:31,146 [INFO] fplmodel - Evaluating last finished gameweek residuals...
2026-01-16 16:05:31,274 [INFO] fplmodel - Evaluating last finished gameweek residuals completed in 0.13s
2026-01-16 16:05:31,274 [INFO] fplmodel - Residuals computed for 7886 players in GW 19
2026-01-16 16:05:31,274 [INFO] fplmodel - Selecting best XI from 780 candidates
2026-01-16 16:05:31,274 [INFO] fplmodel - Optimising best XI selection...
2026-01-16 16:05:32,361 [INFO] fplmodel - Optimising best XI selection completed in 1.09s
2026-01-16 16:05:32,361 [INFO] fplmodel - Selected squad: total cost 96.1M | starting cost 71.5M | bench cost 24.6M
2026-01-16 16:05:32,362 [INFO] fplmodel - Projected points: XI 55.20 | Captain included 61.10 | Bench 16.03
2026-01-16 16:05:32,362 [INFO] fplmodel - Captain: Bukayo Saka
2026-01-16 16:05:32,362 [INFO] fplmodel - XI | Gianluigi Donnarumma (Man City) - 4.59 pts | 5.7M
2026-01-16 16:05:32,362 [INFO] fplmodel - XI | Ayden Heaven (Man Utd) - 5.58 pts | 3.9M
2026-01-16 16:05:32,362 [INFO] fplmodel - XI | Keane Lewis-Potter (Brentford) - 4.98 pts | 4.9M
2026-01-16 16:05:32,362 [INFO] fplmodel - XI | Tyrone Mings (Aston Villa) - 4.71 pts | 4.3M
2026-01-16 16:05:32,362 [INFO] fplmodel - XI | Nathan Collins (Brentford) - 4.66 pts | 5.0M
2026-01-16 16:05:32,362 [INFO] fplmodel - XI | Bukayo Saka (Arsenal) - 5.89 pts | 10.2M
2026-01-16 16:05:32,362 [INFO] fplmodel - XI | Antoine Semenyo (Man City) - 5.57 pts | 7.6M
2026-01-16 16:05:32,362 [INFO] fplmodel - XI | Cole Palmer (Chelsea) - 4.96 pts | 10.4M
2026-01-16 16:05:32,362 [INFO] fplmodel - XI | Rayan Cherki (Man City) - 4.94 pts | 6.8M
2026-01-16 16:05:32,362 [INFO] fplmodel - XI | James Garner (Everton) - 4.44 pts | 5.1M
2026-01-16 16:05:32,362 [INFO] fplmodel - XI | Jean-Philippe Mateta (Crystal Palace) - 4.87 pts | 7.6M
2026-01-16 16:05:32,362 [INFO] fplmodel - Bench 1 | James Tarkowski (Everton) - 4.27 pts
2026-01-16 16:05:32,362 [INFO] fplmodel - Bench 2 | Dominic Calvert-Lewin (Leeds) - 4.08 pts
2026-01-16 16:05:32,362 [INFO] fplmodel - Bench 3 | Hugo Ekitiké (Liverpool) - 3.72 pts
2026-01-16 16:05:32,362 [INFO] fplmodel - Bench 4 | John Victor Maciel Furtado (Nott'm Forest) - 3.97 pts
2026-01-16 16:05:32,368 [INFO] fplmodel - Predictions saved to /Users/kyle/Documents/FPL-Prediction/outputs/predictions_gw20.csv
2026-01-16 16:05:32,369 [INFO] fplmodel - Starting XI saved to /Users/kyle/Documents/FPL-Prediction/outputs/starting_xi_gw20.csv
2026-01-16 16:05:32,369 [INFO] fplmodel - Bench saved to /Users/kyle/Documents/FPL-Prediction/outputs/bench_gw20.csv
2026-01-16 16:05:32,370 [INFO] fplmodel - Best XI JSON saved to /Users/kyle/Documents/FPL-Prediction/outputs/best_xi_gw20.json
2026-01-16 16:05:32,370 [INFO] fplmodel - Rendering best XI graphic...
2026-01-16 16:05:32,751 [INFO] fplmodel - Rendering best XI graphic completed in 0.38s
2026-01-16 16:05:32,751 [INFO] fplmodel - Best XI graphic generated at /Users/kyle/Documents/FPL-Prediction/outputs/best_xi_gw20.png
2026-01-16 16:05:32,760 [INFO] fplmodel - Residuals saved to /Users/kyle/Documents/FPL-Prediction/outputs/residuals_gw19.csv
2026-01-16 16:05:32,760 [INFO] fplmodel - Pipeline complete for GW 20
