2026-05-27 10:34:52,843 [INFO] fplmodel - Logging initialised. Writing to /Users/kyle/Documents/FPL-Prediction/logs/run_20260527_103452.log
2026-05-27 10:34:52,843 [INFO] fplmodel - Starting pipeline run (force_refetch=False)
2026-05-27 10:34:52,843 [INFO] fplmodel - Fetching bootstrap static data...
2026-05-27 10:34:52,865 [INFO] fplmodel - Fetching bootstrap static data completed in 0.02s
2026-05-27 10:34:52,865 [INFO] fplmodel - Fetching fixtures data...
2026-05-27 10:34:52,876 [INFO] fplmodel - Fetching fixtures data completed in 0.01s
2026-05-27 10:34:52,876 [INFO] fplmodel - Normalising bootstrap data...
2026-05-27 10:34:52,887 [INFO] fplmodel - Normalising bootstrap data completed in 0.01s
2026-05-27 10:34:52,887 [INFO] fplmodel - Loaded normalised frames: 841 elements, 20 teams, 38 events
2026-05-27 10:34:52,887 [INFO] fplmodel - Gameweek override applied -> next_gw=29 | last_finished_gw=28
2026-05-27 10:34:52,887 [INFO] fplmodel - Next gameweek: 29 | Last finished gameweek: 28
2026-05-27 10:34:52,887 [INFO] fplmodel - Renaming log file to highlight gameweek 29
2026-05-27 10:34:52,887 [INFO] fplmodel - Log file renamed to /Users/kyle/Documents/FPL-Prediction/logs/run_gw29_20260527_103452.log
2026-05-27 10:34:52,887 [INFO] fplmodel - Fetching player histories for 841 players (force_refetch=False)...
2026-05-27 10:34:52,888 [INFO] fplmodel.data_pull - Fetching player histories with 8 worker thread(s).
2026-05-27 10:34:53,010 [INFO] fplmodel.data_pull - Player history fetch progress: 50/841 complete (0 failures).
2026-05-27 10:34:53,115 [INFO] fplmodel.data_pull - Player history fetch progress: 100/841 complete (0 failures).
2026-05-27 10:34:53,230 [INFO] fplmodel.data_pull - Player history fetch progress: 150/841 complete (0 failures).
2026-05-27 10:34:53,334 [INFO] fplmodel.data_pull - Player history fetch progress: 200/841 complete (0 failures).
2026-05-27 10:34:53,436 [INFO] fplmodel.data_pull - Player history fetch progress: 250/841 complete (0 failures).
2026-05-27 10:34:53,545 [INFO] fplmodel.data_pull - Player history fetch progress: 300/841 complete (0 failures).
2026-05-27 10:34:53,644 [INFO] fplmodel.data_pull - Player history fetch progress: 350/841 complete (0 failures).
2026-05-27 10:34:53,760 [INFO] fplmodel.data_pull - Player history fetch progress: 400/841 complete (0 failures).
2026-05-27 10:34:53,871 [INFO] fplmodel.data_pull - Player history fetch progress: 450/841 complete (0 failures).
2026-05-27 10:34:53,981 [INFO] fplmodel.data_pull - Player history fetch progress: 500/841 complete (0 failures).
2026-05-27 10:34:54,092 [INFO] fplmodel.data_pull - Player history fetch progress: 550/841 complete (0 failures).
2026-05-27 10:34:54,207 [INFO] fplmodel.data_pull - Player history fetch progress: 600/841 complete (0 failures).
2026-05-27 10:34:54,320 [INFO] fplmodel.data_pull - Player history fetch progress: 650/841 complete (0 failures).
2026-05-27 10:34:54,423 [INFO] fplmodel.data_pull - Player history fetch progress: 700/841 complete (0 failures).
2026-05-27 10:34:54,526 [INFO] fplmodel.data_pull - Player history fetch progress: 750/841 complete (0 failures).
2026-05-27 10:34:54,627 [INFO] fplmodel.data_pull - Player history fetch progress: 800/841 complete (0 failures).
2026-05-27 10:34:54,705 [INFO] fplmodel.data_pull - Player history fetch progress: 841/841 complete (0 failures).
2026-05-27 10:34:54,746 [INFO] fplmodel - Fetching player histories for 841 players (force_refetch=False) completed in 1.86s
2026-05-27 10:34:54,747 [INFO] fplmodel - Loading 841 player history files from /Users/kyle/Documents/FPL-Prediction/data/raw
2026-05-27 10:34:54,747 [INFO] fplmodel - Collating player history JSON into dataframe...
2026-05-27 10:34:55,616 [INFO] fplmodel - Collating player history JSON into dataframe completed in 0.87s
2026-05-27 10:34:56,704 [INFO] fplmodel - Built player histories dataframe with 178482 rows
2026-05-27 10:34:56,704 [INFO] fplmodel - Loading external history data...
2026-05-27 10:34:57,521 [INFO] fplmodel - Loading external history data completed in 0.82s
2026-05-27 10:34:57,562 [INFO] fplmodel - Loaded 133500 external history rows for seasons 2020-21, 2021-22, 2022-23, 2023-24, 2024-25
2026-05-27 10:34:57,749 [INFO] fplmodel - Combined history dataset now has 296480 rows
2026-05-27 10:34:57,749 [INFO] fplmodel - Building training and prediction feature frames...
2026-05-27 10:35:18,527 [INFO] fplmodel - Building training and prediction feature frames completed in 20.78s
2026-05-27 10:35:18,528 [INFO] fplmodel - Prepared features: X_train=(273203, 156), y_train=273203, X_pred=(841, 163)
2026-05-27 10:35:18,538 [INFO] fplmodel - Training models with 156 features
2026-05-27 10:35:18,538 [INFO] fplmodel - Training feature columns: total_points_ma5, minutes_ma5, goals_scored_ma5, assists_ma5, clean_sheets_ma5, influence_ma5, creativity_ma5, threat_ma5, ict_index_ma5, goals_conceded_ma5, own_goals_ma5, penalties_saved_ma5, penalties_missed_ma5, yellow_cards_ma5, red_cards_ma5, saves_ma5, bonus_ma5, bps_ma5, clearances_blocks_interceptions_ma5, recoveries_ma5, tackles_ma5, defensive_contribution_ma5, starts_ma5, expected_goals_ma5, expected_assists_ma5, expected_goal_involvements_ma5, expected_goals_conceded_ma5, value_ma5, transfers_balance_ma5, selected_ma5, transfers_in_ma5, transfers_out_ma5, attacking_returns_ma5, finishing_plus_minus_ma5, finishing_ratio_ma5, creation_plus_minus_ma5, creation_ratio_ma5, xgi_plus_minus_ma5, minutes_share_ma5, points_per_90_ma5, tackles_plus_interceptions_ma5, defensive_actions_ma5, total_points_lag1, minutes_lag1, goals_scored_lag1, assists_lag1, clean_sheets_lag1, influence_lag1, creativity_lag1, threat_lag1, ict_index_lag1, goals_conceded_lag1, own_goals_lag1, penalties_saved_lag1, penalties_missed_lag1, yellow_cards_lag1, red_cards_lag1, saves_lag1, bonus_lag1, bps_lag1, clearances_blocks_interceptions_lag1, recoveries_lag1, tackles_lag1, defensive_contribution_lag1, starts_lag1, expected_goals_lag1, expected_assists_lag1, expected_goal_involvements_lag1, expected_goals_conceded_lag1, value_lag1, transfers_balance_lag1, selected_lag1, transfers_in_lag1, transfers_out_lag1, attacking_returns_lag1, finishing_plus_minus_lag1, finishing_ratio_lag1, creation_plus_minus_lag1, creation_ratio_lag1, xgi_plus_minus_lag1, minutes_share_lag1, points_per_90_lag1, tackles_plus_interceptions_lag1, defensive_actions_lag1, team_goals_for_ma5, team_goals_against_ma5, team_goal_diff_ma5, team_clean_sheet_ma5, team_conceded_two_plus_ma5, team_match_points_ma5, opp_team_goals_for_ma5, opp_team_goals_against_ma5, opp_team_goal_diff_ma5, opp_team_clean_sheet_ma5, opp_team_conceded_two_plus_ma5, opp_team_match_points_ma5, was_home, team_strength_overall, team_strength_home, team_strength_away, team_attack_home, team_attack_away, team_def_home, team_def_away, team_form_rating, team_points_table, team_league_position, team_matches_played, team_wins, team_draws, team_losses, opp_strength_overall, opp_strength_home, opp_strength_away, opp_attack_home, opp_attack_away, opp_def_home, opp_def_away, opp_form_rating, opp_points_table, opp_league_position, opp_matches_played, opp_wins, opp_draws, opp_losses, form, points_per_game, value_form, value_season, selected_by_percent, expected_goals_per_90, expected_assists_per_90, expected_goal_involvements_per_90, expected_goals_conceded_per_90, goals_conceded_per_90, saves_per_90, starts_per_90, clean_sheets_per_90, defensive_contribution_per_90, availability_this_round, availability_next_round, status_availability, status_injury_flag, injury_risk_flag, corners_and_indirect_freekicks_order, direct_freekicks_order, penalties_order, has_corners_duty, primary_corners_taker, has_direct_fk_duty, primary_direct_fk_taker, has_penalty_duty, primary_penalty_taker, set_piece_duty_score, player_bias, pos_bias
2026-05-27 10:35:18,538 [INFO] fplmodel - Training prediction models...
2026-05-27 10:35:18,982 [INFO] fplmodel.model - Season sample weights applied: 2020-21: 0.25, 2021-22: 0.25, 2022-23: 0.34, 2023-24: 0.49, 2024-25: 0.70, 2025-26: 1.00
2026-05-27 10:35:18,982 [INFO] fplmodel.model - Using TimeSeriesSplit with 3 folds for hyperparameter tuning.
2026-05-27 10:35:18,983 [INFO] fplmodel.model - Using actual match minutes as classifier target (minutes >= 60).
2026-05-27 10:35:18,989 [INFO] fplmodel.model - Model selection using most recent 60000/273203 training rows; final fits still use all rows.
2026-05-27 10:35:50,723 [INFO] fplmodel.model - Best classifier[hist_gbdt] params from tuning: {'est__min_samples_leaf': 40, 'est__max_iter': 350, 'est__max_depth': None, 'est__learning_rate': 0.08, 'est__l2_regularization': 0.05} (score=0.7883)
2026-05-27 10:36:10,083 [INFO] fplmodel.model - Best regressor[hist_gbdt] params from tuning: {'est__min_samples_leaf': 40, 'est__max_iter': 400, 'est__max_depth': None, 'est__learning_rate': 0.08, 'est__l2_regularization': 0.05} (score=-1.0952)
2026-05-27 10:36:10,084 [INFO] fplmodel.model - Candidate Histogram Gradient Boosting | classifier=0.7883 ± 0.0121 ↑ | regressor=1.0952 ± 0.0750 ↓
2026-05-27 10:36:43,732 [INFO] fplmodel.model - Best classifier[xgboost] params from tuning: {'est__subsample': 0.9, 'est__reg_lambda': 1.5, 'est__n_estimators': 550, 'est__max_depth': 8, 'est__learning_rate': 0.05, 'est__gamma': 0.3, 'est__colsample_bytree': 0.85} (score=0.7888)
2026-05-27 10:37:11,724 [INFO] fplmodel.model - Best regressor[xgboost] params from tuning: {'est__subsample': 0.8, 'est__reg_lambda': 1.5, 'est__n_estimators': 250, 'est__max_depth': 4, 'est__learning_rate': 0.08, 'est__gamma': 0.1, 'est__colsample_bytree': 0.7} (score=-1.1054)
2026-05-27 10:37:11,725 [INFO] fplmodel.model - Candidate XGBoost | classifier=0.7888 ± 0.0176 ↑ | regressor=1.1054 ± 0.0764 ↓
2026-05-27 10:37:11,727 [INFO] fplmodel.model - Saved model selection summary to /Users/kyle/Documents/FPL-Prediction/models/model_selection_summary.csv
2026-05-27 10:37:11,727 [INFO] fplmodel.model - Selected classifier model: XGBoost (balanced_accuracy=0.7888 ± 0.0176 ↑)
2026-05-27 10:37:11,727 [INFO] fplmodel.model - Selected regressor model: Histogram Gradient Boosting (MAE=1.0952 ± 0.0750 ↓)
2026-05-27 10:38:56,685 [INFO] fplmodel.model - Classifier (xgboost) feature selector dropped 37 column(s): availability_next_round, bps_lag1, bps_ma5, creation_plus_minus_lag1, creation_plus_minus_ma5, defensive_actions_lag1, defensive_actions_ma5, expected_goal_involvements_ma5, expected_goal_involvements_per_90, injury_risk_flag, ... (+27 more)
2026-05-27 10:38:56,686 [INFO] fplmodel.model - Regressor (histogram gradient boosting) feature selector dropped 37 column(s): availability_next_round, bps_lag1, bps_ma5, creation_plus_minus_lag1, creation_plus_minus_ma5, defensive_actions_lag1, defensive_actions_ma5, expected_goal_involvements_ma5, expected_goal_involvements_per_90, injury_risk_flag, ... (+27 more)
2026-05-27 10:38:56,686 [INFO] fplmodel.model - Final model selection: classifier=XGBoost | regressor=Histogram Gradient Boosting
2026-05-27 10:38:56,757 [INFO] fplmodel - Training prediction models completed in 218.22s
2026-05-27 10:38:56,757 [INFO] fplmodel - Estimator HistGradientBoostingRegressor for regressor does not expose feature_importances_; skipping logging.
2026-05-27 10:38:56,758 [INFO] fplmodel - Top feature weights for classifier: minutes_ma5: 0.1996, minutes_lag1: 0.0702, starts_lag1: 0.0428, value_season: 0.0240, influence_ma5: 0.0205, recoveries_ma5: 0.0199, ict_index_ma5: 0.0175, ict_index_lag1: 0.0167, starts_ma5: 0.0139, influence_lag1: 0.0128, recoveries_lag1: 0.0121, defensive_contribution_ma5: 0.0119, transfers_in_lag1: 0.0111, defensive_contribution_lag1: 0.0107, transfers_out_lag1: 0.0097
2026-05-27 10:38:56,759 [INFO] fplmodel - Model training complete; fitted 2 candidate pair(s).
2026-05-27 10:38:56,759 [INFO] fplmodel - Generating next gameweek predictions...
2026-05-27 10:38:56,816 [INFO] fplmodel - Generating next gameweek predictions completed in 0.06s
2026-05-27 10:38:56,817 [INFO] fplmodel - Generated ensemble predictions for 841 players using 2 model(s): Histogram Gradient Boosting, XGBoost
2026-05-27 10:38:56,824 [INFO] fplmodel - Applied fixture multipliers; average EP now 0.81
2026-05-27 10:38:56,825 [INFO] fplmodel - Top 5 expected point predictions (ensemble): Bruno Borges Fernandes (7.51); Harry Wilson (6.92); Gabriel dos Santos Magalhães (6.67); Hugo Ekitiké (6.59); Nico O'Reilly (6.26)
2026-05-27 10:38:56,825 [INFO] fplmodel - Evaluating last finished gameweek residuals...
2026-05-27 10:38:56,972 [INFO] fplmodel - Evaluating last finished gameweek residuals completed in 0.15s
2026-05-27 10:38:56,972 [INFO] fplmodel - Residuals computed for 8520 players in GW 28
2026-05-27 10:38:56,972 [INFO] fplmodel - Selecting best XI from 841 candidates
2026-05-27 10:38:56,972 [INFO] fplmodel - Optimising best XI selection...
2026-05-27 10:38:57,840 [INFO] fplmodel - Optimising best XI selection completed in 0.87s
2026-05-27 10:38:57,840 [INFO] fplmodel - Selected squad: total cost 96.4M | starting cost 75.2M | bench cost 21.2M
2026-05-27 10:38:57,841 [INFO] fplmodel - Projected points: XI 65.51 | Captain included 73.02 | Bench 17.88
2026-05-27 10:38:57,841 [INFO] fplmodel - Captain: Bruno Borges Fernandes
2026-05-27 10:38:57,841 [INFO] fplmodel - XI | Emiliano Martínez Romero (Aston Villa) - 4.42 pts | 5.0M
2026-05-27 10:38:57,841 [INFO] fplmodel - XI | Gabriel dos Santos Magalhães (Arsenal) - 6.67 pts | 7.3M
2026-05-27 10:38:57,841 [INFO] fplmodel - XI | Nico O'Reilly (Man City) - 6.26 pts | 5.3M
2026-05-27 10:38:57,841 [INFO] fplmodel - XI | Virgil van Dijk (Liverpool) - 5.57 pts | 6.1M
2026-05-27 10:38:57,841 [INFO] fplmodel - XI | Bruno Borges Fernandes (Man Utd) - 7.51 pts | 10.4M
2026-05-27 10:38:57,841 [INFO] fplmodel - XI | Harry Wilson (Fulham) - 6.92 pts | 5.8M
2026-05-27 10:38:57,841 [INFO] fplmodel - XI | Alex Iwobi (Fulham) - 6.04 pts | 6.1M
2026-05-27 10:38:57,841 [INFO] fplmodel - XI | Antoine Semenyo (Man City) - 5.53 pts | 8.0M
2026-05-27 10:38:57,841 [INFO] fplmodel - XI | Jaidon Anthony (Burnley) - 5.03 pts | 5.0M
2026-05-27 10:38:57,841 [INFO] fplmodel - XI | Hugo Ekitiké (Liverpool) - 6.59 pts | 9.0M
2026-05-27 10:38:57,841 [INFO] fplmodel - XI | Igor Thiago Nascimento Rodrigues (Brentford) - 4.96 pts | 7.2M
2026-05-27 10:38:57,841 [INFO] fplmodel - Bench 1 | Marc Guéhi (Man City) - 4.68 pts
2026-05-27 10:38:57,841 [INFO] fplmodel - Bench 2 | Danny Welbeck (Brighton) - 4.54 pts
2026-05-27 10:38:57,841 [INFO] fplmodel - Bench 3 | Sepp van den Berg (Brentford) - 4.33 pts
2026-05-27 10:38:57,841 [INFO] fplmodel - Bench 4 | Alisson Becker (Liverpool) - 4.33 pts
2026-05-27 10:38:57,851 [INFO] fplmodel - Predictions saved to /Users/kyle/Documents/FPL-Prediction/outputs/predictions_gw29.csv
2026-05-27 10:38:57,852 [INFO] fplmodel - Starting XI saved to /Users/kyle/Documents/FPL-Prediction/outputs/starting_xi_gw29.csv
2026-05-27 10:38:57,852 [INFO] fplmodel - Bench saved to /Users/kyle/Documents/FPL-Prediction/outputs/bench_gw29.csv
2026-05-27 10:38:57,853 [INFO] fplmodel - Best XI JSON saved to /Users/kyle/Documents/FPL-Prediction/outputs/best_xi_gw29.json
2026-05-27 10:38:57,853 [INFO] fplmodel - Rendering best XI graphic...
2026-05-27 10:38:57,995 [INFO] fplmodel - Rendering best XI graphic completed in 0.14s
2026-05-27 10:38:57,995 [INFO] fplmodel - Best XI graphic generated at /Users/kyle/Documents/FPL-Prediction/outputs/best_xi_gw29.png
2026-05-27 10:38:58,006 [INFO] fplmodel - Residuals saved to /Users/kyle/Documents/FPL-Prediction/outputs/residuals_gw28.csv
2026-05-27 10:38:58,006 [INFO] fplmodel - Pipeline complete for GW 29
