2026-05-27 09:05:01,130 [INFO] fplmodel - Logging initialised. Writing to /Users/kyle/Documents/FPL-Prediction/logs/run_20260527_090501.log
2026-05-27 09:05:01,130 [INFO] fplmodel - Starting pipeline run (force_refetch=False)
2026-05-27 09:05:01,130 [INFO] fplmodel - Fetching bootstrap static data...
2026-05-27 09:05:01,151 [INFO] fplmodel - Fetching bootstrap static data completed in 0.02s
2026-05-27 09:05:01,151 [INFO] fplmodel - Fetching fixtures data...
2026-05-27 09:05:01,192 [INFO] fplmodel - Fetching fixtures data completed in 0.04s
2026-05-27 09:05:01,192 [INFO] fplmodel - Normalising bootstrap data...
2026-05-27 09:05:01,202 [INFO] fplmodel - Normalising bootstrap data completed in 0.01s
2026-05-27 09:05:01,202 [INFO] fplmodel - Loaded normalised frames: 841 elements, 20 teams, 38 events
2026-05-27 09:05:01,202 [INFO] fplmodel - Gameweek override applied -> next_gw=6 | last_finished_gw=5
2026-05-27 09:05:01,202 [INFO] fplmodel - Next gameweek: 6 | Last finished gameweek: 5
2026-05-27 09:05:01,202 [INFO] fplmodel - Renaming log file to highlight gameweek 6
2026-05-27 09:05:01,203 [INFO] fplmodel - Log file renamed to /Users/kyle/Documents/FPL-Prediction/logs/run_gw6_20260527_090501.log
2026-05-27 09:05:01,203 [INFO] fplmodel - Fetching player histories for 841 players (force_refetch=False)...
2026-05-27 09:05:01,203 [INFO] fplmodel.data_pull - Fetching player histories with 8 worker thread(s).
2026-05-27 09:05:01,325 [INFO] fplmodel.data_pull - Player history fetch progress: 50/841 complete (0 failures).
2026-05-27 09:05:01,438 [INFO] fplmodel.data_pull - Player history fetch progress: 100/841 complete (0 failures).
2026-05-27 09:05:01,544 [INFO] fplmodel.data_pull - Player history fetch progress: 150/841 complete (0 failures).
2026-05-27 09:05:01,653 [INFO] fplmodel.data_pull - Player history fetch progress: 200/841 complete (0 failures).
2026-05-27 09:05:01,760 [INFO] fplmodel.data_pull - Player history fetch progress: 250/841 complete (0 failures).
2026-05-27 09:05:01,866 [INFO] fplmodel.data_pull - Player history fetch progress: 300/841 complete (0 failures).
2026-05-27 09:05:01,971 [INFO] fplmodel.data_pull - Player history fetch progress: 350/841 complete (0 failures).
2026-05-27 09:05:02,085 [INFO] fplmodel.data_pull - Player history fetch progress: 400/841 complete (0 failures).
2026-05-27 09:05:02,196 [INFO] fplmodel.data_pull - Player history fetch progress: 450/841 complete (0 failures).
2026-05-27 09:05:02,303 [INFO] fplmodel.data_pull - Player history fetch progress: 500/841 complete (0 failures).
2026-05-27 09:05:02,414 [INFO] fplmodel.data_pull - Player history fetch progress: 550/841 complete (0 failures).
2026-05-27 09:05:02,530 [INFO] fplmodel.data_pull - Player history fetch progress: 600/841 complete (0 failures).
2026-05-27 09:05:02,638 [INFO] fplmodel.data_pull - Player history fetch progress: 650/841 complete (0 failures).
2026-05-27 09:05:02,743 [INFO] fplmodel.data_pull - Player history fetch progress: 700/841 complete (0 failures).
2026-05-27 09:05:02,845 [INFO] fplmodel.data_pull - Player history fetch progress: 750/841 complete (0 failures).
2026-05-27 09:05:02,952 [INFO] fplmodel.data_pull - Player history fetch progress: 800/841 complete (0 failures).
2026-05-27 09:05:03,028 [INFO] fplmodel.data_pull - Player history fetch progress: 841/841 complete (0 failures).
2026-05-27 09:05:03,064 [INFO] fplmodel - Fetching player histories for 841 players (force_refetch=False) completed in 1.86s
2026-05-27 09:05:03,067 [INFO] fplmodel - Loading 841 player history files from /Users/kyle/Documents/FPL-Prediction/data/raw
2026-05-27 09:05:03,067 [INFO] fplmodel - Collating player history JSON into dataframe...
2026-05-27 09:05:03,958 [INFO] fplmodel - Collating player history JSON into dataframe completed in 0.89s
2026-05-27 09:05:04,990 [INFO] fplmodel - Built player histories dataframe with 178482 rows
2026-05-27 09:05:04,990 [INFO] fplmodel - Loading external history data...
2026-05-27 09:05:05,758 [INFO] fplmodel - Loading external history data completed in 0.77s
2026-05-27 09:05:05,797 [INFO] fplmodel - Loaded 133500 external history rows for seasons 2020-21, 2021-22, 2022-23, 2023-24, 2024-25
2026-05-27 09:05:05,957 [INFO] fplmodel - Combined history dataset now has 296480 rows
2026-05-27 09:05:05,958 [INFO] fplmodel - Building training and prediction feature frames...
2026-05-27 09:05:26,173 [INFO] fplmodel - Building training and prediction feature frames completed in 20.22s
2026-05-27 09:05:26,174 [INFO] fplmodel - Prepared features: X_train=(255529, 156), y_train=255529, X_pred=(841, 163)
2026-05-27 09:05:26,182 [INFO] fplmodel - Training models with 156 features
2026-05-27 09:05:26,183 [INFO] fplmodel - Training feature columns: total_points_ma5, minutes_ma5, goals_scored_ma5, assists_ma5, clean_sheets_ma5, influence_ma5, creativity_ma5, threat_ma5, ict_index_ma5, goals_conceded_ma5, own_goals_ma5, penalties_saved_ma5, penalties_missed_ma5, yellow_cards_ma5, red_cards_ma5, saves_ma5, bonus_ma5, bps_ma5, clearances_blocks_interceptions_ma5, recoveries_ma5, tackles_ma5, defensive_contribution_ma5, starts_ma5, expected_goals_ma5, expected_assists_ma5, expected_goal_involvements_ma5, expected_goals_conceded_ma5, value_ma5, transfers_balance_ma5, selected_ma5, transfers_in_ma5, transfers_out_ma5, attacking_returns_ma5, finishing_plus_minus_ma5, finishing_ratio_ma5, creation_plus_minus_ma5, creation_ratio_ma5, xgi_plus_minus_ma5, minutes_share_ma5, points_per_90_ma5, tackles_plus_interceptions_ma5, defensive_actions_ma5, total_points_lag1, minutes_lag1, goals_scored_lag1, assists_lag1, clean_sheets_lag1, influence_lag1, creativity_lag1, threat_lag1, ict_index_lag1, goals_conceded_lag1, own_goals_lag1, penalties_saved_lag1, penalties_missed_lag1, yellow_cards_lag1, red_cards_lag1, saves_lag1, bonus_lag1, bps_lag1, clearances_blocks_interceptions_lag1, recoveries_lag1, tackles_lag1, defensive_contribution_lag1, starts_lag1, expected_goals_lag1, expected_assists_lag1, expected_goal_involvements_lag1, expected_goals_conceded_lag1, value_lag1, transfers_balance_lag1, selected_lag1, transfers_in_lag1, transfers_out_lag1, attacking_returns_lag1, finishing_plus_minus_lag1, finishing_ratio_lag1, creation_plus_minus_lag1, creation_ratio_lag1, xgi_plus_minus_lag1, minutes_share_lag1, points_per_90_lag1, tackles_plus_interceptions_lag1, defensive_actions_lag1, team_goals_for_ma5, team_goals_against_ma5, team_goal_diff_ma5, team_clean_sheet_ma5, team_conceded_two_plus_ma5, team_match_points_ma5, opp_team_goals_for_ma5, opp_team_goals_against_ma5, opp_team_goal_diff_ma5, opp_team_clean_sheet_ma5, opp_team_conceded_two_plus_ma5, opp_team_match_points_ma5, was_home, team_strength_overall, team_strength_home, team_strength_away, team_attack_home, team_attack_away, team_def_home, team_def_away, team_form_rating, team_points_table, team_league_position, team_matches_played, team_wins, team_draws, team_losses, opp_strength_overall, opp_strength_home, opp_strength_away, opp_attack_home, opp_attack_away, opp_def_home, opp_def_away, opp_form_rating, opp_points_table, opp_league_position, opp_matches_played, opp_wins, opp_draws, opp_losses, form, points_per_game, value_form, value_season, selected_by_percent, expected_goals_per_90, expected_assists_per_90, expected_goal_involvements_per_90, expected_goals_conceded_per_90, goals_conceded_per_90, saves_per_90, starts_per_90, clean_sheets_per_90, defensive_contribution_per_90, availability_this_round, availability_next_round, status_availability, status_injury_flag, injury_risk_flag, corners_and_indirect_freekicks_order, direct_freekicks_order, penalties_order, has_corners_duty, primary_corners_taker, has_direct_fk_duty, primary_direct_fk_taker, has_penalty_duty, primary_penalty_taker, set_piece_duty_score, player_bias, pos_bias
2026-05-27 09:05:26,183 [INFO] fplmodel - Training prediction models...
2026-05-27 09:05:26,557 [INFO] fplmodel.model - Season sample weights applied: 2020-21: 0.25, 2021-22: 0.25, 2022-23: 0.34, 2023-24: 0.49, 2024-25: 0.70, 2025-26: 1.00
2026-05-27 09:05:26,557 [INFO] fplmodel.model - Using TimeSeriesSplit with 3 folds for hyperparameter tuning.
2026-05-27 09:05:26,558 [INFO] fplmodel.model - Using actual match minutes as classifier target (minutes >= 60).
2026-05-27 09:05:26,564 [INFO] fplmodel.model - Model selection using most recent 60000/255529 training rows; final fits still use all rows.
2026-05-27 09:05:54,901 [INFO] fplmodel.model - Best classifier[hist_gbdt] params from tuning: {'est__min_samples_leaf': 30, 'est__max_iter': 300, 'est__max_depth': 8, 'est__learning_rate': 0.06, 'est__l2_regularization': 0.1} (score=0.7809)
2026-05-27 09:06:13,981 [INFO] fplmodel.model - Best regressor[hist_gbdt] params from tuning: {'est__min_samples_leaf': 40, 'est__max_iter': 400, 'est__max_depth': 6, 'est__learning_rate': 0.04, 'est__l2_regularization': 0.0} (score=-1.1479)
2026-05-27 09:06:13,982 [INFO] fplmodel.model - Candidate Histogram Gradient Boosting | classifier=0.7809 ± 0.0123 ↑ | regressor=1.1479 ± 0.0312 ↓
2026-05-27 09:06:47,507 [INFO] fplmodel.model - Best classifier[xgboost] params from tuning: {'est__subsample': 0.9, 'est__reg_lambda': 1.5, 'est__n_estimators': 550, 'est__max_depth': 8, 'est__learning_rate': 0.05, 'est__gamma': 0.3, 'est__colsample_bytree': 0.85} (score=0.7834)
2026-05-27 09:07:14,997 [INFO] fplmodel.model - Best regressor[xgboost] params from tuning: {'est__subsample': 0.8, 'est__reg_lambda': 1.5, 'est__n_estimators': 250, 'est__max_depth': 4, 'est__learning_rate': 0.08, 'est__gamma': 0.1, 'est__colsample_bytree': 0.7} (score=-1.1626)
2026-05-27 09:07:14,998 [INFO] fplmodel.model - Candidate XGBoost | classifier=0.7834 ± 0.0137 ↑ | regressor=1.1626 ± 0.0324 ↓
2026-05-27 09:07:14,999 [INFO] fplmodel.model - Saved model selection summary to /Users/kyle/Documents/FPL-Prediction/models/model_selection_summary.csv
2026-05-27 09:07:14,999 [INFO] fplmodel.model - Selected classifier model: XGBoost (balanced_accuracy=0.7834 ± 0.0137 ↑)
2026-05-27 09:07:14,999 [INFO] fplmodel.model - Selected regressor model: Histogram Gradient Boosting (MAE=1.1479 ± 0.0312 ↓)
2026-05-27 09:08:46,056 [INFO] fplmodel.model - Classifier (xgboost) feature selector dropped 37 column(s): availability_next_round, bps_lag1, bps_ma5, creation_plus_minus_lag1, creation_plus_minus_ma5, defensive_actions_lag1, defensive_actions_ma5, expected_goal_involvements_ma5, expected_goal_involvements_per_90, injury_risk_flag, ... (+27 more)
2026-05-27 09:08:46,056 [INFO] fplmodel.model - Regressor (histogram gradient boosting) feature selector dropped 37 column(s): availability_next_round, bps_lag1, bps_ma5, creation_plus_minus_lag1, creation_plus_minus_ma5, defensive_actions_lag1, defensive_actions_ma5, expected_goal_involvements_ma5, expected_goal_involvements_per_90, injury_risk_flag, ... (+27 more)
2026-05-27 09:08:46,056 [INFO] fplmodel.model - Final model selection: classifier=XGBoost | regressor=Histogram Gradient Boosting
2026-05-27 09:08:46,115 [INFO] fplmodel - Training prediction models completed in 199.93s
2026-05-27 09:08:46,115 [INFO] fplmodel - Estimator HistGradientBoostingRegressor for regressor does not expose feature_importances_; skipping logging.
2026-05-27 09:08:46,117 [INFO] fplmodel - Top feature weights for classifier: minutes_ma5: 0.1723, minutes_lag1: 0.1119, starts_lag1: 0.0830, value_season: 0.0234, ict_index_lag1: 0.0215, influence_ma5: 0.0188, influence_lag1: 0.0166, recoveries_ma5: 0.0160, recoveries_lag1: 0.0143, defensive_contribution_lag1: 0.0127, defensive_contribution_ma5: 0.0125, starts_ma5: 0.0124, ict_index_ma5: 0.0116, transfers_in_lag1: 0.0112, red_cards_ma5: 0.0104
2026-05-27 09:08:46,117 [INFO] fplmodel - Model training complete; fitted 2 candidate pair(s).
2026-05-27 09:08:46,117 [INFO] fplmodel - Generating next gameweek predictions...
2026-05-27 09:08:46,165 [INFO] fplmodel - Generating next gameweek predictions completed in 0.05s
2026-05-27 09:08:46,166 [INFO] fplmodel - Generated ensemble predictions for 841 players using 2 model(s): Histogram Gradient Boosting, XGBoost
2026-05-27 09:08:46,172 [INFO] fplmodel - Applied fixture multipliers; average EP now 0.83
2026-05-27 09:08:46,173 [INFO] fplmodel - Top 5 expected point predictions (ensemble): Erling Haaland (7.52); Anton Stach (6.99); Antoine Semenyo (6.58); Marcos Senesi Barón (6.20); Jaidon Anthony (5.56)
2026-05-27 09:08:46,173 [INFO] fplmodel - Evaluating last finished gameweek residuals...
2026-05-27 09:08:46,294 [INFO] fplmodel - Evaluating last finished gameweek residuals completed in 0.12s
2026-05-27 09:08:46,294 [INFO] fplmodel - Residuals computed for 7216 players in GW 5
2026-05-27 09:08:46,294 [INFO] fplmodel - Selecting best XI from 841 candidates
2026-05-27 09:08:46,294 [INFO] fplmodel - Optimising best XI selection...
2026-05-27 09:08:47,540 [INFO] fplmodel - Optimising best XI selection completed in 1.25s
2026-05-27 09:08:47,540 [INFO] fplmodel - Selected squad: total cost 99.4M | starting cost 78.0M | bench cost 21.4M
2026-05-27 09:08:47,541 [INFO] fplmodel - Projected points: XI 63.63 | Captain included 71.16 | Bench 18.50
2026-05-27 09:08:47,541 [INFO] fplmodel - Captain: Erling Haaland
2026-05-27 09:08:47,541 [INFO] fplmodel - XI | Nick Pope (Newcastle) - 4.98 pts | 5.0M
2026-05-27 09:08:47,541 [INFO] fplmodel - XI | Marcos Senesi Barón (Bournemouth) - 6.20 pts | 5.2M
2026-05-27 09:08:47,541 [INFO] fplmodel - XI | Tyrick Mitchell (Crystal Palace) - 4.98 pts | 5.0M
2026-05-27 09:08:47,541 [INFO] fplmodel - XI | Daniel Muñoz Mejía (Crystal Palace) - 4.75 pts | 5.9M
2026-05-27 09:08:47,541 [INFO] fplmodel - XI | Anton Stach (Leeds) - 6.99 pts | 4.8M
2026-05-27 09:08:47,541 [INFO] fplmodel - XI | Antoine Semenyo (Man City) - 6.58 pts | 8.0M
2026-05-27 09:08:47,541 [INFO] fplmodel - XI | Jaidon Anthony (Burnley) - 5.56 pts | 5.0M
2026-05-27 09:08:47,541 [INFO] fplmodel - XI | Bruno Borges Fernandes (Man Utd) - 5.42 pts | 10.4M
2026-05-27 09:08:47,541 [INFO] fplmodel - XI | Mohammed Kudus (Spurs) - 5.41 pts | 6.4M
2026-05-27 09:08:47,541 [INFO] fplmodel - XI | Erling Haaland (Man City) - 7.52 pts | 14.7M
2026-05-27 09:08:47,541 [INFO] fplmodel - XI | Jean-Philippe Mateta (Crystal Palace) - 5.25 pts | 7.6M
2026-05-27 09:08:47,541 [INFO] fplmodel - Bench 1 | João Pedro Junqueira de Jesus (Chelsea) - 5.13 pts
2026-05-27 09:08:47,541 [INFO] fplmodel - Bench 2 | Lewis Dunk (Brighton) - 4.54 pts
2026-05-27 09:08:47,541 [INFO] fplmodel - Bench 3 | Omar Alderete (Sunderland) - 4.32 pts
2026-05-27 09:08:47,541 [INFO] fplmodel - Bench 4 | Alisson Becker (Liverpool) - 4.52 pts
2026-05-27 09:08:47,551 [INFO] fplmodel - Predictions saved to /Users/kyle/Documents/FPL-Prediction/outputs/predictions_gw6.csv
2026-05-27 09:08:47,552 [INFO] fplmodel - Starting XI saved to /Users/kyle/Documents/FPL-Prediction/outputs/starting_xi_gw6.csv
2026-05-27 09:08:47,552 [INFO] fplmodel - Bench saved to /Users/kyle/Documents/FPL-Prediction/outputs/bench_gw6.csv
2026-05-27 09:08:47,553 [INFO] fplmodel - Best XI JSON saved to /Users/kyle/Documents/FPL-Prediction/outputs/best_xi_gw6.json
2026-05-27 09:08:47,553 [INFO] fplmodel - Rendering best XI graphic...
2026-05-27 09:08:47,691 [INFO] fplmodel - Rendering best XI graphic completed in 0.14s
2026-05-27 09:08:47,692 [INFO] fplmodel - Best XI graphic generated at /Users/kyle/Documents/FPL-Prediction/outputs/best_xi_gw6.png
2026-05-27 09:08:47,700 [INFO] fplmodel - Residuals saved to /Users/kyle/Documents/FPL-Prediction/outputs/residuals_gw5.csv
2026-05-27 09:08:47,700 [INFO] fplmodel - Pipeline complete for GW 6
