2026-01-29 15:20:13,051 [INFO] fplmodel - Logging initialised. Writing to /Users/kyle/Documents/FPL-Prediction/logs/run_20260129_152013.log
2026-01-29 15:20:13,051 [INFO] fplmodel - Starting pipeline run (force_refetch=True)
2026-01-29 15:20:13,051 [INFO] fplmodel - Fetching bootstrap static data...
2026-01-29 15:20:13,375 [INFO] fplmodel - Fetching bootstrap static data completed in 0.32s
2026-01-29 15:20:13,375 [INFO] fplmodel - Fetching fixtures data...
2026-01-29 15:20:13,528 [INFO] fplmodel - Fetching fixtures data completed in 0.15s
2026-01-29 15:20:13,528 [INFO] fplmodel - Normalising bootstrap data...
2026-01-29 15:20:13,539 [INFO] fplmodel - Normalising bootstrap data completed in 0.01s
2026-01-29 15:20:13,539 [INFO] fplmodel - Loaded normalised frames: 808 elements, 20 teams, 38 events
2026-01-29 15:20:13,539 [INFO] fplmodel - Gameweek override applied -> next_gw=23 | last_finished_gw=22
2026-01-29 15:20:13,539 [INFO] fplmodel - Next gameweek: 23 | Last finished gameweek: 22
2026-01-29 15:20:13,539 [INFO] fplmodel - Renaming log file to highlight gameweek 23
2026-01-29 15:20:13,540 [INFO] fplmodel - Log file renamed to /Users/kyle/Documents/FPL-Prediction/logs/run_gw23_20260129_152013.log
2026-01-29 15:20:13,540 [INFO] fplmodel - Fetching player histories for 808 players (force_refetch=True)...
2026-01-29 15:42:15,406 [INFO] fplmodel - Fetching player histories for 808 players (force_refetch=True) completed in 1321.87s
2026-01-29 15:42:15,407 [INFO] fplmodel - Loading 808 player history files from /Users/kyle/Documents/FPL-Prediction/data/raw
2026-01-29 15:42:15,407 [INFO] fplmodel - Collating player history JSON into dataframe...
2026-01-29 15:42:16,188 [INFO] fplmodel - Collating player history JSON into dataframe completed in 0.78s
2026-01-29 15:42:16,861 [INFO] fplmodel - Built player histories dataframe with 104172 rows
2026-01-29 15:42:16,861 [INFO] fplmodel - Loading external history data...
2026-01-29 15:42:17,755 [INFO] fplmodel - Loading external history data completed in 0.89s
2026-01-29 15:42:17,812 [INFO] fplmodel - Loaded 133062 external history rows for seasons 2020-21, 2021-22, 2022-23, 2023-24, 2024-25
2026-01-29 15:42:17,940 [INFO] fplmodel - Combined history dataset now has 227702 rows
2026-01-29 15:42:17,942 [INFO] fplmodel - Building training and prediction feature frames...
2026-01-29 15:42:22,708 [INFO] fplmodel - Building training and prediction feature frames completed in 4.77s
2026-01-29 15:42:22,709 [INFO] fplmodel - Prepared features: X_train=(159097, 156), y_train=159097, X_pred=(801, 163)
2026-01-29 15:42:22,715 [INFO] fplmodel - Training models with 156 features
2026-01-29 15:42:22,715 [INFO] fplmodel - Training feature columns: total_points_ma5, minutes_ma5, goals_scored_ma5, assists_ma5, clean_sheets_ma5, influence_ma5, creativity_ma5, threat_ma5, ict_index_ma5, goals_conceded_ma5, own_goals_ma5, penalties_saved_ma5, penalties_missed_ma5, yellow_cards_ma5, red_cards_ma5, saves_ma5, bonus_ma5, bps_ma5, clearances_blocks_interceptions_ma5, recoveries_ma5, tackles_ma5, defensive_contribution_ma5, starts_ma5, expected_goals_ma5, expected_assists_ma5, expected_goal_involvements_ma5, expected_goals_conceded_ma5, value_ma5, transfers_balance_ma5, selected_ma5, transfers_in_ma5, transfers_out_ma5, attacking_returns_ma5, finishing_plus_minus_ma5, finishing_ratio_ma5, creation_plus_minus_ma5, creation_ratio_ma5, xgi_plus_minus_ma5, minutes_share_ma5, points_per_90_ma5, tackles_plus_interceptions_ma5, defensive_actions_ma5, total_points_lag1, minutes_lag1, goals_scored_lag1, assists_lag1, clean_sheets_lag1, influence_lag1, creativity_lag1, threat_lag1, ict_index_lag1, goals_conceded_lag1, own_goals_lag1, penalties_saved_lag1, penalties_missed_lag1, yellow_cards_lag1, red_cards_lag1, saves_lag1, bonus_lag1, bps_lag1, clearances_blocks_interceptions_lag1, recoveries_lag1, tackles_lag1, defensive_contribution_lag1, starts_lag1, expected_goals_lag1, expected_assists_lag1, expected_goal_involvements_lag1, expected_goals_conceded_lag1, value_lag1, transfers_balance_lag1, selected_lag1, transfers_in_lag1, transfers_out_lag1, attacking_returns_lag1, finishing_plus_minus_lag1, finishing_ratio_lag1, creation_plus_minus_lag1, creation_ratio_lag1, xgi_plus_minus_lag1, minutes_share_lag1, points_per_90_lag1, tackles_plus_interceptions_lag1, defensive_actions_lag1, team_goals_for_ma5, team_goals_against_ma5, team_goal_diff_ma5, team_clean_sheet_ma5, team_conceded_two_plus_ma5, team_match_points_ma5, opp_team_goals_for_ma5, opp_team_goals_against_ma5, opp_team_goal_diff_ma5, opp_team_clean_sheet_ma5, opp_team_conceded_two_plus_ma5, opp_team_match_points_ma5, was_home, team_strength_overall, team_strength_home, team_strength_away, team_attack_home, team_attack_away, team_def_home, team_def_away, team_form_rating, team_points_table, team_league_position, team_matches_played, team_wins, team_draws, team_losses, opp_strength_overall, opp_strength_home, opp_strength_away, opp_attack_home, opp_attack_away, opp_def_home, opp_def_away, opp_form_rating, opp_points_table, opp_league_position, opp_matches_played, opp_wins, opp_draws, opp_losses, form, points_per_game, value_form, value_season, selected_by_percent, expected_goals_per_90, expected_assists_per_90, expected_goal_involvements_per_90, expected_goals_conceded_per_90, goals_conceded_per_90, saves_per_90, starts_per_90, clean_sheets_per_90, defensive_contribution_per_90, availability_this_round, availability_next_round, status_availability, status_injury_flag, injury_risk_flag, corners_and_indirect_freekicks_order, direct_freekicks_order, penalties_order, has_corners_duty, primary_corners_taker, has_direct_fk_duty, primary_direct_fk_taker, has_penalty_duty, primary_penalty_taker, set_piece_duty_score, player_bias, pos_bias
2026-01-29 15:42:22,715 [INFO] fplmodel - Training prediction models...
2026-01-29 15:42:22,960 [INFO] fplmodel.model - Season sample weights applied: 2020-21: 0.25, 2021-22: 0.25, 2022-23: 0.34, 2023-24: 0.49, 2024-25: 0.70, 2025-26: 1.00
2026-01-29 15:42:22,960 [INFO] fplmodel.model - Using TimeSeriesSplit with 3 folds for hyperparameter tuning.
2026-01-29 15:43:55,350 [INFO] fplmodel.model - Best classifier[hist_gbdt] params from tuning: {'est__min_samples_leaf': 20, 'est__max_iter': 350, 'est__max_depth': 4, 'est__learning_rate': 0.04, 'est__l2_regularization': 0.1} (score=1.0000)
2026-01-29 15:45:54,532 [INFO] fplmodel.model - Best regressor[hist_gbdt] params from tuning: {'est__min_samples_leaf': 30, 'est__max_iter': 250, 'est__max_depth': None, 'est__learning_rate': 0.06, 'est__l2_regularization': 0.05} (score=-0.9265)
2026-01-29 15:45:54,533 [INFO] fplmodel.model - Candidate Histogram Gradient Boosting | classifier=1.0000 ± 0.0000 ↑ | regressor=0.9265 ± 0.0450 ↓
2026-01-29 15:49:36,305 [INFO] fplmodel.model - Best classifier[random_forest] params from tuning: {'est__n_estimators': 200, 'est__min_samples_split': 6, 'est__min_samples_leaf': 4, 'est__max_features': 'sqrt', 'est__max_depth': None} (score=1.0000)
2026-01-29 16:28:27,363 [INFO] fplmodel.model - Best regressor[random_forest] params from tuning: {'est__n_estimators': 600, 'est__min_samples_split': 6, 'est__min_samples_leaf': 4, 'est__max_features': 0.7, 'est__max_depth': 20} (score=-0.9093)
2026-01-29 16:28:27,365 [INFO] fplmodel.model - Candidate Random Forest | classifier=1.0000 ± 0.0000 ↑ | regressor=0.9093 ± 0.0459 ↓
2026-01-29 16:30:33,317 [INFO] fplmodel.model - Best classifier[neural_network] params from tuning: {'est__learning_rate_init': 0.003, 'est__hidden_layer_sizes': (256, 128), 'est__beta_1': 0.95, 'est__alpha': 0.0001} (score=0.9990)
2026-01-29 16:32:12,632 [INFO] fplmodel.model - Best regressor[neural_network] params from tuning: {'est__learning_rate_init': 0.001, 'est__hidden_layer_sizes': (256, 128), 'est__beta_1': 0.9, 'est__alpha': 0.0001} (score=-0.9474)
2026-01-29 16:32:12,633 [INFO] fplmodel.model - Candidate Neural Network (MLP) | classifier=0.9990 ± 0.0005 ↑ | regressor=0.9474 ± 0.1067 ↓
2026-01-29 16:32:12,637 [INFO] fplmodel.model - Saved model selection summary to /Users/kyle/Documents/FPL-Prediction/models/model_selection_summary.csv
2026-01-29 16:32:12,637 [INFO] fplmodel.model - Selected classifier model: Histogram Gradient Boosting (balanced_accuracy=1.0000 ± 0.0000 ↑)
2026-01-29 16:32:12,637 [INFO] fplmodel.model - Selected regressor model: Random Forest (MAE=0.9093 ± 0.0459 ↓)
2026-01-29 16:38:39,287 [INFO] fplmodel.model - Classifier (histogram gradient boosting) feature selector dropped 38 column(s): availability_next_round, bps_lag1, bps_ma5, creation_plus_minus_lag1, creation_plus_minus_ma5, defensive_actions_lag1, defensive_actions_ma5, expected_goal_involvements_lag1, expected_goal_involvements_ma5, expected_goal_involvements_per_90, ... (+28 more)
2026-01-29 16:38:39,287 [INFO] fplmodel.model - Regressor (random forest) feature selector dropped 38 column(s): availability_next_round, bps_lag1, bps_ma5, creation_plus_minus_lag1, creation_plus_minus_ma5, defensive_actions_lag1, defensive_actions_ma5, expected_goal_involvements_lag1, expected_goal_involvements_ma5, expected_goal_involvements_per_90, ... (+28 more)
2026-01-29 16:38:39,287 [INFO] fplmodel.model - Final model selection: classifier=Histogram Gradient Boosting | regressor=Random Forest
2026-01-29 16:38:39,559 [INFO] fplmodel - Training prediction models completed in 3376.83s
2026-01-29 16:38:39,605 [INFO] fplmodel - Top feature weights for regressor: total_points_lag1: 0.3893, recoveries_lag1: 0.0824, total_points_ma5: 0.0792, points_per_90_lag1: 0.0329, defensive_contribution_lag1: 0.0307, bonus_lag1: 0.0291, player_bias: 0.0158, team_conceded_two_plus_ma5: 0.0143, selected_lag1: 0.0104, team_clean_sheet_ma5: 0.0096, bonus_ma5: 0.0084, value_ma5: 0.0083, selected_ma5: 0.0080, transfers_out_lag1: 0.0078, defensive_contribution_ma5: 0.0076
2026-01-29 16:38:39,606 [INFO] fplmodel - Estimator HistGradientBoostingClassifier for classifier does not expose feature_importances_; skipping logging.
2026-01-29 16:38:39,606 [INFO] fplmodel - Model training complete; fitted 3 candidate pair(s).
2026-01-29 16:38:39,606 [INFO] fplmodel - Generating next gameweek predictions...
2026-01-29 16:38:39,783 [INFO] fplmodel - Generating next gameweek predictions completed in 0.18s
2026-01-29 16:38:39,784 [INFO] fplmodel - Generated ensemble predictions for 801 players using 3 model(s): Histogram Gradient Boosting, Random Forest, Neural Network (MLP)
2026-01-29 16:38:39,788 [INFO] fplmodel - Applied fixture multipliers; average EP now 1.86
2026-01-29 16:38:39,789 [INFO] fplmodel - Top 5 expected point predictions (ensemble): Brian Brobbey (9.62); Wilfried Gnonto (6.45); Gabriel Martinelli Silva (6.36); Mateus Mané (5.50); Martin Dúbravka (5.40)
2026-01-29 16:38:39,789 [INFO] fplmodel - Evaluating last finished gameweek residuals...
2026-01-29 16:38:39,977 [INFO] fplmodel - Evaluating last finished gameweek residuals completed in 0.19s
2026-01-29 16:38:39,978 [INFO] fplmodel - Residuals computed for 8132 players in GW 22
2026-01-29 16:38:39,978 [INFO] fplmodel - Selecting best XI from 801 candidates
2026-01-29 16:38:39,978 [INFO] fplmodel - Optimising best XI selection...
2026-01-29 16:38:41,739 [INFO] fplmodel - Optimising best XI selection completed in 1.76s
2026-01-29 16:38:41,740 [INFO] fplmodel - Selected squad: total cost 80.3M | starting cost 59.3M | bench cost 21.0M
2026-01-29 16:38:41,740 [INFO] fplmodel - Projected points: XI 61.59 | Captain included 71.22 | Bench 16.52
2026-01-29 16:38:41,740 [INFO] fplmodel - Captain: Brian Brobbey
2026-01-29 16:38:41,740 [INFO] fplmodel - XI | Martin Dúbravka (Burnley) - 5.40 pts | 4.0M
2026-01-29 16:38:41,740 [INFO] fplmodel - XI | Ayden Heaven (Man Utd) - 5.02 pts | 3.8M
2026-01-29 16:38:41,740 [INFO] fplmodel - XI | Ezri Konsa Ngoyo (Aston Villa) - 4.19 pts | 4.4M
2026-01-29 16:38:41,740 [INFO] fplmodel - XI | James Tarkowski (Everton) - 4.18 pts | 5.8M
2026-01-29 16:38:41,740 [INFO] fplmodel - XI | Wilfried Gnonto (Leeds) - 6.45 pts | 5.2M
2026-01-29 16:38:41,741 [INFO] fplmodel - XI | Gabriel Martinelli Silva (Arsenal) - 6.36 pts | 6.8M
2026-01-29 16:38:41,741 [INFO] fplmodel - XI | Mitoma Kaoru (Brighton) - 5.16 pts | 6.1M
2026-01-29 16:38:41,741 [INFO] fplmodel - XI | Nico González Iglesias (Man City) - 4.78 pts | 5.9M
2026-01-29 16:38:41,741 [INFO] fplmodel - XI | Brian Brobbey (Sunderland) - 9.62 pts | 5.5M
2026-01-29 16:38:41,741 [INFO] fplmodel - XI | Mateus Mané (Wolves) - 5.50 pts | 4.5M
2026-01-29 16:38:41,741 [INFO] fplmodel - XI | Yoane Wissa (Newcastle) - 4.91 pts | 7.3M
2026-01-29 16:38:41,741 [INFO] fplmodel - Bench 1 | Pedro Lomba Neto (Chelsea) - 4.65 pts
2026-01-29 16:38:41,741 [INFO] fplmodel - Bench 2 | Tyrick Mitchell (Crystal Palace) - 4.17 pts
2026-01-29 16:38:41,741 [INFO] fplmodel - Bench 3 | Jayden Bogle (Leeds) - 3.98 pts
2026-01-29 16:38:41,741 [INFO] fplmodel - Bench 4 | James Trafford (Man City) - 3.72 pts
2026-01-29 16:38:41,748 [INFO] fplmodel - Predictions saved to /Users/kyle/Documents/FPL-Prediction/outputs/predictions_gw23.csv
2026-01-29 16:38:41,749 [INFO] fplmodel - Starting XI saved to /Users/kyle/Documents/FPL-Prediction/outputs/starting_xi_gw23.csv
2026-01-29 16:38:41,749 [INFO] fplmodel - Bench saved to /Users/kyle/Documents/FPL-Prediction/outputs/bench_gw23.csv
2026-01-29 16:38:41,750 [INFO] fplmodel - Best XI JSON saved to /Users/kyle/Documents/FPL-Prediction/outputs/best_xi_gw23.json
2026-01-29 16:38:41,750 [INFO] fplmodel - Rendering best XI graphic...
2026-01-29 16:38:42,142 [INFO] fplmodel - Rendering best XI graphic completed in 0.39s
2026-01-29 16:38:42,142 [INFO] fplmodel - Best XI graphic generated at /Users/kyle/Documents/FPL-Prediction/outputs/best_xi_gw23.png
2026-01-29 16:38:42,153 [INFO] fplmodel - Residuals saved to /Users/kyle/Documents/FPL-Prediction/outputs/residuals_gw22.csv
2026-01-29 16:38:42,153 [INFO] fplmodel - Pipeline complete for GW 23
