2026-01-06 09:23:14,939 [INFO] fplmodel - Logging initialised. Writing to /Users/kyle/Documents/FPL-Prediction/logs/run_20260106_092314.log
2026-01-06 09:23:14,940 [INFO] fplmodel - Starting pipeline run (force_refetch=False)
2026-01-06 09:23:14,940 [INFO] fplmodel - Fetching bootstrap static data...
2026-01-06 09:23:14,958 [INFO] fplmodel - Fetching bootstrap static data completed in 0.02s
2026-01-06 09:23:14,958 [INFO] fplmodel - Fetching fixtures data...
2026-01-06 09:23:14,965 [INFO] fplmodel - Fetching fixtures data completed in 0.01s
2026-01-06 09:23:14,965 [INFO] fplmodel - Normalising bootstrap data...
2026-01-06 09:23:14,974 [INFO] fplmodel - Normalising bootstrap data completed in 0.01s
2026-01-06 09:23:14,974 [INFO] fplmodel - Loaded normalised frames: 792 elements, 20 teams, 38 events
2026-01-06 09:23:14,975 [INFO] fplmodel - Gameweek override applied -> next_gw=21 | last_finished_gw=20
2026-01-06 09:23:14,975 [INFO] fplmodel - Next gameweek: 21 | Last finished gameweek: 20
2026-01-06 09:23:14,975 [INFO] fplmodel - Renaming log file to highlight gameweek 21
2026-01-06 09:23:14,975 [INFO] fplmodel - Log file renamed to /Users/kyle/Documents/FPL-Prediction/logs/run_gw21_20260106_092314.log
2026-01-06 09:23:14,975 [INFO] fplmodel - Fetching player histories for 792 players (force_refetch=False)...
2026-01-06 09:23:16,058 [INFO] fplmodel - Fetching player histories for 792 players (force_refetch=False) completed in 1.08s
2026-01-06 09:23:16,059 [INFO] fplmodel - Loading 792 player history files from /Users/kyle/Documents/FPL-Prediction/data/raw
2026-01-06 09:23:16,059 [INFO] fplmodel - Collating player history JSON into dataframe...
2026-01-06 09:23:16,534 [INFO] fplmodel - Collating player history JSON into dataframe completed in 0.47s
2026-01-06 09:23:17,016 [INFO] fplmodel - Built player histories dataframe with 89790 rows
2026-01-06 09:23:17,016 [INFO] fplmodel - Loading external history data...
2026-01-06 09:23:17,793 [INFO] fplmodel - Loading external history data completed in 0.78s
2026-01-06 09:23:17,833 [INFO] fplmodel - Loaded 132733 external history rows for seasons 2020-21, 2021-22, 2022-23, 2023-24, 2024-25
2026-01-06 09:23:17,935 [INFO] fplmodel - Combined history dataset now has 214568 rows
2026-01-06 09:23:17,936 [INFO] fplmodel - Building training and prediction feature frames...
2026-01-06 09:23:21,972 [INFO] fplmodel - Building training and prediction feature frames completed in 4.04s
2026-01-06 09:23:21,972 [INFO] fplmodel - Prepared features: X_train=(143246, 156), y_train=143246, X_pred=(790, 163)
2026-01-06 09:23:21,977 [INFO] fplmodel - Training models with 156 features
2026-01-06 09:23:21,977 [INFO] fplmodel - Training feature columns: total_points_ma5, minutes_ma5, goals_scored_ma5, assists_ma5, clean_sheets_ma5, influence_ma5, creativity_ma5, threat_ma5, ict_index_ma5, goals_conceded_ma5, own_goals_ma5, penalties_saved_ma5, penalties_missed_ma5, yellow_cards_ma5, red_cards_ma5, saves_ma5, bonus_ma5, bps_ma5, clearances_blocks_interceptions_ma5, recoveries_ma5, tackles_ma5, defensive_contribution_ma5, starts_ma5, expected_goals_ma5, expected_assists_ma5, expected_goal_involvements_ma5, expected_goals_conceded_ma5, value_ma5, transfers_balance_ma5, selected_ma5, transfers_in_ma5, transfers_out_ma5, attacking_returns_ma5, finishing_plus_minus_ma5, finishing_ratio_ma5, creation_plus_minus_ma5, creation_ratio_ma5, xgi_plus_minus_ma5, minutes_share_ma5, points_per_90_ma5, tackles_plus_interceptions_ma5, defensive_actions_ma5, total_points_lag1, minutes_lag1, goals_scored_lag1, assists_lag1, clean_sheets_lag1, influence_lag1, creativity_lag1, threat_lag1, ict_index_lag1, goals_conceded_lag1, own_goals_lag1, penalties_saved_lag1, penalties_missed_lag1, yellow_cards_lag1, red_cards_lag1, saves_lag1, bonus_lag1, bps_lag1, clearances_blocks_interceptions_lag1, recoveries_lag1, tackles_lag1, defensive_contribution_lag1, starts_lag1, expected_goals_lag1, expected_assists_lag1, expected_goal_involvements_lag1, expected_goals_conceded_lag1, value_lag1, transfers_balance_lag1, selected_lag1, transfers_in_lag1, transfers_out_lag1, attacking_returns_lag1, finishing_plus_minus_lag1, finishing_ratio_lag1, creation_plus_minus_lag1, creation_ratio_lag1, xgi_plus_minus_lag1, minutes_share_lag1, points_per_90_lag1, tackles_plus_interceptions_lag1, defensive_actions_lag1, team_goals_for_ma5, team_goals_against_ma5, team_goal_diff_ma5, team_clean_sheet_ma5, team_conceded_two_plus_ma5, team_match_points_ma5, opp_team_goals_for_ma5, opp_team_goals_against_ma5, opp_team_goal_diff_ma5, opp_team_clean_sheet_ma5, opp_team_conceded_two_plus_ma5, opp_team_match_points_ma5, was_home, team_strength_overall, team_strength_home, team_strength_away, team_attack_home, team_attack_away, team_def_home, team_def_away, team_form_rating, team_points_table, team_league_position, team_matches_played, team_wins, team_draws, team_losses, opp_strength_overall, opp_strength_home, opp_strength_away, opp_attack_home, opp_attack_away, opp_def_home, opp_def_away, opp_form_rating, opp_points_table, opp_league_position, opp_matches_played, opp_wins, opp_draws, opp_losses, form, points_per_game, value_form, value_season, selected_by_percent, expected_goals_per_90, expected_assists_per_90, expected_goal_involvements_per_90, expected_goals_conceded_per_90, goals_conceded_per_90, saves_per_90, starts_per_90, clean_sheets_per_90, defensive_contribution_per_90, availability_this_round, availability_next_round, status_availability, status_injury_flag, injury_risk_flag, corners_and_indirect_freekicks_order, direct_freekicks_order, penalties_order, has_corners_duty, primary_corners_taker, has_direct_fk_duty, primary_direct_fk_taker, has_penalty_duty, primary_penalty_taker, set_piece_duty_score, player_bias, pos_bias
2026-01-06 09:23:21,977 [INFO] fplmodel - Training prediction models...
2026-01-06 09:23:22,176 [INFO] fplmodel.model - Season sample weights applied: 2020-21: 0.25, 2021-22: 0.25, 2022-23: 0.34, 2023-24: 0.49, 2024-25: 0.70, 2025-26: 1.00
2026-01-06 09:23:22,176 [INFO] fplmodel.model - Using TimeSeriesSplit with 3 folds for hyperparameter tuning.
2026-01-06 09:24:21,355 [INFO] fplmodel.model - Best classifier[hist_gbdt] params from tuning: {'est__min_samples_leaf': 20, 'est__max_iter': 350, 'est__max_depth': 4, 'est__learning_rate': 0.04, 'est__l2_regularization': 0.1} (score=1.0000)
2026-01-06 09:25:36,702 [INFO] fplmodel.model - Best regressor[hist_gbdt] params from tuning: {'est__min_samples_leaf': 30, 'est__max_iter': 250, 'est__max_depth': None, 'est__learning_rate': 0.06, 'est__l2_regularization': 0.05} (score=-0.9280)
2026-01-06 09:25:36,703 [INFO] fplmodel.model - Candidate Histogram Gradient Boosting | classifier=1.0000 ± 0.0000 ↑ | regressor=0.9280 ± 0.0396 ↓
2026-01-06 09:28:25,299 [INFO] fplmodel.model - Best classifier[random_forest] params from tuning: {'est__n_estimators': 200, 'est__min_samples_split': 6, 'est__min_samples_leaf': 4, 'est__max_features': 'sqrt', 'est__max_depth': None} (score=1.0000)
