2026-02-24 12:15:51,037 [INFO] fplmodel - Logging initialised. Writing to /Users/kyle/Documents/FPL-Prediction/logs/run_20260224_121551.log
2026-02-24 12:15:51,037 [INFO] fplmodel - Starting pipeline run (force_refetch=False)
2026-02-24 12:15:51,037 [INFO] fplmodel - Fetching bootstrap static data...
2026-02-24 12:15:51,058 [INFO] fplmodel - Fetching bootstrap static data completed in 0.02s
2026-02-24 12:15:51,058 [INFO] fplmodel - Fetching fixtures data...
2026-02-24 12:15:51,066 [INFO] fplmodel - Fetching fixtures data completed in 0.01s
2026-02-24 12:15:51,067 [INFO] fplmodel - Normalising bootstrap data...
2026-02-24 12:15:51,077 [INFO] fplmodel - Normalising bootstrap data completed in 0.01s
2026-02-24 12:15:51,077 [INFO] fplmodel - Loaded normalised frames: 818 elements, 20 teams, 38 events
2026-02-24 12:15:51,077 [INFO] fplmodel - Gameweek override applied -> next_gw=29 | last_finished_gw=28
2026-02-24 12:15:51,077 [INFO] fplmodel - Next gameweek: 29 | Last finished gameweek: 28
2026-02-24 12:15:51,077 [INFO] fplmodel - Renaming log file to highlight gameweek 29
2026-02-24 12:15:51,078 [INFO] fplmodel - Log file renamed to /Users/kyle/Documents/FPL-Prediction/logs/run_gw29_20260224_121551.log
2026-02-24 12:15:51,078 [INFO] fplmodel - Fetching player histories for 818 players (force_refetch=False)...
2026-02-24 12:15:52,510 [INFO] fplmodel - Fetching player histories for 818 players (force_refetch=False) completed in 1.43s
2026-02-24 12:15:52,511 [INFO] fplmodel - Loading 818 player history files from /Users/kyle/Documents/FPL-Prediction/data/raw
2026-02-24 12:15:52,512 [INFO] fplmodel - Collating player history JSON into dataframe...
2026-02-24 12:15:53,161 [INFO] fplmodel - Collating player history JSON into dataframe completed in 0.65s
2026-02-24 12:15:53,935 [INFO] fplmodel - Built player histories dataframe with 124224 rows
2026-02-24 12:15:53,935 [INFO] fplmodel - Loading external history data...
2026-02-24 12:15:54,744 [INFO] fplmodel - Loading external history data completed in 0.81s
2026-02-24 12:15:54,790 [INFO] fplmodel - Loaded 133213 external history rows for seasons 2020-21, 2021-22, 2022-23, 2023-24, 2024-25
2026-02-24 12:15:54,916 [INFO] fplmodel - Combined history dataset now has 246198 rows
2026-02-24 12:15:54,916 [INFO] fplmodel - Building training and prediction feature frames...
2026-02-24 12:15:59,816 [INFO] fplmodel - Building training and prediction feature frames completed in 4.90s
2026-02-24 12:15:59,816 [INFO] fplmodel - Prepared features: X_train=(205122, 156), y_train=205122, X_pred=(818, 163)
2026-02-24 12:15:59,823 [INFO] fplmodel - Training models with 156 features
2026-02-24 12:15:59,823 [INFO] fplmodel - Training feature columns: total_points_ma5, minutes_ma5, goals_scored_ma5, assists_ma5, clean_sheets_ma5, influence_ma5, creativity_ma5, threat_ma5, ict_index_ma5, goals_conceded_ma5, own_goals_ma5, penalties_saved_ma5, penalties_missed_ma5, yellow_cards_ma5, red_cards_ma5, saves_ma5, bonus_ma5, bps_ma5, clearances_blocks_interceptions_ma5, recoveries_ma5, tackles_ma5, defensive_contribution_ma5, starts_ma5, expected_goals_ma5, expected_assists_ma5, expected_goal_involvements_ma5, expected_goals_conceded_ma5, value_ma5, transfers_balance_ma5, selected_ma5, transfers_in_ma5, transfers_out_ma5, attacking_returns_ma5, finishing_plus_minus_ma5, finishing_ratio_ma5, creation_plus_minus_ma5, creation_ratio_ma5, xgi_plus_minus_ma5, minutes_share_ma5, points_per_90_ma5, tackles_plus_interceptions_ma5, defensive_actions_ma5, total_points_lag1, minutes_lag1, goals_scored_lag1, assists_lag1, clean_sheets_lag1, influence_lag1, creativity_lag1, threat_lag1, ict_index_lag1, goals_conceded_lag1, own_goals_lag1, penalties_saved_lag1, penalties_missed_lag1, yellow_cards_lag1, red_cards_lag1, saves_lag1, bonus_lag1, bps_lag1, clearances_blocks_interceptions_lag1, recoveries_lag1, tackles_lag1, defensive_contribution_lag1, starts_lag1, expected_goals_lag1, expected_assists_lag1, expected_goal_involvements_lag1, expected_goals_conceded_lag1, value_lag1, transfers_balance_lag1, selected_lag1, transfers_in_lag1, transfers_out_lag1, attacking_returns_lag1, finishing_plus_minus_lag1, finishing_ratio_lag1, creation_plus_minus_lag1, creation_ratio_lag1, xgi_plus_minus_lag1, minutes_share_lag1, points_per_90_lag1, tackles_plus_interceptions_lag1, defensive_actions_lag1, team_goals_for_ma5, team_goals_against_ma5, team_goal_diff_ma5, team_clean_sheet_ma5, team_conceded_two_plus_ma5, team_match_points_ma5, opp_team_goals_for_ma5, opp_team_goals_against_ma5, opp_team_goal_diff_ma5, opp_team_clean_sheet_ma5, opp_team_conceded_two_plus_ma5, opp_team_match_points_ma5, was_home, team_strength_overall, team_strength_home, team_strength_away, team_attack_home, team_attack_away, team_def_home, team_def_away, team_form_rating, team_points_table, team_league_position, team_matches_played, team_wins, team_draws, team_losses, opp_strength_overall, opp_strength_home, opp_strength_away, opp_attack_home, opp_attack_away, opp_def_home, opp_def_away, opp_form_rating, opp_points_table, opp_league_position, opp_matches_played, opp_wins, opp_draws, opp_losses, form, points_per_game, value_form, value_season, selected_by_percent, expected_goals_per_90, expected_assists_per_90, expected_goal_involvements_per_90, expected_goals_conceded_per_90, goals_conceded_per_90, saves_per_90, starts_per_90, clean_sheets_per_90, defensive_contribution_per_90, availability_this_round, availability_next_round, status_availability, status_injury_flag, injury_risk_flag, corners_and_indirect_freekicks_order, direct_freekicks_order, penalties_order, has_corners_duty, primary_corners_taker, has_direct_fk_duty, primary_direct_fk_taker, has_penalty_duty, primary_penalty_taker, set_piece_duty_score, player_bias, pos_bias
2026-02-24 12:15:59,823 [INFO] fplmodel - Training prediction models...
2026-02-24 12:16:00,175 [INFO] fplmodel.model - Season sample weights applied: 2020-21: 0.25, 2021-22: 0.25, 2022-23: 0.34, 2023-24: 0.49, 2024-25: 0.70, 2025-26: 1.00
2026-02-24 12:16:00,175 [INFO] fplmodel.model - Using TimeSeriesSplit with 3 folds for hyperparameter tuning.
2026-02-24 12:17:30,188 [INFO] fplmodel.model - Best classifier[hist_gbdt] params from tuning: {'est__min_samples_leaf': 20, 'est__max_iter': 350, 'est__max_depth': 4, 'est__learning_rate': 0.04, 'est__l2_regularization': 0.1} (score=1.0000)
2026-02-24 12:19:34,277 [INFO] fplmodel.model - Best regressor[hist_gbdt] params from tuning: {'est__min_samples_leaf': 30, 'est__max_iter': 250, 'est__max_depth': None, 'est__learning_rate': 0.06, 'est__l2_regularization': 0.05} (score=-0.9367)
2026-02-24 12:19:34,278 [INFO] fplmodel.model - Candidate Histogram Gradient Boosting | classifier=1.0000 ± 0.0000 ↑ | regressor=0.9367 ± 0.0367 ↓
2026-02-24 12:24:09,676 [INFO] fplmodel.model - Best classifier[random_forest] params from tuning: {'est__n_estimators': 200, 'est__min_samples_split': 6, 'est__min_samples_leaf': 4, 'est__max_features': 'sqrt', 'est__max_depth': None} (score=1.0000)
2026-02-24 13:08:58,374 [INFO] fplmodel.model - Best regressor[random_forest] params from tuning: {'est__n_estimators': 600, 'est__min_samples_split': 6, 'est__min_samples_leaf': 4, 'est__max_features': 0.7, 'est__max_depth': 20} (score=-0.9178)
2026-02-24 13:08:58,375 [INFO] fplmodel.model - Candidate Random Forest | classifier=1.0000 ± 0.0000 ↑ | regressor=0.9178 ± 0.0466 ↓
2026-02-24 13:11:10,263 [INFO] fplmodel.model - Best classifier[neural_network] params from tuning: {'est__learning_rate_init': 0.003, 'est__hidden_layer_sizes': (256, 128), 'est__beta_1': 0.85, 'est__alpha': 0.0005} (score=0.9990)
2026-02-24 13:12:45,587 [INFO] fplmodel.model - Best regressor[neural_network] params from tuning: {'est__learning_rate_init': 0.003, 'est__hidden_layer_sizes': (128, 64), 'est__beta_1': 0.9, 'est__alpha': 0.0001} (score=-0.9619)
2026-02-24 13:12:45,589 [INFO] fplmodel.model - Candidate Neural Network (MLP) | classifier=0.9990 ± 0.0005 ↑ | regressor=0.9619 ± 0.1250 ↓
2026-02-24 13:12:45,590 [INFO] fplmodel.model - Saved model selection summary to /Users/kyle/Documents/FPL-Prediction/models/model_selection_summary.csv
2026-02-24 13:12:45,590 [INFO] fplmodel.model - Selected classifier model: Histogram Gradient Boosting (balanced_accuracy=1.0000 ± 0.0000 ↑)
2026-02-24 13:12:45,591 [INFO] fplmodel.model - Selected regressor model: Random Forest (MAE=0.9178 ± 0.0466 ↓)
2026-02-24 13:19:29,956 [INFO] fplmodel.model - Classifier (histogram gradient boosting) feature selector dropped 35 column(s): availability_next_round, bps_lag1, bps_ma5, creation_plus_minus_lag1, creation_plus_minus_ma5, defensive_actions_lag1, defensive_actions_ma5, expected_goal_involvements_lag1, expected_goal_involvements_ma5, expected_goal_involvements_per_90, ... (+25 more)
2026-02-24 13:19:29,956 [INFO] fplmodel.model - Regressor (random forest) feature selector dropped 35 column(s): availability_next_round, bps_lag1, bps_ma5, creation_plus_minus_lag1, creation_plus_minus_ma5, defensive_actions_lag1, defensive_actions_ma5, expected_goal_involvements_lag1, expected_goal_involvements_ma5, expected_goal_involvements_per_90, ... (+25 more)
2026-02-24 13:19:29,956 [INFO] fplmodel.model - Final model selection: classifier=Histogram Gradient Boosting | regressor=Random Forest
2026-02-24 13:19:30,235 [INFO] fplmodel - Training prediction models completed in 3810.40s
2026-02-24 13:19:30,274 [INFO] fplmodel - Top feature weights for regressor: total_points_lag1: 0.3597, total_points_ma5: 0.0868, recoveries_lag1: 0.0818, points_per_90_lag1: 0.0447, defensive_contribution_lag1: 0.0324, bonus_lag1: 0.0289, player_bias: 0.0168, team_conceded_two_plus_ma5: 0.0139, selected_lag1: 0.0104, team_clean_sheet_ma5: 0.0099, bonus_ma5: 0.0088, team_match_points_ma5: 0.0081, value_ma5: 0.0080, selected_ma5: 0.0079, transfers_out_lag1: 0.0078
2026-02-24 13:19:30,274 [INFO] fplmodel - Estimator HistGradientBoostingClassifier for classifier does not expose feature_importances_; skipping logging.
2026-02-24 13:19:30,274 [INFO] fplmodel - Model training complete; fitted 3 candidate pair(s).
2026-02-24 13:19:30,274 [INFO] fplmodel - Generating next gameweek predictions...
2026-02-24 13:19:30,406 [INFO] fplmodel - Generating next gameweek predictions completed in 0.13s
2026-02-24 13:19:30,407 [INFO] fplmodel - Generated ensemble predictions for 818 players using 3 model(s): Histogram Gradient Boosting, Random Forest, Neural Network (MLP)
2026-02-24 13:19:30,409 [INFO] fplmodel - Applied fixture multipliers; average EP now 1.80
2026-02-24 13:19:30,410 [INFO] fplmodel - Top 5 expected point predictions (ensemble): Ryan Sessegnon (9.74); William Saliba (5.81); Diego Coppola (5.60); Virgil van Dijk (5.31); Jake O'Brien (4.94)
2026-02-24 13:19:30,410 [INFO] fplmodel - Evaluating last finished gameweek residuals...
2026-02-24 13:19:30,518 [INFO] fplmodel - Evaluating last finished gameweek residuals completed in 0.11s
2026-02-24 13:19:30,518 [INFO] fplmodel - Residuals computed for 3924 players in GW 28
2026-02-24 13:19:30,518 [INFO] fplmodel - Selecting best XI from 818 candidates
2026-02-24 13:19:30,518 [INFO] fplmodel - Optimising best XI selection...
2026-02-24 13:19:31,492 [INFO] fplmodel - Optimising best XI selection completed in 0.97s
2026-02-24 13:19:31,492 [INFO] fplmodel - Selected squad: total cost 84.4M | starting cost 64.9M | bench cost 19.5M
2026-02-24 13:19:31,493 [INFO] fplmodel - Projected points: XI 57.05 | Captain included 66.79 | Bench 15.49
2026-02-24 13:19:31,493 [INFO] fplmodel - Captain: Ryan Sessegnon
2026-02-24 13:19:31,493 [INFO] fplmodel - XI | Gianluigi Donnarumma (Man City) - 3.16 pts | 5.6M
2026-02-24 13:19:31,493 [INFO] fplmodel - XI | William Saliba (Arsenal) - 5.81 pts | 6.1M
2026-02-24 13:19:31,493 [INFO] fplmodel - XI | Diego Coppola (Brighton) - 5.60 pts | 4.2M
2026-02-24 13:19:31,493 [INFO] fplmodel - XI | Virgil van Dijk (Liverpool) - 5.31 pts | 6.0M
2026-02-24 13:19:31,493 [INFO] fplmodel - XI | Jake O'Brien (Everton) - 4.94 pts | 4.9M
2026-02-24 13:19:31,493 [INFO] fplmodel - XI | Ryan Sessegnon (Fulham) - 9.74 pts | 5.4M
2026-02-24 13:19:31,493 [INFO] fplmodel - XI | Antoine Semenyo (Man City) - 4.63 pts | 8.0M
2026-02-24 13:19:31,493 [INFO] fplmodel - XI | Gabriel Martinelli Silva (Arsenal) - 4.49 pts | 6.8M
2026-02-24 13:19:31,493 [INFO] fplmodel - XI | Wilfried Gnonto (Leeds) - 4.44 pts | 5.2M
2026-02-24 13:19:31,493 [INFO] fplmodel - XI | Jaidon Anthony (Burnley) - 4.41 pts | 5.0M
2026-02-24 13:19:31,493 [INFO] fplmodel - XI | João Pedro Junqueira de Jesus (Chelsea) - 4.53 pts | 7.7M
2026-02-24 13:19:31,493 [INFO] fplmodel - Bench 1 | Nico O'Reilly (Man City) - 4.65 pts
2026-02-24 13:19:31,493 [INFO] fplmodel - Bench 2 | Marc Guiu Paz (Chelsea) - 4.17 pts
2026-02-24 13:19:31,493 [INFO] fplmodel - Bench 3 | Lukas Nmecha (Leeds) - 3.53 pts
2026-02-24 13:19:31,493 [INFO] fplmodel - Bench 4 | Alisson Becker (Liverpool) - 3.15 pts
2026-02-24 13:19:31,500 [INFO] fplmodel - Predictions saved to /Users/kyle/Documents/FPL-Prediction/outputs/predictions_gw29.csv
2026-02-24 13:19:31,501 [INFO] fplmodel - Starting XI saved to /Users/kyle/Documents/FPL-Prediction/outputs/starting_xi_gw29.csv
2026-02-24 13:19:31,501 [INFO] fplmodel - Bench saved to /Users/kyle/Documents/FPL-Prediction/outputs/bench_gw29.csv
2026-02-24 13:19:31,502 [INFO] fplmodel - Best XI JSON saved to /Users/kyle/Documents/FPL-Prediction/outputs/best_xi_gw29.json
2026-02-24 13:19:31,502 [INFO] fplmodel - Rendering best XI graphic...
2026-02-24 13:19:31,642 [INFO] fplmodel - Rendering best XI graphic completed in 0.14s
2026-02-24 13:19:31,642 [INFO] fplmodel - Best XI graphic generated at /Users/kyle/Documents/FPL-Prediction/outputs/best_xi_gw29.png
2026-02-24 13:19:31,647 [INFO] fplmodel - Residuals saved to /Users/kyle/Documents/FPL-Prediction/outputs/residuals_gw28.csv
2026-02-24 13:19:31,647 [INFO] fplmodel - Pipeline complete for GW 29
