2026-02-24 13:19:31,770 [INFO] fplmodel - Logging initialised. Writing to /Users/kyle/Documents/FPL-Prediction/logs/run_20260224_131931.log
2026-02-24 13:19:31,770 [INFO] fplmodel - Starting pipeline run (force_refetch=False)
2026-02-24 13:19:31,770 [INFO] fplmodel - Fetching bootstrap static data...
2026-02-24 13:19:31,792 [INFO] fplmodel - Fetching bootstrap static data completed in 0.02s
2026-02-24 13:19:31,792 [INFO] fplmodel - Fetching fixtures data...
2026-02-24 13:19:31,800 [INFO] fplmodel - Fetching fixtures data completed in 0.01s
2026-02-24 13:19:31,800 [INFO] fplmodel - Normalising bootstrap data...
2026-02-24 13:19:31,811 [INFO] fplmodel - Normalising bootstrap data completed in 0.01s
2026-02-24 13:19:31,811 [INFO] fplmodel - Loaded normalised frames: 818 elements, 20 teams, 38 events
2026-02-24 13:19:31,811 [INFO] fplmodel - Gameweek override applied -> next_gw=30 | last_finished_gw=29
2026-02-24 13:19:31,811 [INFO] fplmodel - Next gameweek: 30 | Last finished gameweek: 29
2026-02-24 13:19:31,811 [INFO] fplmodel - Renaming log file to highlight gameweek 30
2026-02-24 13:19:31,811 [INFO] fplmodel - Log file renamed to /Users/kyle/Documents/FPL-Prediction/logs/run_gw30_20260224_131931.log
2026-02-24 13:19:31,812 [INFO] fplmodel - Fetching player histories for 818 players (force_refetch=False)...
2026-02-24 13:19:33,210 [INFO] fplmodel - Fetching player histories for 818 players (force_refetch=False) completed in 1.40s
2026-02-24 13:19:33,211 [INFO] fplmodel - Loading 818 player history files from /Users/kyle/Documents/FPL-Prediction/data/raw
2026-02-24 13:19:33,211 [INFO] fplmodel - Collating player history JSON into dataframe...
2026-02-24 13:19:33,850 [INFO] fplmodel - Collating player history JSON into dataframe completed in 0.64s
2026-02-24 13:19:34,519 [INFO] fplmodel - Built player histories dataframe with 124224 rows
2026-02-24 13:19:34,519 [INFO] fplmodel - Loading external history data...
2026-02-24 13:19:35,286 [INFO] fplmodel - Loading external history data completed in 0.77s
2026-02-24 13:19:35,330 [INFO] fplmodel - Loaded 133213 external history rows for seasons 2020-21, 2021-22, 2022-23, 2023-24, 2024-25
2026-02-24 13:19:35,453 [INFO] fplmodel - Combined history dataset now has 246198 rows
2026-02-24 13:19:35,453 [INFO] fplmodel - Building training and prediction feature frames...
2026-02-24 13:19:39,919 [INFO] fplmodel - Building training and prediction feature frames completed in 4.47s
2026-02-24 13:19:39,919 [INFO] fplmodel - Prepared features: X_train=(208492, 156), y_train=208492, X_pred=(818, 163)
2026-02-24 13:19:39,928 [INFO] fplmodel - Training models with 156 features
2026-02-24 13:19:39,928 [INFO] fplmodel - Training feature columns: total_points_ma5, minutes_ma5, goals_scored_ma5, assists_ma5, clean_sheets_ma5, influence_ma5, creativity_ma5, threat_ma5, ict_index_ma5, goals_conceded_ma5, own_goals_ma5, penalties_saved_ma5, penalties_missed_ma5, yellow_cards_ma5, red_cards_ma5, saves_ma5, bonus_ma5, bps_ma5, clearances_blocks_interceptions_ma5, recoveries_ma5, tackles_ma5, defensive_contribution_ma5, starts_ma5, expected_goals_ma5, expected_assists_ma5, expected_goal_involvements_ma5, expected_goals_conceded_ma5, value_ma5, transfers_balance_ma5, selected_ma5, transfers_in_ma5, transfers_out_ma5, attacking_returns_ma5, finishing_plus_minus_ma5, finishing_ratio_ma5, creation_plus_minus_ma5, creation_ratio_ma5, xgi_plus_minus_ma5, minutes_share_ma5, points_per_90_ma5, tackles_plus_interceptions_ma5, defensive_actions_ma5, total_points_lag1, minutes_lag1, goals_scored_lag1, assists_lag1, clean_sheets_lag1, influence_lag1, creativity_lag1, threat_lag1, ict_index_lag1, goals_conceded_lag1, own_goals_lag1, penalties_saved_lag1, penalties_missed_lag1, yellow_cards_lag1, red_cards_lag1, saves_lag1, bonus_lag1, bps_lag1, clearances_blocks_interceptions_lag1, recoveries_lag1, tackles_lag1, defensive_contribution_lag1, starts_lag1, expected_goals_lag1, expected_assists_lag1, expected_goal_involvements_lag1, expected_goals_conceded_lag1, value_lag1, transfers_balance_lag1, selected_lag1, transfers_in_lag1, transfers_out_lag1, attacking_returns_lag1, finishing_plus_minus_lag1, finishing_ratio_lag1, creation_plus_minus_lag1, creation_ratio_lag1, xgi_plus_minus_lag1, minutes_share_lag1, points_per_90_lag1, tackles_plus_interceptions_lag1, defensive_actions_lag1, team_goals_for_ma5, team_goals_against_ma5, team_goal_diff_ma5, team_clean_sheet_ma5, team_conceded_two_plus_ma5, team_match_points_ma5, opp_team_goals_for_ma5, opp_team_goals_against_ma5, opp_team_goal_diff_ma5, opp_team_clean_sheet_ma5, opp_team_conceded_two_plus_ma5, opp_team_match_points_ma5, was_home, team_strength_overall, team_strength_home, team_strength_away, team_attack_home, team_attack_away, team_def_home, team_def_away, team_form_rating, team_points_table, team_league_position, team_matches_played, team_wins, team_draws, team_losses, opp_strength_overall, opp_strength_home, opp_strength_away, opp_attack_home, opp_attack_away, opp_def_home, opp_def_away, opp_form_rating, opp_points_table, opp_league_position, opp_matches_played, opp_wins, opp_draws, opp_losses, form, points_per_game, value_form, value_season, selected_by_percent, expected_goals_per_90, expected_assists_per_90, expected_goal_involvements_per_90, expected_goals_conceded_per_90, goals_conceded_per_90, saves_per_90, starts_per_90, clean_sheets_per_90, defensive_contribution_per_90, availability_this_round, availability_next_round, status_availability, status_injury_flag, injury_risk_flag, corners_and_indirect_freekicks_order, direct_freekicks_order, penalties_order, has_corners_duty, primary_corners_taker, has_direct_fk_duty, primary_direct_fk_taker, has_penalty_duty, primary_penalty_taker, set_piece_duty_score, player_bias, pos_bias
2026-02-24 13:19:39,928 [INFO] fplmodel - Training prediction models...
2026-02-24 13:19:40,231 [INFO] fplmodel.model - Season sample weights applied: 2020-21: 0.25, 2021-22: 0.25, 2022-23: 0.34, 2023-24: 0.49, 2024-25: 0.70, 2025-26: 1.00
2026-02-24 13:19:40,231 [INFO] fplmodel.model - Using TimeSeriesSplit with 3 folds for hyperparameter tuning.
2026-02-24 13:21:05,555 [INFO] fplmodel.model - Best classifier[hist_gbdt] params from tuning: {'est__min_samples_leaf': 20, 'est__max_iter': 350, 'est__max_depth': 4, 'est__learning_rate': 0.04, 'est__l2_regularization': 0.1} (score=1.0000)
2026-02-24 13:22:58,218 [INFO] fplmodel.model - Best regressor[hist_gbdt] params from tuning: {'est__min_samples_leaf': 20, 'est__max_iter': 300, 'est__max_depth': 8, 'est__learning_rate': 0.06, 'est__l2_regularization': 0.05} (score=-0.9443)
2026-02-24 13:22:58,220 [INFO] fplmodel.model - Candidate Histogram Gradient Boosting | classifier=1.0000 ± 0.0000 ↑ | regressor=0.9443 ± 0.0338 ↓
2026-02-24 13:27:04,074 [INFO] fplmodel.model - Best classifier[random_forest] params from tuning: {'est__n_estimators': 200, 'est__min_samples_split': 6, 'est__min_samples_leaf': 4, 'est__max_features': 'sqrt', 'est__max_depth': None} (score=1.0000)
2026-02-24 14:13:57,360 [INFO] fplmodel.model - Best regressor[random_forest] params from tuning: {'est__n_estimators': 600, 'est__min_samples_split': 6, 'est__min_samples_leaf': 4, 'est__max_features': 0.7, 'est__max_depth': 20} (score=-0.9272)
2026-02-24 14:13:57,361 [INFO] fplmodel.model - Candidate Random Forest | classifier=1.0000 ± 0.0000 ↑ | regressor=0.9272 ± 0.0422 ↓
2026-02-24 14:16:30,637 [INFO] fplmodel.model - Best classifier[neural_network] params from tuning: {'est__learning_rate_init': 0.003, 'est__hidden_layer_sizes': (128, 64), 'est__beta_1': 0.9, 'est__alpha': 0.0001} (score=0.9990)
2026-02-24 14:18:36,585 [INFO] fplmodel.model - Best regressor[neural_network] params from tuning: {'est__learning_rate_init': 0.003, 'est__hidden_layer_sizes': (128, 128, 64), 'est__beta_1': 0.9, 'est__alpha': 0.001} (score=-0.9616)
2026-02-24 14:18:36,586 [INFO] fplmodel.model - Candidate Neural Network (MLP) | classifier=0.9990 ± 0.0004 ↑ | regressor=0.9616 ± 0.1072 ↓
2026-02-24 14:18:36,589 [INFO] fplmodel.model - Saved model selection summary to /Users/kyle/Documents/FPL-Prediction/models/model_selection_summary.csv
2026-02-24 14:18:36,589 [INFO] fplmodel.model - Selected classifier model: Histogram Gradient Boosting (balanced_accuracy=1.0000 ± 0.0000 ↑)
2026-02-24 14:18:36,589 [INFO] fplmodel.model - Selected regressor model: Random Forest (MAE=0.9272 ± 0.0422 ↓)
2026-02-24 14:25:48,912 [INFO] fplmodel.model - Classifier (histogram gradient boosting) feature selector dropped 34 column(s): availability_next_round, bps_lag1, bps_ma5, creation_plus_minus_lag1, creation_plus_minus_ma5, defensive_actions_lag1, defensive_actions_ma5, expected_goal_involvements_ma5, expected_goal_involvements_per_90, has_penalty_duty, ... (+24 more)
2026-02-24 14:25:48,912 [INFO] fplmodel.model - Regressor (random forest) feature selector dropped 34 column(s): availability_next_round, bps_lag1, bps_ma5, creation_plus_minus_lag1, creation_plus_minus_ma5, defensive_actions_lag1, defensive_actions_ma5, expected_goal_involvements_ma5, expected_goal_involvements_per_90, has_penalty_duty, ... (+24 more)
2026-02-24 14:25:48,912 [INFO] fplmodel.model - Final model selection: classifier=Histogram Gradient Boosting | regressor=Random Forest
2026-02-24 14:25:49,314 [INFO] fplmodel - Training prediction models completed in 3969.38s
2026-02-24 14:25:49,361 [INFO] fplmodel - Top feature weights for regressor: total_points_lag1: 0.3690, recoveries_lag1: 0.0858, total_points_ma5: 0.0727, points_per_90_lag1: 0.0412, defensive_contribution_lag1: 0.0341, bonus_lag1: 0.0256, player_bias: 0.0180, team_conceded_two_plus_ma5: 0.0144, selected_lag1: 0.0107, team_clean_sheet_ma5: 0.0098, value_ma5: 0.0082, transfers_out_lag1: 0.0080, team_match_points_ma5: 0.0080, transfers_balance_lag1: 0.0080, selected_ma5: 0.0079
2026-02-24 14:25:49,361 [INFO] fplmodel - Estimator HistGradientBoostingClassifier for classifier does not expose feature_importances_; skipping logging.
2026-02-24 14:25:49,361 [INFO] fplmodel - Model training complete; fitted 3 candidate pair(s).
2026-02-24 14:25:49,361 [INFO] fplmodel - Generating next gameweek predictions...
2026-02-24 14:25:49,502 [INFO] fplmodel - Generating next gameweek predictions completed in 0.14s
2026-02-24 14:25:49,503 [INFO] fplmodel - Generated ensemble predictions for 818 players using 3 model(s): Histogram Gradient Boosting, Random Forest, Neural Network (MLP)
2026-02-24 14:25:49,506 [INFO] fplmodel - Applied fixture multipliers; average EP now 1.79
2026-02-24 14:25:49,506 [INFO] fplmodel - Top 5 expected point predictions (ensemble): Alisson Becker (7.72); Josh Acheampong (6.59); Bukayo Saka (6.08); Lamare Bogarde (5.86); Cole Palmer (5.26)
2026-02-24 14:25:49,507 [INFO] fplmodel - Evaluating last finished gameweek residuals...
2026-02-24 14:25:49,613 [INFO] fplmodel - Evaluating last finished gameweek residuals completed in 0.11s
2026-02-24 14:25:49,613 [INFO] fplmodel - Residuals computed for 3410 players in GW 29
2026-02-24 14:25:49,613 [INFO] fplmodel - Selecting best XI from 818 candidates
2026-02-24 14:25:49,613 [INFO] fplmodel - Optimising best XI selection...
2026-02-24 14:25:50,667 [INFO] fplmodel - Optimising best XI selection completed in 1.05s
2026-02-24 14:25:50,667 [INFO] fplmodel - Selected squad: total cost 93.5M | starting cost 73.3M | bench cost 20.2M
2026-02-24 14:25:50,668 [INFO] fplmodel - Projected points: XI 58.71 | Captain included 66.43 | Bench 17.00
2026-02-24 14:25:50,668 [INFO] fplmodel - Captain: Alisson Becker
2026-02-24 14:25:50,668 [INFO] fplmodel - XI | Alisson Becker (Liverpool) - 7.72 pts | 5.4M
2026-02-24 14:25:50,668 [INFO] fplmodel - XI | Josh Acheampong (Chelsea) - 6.59 pts | 3.7M
2026-02-24 14:25:50,668 [INFO] fplmodel - XI | Lamare Bogarde (Aston Villa) - 5.86 pts | 4.0M
2026-02-24 14:25:50,668 [INFO] fplmodel - XI | Riccardo Calafiori (Arsenal) - 4.84 pts | 5.6M
2026-02-24 14:25:50,668 [INFO] fplmodel - XI | Tyrone Mings (Aston Villa) - 4.77 pts | 4.3M
2026-02-24 14:25:50,668 [INFO] fplmodel - XI | Bukayo Saka (Arsenal) - 6.08 pts | 9.8M
2026-02-24 14:25:50,668 [INFO] fplmodel - XI | Cole Palmer (Chelsea) - 5.26 pts | 10.6M
2026-02-24 14:25:50,668 [INFO] fplmodel - XI | Harrison Armstrong (Everton) - 4.64 pts | 4.5M
2026-02-24 14:25:50,668 [INFO] fplmodel - XI | Lewis Cook (Bournemouth) - 4.43 pts | 4.9M
2026-02-24 14:25:50,668 [INFO] fplmodel - XI | Callum Hudson-Odoi (Nott'm Forest) - 4.25 pts | 5.7M
2026-02-24 14:25:50,668 [INFO] fplmodel - XI | Erling Haaland (Man City) - 4.28 pts | 14.8M
2026-02-24 14:25:50,668 [INFO] fplmodel - Bench 1 | Daniel Muñoz Mejía (Crystal Palace) - 4.47 pts
2026-02-24 14:25:50,668 [INFO] fplmodel - Bench 2 | Lukas Nmecha (Leeds) - 4.12 pts
2026-02-24 14:25:50,668 [INFO] fplmodel - Bench 3 | Zian Flemming (Burnley) - 3.78 pts
2026-02-24 14:25:50,668 [INFO] fplmodel - Bench 4 | Martin Dúbravka (Burnley) - 4.63 pts
2026-02-24 14:25:50,675 [INFO] fplmodel - Predictions saved to /Users/kyle/Documents/FPL-Prediction/outputs/predictions_gw30.csv
2026-02-24 14:25:50,677 [INFO] fplmodel - Starting XI saved to /Users/kyle/Documents/FPL-Prediction/outputs/starting_xi_gw30.csv
2026-02-24 14:25:50,677 [INFO] fplmodel - Bench saved to /Users/kyle/Documents/FPL-Prediction/outputs/bench_gw30.csv
2026-02-24 14:25:50,678 [INFO] fplmodel - Best XI JSON saved to /Users/kyle/Documents/FPL-Prediction/outputs/best_xi_gw30.json
2026-02-24 14:25:50,678 [INFO] fplmodel - Rendering best XI graphic...
2026-02-24 14:25:50,829 [INFO] fplmodel - Rendering best XI graphic completed in 0.15s
2026-02-24 14:25:50,830 [INFO] fplmodel - Best XI graphic generated at /Users/kyle/Documents/FPL-Prediction/outputs/best_xi_gw30.png
2026-02-24 14:25:50,834 [INFO] fplmodel - Residuals saved to /Users/kyle/Documents/FPL-Prediction/outputs/residuals_gw29.csv
2026-02-24 14:25:50,834 [INFO] fplmodel - Pipeline complete for GW 30
