2025-12-16 15:29:22,864 [INFO] fplmodel - Logging initialised. Writing to /Users/kyle/Documents/FPL-Prediction/logs/run_20251216_152922.log
2025-12-16 15:29:22,864 [INFO] fplmodel - Starting pipeline run (force_refetch=False)
2025-12-16 15:29:22,864 [INFO] fplmodel - Fetching bootstrap static data...
2025-12-16 15:29:22,882 [INFO] fplmodel - Fetching bootstrap static data completed in 0.02s
2025-12-16 15:29:22,882 [INFO] fplmodel - Fetching fixtures data...
2025-12-16 15:29:22,888 [INFO] fplmodel - Fetching fixtures data completed in 0.01s
2025-12-16 15:29:22,888 [INFO] fplmodel - Normalising bootstrap data...
2025-12-16 15:29:22,898 [INFO] fplmodel - Normalising bootstrap data completed in 0.01s
2025-12-16 15:29:22,898 [INFO] fplmodel - Loaded normalised frames: 760 elements, 20 teams, 38 events
2025-12-16 15:29:22,898 [INFO] fplmodel - Gameweek override applied -> next_gw=21 | last_finished_gw=20
2025-12-16 15:29:22,898 [INFO] fplmodel - Next gameweek: 21 | Last finished gameweek: 20
2025-12-16 15:29:22,898 [INFO] fplmodel - Renaming log file to highlight gameweek 21
2025-12-16 15:29:22,898 [INFO] fplmodel - Log file renamed to /Users/kyle/Documents/FPL-Prediction/logs/run_gw21_20251216_152922.log
2025-12-16 15:29:22,898 [INFO] fplmodel - Fetching player histories for 760 players (force_refetch=False)...
2025-12-16 15:29:23,810 [INFO] fplmodel - Fetching player histories for 760 players (force_refetch=False) completed in 0.91s
2025-12-16 15:29:23,812 [INFO] fplmodel - Loading 760 player history files from /Users/kyle/Documents/FPL-Prediction/data/raw
2025-12-16 15:29:23,812 [INFO] fplmodel - Collating player history JSON into dataframe...
2025-12-16 15:29:24,200 [INFO] fplmodel - Collating player history JSON into dataframe completed in 0.39s
2025-12-16 15:29:24,576 [INFO] fplmodel - Built player histories dataframe with 71100 rows
2025-12-16 15:29:24,576 [INFO] fplmodel - Loading external history data...
2025-12-16 15:29:25,352 [INFO] fplmodel - Loading external history data completed in 0.78s
2025-12-16 15:29:25,392 [INFO] fplmodel - Loaded 131649 external history rows for seasons 2020-21, 2021-22, 2022-23, 2023-24, 2024-25
2025-12-16 15:29:25,486 [INFO] fplmodel - Combined history dataset now has 196429 rows
2025-12-16 15:29:25,487 [INFO] fplmodel - Building training and prediction feature frames...
2025-12-16 15:29:29,412 [INFO] fplmodel - Building training and prediction feature frames completed in 3.92s
2025-12-16 15:29:29,412 [INFO] fplmodel - Prepared features: X_train=(126264, 156), y_train=126264, X_pred=(760, 163)
2025-12-16 15:29:29,416 [INFO] fplmodel - Training models with 156 features
2025-12-16 15:29:29,416 [INFO] fplmodel - Training feature columns: total_points_ma5, minutes_ma5, goals_scored_ma5, assists_ma5, clean_sheets_ma5, influence_ma5, creativity_ma5, threat_ma5, ict_index_ma5, goals_conceded_ma5, own_goals_ma5, penalties_saved_ma5, penalties_missed_ma5, yellow_cards_ma5, red_cards_ma5, saves_ma5, bonus_ma5, bps_ma5, clearances_blocks_interceptions_ma5, recoveries_ma5, tackles_ma5, defensive_contribution_ma5, starts_ma5, expected_goals_ma5, expected_assists_ma5, expected_goal_involvements_ma5, expected_goals_conceded_ma5, value_ma5, transfers_balance_ma5, selected_ma5, transfers_in_ma5, transfers_out_ma5, attacking_returns_ma5, finishing_plus_minus_ma5, finishing_ratio_ma5, creation_plus_minus_ma5, creation_ratio_ma5, xgi_plus_minus_ma5, minutes_share_ma5, points_per_90_ma5, tackles_plus_interceptions_ma5, defensive_actions_ma5, total_points_lag1, minutes_lag1, goals_scored_lag1, assists_lag1, clean_sheets_lag1, influence_lag1, creativity_lag1, threat_lag1, ict_index_lag1, goals_conceded_lag1, own_goals_lag1, penalties_saved_lag1, penalties_missed_lag1, yellow_cards_lag1, red_cards_lag1, saves_lag1, bonus_lag1, bps_lag1, clearances_blocks_interceptions_lag1, recoveries_lag1, tackles_lag1, defensive_contribution_lag1, starts_lag1, expected_goals_lag1, expected_assists_lag1, expected_goal_involvements_lag1, expected_goals_conceded_lag1, value_lag1, transfers_balance_lag1, selected_lag1, transfers_in_lag1, transfers_out_lag1, attacking_returns_lag1, finishing_plus_minus_lag1, finishing_ratio_lag1, creation_plus_minus_lag1, creation_ratio_lag1, xgi_plus_minus_lag1, minutes_share_lag1, points_per_90_lag1, tackles_plus_interceptions_lag1, defensive_actions_lag1, team_goals_for_ma5, team_goals_against_ma5, team_goal_diff_ma5, team_clean_sheet_ma5, team_conceded_two_plus_ma5, team_match_points_ma5, opp_team_goals_for_ma5, opp_team_goals_against_ma5, opp_team_goal_diff_ma5, opp_team_clean_sheet_ma5, opp_team_conceded_two_plus_ma5, opp_team_match_points_ma5, was_home, team_strength_overall, team_strength_home, team_strength_away, team_attack_home, team_attack_away, team_def_home, team_def_away, team_form_rating, team_points_table, team_league_position, team_matches_played, team_wins, team_draws, team_losses, opp_strength_overall, opp_strength_home, opp_strength_away, opp_attack_home, opp_attack_away, opp_def_home, opp_def_away, opp_form_rating, opp_points_table, opp_league_position, opp_matches_played, opp_wins, opp_draws, opp_losses, form, points_per_game, value_form, value_season, selected_by_percent, expected_goals_per_90, expected_assists_per_90, expected_goal_involvements_per_90, expected_goals_conceded_per_90, goals_conceded_per_90, saves_per_90, starts_per_90, clean_sheets_per_90, defensive_contribution_per_90, availability_this_round, availability_next_round, status_availability, status_injury_flag, injury_risk_flag, corners_and_indirect_freekicks_order, direct_freekicks_order, penalties_order, has_corners_duty, primary_corners_taker, has_direct_fk_duty, primary_direct_fk_taker, has_penalty_duty, primary_penalty_taker, set_piece_duty_score, player_bias, pos_bias
2025-12-16 15:29:29,416 [INFO] fplmodel - Training prediction models...
2025-12-16 15:29:29,586 [INFO] fplmodel.model - Season sample weights applied: 2020-21: 0.25, 2021-22: 0.25, 2022-23: 0.34, 2023-24: 0.49, 2024-25: 0.70, 2025-26: 1.00
2025-12-16 15:29:29,587 [INFO] fplmodel.model - Using TimeSeriesSplit with 3 folds for hyperparameter tuning.
2025-12-16 15:30:20,374 [INFO] fplmodel.model - Best classifier[hist_gbdt] params from tuning: {'est__min_samples_leaf': 20, 'est__max_iter': 350, 'est__max_depth': 4, 'est__learning_rate': 0.04, 'est__l2_regularization': 0.1} (score=1.0000)
2025-12-16 15:31:30,948 [INFO] fplmodel.model - Best regressor[hist_gbdt] params from tuning: {'est__min_samples_leaf': 30, 'est__max_iter': 250, 'est__max_depth': None, 'est__learning_rate': 0.06, 'est__l2_regularization': 0.05} (score=-0.9996)
2025-12-16 15:31:30,949 [INFO] fplmodel.model - Candidate Histogram Gradient Boosting | classifier=1.0000 ± 0.0000 ↑ | regressor=0.9996 ± 0.0528 ↓
2025-12-16 15:33:53,351 [INFO] fplmodel.model - Best classifier[random_forest] params from tuning: {'est__n_estimators': 200, 'est__min_samples_split': 6, 'est__min_samples_leaf': 4, 'est__max_features': 'sqrt', 'est__max_depth': None} (score=1.0000)
2025-12-16 15:57:32,466 [INFO] fplmodel.model - Best regressor[random_forest] params from tuning: {'est__n_estimators': 600, 'est__min_samples_split': 6, 'est__min_samples_leaf': 4, 'est__max_features': 0.7, 'est__max_depth': 20} (score=-0.9984)
2025-12-16 15:57:32,468 [INFO] fplmodel.model - Candidate Random Forest | classifier=1.0000 ± 0.0000 ↑ | regressor=0.9984 ± 0.0237 ↓
2025-12-16 15:59:05,231 [INFO] fplmodel.model - Best classifier[neural_network] params from tuning: {'est__learning_rate_init': 0.003, 'est__hidden_layer_sizes': (256, 128), 'est__beta_1': 0.95, 'est__alpha': 0.0005} (score=0.9991)
2025-12-16 16:00:05,650 [INFO] fplmodel.model - Best regressor[neural_network] params from tuning: {'est__learning_rate_init': 0.003, 'est__hidden_layer_sizes': (256, 128), 'est__beta_1': 0.85, 'est__alpha': 0.0001} (score=-1.0325)
2025-12-16 16:00:05,651 [INFO] fplmodel.model - Candidate Neural Network (MLP) | classifier=0.9991 ± 0.0004 ↑ | regressor=1.0325 ± 0.0579 ↓
2025-12-16 16:00:05,652 [INFO] fplmodel.model - Saved model selection summary to /Users/kyle/Documents/FPL-Prediction/models/model_selection_summary.csv
2025-12-16 16:00:05,652 [INFO] fplmodel.model - Selected classifier model: Histogram Gradient Boosting (balanced_accuracy=1.0000 ± 0.0000 ↑)
2025-12-16 16:00:05,652 [INFO] fplmodel.model - Selected regressor model: Random Forest (MAE=0.9984 ± 0.0237 ↓)
2025-12-16 16:03:35,448 [INFO] fplmodel.model - Classifier (histogram gradient boosting) feature selector dropped 39 column(s): bps_lag1, bps_ma5, creation_plus_minus_lag1, creation_plus_minus_ma5, defensive_actions_lag1, defensive_actions_ma5, expected_goal_involvements_lag1, expected_goal_involvements_ma5, expected_goal_involvements_per_90, has_penalty_duty, ... (+29 more)
2025-12-16 16:03:35,448 [INFO] fplmodel.model - Regressor (random forest) feature selector dropped 39 column(s): bps_lag1, bps_ma5, creation_plus_minus_lag1, creation_plus_minus_ma5, defensive_actions_lag1, defensive_actions_ma5, expected_goal_involvements_lag1, expected_goal_involvements_ma5, expected_goal_involvements_per_90, has_penalty_duty, ... (+29 more)
2025-12-16 16:03:35,448 [INFO] fplmodel.model - Final model selection: classifier=Histogram Gradient Boosting | regressor=Random Forest
2025-12-16 16:03:35,677 [INFO] fplmodel - Training prediction models completed in 2046.30s
2025-12-16 16:03:35,714 [INFO] fplmodel - Top feature weights for regressor: total_points_lag1: 0.3416, recoveries_lag1: 0.0876, total_points_ma5: 0.0873, defensive_contribution_lag1: 0.0348, points_per_90_lag1: 0.0270, bonus_lag1: 0.0219, player_bias: 0.0210, minutes_ma5: 0.0137, selected_lag1: 0.0119, team_conceded_two_plus_ma5: 0.0119, bonus_ma5: 0.0103, team_clean_sheet_ma5: 0.0097, selected_ma5: 0.0097, value_ma5: 0.0096, team_match_points_ma5: 0.0087
2025-12-16 16:03:35,714 [INFO] fplmodel - Estimator HistGradientBoostingClassifier for classifier does not expose feature_importances_; skipping logging.
2025-12-16 16:03:35,714 [INFO] fplmodel - Model training complete; fitted 3 candidate pair(s).
2025-12-16 16:03:35,714 [INFO] fplmodel - Generating next gameweek predictions...
2025-12-16 16:03:35,843 [INFO] fplmodel - Generating next gameweek predictions completed in 0.13s
2025-12-16 16:03:35,844 [INFO] fplmodel - Generated ensemble predictions for 760 players using 3 model(s): Histogram Gradient Boosting, Random Forest, Neural Network (MLP)
2025-12-16 16:03:35,846 [INFO] fplmodel - Applied fixture multipliers; average EP now 1.87
2025-12-16 16:03:35,847 [INFO] fplmodel - Top 5 expected point predictions (ensemble): Wilfried Gnonto (8.15); Nathan Collins (6.48); Bukayo Saka (5.61); Samuel Chukwueze (4.93); Pedro Lomba Neto (4.78)
2025-12-16 16:03:35,847 [INFO] fplmodel - Evaluating last finished gameweek residuals...
2025-12-16 16:03:35,940 [INFO] fplmodel - Evaluating last finished gameweek residuals completed in 0.09s
2025-12-16 16:03:35,940 [INFO] fplmodel - Residuals computed for 3409 players in GW 20
2025-12-16 16:03:35,940 [INFO] fplmodel - Selecting best XI from 760 candidates
2025-12-16 16:03:35,940 [INFO] fplmodel - Optimising best XI selection...
2025-12-16 16:03:36,821 [INFO] fplmodel - Optimising best XI selection completed in 0.88s
2025-12-16 16:03:36,822 [INFO] fplmodel - Selected squad: total cost 86.3M | starting cost 66.5M | bench cost 19.8M
2025-12-16 16:03:36,822 [INFO] fplmodel - Projected points: XI 57.04 | Captain included 65.19 | Bench 16.28
2025-12-16 16:03:36,822 [INFO] fplmodel - Captain: Wilfried Gnonto
2025-12-16 16:03:36,822 [INFO] fplmodel - XI | Karl Darlow (Leeds) - 4.38 pts | 3.9M
2025-12-16 16:03:36,822 [INFO] fplmodel - XI | Nathan Collins (Brentford) - 6.48 pts | 4.9M
2025-12-16 16:03:36,822 [INFO] fplmodel - XI | James Tarkowski (Everton) - 4.56 pts | 5.5M
2025-12-16 16:03:36,822 [INFO] fplmodel - XI | Maxence Lacroix (Crystal Palace) - 4.56 pts | 5.2M
2025-12-16 16:03:36,822 [INFO] fplmodel - XI | Keane Lewis-Potter (Brentford) - 4.56 pts | 4.8M
2025-12-16 16:03:36,822 [INFO] fplmodel - XI | Wilfried Gnonto (Leeds) - 8.15 pts | 5.2M
2025-12-16 16:03:36,822 [INFO] fplmodel - XI | Bukayo Saka (Arsenal) - 5.61 pts | 10.3M
2025-12-16 16:03:36,822 [INFO] fplmodel - XI | Samuel Chukwueze (Fulham) - 4.93 pts | 5.3M
2025-12-16 16:03:36,822 [INFO] fplmodel - XI | Pedro Lomba Neto (Chelsea) - 4.78 pts | 7.3M
2025-12-16 16:03:36,822 [INFO] fplmodel - XI | Marcus Tavernier (Bournemouth) - 4.48 pts | 5.5M
2025-12-16 16:03:36,822 [INFO] fplmodel - XI | Hugo Ekitiké (Liverpool) - 4.55 pts | 8.6M
2025-12-16 16:03:36,822 [INFO] fplmodel - Bench 1 | Michael Kayode (Brentford) - 4.44 pts
2025-12-16 16:03:36,823 [INFO] fplmodel - Bench 2 | Eddie Nketiah (Crystal Palace) - 4.34 pts
2025-12-16 16:03:36,823 [INFO] fplmodel - Bench 3 | Lyle Foster (Burnley) - 3.82 pts
2025-12-16 16:03:36,823 [INFO] fplmodel - Bench 4 | André Onana (Man Utd) - 3.68 pts
2025-12-16 16:03:36,829 [INFO] fplmodel - Predictions saved to /Users/kyle/Documents/FPL-Prediction/outputs/predictions_gw21.csv
2025-12-16 16:03:36,829 [INFO] fplmodel - Starting XI saved to /Users/kyle/Documents/FPL-Prediction/outputs/starting_xi_gw21.csv
2025-12-16 16:03:36,830 [INFO] fplmodel - Bench saved to /Users/kyle/Documents/FPL-Prediction/outputs/bench_gw21.csv
2025-12-16 16:03:36,830 [INFO] fplmodel - Best XI JSON saved to /Users/kyle/Documents/FPL-Prediction/outputs/best_xi_gw21.json
2025-12-16 16:03:36,830 [INFO] fplmodel - Rendering best XI graphic...
2025-12-16 16:03:36,968 [INFO] fplmodel - Rendering best XI graphic completed in 0.14s
2025-12-16 16:03:36,968 [INFO] fplmodel - Best XI graphic generated at /Users/kyle/Documents/FPL-Prediction/outputs/best_xi_gw21.png
2025-12-16 16:03:36,973 [INFO] fplmodel - Residuals saved to /Users/kyle/Documents/FPL-Prediction/outputs/residuals_gw20.csv
2025-12-16 16:03:36,973 [INFO] fplmodel - Pipeline complete for GW 21
