2026-05-27 09:16:22,099 [INFO] fplmodel - Logging initialised. Writing to /Users/kyle/Documents/FPL-Prediction/logs/run_20260527_091622.log
2026-05-27 09:16:22,099 [INFO] fplmodel - Starting pipeline run (force_refetch=False)
2026-05-27 09:16:22,099 [INFO] fplmodel - Fetching bootstrap static data...
2026-05-27 09:16:22,120 [INFO] fplmodel - Fetching bootstrap static data completed in 0.02s
2026-05-27 09:16:22,120 [INFO] fplmodel - Fetching fixtures data...
2026-05-27 09:16:22,130 [INFO] fplmodel - Fetching fixtures data completed in 0.01s
2026-05-27 09:16:22,130 [INFO] fplmodel - Normalising bootstrap data...
2026-05-27 09:16:22,141 [INFO] fplmodel - Normalising bootstrap data completed in 0.01s
2026-05-27 09:16:22,141 [INFO] fplmodel - Loaded normalised frames: 841 elements, 20 teams, 38 events
2026-05-27 09:16:22,141 [INFO] fplmodel - Gameweek override applied -> next_gw=9 | last_finished_gw=8
2026-05-27 09:16:22,141 [INFO] fplmodel - Next gameweek: 9 | Last finished gameweek: 8
2026-05-27 09:16:22,141 [INFO] fplmodel - Renaming log file to highlight gameweek 9
2026-05-27 09:16:22,141 [INFO] fplmodel - Log file renamed to /Users/kyle/Documents/FPL-Prediction/logs/run_gw9_20260527_091622.log
2026-05-27 09:16:22,142 [INFO] fplmodel - Fetching player histories for 841 players (force_refetch=False)...
2026-05-27 09:16:22,142 [INFO] fplmodel.data_pull - Fetching player histories with 8 worker thread(s).
2026-05-27 09:16:22,299 [INFO] fplmodel.data_pull - Player history fetch progress: 50/841 complete (0 failures).
2026-05-27 09:16:22,404 [INFO] fplmodel.data_pull - Player history fetch progress: 100/841 complete (0 failures).
2026-05-27 09:16:22,518 [INFO] fplmodel.data_pull - Player history fetch progress: 150/841 complete (0 failures).
2026-05-27 09:16:22,627 [INFO] fplmodel.data_pull - Player history fetch progress: 200/841 complete (0 failures).
2026-05-27 09:16:22,734 [INFO] fplmodel.data_pull - Player history fetch progress: 250/841 complete (0 failures).
2026-05-27 09:16:22,843 [INFO] fplmodel.data_pull - Player history fetch progress: 300/841 complete (0 failures).
2026-05-27 09:16:22,946 [INFO] fplmodel.data_pull - Player history fetch progress: 350/841 complete (0 failures).
2026-05-27 09:16:23,058 [INFO] fplmodel.data_pull - Player history fetch progress: 400/841 complete (0 failures).
2026-05-27 09:16:23,170 [INFO] fplmodel.data_pull - Player history fetch progress: 450/841 complete (0 failures).
2026-05-27 09:16:23,272 [INFO] fplmodel.data_pull - Player history fetch progress: 500/841 complete (0 failures).
2026-05-27 09:16:23,384 [INFO] fplmodel.data_pull - Player history fetch progress: 550/841 complete (0 failures).
2026-05-27 09:16:23,495 [INFO] fplmodel.data_pull - Player history fetch progress: 600/841 complete (0 failures).
2026-05-27 09:16:23,606 [INFO] fplmodel.data_pull - Player history fetch progress: 650/841 complete (0 failures).
2026-05-27 09:16:23,714 [INFO] fplmodel.data_pull - Player history fetch progress: 700/841 complete (0 failures).
2026-05-27 09:16:23,815 [INFO] fplmodel.data_pull - Player history fetch progress: 750/841 complete (0 failures).
2026-05-27 09:16:23,921 [INFO] fplmodel.data_pull - Player history fetch progress: 800/841 complete (0 failures).
2026-05-27 09:16:23,997 [INFO] fplmodel.data_pull - Player history fetch progress: 841/841 complete (0 failures).
2026-05-27 09:16:24,034 [INFO] fplmodel - Fetching player histories for 841 players (force_refetch=False) completed in 1.89s
2026-05-27 09:16:24,035 [INFO] fplmodel - Loading 841 player history files from /Users/kyle/Documents/FPL-Prediction/data/raw
2026-05-27 09:16:24,035 [INFO] fplmodel - Collating player history JSON into dataframe...
2026-05-27 09:16:24,940 [INFO] fplmodel - Collating player history JSON into dataframe completed in 0.91s
2026-05-27 09:16:25,956 [INFO] fplmodel - Built player histories dataframe with 178482 rows
2026-05-27 09:16:25,956 [INFO] fplmodel - Loading external history data...
2026-05-27 09:16:26,729 [INFO] fplmodel - Loading external history data completed in 0.77s
2026-05-27 09:16:26,769 [INFO] fplmodel - Loaded 133500 external history rows for seasons 2020-21, 2021-22, 2022-23, 2023-24, 2024-25
2026-05-27 09:16:26,927 [INFO] fplmodel - Combined history dataset now has 296480 rows
2026-05-27 09:16:26,928 [INFO] fplmodel - Building training and prediction feature frames...
2026-05-27 09:16:47,099 [INFO] fplmodel - Building training and prediction feature frames completed in 20.17s
2026-05-27 09:16:47,100 [INFO] fplmodel - Prepared features: X_train=(257722, 156), y_train=257722, X_pred=(841, 163)
2026-05-27 09:16:47,108 [INFO] fplmodel - Training models with 156 features
2026-05-27 09:16:47,108 [INFO] fplmodel - Training feature columns: total_points_ma5, minutes_ma5, goals_scored_ma5, assists_ma5, clean_sheets_ma5, influence_ma5, creativity_ma5, threat_ma5, ict_index_ma5, goals_conceded_ma5, own_goals_ma5, penalties_saved_ma5, penalties_missed_ma5, yellow_cards_ma5, red_cards_ma5, saves_ma5, bonus_ma5, bps_ma5, clearances_blocks_interceptions_ma5, recoveries_ma5, tackles_ma5, defensive_contribution_ma5, starts_ma5, expected_goals_ma5, expected_assists_ma5, expected_goal_involvements_ma5, expected_goals_conceded_ma5, value_ma5, transfers_balance_ma5, selected_ma5, transfers_in_ma5, transfers_out_ma5, attacking_returns_ma5, finishing_plus_minus_ma5, finishing_ratio_ma5, creation_plus_minus_ma5, creation_ratio_ma5, xgi_plus_minus_ma5, minutes_share_ma5, points_per_90_ma5, tackles_plus_interceptions_ma5, defensive_actions_ma5, total_points_lag1, minutes_lag1, goals_scored_lag1, assists_lag1, clean_sheets_lag1, influence_lag1, creativity_lag1, threat_lag1, ict_index_lag1, goals_conceded_lag1, own_goals_lag1, penalties_saved_lag1, penalties_missed_lag1, yellow_cards_lag1, red_cards_lag1, saves_lag1, bonus_lag1, bps_lag1, clearances_blocks_interceptions_lag1, recoveries_lag1, tackles_lag1, defensive_contribution_lag1, starts_lag1, expected_goals_lag1, expected_assists_lag1, expected_goal_involvements_lag1, expected_goals_conceded_lag1, value_lag1, transfers_balance_lag1, selected_lag1, transfers_in_lag1, transfers_out_lag1, attacking_returns_lag1, finishing_plus_minus_lag1, finishing_ratio_lag1, creation_plus_minus_lag1, creation_ratio_lag1, xgi_plus_minus_lag1, minutes_share_lag1, points_per_90_lag1, tackles_plus_interceptions_lag1, defensive_actions_lag1, team_goals_for_ma5, team_goals_against_ma5, team_goal_diff_ma5, team_clean_sheet_ma5, team_conceded_two_plus_ma5, team_match_points_ma5, opp_team_goals_for_ma5, opp_team_goals_against_ma5, opp_team_goal_diff_ma5, opp_team_clean_sheet_ma5, opp_team_conceded_two_plus_ma5, opp_team_match_points_ma5, was_home, team_strength_overall, team_strength_home, team_strength_away, team_attack_home, team_attack_away, team_def_home, team_def_away, team_form_rating, team_points_table, team_league_position, team_matches_played, team_wins, team_draws, team_losses, opp_strength_overall, opp_strength_home, opp_strength_away, opp_attack_home, opp_attack_away, opp_def_home, opp_def_away, opp_form_rating, opp_points_table, opp_league_position, opp_matches_played, opp_wins, opp_draws, opp_losses, form, points_per_game, value_form, value_season, selected_by_percent, expected_goals_per_90, expected_assists_per_90, expected_goal_involvements_per_90, expected_goals_conceded_per_90, goals_conceded_per_90, saves_per_90, starts_per_90, clean_sheets_per_90, defensive_contribution_per_90, availability_this_round, availability_next_round, status_availability, status_injury_flag, injury_risk_flag, corners_and_indirect_freekicks_order, direct_freekicks_order, penalties_order, has_corners_duty, primary_corners_taker, has_direct_fk_duty, primary_direct_fk_taker, has_penalty_duty, primary_penalty_taker, set_piece_duty_score, player_bias, pos_bias
2026-05-27 09:16:47,108 [INFO] fplmodel - Training prediction models...
2026-05-27 09:16:47,484 [INFO] fplmodel.model - Season sample weights applied: 2020-21: 0.25, 2021-22: 0.25, 2022-23: 0.34, 2023-24: 0.49, 2024-25: 0.70, 2025-26: 1.00
2026-05-27 09:16:47,484 [INFO] fplmodel.model - Using TimeSeriesSplit with 3 folds for hyperparameter tuning.
2026-05-27 09:16:47,485 [INFO] fplmodel.model - Using actual match minutes as classifier target (minutes >= 60).
2026-05-27 09:16:47,490 [INFO] fplmodel.model - Model selection using most recent 60000/257722 training rows; final fits still use all rows.
2026-05-27 09:17:15,902 [INFO] fplmodel.model - Best classifier[hist_gbdt] params from tuning: {'est__min_samples_leaf': 10, 'est__max_iter': 350, 'est__max_depth': None, 'est__learning_rate': 0.08, 'est__l2_regularization': 0.05} (score=0.7836)
2026-05-27 09:17:35,039 [INFO] fplmodel.model - Best regressor[hist_gbdt] params from tuning: {'est__min_samples_leaf': 40, 'est__max_iter': 400, 'est__max_depth': 6, 'est__learning_rate': 0.04, 'est__l2_regularization': 0.0} (score=-1.1459)
2026-05-27 09:17:35,040 [INFO] fplmodel.model - Candidate Histogram Gradient Boosting | classifier=0.7836 ± 0.0109 ↑ | regressor=1.1459 ± 0.0401 ↓
2026-05-27 09:18:07,596 [INFO] fplmodel.model - Best classifier[xgboost] params from tuning: {'est__subsample': 1.0, 'est__reg_lambda': 1.0, 'est__n_estimators': 550, 'est__max_depth': 8, 'est__learning_rate': 0.08, 'est__gamma': 0.1, 'est__colsample_bytree': 0.85} (score=0.7853)
2026-05-27 09:18:35,394 [INFO] fplmodel.model - Best regressor[xgboost] params from tuning: {'est__subsample': 0.8, 'est__reg_lambda': 1.5, 'est__n_estimators': 250, 'est__max_depth': 4, 'est__learning_rate': 0.08, 'est__gamma': 0.1, 'est__colsample_bytree': 0.7} (score=-1.1623)
2026-05-27 09:18:35,394 [INFO] fplmodel.model - Candidate XGBoost | classifier=0.7853 ± 0.0113 ↑ | regressor=1.1623 ± 0.0482 ↓
2026-05-27 09:18:35,395 [INFO] fplmodel.model - Saved model selection summary to /Users/kyle/Documents/FPL-Prediction/models/model_selection_summary.csv
2026-05-27 09:18:35,395 [INFO] fplmodel.model - Selected classifier model: XGBoost (balanced_accuracy=0.7853 ± 0.0113 ↑)
2026-05-27 09:18:35,395 [INFO] fplmodel.model - Selected regressor model: Histogram Gradient Boosting (MAE=1.1459 ± 0.0401 ↓)
2026-05-27 09:20:06,112 [INFO] fplmodel.model - Classifier (xgboost) feature selector dropped 37 column(s): availability_next_round, bps_lag1, bps_ma5, creation_plus_minus_lag1, creation_plus_minus_ma5, defensive_actions_lag1, defensive_actions_ma5, expected_goal_involvements_ma5, expected_goal_involvements_per_90, injury_risk_flag, ... (+27 more)
2026-05-27 09:20:06,113 [INFO] fplmodel.model - Regressor (histogram gradient boosting) feature selector dropped 37 column(s): availability_next_round, bps_lag1, bps_ma5, creation_plus_minus_lag1, creation_plus_minus_ma5, defensive_actions_lag1, defensive_actions_ma5, expected_goal_involvements_ma5, expected_goal_involvements_per_90, injury_risk_flag, ... (+27 more)
2026-05-27 09:20:06,113 [INFO] fplmodel.model - Final model selection: classifier=XGBoost | regressor=Histogram Gradient Boosting
2026-05-27 09:20:06,180 [INFO] fplmodel - Training prediction models completed in 199.07s
2026-05-27 09:20:06,180 [INFO] fplmodel - Estimator HistGradientBoostingRegressor for regressor does not expose feature_importances_; skipping logging.
2026-05-27 09:20:06,182 [INFO] fplmodel - Top feature weights for classifier: minutes_ma5: 0.1690, minutes_lag1: 0.0948, starts_lag1: 0.0756, value_season: 0.0242, influence_lag1: 0.0191, recoveries_ma5: 0.0171, influence_ma5: 0.0154, ict_index_lag1: 0.0145, starts_ma5: 0.0128, defensive_contribution_lag1: 0.0126, recoveries_lag1: 0.0122, ict_index_ma5: 0.0117, transfers_in_lag1: 0.0111, red_cards_ma5: 0.0108, primary_penalty_taker: 0.0099
2026-05-27 09:20:06,182 [INFO] fplmodel - Model training complete; fitted 2 candidate pair(s).
2026-05-27 09:20:06,182 [INFO] fplmodel - Generating next gameweek predictions...
2026-05-27 09:20:06,229 [INFO] fplmodel - Generating next gameweek predictions completed in 0.05s
2026-05-27 09:20:06,230 [INFO] fplmodel - Generated ensemble predictions for 841 players using 2 model(s): Histogram Gradient Boosting, XGBoost
2026-05-27 09:20:06,236 [INFO] fplmodel - Applied fixture multipliers; average EP now 0.84
2026-05-27 09:20:06,237 [INFO] fplmodel - Top 5 expected point predictions (ensemble): Nordi Mukiele (14.60); Erling Haaland (10.54); Nick Woltemade (7.22); Jean-Philippe Mateta (7.10); Gabriel dos Santos Magalhães (6.53)
2026-05-27 09:20:06,237 [INFO] fplmodel - Evaluating last finished gameweek residuals...
2026-05-27 09:20:06,350 [INFO] fplmodel - Evaluating last finished gameweek residuals completed in 0.11s
2026-05-27 09:20:06,350 [INFO] fplmodel - Residuals computed for 7261 players in GW 8
2026-05-27 09:20:06,350 [INFO] fplmodel - Selecting best XI from 841 candidates
2026-05-27 09:20:06,350 [INFO] fplmodel - Optimising best XI selection...
2026-05-27 09:20:07,142 [INFO] fplmodel - Optimising best XI selection completed in 0.79s
2026-05-27 09:20:07,142 [INFO] fplmodel - Selected squad: total cost 95.4M | starting cost 76.1M | bench cost 19.3M
2026-05-27 09:20:07,143 [INFO] fplmodel - Projected points: XI 81.57 | Captain included 96.17 | Bench 20.31
2026-05-27 09:20:07,143 [INFO] fplmodel - Captain: Nordi Mukiele
2026-05-27 09:20:07,143 [INFO] fplmodel - XI | Robin Roefs (Sunderland) - 5.76 pts | 4.8M
2026-05-27 09:20:07,143 [INFO] fplmodel - XI | Nordi Mukiele (Sunderland) - 14.60 pts | 4.6M
2026-05-27 09:20:07,143 [INFO] fplmodel - XI | Gabriel dos Santos Magalhães (Arsenal) - 6.53 pts | 7.3M
2026-05-27 09:20:07,143 [INFO] fplmodel - XI | Jurriën Timber (Arsenal) - 6.51 pts | 6.0M
2026-05-27 09:20:07,143 [INFO] fplmodel - XI | Daniel Muñoz Mejía (Crystal Palace) - 5.99 pts | 5.9M
2026-05-27 09:20:07,143 [INFO] fplmodel - XI | João Maria Lobo Alves Palhares Costa Palhinha Gonçalves (Spurs) - 6.01 pts | 5.5M
2026-05-27 09:20:07,143 [INFO] fplmodel - XI | Florentino Ibrain Morris Luís (Burnley) - 5.85 pts | 5.0M
2026-05-27 09:20:07,143 [INFO] fplmodel - XI | Antoine Semenyo (Man City) - 5.46 pts | 8.0M
2026-05-27 09:20:07,143 [INFO] fplmodel - XI | Erling Haaland (Man City) - 10.54 pts | 14.7M
2026-05-27 09:20:07,143 [INFO] fplmodel - XI | Nick Woltemade (Newcastle) - 7.22 pts | 6.7M
2026-05-27 09:20:07,143 [INFO] fplmodel - XI | Jean-Philippe Mateta (Crystal Palace) - 7.10 pts | 7.6M
2026-05-27 09:20:07,143 [INFO] fplmodel - Bench 1 | Josh Cullen (Burnley) - 5.44 pts
2026-05-27 09:20:07,143 [INFO] fplmodel - Bench 2 | Nico O'Reilly (Man City) - 5.27 pts
2026-05-27 09:20:07,143 [INFO] fplmodel - Bench 3 | Granit Xhaka (Sunderland) - 5.06 pts
2026-05-27 09:20:07,143 [INFO] fplmodel - Bench 4 | Martin Dúbravka (Burnley) - 4.54 pts
2026-05-27 09:20:07,153 [INFO] fplmodel - Predictions saved to /Users/kyle/Documents/FPL-Prediction/outputs/predictions_gw9.csv
2026-05-27 09:20:07,154 [INFO] fplmodel - Starting XI saved to /Users/kyle/Documents/FPL-Prediction/outputs/starting_xi_gw9.csv
2026-05-27 09:20:07,155 [INFO] fplmodel - Bench saved to /Users/kyle/Documents/FPL-Prediction/outputs/bench_gw9.csv
2026-05-27 09:20:07,155 [INFO] fplmodel - Best XI JSON saved to /Users/kyle/Documents/FPL-Prediction/outputs/best_xi_gw9.json
2026-05-27 09:20:07,155 [INFO] fplmodel - Rendering best XI graphic...
2026-05-27 09:20:07,297 [INFO] fplmodel - Rendering best XI graphic completed in 0.14s
2026-05-27 09:20:07,297 [INFO] fplmodel - Best XI graphic generated at /Users/kyle/Documents/FPL-Prediction/outputs/best_xi_gw9.png
2026-05-27 09:20:07,306 [INFO] fplmodel - Residuals saved to /Users/kyle/Documents/FPL-Prediction/outputs/residuals_gw8.csv
2026-05-27 09:20:07,306 [INFO] fplmodel - Pipeline complete for GW 9
