2026-02-24 10:17:10,894 [INFO] fplmodel - Logging initialised. Writing to /Users/kyle/Documents/FPL-Prediction/logs/run_20260224_101710.log
2026-02-24 10:17:10,894 [INFO] fplmodel - Starting pipeline run (force_refetch=False)
2026-02-24 10:17:10,894 [INFO] fplmodel - Fetching bootstrap static data...
2026-02-24 10:17:10,914 [INFO] fplmodel - Fetching bootstrap static data completed in 0.02s
2026-02-24 10:17:10,914 [INFO] fplmodel - Fetching fixtures data...
2026-02-24 10:17:10,953 [INFO] fplmodel - Fetching fixtures data completed in 0.04s
2026-02-24 10:17:10,953 [INFO] fplmodel - Normalising bootstrap data...
2026-02-24 10:17:10,964 [INFO] fplmodel - Normalising bootstrap data completed in 0.01s
2026-02-24 10:17:10,964 [INFO] fplmodel - Loaded normalised frames: 818 elements, 20 teams, 38 events
2026-02-24 10:17:10,964 [INFO] fplmodel - Gameweek override applied -> next_gw=27 | last_finished_gw=26
2026-02-24 10:17:10,964 [INFO] fplmodel - Next gameweek: 27 | Last finished gameweek: 26
2026-02-24 10:17:10,964 [INFO] fplmodel - Renaming log file to highlight gameweek 27
2026-02-24 10:17:10,964 [INFO] fplmodel - Log file renamed to /Users/kyle/Documents/FPL-Prediction/logs/run_gw27_20260224_101710.log
2026-02-24 10:17:10,964 [INFO] fplmodel - Fetching player histories for 818 players (force_refetch=False)...
2026-02-24 10:17:14,170 [INFO] fplmodel - Fetching player histories for 818 players (force_refetch=False) completed in 3.21s
2026-02-24 10:17:14,172 [INFO] fplmodel - Loading 818 player history files from /Users/kyle/Documents/FPL-Prediction/data/raw
2026-02-24 10:17:14,172 [INFO] fplmodel - Collating player history JSON into dataframe...
2026-02-24 10:17:14,828 [INFO] fplmodel - Collating player history JSON into dataframe completed in 0.66s
2026-02-24 10:17:15,573 [INFO] fplmodel - Built player histories dataframe with 124224 rows
2026-02-24 10:17:15,574 [INFO] fplmodel - Loading external history data...
2026-02-24 10:17:16,364 [INFO] fplmodel - Loading external history data completed in 0.79s
2026-02-24 10:17:16,404 [INFO] fplmodel - Loaded 133213 external history rows for seasons 2020-21, 2021-22, 2022-23, 2023-24, 2024-25
2026-02-24 10:17:16,527 [INFO] fplmodel - Combined history dataset now has 246198 rows
2026-02-24 10:17:16,528 [INFO] fplmodel - Building training and prediction feature frames...
2026-02-24 10:17:21,035 [INFO] fplmodel - Building training and prediction feature frames completed in 4.51s
2026-02-24 10:17:21,035 [INFO] fplmodel - Prepared features: X_train=(192912, 156), y_train=192912, X_pred=(818, 163)
2026-02-24 10:17:21,041 [INFO] fplmodel - Training models with 156 features
2026-02-24 10:17:21,041 [INFO] fplmodel - Training feature columns: total_points_ma5, minutes_ma5, goals_scored_ma5, assists_ma5, clean_sheets_ma5, influence_ma5, creativity_ma5, threat_ma5, ict_index_ma5, goals_conceded_ma5, own_goals_ma5, penalties_saved_ma5, penalties_missed_ma5, yellow_cards_ma5, red_cards_ma5, saves_ma5, bonus_ma5, bps_ma5, clearances_blocks_interceptions_ma5, recoveries_ma5, tackles_ma5, defensive_contribution_ma5, starts_ma5, expected_goals_ma5, expected_assists_ma5, expected_goal_involvements_ma5, expected_goals_conceded_ma5, value_ma5, transfers_balance_ma5, selected_ma5, transfers_in_ma5, transfers_out_ma5, attacking_returns_ma5, finishing_plus_minus_ma5, finishing_ratio_ma5, creation_plus_minus_ma5, creation_ratio_ma5, xgi_plus_minus_ma5, minutes_share_ma5, points_per_90_ma5, tackles_plus_interceptions_ma5, defensive_actions_ma5, total_points_lag1, minutes_lag1, goals_scored_lag1, assists_lag1, clean_sheets_lag1, influence_lag1, creativity_lag1, threat_lag1, ict_index_lag1, goals_conceded_lag1, own_goals_lag1, penalties_saved_lag1, penalties_missed_lag1, yellow_cards_lag1, red_cards_lag1, saves_lag1, bonus_lag1, bps_lag1, clearances_blocks_interceptions_lag1, recoveries_lag1, tackles_lag1, defensive_contribution_lag1, starts_lag1, expected_goals_lag1, expected_assists_lag1, expected_goal_involvements_lag1, expected_goals_conceded_lag1, value_lag1, transfers_balance_lag1, selected_lag1, transfers_in_lag1, transfers_out_lag1, attacking_returns_lag1, finishing_plus_minus_lag1, finishing_ratio_lag1, creation_plus_minus_lag1, creation_ratio_lag1, xgi_plus_minus_lag1, minutes_share_lag1, points_per_90_lag1, tackles_plus_interceptions_lag1, defensive_actions_lag1, team_goals_for_ma5, team_goals_against_ma5, team_goal_diff_ma5, team_clean_sheet_ma5, team_conceded_two_plus_ma5, team_match_points_ma5, opp_team_goals_for_ma5, opp_team_goals_against_ma5, opp_team_goal_diff_ma5, opp_team_clean_sheet_ma5, opp_team_conceded_two_plus_ma5, opp_team_match_points_ma5, was_home, team_strength_overall, team_strength_home, team_strength_away, team_attack_home, team_attack_away, team_def_home, team_def_away, team_form_rating, team_points_table, team_league_position, team_matches_played, team_wins, team_draws, team_losses, opp_strength_overall, opp_strength_home, opp_strength_away, opp_attack_home, opp_attack_away, opp_def_home, opp_def_away, opp_form_rating, opp_points_table, opp_league_position, opp_matches_played, opp_wins, opp_draws, opp_losses, form, points_per_game, value_form, value_season, selected_by_percent, expected_goals_per_90, expected_assists_per_90, expected_goal_involvements_per_90, expected_goals_conceded_per_90, goals_conceded_per_90, saves_per_90, starts_per_90, clean_sheets_per_90, defensive_contribution_per_90, availability_this_round, availability_next_round, status_availability, status_injury_flag, injury_risk_flag, corners_and_indirect_freekicks_order, direct_freekicks_order, penalties_order, has_corners_duty, primary_corners_taker, has_direct_fk_duty, primary_direct_fk_taker, has_penalty_duty, primary_penalty_taker, set_piece_duty_score, player_bias, pos_bias
2026-02-24 10:17:21,041 [INFO] fplmodel - Training prediction models...
2026-02-24 10:17:21,319 [INFO] fplmodel.model - Season sample weights applied: 2020-21: 0.25, 2021-22: 0.25, 2022-23: 0.34, 2023-24: 0.49, 2024-25: 0.70, 2025-26: 1.00
2026-02-24 10:17:21,319 [INFO] fplmodel.model - Using TimeSeriesSplit with 3 folds for hyperparameter tuning.
2026-02-24 10:18:44,404 [INFO] fplmodel.model - Best classifier[hist_gbdt] params from tuning: {'est__min_samples_leaf': 20, 'est__max_iter': 350, 'est__max_depth': 4, 'est__learning_rate': 0.04, 'est__l2_regularization': 0.1} (score=1.0000)
2026-02-24 10:20:33,590 [INFO] fplmodel.model - Best regressor[hist_gbdt] params from tuning: {'est__min_samples_leaf': 40, 'est__max_iter': 400, 'est__max_depth': None, 'est__learning_rate': 0.08, 'est__l2_regularization': 0.05} (score=-0.9303)
2026-02-24 10:20:33,591 [INFO] fplmodel.model - Candidate Histogram Gradient Boosting | classifier=1.0000 ± 0.0000 ↑ | regressor=0.9303 ± 0.0443 ↓
2026-02-24 10:24:32,320 [INFO] fplmodel.model - Best classifier[random_forest] params from tuning: {'est__n_estimators': 200, 'est__min_samples_split': 6, 'est__min_samples_leaf': 4, 'est__max_features': 'sqrt', 'est__max_depth': None} (score=1.0000)
2026-02-24 11:05:50,735 [INFO] fplmodel.model - Best regressor[random_forest] params from tuning: {'est__n_estimators': 600, 'est__min_samples_split': 6, 'est__min_samples_leaf': 4, 'est__max_features': 0.7, 'est__max_depth': 20} (score=-0.9082)
2026-02-24 11:05:50,736 [INFO] fplmodel.model - Candidate Random Forest | classifier=1.0000 ± 0.0000 ↑ | regressor=0.9082 ± 0.0504 ↓
2026-02-24 11:07:59,359 [INFO] fplmodel.model - Best classifier[neural_network] params from tuning: {'est__learning_rate_init': 0.003, 'est__hidden_layer_sizes': (256, 128), 'est__beta_1': 0.85, 'est__alpha': 0.0005} (score=0.9991)
2026-02-24 11:09:35,679 [INFO] fplmodel.model - Best regressor[neural_network] params from tuning: {'est__learning_rate_init': 0.003, 'est__hidden_layer_sizes': (256, 128), 'est__beta_1': 0.95, 'est__alpha': 0.0005} (score=-0.9328)
2026-02-24 11:09:35,680 [INFO] fplmodel.model - Candidate Neural Network (MLP) | classifier=0.9991 ± 0.0005 ↑ | regressor=0.9328 ± 0.0974 ↓
2026-02-24 11:09:35,682 [INFO] fplmodel.model - Saved model selection summary to /Users/kyle/Documents/FPL-Prediction/models/model_selection_summary.csv
2026-02-24 11:09:35,682 [INFO] fplmodel.model - Selected classifier model: Histogram Gradient Boosting (balanced_accuracy=1.0000 ± 0.0000 ↑)
2026-02-24 11:09:35,682 [INFO] fplmodel.model - Selected regressor model: Random Forest (MAE=0.9082 ± 0.0504 ↓)
2026-02-24 11:16:10,170 [INFO] fplmodel.model - Classifier (histogram gradient boosting) feature selector dropped 35 column(s): availability_next_round, bps_lag1, bps_ma5, creation_plus_minus_lag1, creation_plus_minus_ma5, defensive_actions_lag1, defensive_actions_ma5, expected_goal_involvements_lag1, expected_goal_involvements_ma5, expected_goal_involvements_per_90, ... (+25 more)
2026-02-24 11:16:10,172 [INFO] fplmodel.model - Regressor (random forest) feature selector dropped 35 column(s): availability_next_round, bps_lag1, bps_ma5, creation_plus_minus_lag1, creation_plus_minus_ma5, defensive_actions_lag1, defensive_actions_ma5, expected_goal_involvements_lag1, expected_goal_involvements_ma5, expected_goal_involvements_per_90, ... (+25 more)
2026-02-24 11:16:10,172 [INFO] fplmodel.model - Final model selection: classifier=Histogram Gradient Boosting | regressor=Random Forest
2026-02-24 11:16:10,447 [INFO] fplmodel - Training prediction models completed in 3478.95s
2026-02-24 11:16:10,494 [INFO] fplmodel - Top feature weights for regressor: total_points_lag1: 0.3670, total_points_ma5: 0.0892, recoveries_lag1: 0.0775, points_per_90_lag1: 0.0462, defensive_contribution_lag1: 0.0325, bonus_lag1: 0.0264, player_bias: 0.0167, team_conceded_two_plus_ma5: 0.0138, selected_lag1: 0.0103, team_clean_sheet_ma5: 0.0096, selected_ma5: 0.0080, team_match_points_ma5: 0.0078, value_ma5: 0.0077, transfers_out_lag1: 0.0075, defensive_contribution_ma5: 0.0075
2026-02-24 11:16:10,495 [INFO] fplmodel - Estimator HistGradientBoostingClassifier for classifier does not expose feature_importances_; skipping logging.
2026-02-24 11:16:10,495 [INFO] fplmodel - Model training complete; fitted 3 candidate pair(s).
2026-02-24 11:16:10,495 [INFO] fplmodel - Generating next gameweek predictions...
2026-02-24 11:16:10,633 [INFO] fplmodel - Generating next gameweek predictions completed in 0.14s
2026-02-24 11:16:10,634 [INFO] fplmodel - Generated ensemble predictions for 818 players using 3 model(s): Histogram Gradient Boosting, Random Forest, Neural Network (MLP)
2026-02-24 11:16:10,636 [INFO] fplmodel - Applied fixture multipliers; average EP now 1.84
2026-02-24 11:16:10,637 [INFO] fplmodel - Top 5 expected point predictions (ensemble): William Saliba (6.65); Ryan Sessegnon (6.32); Piero Hincapié (6.10); Michael Kayode (5.76); Yehor Yarmoliuk (5.05)
2026-02-24 11:16:10,637 [INFO] fplmodel - Evaluating last finished gameweek residuals...
2026-02-24 11:16:10,783 [INFO] fplmodel - Evaluating last finished gameweek residuals completed in 0.15s
2026-02-24 11:16:10,783 [INFO] fplmodel - Residuals computed for 9351 players in GW 26
2026-02-24 11:16:10,783 [INFO] fplmodel - Selecting best XI from 818 candidates
2026-02-24 11:16:10,783 [INFO] fplmodel - Optimising best XI selection...
2026-02-24 11:16:11,715 [INFO] fplmodel - Optimising best XI selection completed in 0.93s
2026-02-24 11:16:11,715 [INFO] fplmodel - Selected squad: total cost 84.4M | starting cost 64.3M | bench cost 20.1M
2026-02-24 11:16:11,715 [INFO] fplmodel - Projected points: XI 56.12 | Captain included 62.77 | Bench 15.63
2026-02-24 11:16:11,715 [INFO] fplmodel - Captain: William Saliba
2026-02-24 11:16:11,716 [INFO] fplmodel - XI | Bernd Leno (Fulham) - 3.79 pts | 4.9M
2026-02-24 11:16:11,716 [INFO] fplmodel - XI | William Saliba (Arsenal) - 6.65 pts | 6.1M
2026-02-24 11:16:11,716 [INFO] fplmodel - XI | Piero Hincapié (Arsenal) - 6.10 pts | 5.1M
2026-02-24 11:16:11,716 [INFO] fplmodel - XI | Michael Kayode (Brentford) - 5.76 pts | 4.5M
2026-02-24 11:16:11,716 [INFO] fplmodel - XI | Nathan Collins (Brentford) - 4.30 pts | 5.0M
2026-02-24 11:16:11,716 [INFO] fplmodel - XI | Ryan Sessegnon (Fulham) - 6.32 pts | 5.4M
2026-02-24 11:16:11,716 [INFO] fplmodel - XI | Yehor Yarmoliuk (Brentford) - 5.05 pts | 5.0M
2026-02-24 11:16:11,716 [INFO] fplmodel - XI | Rayan Vitor Simplício Rocha (Bournemouth) - 4.76 pts | 5.6M
2026-02-24 11:16:11,716 [INFO] fplmodel - XI | Matheus Santos Carneiro da Cunha (Man Utd) - 4.70 pts | 8.1M
2026-02-24 11:16:11,716 [INFO] fplmodel - XI | Bruno Guimarães Rodriguez Moura (Newcastle) - 4.34 pts | 6.9M
2026-02-24 11:16:11,716 [INFO] fplmodel - XI | João Pedro Junqueira de Jesus (Chelsea) - 4.34 pts | 7.7M
2026-02-24 11:16:11,716 [INFO] fplmodel - Bench 1 | Myles Lewis-Skelly (Arsenal) - 4.18 pts
2026-02-24 11:16:11,716 [INFO] fplmodel - Bench 2 | Lyle Foster (Burnley) - 4.00 pts
2026-02-24 11:16:11,716 [INFO] fplmodel - Bench 3 | Raúl Jiménez Rodríguez (Fulham) - 3.66 pts
2026-02-24 11:16:11,716 [INFO] fplmodel - Bench 4 | John Ruddy (Newcastle) - 3.79 pts
2026-02-24 11:16:11,722 [INFO] fplmodel - Predictions saved to /Users/kyle/Documents/FPL-Prediction/outputs/predictions_gw27.csv
2026-02-24 11:16:11,723 [INFO] fplmodel - Starting XI saved to /Users/kyle/Documents/FPL-Prediction/outputs/starting_xi_gw27.csv
2026-02-24 11:16:11,723 [INFO] fplmodel - Bench saved to /Users/kyle/Documents/FPL-Prediction/outputs/bench_gw27.csv
2026-02-24 11:16:11,724 [INFO] fplmodel - Best XI JSON saved to /Users/kyle/Documents/FPL-Prediction/outputs/best_xi_gw27.json
2026-02-24 11:16:11,724 [INFO] fplmodel - Rendering best XI graphic...
2026-02-24 11:16:11,922 [INFO] fplmodel - Rendering best XI graphic completed in 0.20s
2026-02-24 11:16:11,922 [INFO] fplmodel - Best XI graphic generated at /Users/kyle/Documents/FPL-Prediction/outputs/best_xi_gw27.png
2026-02-24 11:16:11,933 [INFO] fplmodel - Residuals saved to /Users/kyle/Documents/FPL-Prediction/outputs/residuals_gw26.csv
2026-02-24 11:16:11,933 [INFO] fplmodel - Pipeline complete for GW 27
