2025-12-29 11:58:21,001 [INFO] fplmodel - Logging initialised. Writing to /Users/kyle/Documents/FPL-Prediction/logs/run_20251229_115821.log
2025-12-29 11:58:21,001 [INFO] fplmodel - Starting pipeline run (force_refetch=False)
2025-12-29 11:58:21,001 [INFO] fplmodel - Fetching bootstrap static data...
2025-12-29 11:58:21,020 [INFO] fplmodel - Fetching bootstrap static data completed in 0.02s
2025-12-29 11:58:21,020 [INFO] fplmodel - Fetching fixtures data...
2025-12-29 11:58:21,026 [INFO] fplmodel - Fetching fixtures data completed in 0.01s
2025-12-29 11:58:21,026 [INFO] fplmodel - Normalising bootstrap data...
2025-12-29 11:58:21,036 [INFO] fplmodel - Normalising bootstrap data completed in 0.01s
2025-12-29 11:58:21,036 [INFO] fplmodel - Loaded normalised frames: 775 elements, 20 teams, 38 events
2025-12-29 11:58:21,037 [INFO] fplmodel - Gameweek override applied -> next_gw=24 | last_finished_gw=23
2025-12-29 11:58:21,037 [INFO] fplmodel - Next gameweek: 24 | Last finished gameweek: 23
2025-12-29 11:58:21,037 [INFO] fplmodel - Renaming log file to highlight gameweek 24
2025-12-29 11:58:21,037 [INFO] fplmodel - Log file renamed to /Users/kyle/Documents/FPL-Prediction/logs/run_gw24_20251229_115821.log
2025-12-29 11:58:21,037 [INFO] fplmodel - Fetching player histories for 775 players (force_refetch=False)...
2025-12-29 11:58:22,065 [INFO] fplmodel - Fetching player histories for 775 players (force_refetch=False) completed in 1.03s
2025-12-29 11:58:22,065 [INFO] fplmodel - Loading 775 player history files from /Users/kyle/Documents/FPL-Prediction/data/raw
2025-12-29 11:58:22,065 [INFO] fplmodel - Collating player history JSON into dataframe...
2025-12-29 11:58:22,500 [INFO] fplmodel - Collating player history JSON into dataframe completed in 0.43s
2025-12-29 11:58:22,973 [INFO] fplmodel - Built player histories dataframe with 80370 rows
2025-12-29 11:58:22,973 [INFO] fplmodel - Loading external history data...
2025-12-29 11:58:23,767 [INFO] fplmodel - Loading external history data completed in 0.79s
2025-12-29 11:58:23,805 [INFO] fplmodel - Loaded 132226 external history rows for seasons 2020-21, 2021-22, 2022-23, 2023-24, 2024-25
2025-12-29 11:58:23,908 [INFO] fplmodel - Combined history dataset now has 205576 rows
2025-12-29 11:58:23,909 [INFO] fplmodel - Building training and prediction feature frames...
2025-12-29 11:58:28,154 [INFO] fplmodel - Building training and prediction feature frames completed in 4.25s
2025-12-29 11:58:28,154 [INFO] fplmodel - Prepared features: X_train=(145759, 156), y_train=145759, X_pred=(775, 163)
2025-12-29 11:58:28,159 [INFO] fplmodel - Training models with 156 features
2025-12-29 11:58:28,159 [INFO] fplmodel - Training feature columns: total_points_ma5, minutes_ma5, goals_scored_ma5, assists_ma5, clean_sheets_ma5, influence_ma5, creativity_ma5, threat_ma5, ict_index_ma5, goals_conceded_ma5, own_goals_ma5, penalties_saved_ma5, penalties_missed_ma5, yellow_cards_ma5, red_cards_ma5, saves_ma5, bonus_ma5, bps_ma5, clearances_blocks_interceptions_ma5, recoveries_ma5, tackles_ma5, defensive_contribution_ma5, starts_ma5, expected_goals_ma5, expected_assists_ma5, expected_goal_involvements_ma5, expected_goals_conceded_ma5, value_ma5, transfers_balance_ma5, selected_ma5, transfers_in_ma5, transfers_out_ma5, attacking_returns_ma5, finishing_plus_minus_ma5, finishing_ratio_ma5, creation_plus_minus_ma5, creation_ratio_ma5, xgi_plus_minus_ma5, minutes_share_ma5, points_per_90_ma5, tackles_plus_interceptions_ma5, defensive_actions_ma5, total_points_lag1, minutes_lag1, goals_scored_lag1, assists_lag1, clean_sheets_lag1, influence_lag1, creativity_lag1, threat_lag1, ict_index_lag1, goals_conceded_lag1, own_goals_lag1, penalties_saved_lag1, penalties_missed_lag1, yellow_cards_lag1, red_cards_lag1, saves_lag1, bonus_lag1, bps_lag1, clearances_blocks_interceptions_lag1, recoveries_lag1, tackles_lag1, defensive_contribution_lag1, starts_lag1, expected_goals_lag1, expected_assists_lag1, expected_goal_involvements_lag1, expected_goals_conceded_lag1, value_lag1, transfers_balance_lag1, selected_lag1, transfers_in_lag1, transfers_out_lag1, attacking_returns_lag1, finishing_plus_minus_lag1, finishing_ratio_lag1, creation_plus_minus_lag1, creation_ratio_lag1, xgi_plus_minus_lag1, minutes_share_lag1, points_per_90_lag1, tackles_plus_interceptions_lag1, defensive_actions_lag1, team_goals_for_ma5, team_goals_against_ma5, team_goal_diff_ma5, team_clean_sheet_ma5, team_conceded_two_plus_ma5, team_match_points_ma5, opp_team_goals_for_ma5, opp_team_goals_against_ma5, opp_team_goal_diff_ma5, opp_team_clean_sheet_ma5, opp_team_conceded_two_plus_ma5, opp_team_match_points_ma5, was_home, team_strength_overall, team_strength_home, team_strength_away, team_attack_home, team_attack_away, team_def_home, team_def_away, team_form_rating, team_points_table, team_league_position, team_matches_played, team_wins, team_draws, team_losses, opp_strength_overall, opp_strength_home, opp_strength_away, opp_attack_home, opp_attack_away, opp_def_home, opp_def_away, opp_form_rating, opp_points_table, opp_league_position, opp_matches_played, opp_wins, opp_draws, opp_losses, form, points_per_game, value_form, value_season, selected_by_percent, expected_goals_per_90, expected_assists_per_90, expected_goal_involvements_per_90, expected_goals_conceded_per_90, goals_conceded_per_90, saves_per_90, starts_per_90, clean_sheets_per_90, defensive_contribution_per_90, availability_this_round, availability_next_round, status_availability, status_injury_flag, injury_risk_flag, corners_and_indirect_freekicks_order, direct_freekicks_order, penalties_order, has_corners_duty, primary_corners_taker, has_direct_fk_duty, primary_direct_fk_taker, has_penalty_duty, primary_penalty_taker, set_piece_duty_score, player_bias, pos_bias
2025-12-29 11:58:28,159 [INFO] fplmodel - Training prediction models...
2025-12-29 11:58:28,372 [INFO] fplmodel.model - Season sample weights applied: 2020-21: 0.25, 2021-22: 0.25, 2022-23: 0.34, 2023-24: 0.49, 2024-25: 0.70, 2025-26: 1.00
2025-12-29 11:58:28,372 [INFO] fplmodel.model - Using TimeSeriesSplit with 3 folds for hyperparameter tuning.
2025-12-29 11:59:30,036 [INFO] fplmodel.model - Best classifier[hist_gbdt] params from tuning: {'est__min_samples_leaf': 20, 'est__max_iter': 350, 'est__max_depth': 4, 'est__learning_rate': 0.04, 'est__l2_regularization': 0.1} (score=1.0000)
2025-12-29 12:00:47,682 [INFO] fplmodel.model - Best regressor[hist_gbdt] params from tuning: {'est__min_samples_leaf': 30, 'est__max_iter': 250, 'est__max_depth': None, 'est__learning_rate': 0.06, 'est__l2_regularization': 0.05} (score=-1.0093)
2025-12-29 12:00:47,683 [INFO] fplmodel.model - Candidate Histogram Gradient Boosting | classifier=1.0000 ± 0.0000 ↑ | regressor=1.0093 ± 0.0475 ↓
2025-12-29 12:03:44,771 [INFO] fplmodel.model - Best classifier[random_forest] params from tuning: {'est__n_estimators': 200, 'est__min_samples_split': 6, 'est__min_samples_leaf': 4, 'est__max_features': 'sqrt', 'est__max_depth': None} (score=1.0000)
2025-12-29 12:33:32,757 [INFO] fplmodel.model - Best regressor[random_forest] params from tuning: {'est__n_estimators': 600, 'est__min_samples_split': 6, 'est__min_samples_leaf': 4, 'est__max_features': 0.7, 'est__max_depth': 20} (score=-1.0033)
2025-12-29 12:33:32,758 [INFO] fplmodel.model - Candidate Random Forest | classifier=1.0000 ± 0.0000 ↑ | regressor=1.0033 ± 0.0210 ↓
2025-12-29 12:35:14,232 [INFO] fplmodel.model - Best classifier[neural_network] params from tuning: {'est__learning_rate_init': 0.003, 'est__hidden_layer_sizes': (256, 128), 'est__beta_1': 0.95, 'est__alpha': 0.0005} (score=0.9991)
2025-12-29 12:36:28,488 [INFO] fplmodel.model - Best regressor[neural_network] params from tuning: {'est__learning_rate_init': 0.003, 'est__hidden_layer_sizes': (256, 128), 'est__beta_1': 0.95, 'est__alpha': 0.0005} (score=-1.0402)
2025-12-29 12:36:28,489 [INFO] fplmodel.model - Candidate Neural Network (MLP) | classifier=0.9991 ± 0.0005 ↑ | regressor=1.0402 ± 0.1018 ↓
2025-12-29 12:36:28,490 [INFO] fplmodel.model - Saved model selection summary to /Users/kyle/Documents/FPL-Prediction/models/model_selection_summary.csv
2025-12-29 12:36:28,490 [INFO] fplmodel.model - Selected classifier model: Histogram Gradient Boosting (balanced_accuracy=1.0000 ± 0.0000 ↑)
2025-12-29 12:36:28,490 [INFO] fplmodel.model - Selected regressor model: Random Forest (MAE=1.0033 ± 0.0210 ↓)
2025-12-29 12:40:58,469 [INFO] fplmodel.model - Classifier (histogram gradient boosting) feature selector dropped 39 column(s): availability_next_round, bps_lag1, bps_ma5, creation_plus_minus_lag1, creation_plus_minus_ma5, defensive_actions_lag1, defensive_actions_ma5, expected_goal_involvements_lag1, expected_goal_involvements_ma5, expected_goal_involvements_per_90, ... (+29 more)
2025-12-29 12:40:58,469 [INFO] fplmodel.model - Regressor (random forest) feature selector dropped 39 column(s): availability_next_round, bps_lag1, bps_ma5, creation_plus_minus_lag1, creation_plus_minus_ma5, defensive_actions_lag1, defensive_actions_ma5, expected_goal_involvements_lag1, expected_goal_involvements_ma5, expected_goal_involvements_per_90, ... (+29 more)
2025-12-29 12:40:58,469 [INFO] fplmodel.model - Final model selection: classifier=Histogram Gradient Boosting | regressor=Random Forest
2025-12-29 12:40:58,725 [INFO] fplmodel - Training prediction models completed in 2550.55s
2025-12-29 12:40:58,761 [INFO] fplmodel - Top feature weights for regressor: total_points_lag1: 0.3287, total_points_ma5: 0.0907, recoveries_lag1: 0.0867, defensive_contribution_lag1: 0.0331, points_per_90_lag1: 0.0295, player_bias: 0.0214, minutes_ma5: 0.0183, bonus_lag1: 0.0165, bonus_ma5: 0.0148, team_conceded_two_plus_ma5: 0.0129, selected_lag1: 0.0125, selected_ma5: 0.0102, team_clean_sheet_ma5: 0.0095, value_ma5: 0.0091, team_match_points_ma5: 0.0088
2025-12-29 12:40:58,761 [INFO] fplmodel - Estimator HistGradientBoostingClassifier for classifier does not expose feature_importances_; skipping logging.
2025-12-29 12:40:58,761 [INFO] fplmodel - Model training complete; fitted 3 candidate pair(s).
2025-12-29 12:40:58,761 [INFO] fplmodel - Generating next gameweek predictions...
2025-12-29 12:40:58,896 [INFO] fplmodel - Generating next gameweek predictions completed in 0.14s
2025-12-29 12:40:58,897 [INFO] fplmodel - Generated ensemble predictions for 775 players using 3 model(s): Histogram Gradient Boosting, Random Forest, Neural Network (MLP)
2025-12-29 12:40:58,899 [INFO] fplmodel - Applied fixture multipliers; average EP now 1.84
2025-12-29 12:40:58,900 [INFO] fplmodel - Top 5 expected point predictions (ensemble): Jorge Cuenca Barreno (7.54); Ryan Sessegnon (7.21); Nathan Collins (5.83); Boubacar Kamara (5.16); James Garner (4.98)
2025-12-29 12:40:58,900 [INFO] fplmodel - Evaluating last finished gameweek residuals...
2025-12-29 12:40:59,007 [INFO] fplmodel - Evaluating last finished gameweek residuals completed in 0.11s
2025-12-29 12:40:59,007 [INFO] fplmodel - Residuals computed for 3780 players in GW 23
2025-12-29 12:40:59,007 [INFO] fplmodel - Selecting best XI from 775 candidates
2025-12-29 12:40:59,007 [INFO] fplmodel - Optimising best XI selection...
2025-12-29 12:40:59,937 [INFO] fplmodel - Optimising best XI selection completed in 0.93s
2025-12-29 12:40:59,937 [INFO] fplmodel - Selected squad: total cost 88.1M | starting cost 63.8M | bench cost 24.3M
2025-12-29 12:40:59,937 [INFO] fplmodel - Projected points: XI 59.99 | Captain included 67.53 | Bench 17.42
2025-12-29 12:40:59,937 [INFO] fplmodel - Captain: Jorge Cuenca Barreno
2025-12-29 12:40:59,937 [INFO] fplmodel - XI | Martin Dúbravka (Burnley) - 4.81 pts | 4.0M
2025-12-29 12:40:59,937 [INFO] fplmodel - XI | Jorge Cuenca Barreno (Fulham) - 7.54 pts | 4.3M
2025-12-29 12:40:59,937 [INFO] fplmodel - XI | Nathan Collins (Brentford) - 5.83 pts | 4.9M
2025-12-29 12:40:59,937 [INFO] fplmodel - XI | William Saliba (Arsenal) - 4.96 pts | 5.9M
2025-12-29 12:40:59,938 [INFO] fplmodel - XI | Lisandro Martínez (Man Utd) - 4.82 pts | 4.8M
2025-12-29 12:40:59,938 [INFO] fplmodel - XI | Ryan Sessegnon (Fulham) - 7.21 pts | 5.4M
2025-12-29 12:40:59,938 [INFO] fplmodel - XI | Boubacar Kamara (Aston Villa) - 5.16 pts | 4.9M
2025-12-29 12:40:59,938 [INFO] fplmodel - XI | James Garner (Everton) - 4.98 pts | 5.0M
2025-12-29 12:40:59,938 [INFO] fplmodel - XI | Tijjani Reijnders (Man City) - 4.84 pts | 5.2M
2025-12-29 12:40:59,938 [INFO] fplmodel - XI | Erling Haaland (Man City) - 4.93 pts | 15.1M
2025-12-29 12:40:59,938 [INFO] fplmodel - XI | Marc Guiu Paz (Chelsea) - 4.91 pts | 4.3M
2025-12-29 12:40:59,938 [INFO] fplmodel - Bench 1 | Tosin Adarabioyo (Chelsea) - 4.60 pts
2025-12-29 12:40:59,938 [INFO] fplmodel - Bench 2 | Bukayo Saka (Arsenal) - 4.54 pts
2025-12-29 12:40:59,938 [INFO] fplmodel - Bench 3 | Lyle Foster (Burnley) - 4.11 pts
2025-12-29 12:40:59,938 [INFO] fplmodel - Bench 4 | Emiliano Martínez Romero (Aston Villa) - 4.17 pts
2025-12-29 12:40:59,944 [INFO] fplmodel - Predictions saved to /Users/kyle/Documents/FPL-Prediction/outputs/predictions_gw24.csv
2025-12-29 12:40:59,944 [INFO] fplmodel - Starting XI saved to /Users/kyle/Documents/FPL-Prediction/outputs/starting_xi_gw24.csv
2025-12-29 12:40:59,945 [INFO] fplmodel - Bench saved to /Users/kyle/Documents/FPL-Prediction/outputs/bench_gw24.csv
2025-12-29 12:40:59,945 [INFO] fplmodel - Best XI JSON saved to /Users/kyle/Documents/FPL-Prediction/outputs/best_xi_gw24.json
2025-12-29 12:40:59,945 [INFO] fplmodel - Rendering best XI graphic...
2025-12-29 12:41:00,090 [INFO] fplmodel - Rendering best XI graphic completed in 0.14s
2025-12-29 12:41:00,090 [INFO] fplmodel - Best XI graphic generated at /Users/kyle/Documents/FPL-Prediction/outputs/best_xi_gw24.png
2025-12-29 12:41:00,095 [INFO] fplmodel - Residuals saved to /Users/kyle/Documents/FPL-Prediction/outputs/residuals_gw23.csv
2025-12-29 12:41:00,095 [INFO] fplmodel - Pipeline complete for GW 24
