2026-04-16 13:25:06,611 [INFO] fplmodel - Logging initialised. Writing to /Users/kyle/Documents/FPL-Prediction/logs/run_20260416_132506.log
2026-04-16 13:25:06,611 [INFO] fplmodel - Starting pipeline run (force_refetch=False)
2026-04-16 13:25:06,611 [INFO] fplmodel - Fetching bootstrap static data...
2026-04-16 13:25:06,633 [INFO] fplmodel - Fetching bootstrap static data completed in 0.02s
2026-04-16 13:25:06,634 [INFO] fplmodel - Fetching fixtures data...
2026-04-16 13:25:06,671 [INFO] fplmodel - Fetching fixtures data completed in 0.04s
2026-04-16 13:25:06,671 [INFO] fplmodel - Normalising bootstrap data...
2026-04-16 13:25:06,681 [INFO] fplmodel - Normalising bootstrap data completed in 0.01s
2026-04-16 13:25:06,681 [INFO] fplmodel - Loaded normalised frames: 826 elements, 20 teams, 38 events
2026-04-16 13:25:06,682 [INFO] fplmodel - Gameweek override applied -> next_gw=33 | last_finished_gw=32
2026-04-16 13:25:06,682 [INFO] fplmodel - Next gameweek: 33 | Last finished gameweek: 32
2026-04-16 13:25:06,682 [INFO] fplmodel - Renaming log file to highlight gameweek 33
2026-04-16 13:25:06,682 [INFO] fplmodel - Log file renamed to /Users/kyle/Documents/FPL-Prediction/logs/run_gw33_20260416_132506.log
2026-04-16 13:25:06,682 [INFO] fplmodel - Fetching player histories for 826 players (force_refetch=False)...
2026-04-16 13:25:10,559 [INFO] fplmodel - Fetching player histories for 826 players (force_refetch=False) completed in 3.88s
2026-04-16 13:25:10,561 [INFO] fplmodel - Loading 826 player history files from /Users/kyle/Documents/FPL-Prediction/data/raw
2026-04-16 13:25:10,561 [INFO] fplmodel - Collating player history JSON into dataframe...
2026-04-16 13:25:11,312 [INFO] fplmodel - Collating player history JSON into dataframe completed in 0.75s
2026-04-16 13:25:12,145 [INFO] fplmodel - Built player histories dataframe with 147930 rows
2026-04-16 13:25:12,145 [INFO] fplmodel - Loading external history data...
2026-04-16 13:25:12,934 [INFO] fplmodel - Loading external history data completed in 0.79s
2026-04-16 13:25:12,972 [INFO] fplmodel - Loaded 133323 external history rows for seasons 2020-21, 2021-22, 2022-23, 2023-24, 2024-25
2026-04-16 13:25:13,115 [INFO] fplmodel - Combined history dataset now has 268224 rows
2026-04-16 13:25:13,116 [INFO] fplmodel - Building training and prediction feature frames...
2026-04-16 13:25:17,948 [INFO] fplmodel - Building training and prediction feature frames completed in 4.83s
2026-04-16 13:25:17,948 [INFO] fplmodel - Prepared features: X_train=(241178, 156), y_train=241178, X_pred=(826, 163)
2026-04-16 13:25:17,958 [INFO] fplmodel - Training models with 156 features
2026-04-16 13:25:17,958 [INFO] fplmodel - Training feature columns: total_points_ma5, minutes_ma5, goals_scored_ma5, assists_ma5, clean_sheets_ma5, influence_ma5, creativity_ma5, threat_ma5, ict_index_ma5, goals_conceded_ma5, own_goals_ma5, penalties_saved_ma5, penalties_missed_ma5, yellow_cards_ma5, red_cards_ma5, saves_ma5, bonus_ma5, bps_ma5, clearances_blocks_interceptions_ma5, recoveries_ma5, tackles_ma5, defensive_contribution_ma5, starts_ma5, expected_goals_ma5, expected_assists_ma5, expected_goal_involvements_ma5, expected_goals_conceded_ma5, value_ma5, transfers_balance_ma5, selected_ma5, transfers_in_ma5, transfers_out_ma5, attacking_returns_ma5, finishing_plus_minus_ma5, finishing_ratio_ma5, creation_plus_minus_ma5, creation_ratio_ma5, xgi_plus_minus_ma5, minutes_share_ma5, points_per_90_ma5, tackles_plus_interceptions_ma5, defensive_actions_ma5, total_points_lag1, minutes_lag1, goals_scored_lag1, assists_lag1, clean_sheets_lag1, influence_lag1, creativity_lag1, threat_lag1, ict_index_lag1, goals_conceded_lag1, own_goals_lag1, penalties_saved_lag1, penalties_missed_lag1, yellow_cards_lag1, red_cards_lag1, saves_lag1, bonus_lag1, bps_lag1, clearances_blocks_interceptions_lag1, recoveries_lag1, tackles_lag1, defensive_contribution_lag1, starts_lag1, expected_goals_lag1, expected_assists_lag1, expected_goal_involvements_lag1, expected_goals_conceded_lag1, value_lag1, transfers_balance_lag1, selected_lag1, transfers_in_lag1, transfers_out_lag1, attacking_returns_lag1, finishing_plus_minus_lag1, finishing_ratio_lag1, creation_plus_minus_lag1, creation_ratio_lag1, xgi_plus_minus_lag1, minutes_share_lag1, points_per_90_lag1, tackles_plus_interceptions_lag1, defensive_actions_lag1, team_goals_for_ma5, team_goals_against_ma5, team_goal_diff_ma5, team_clean_sheet_ma5, team_conceded_two_plus_ma5, team_match_points_ma5, opp_team_goals_for_ma5, opp_team_goals_against_ma5, opp_team_goal_diff_ma5, opp_team_clean_sheet_ma5, opp_team_conceded_two_plus_ma5, opp_team_match_points_ma5, was_home, team_strength_overall, team_strength_home, team_strength_away, team_attack_home, team_attack_away, team_def_home, team_def_away, team_form_rating, team_points_table, team_league_position, team_matches_played, team_wins, team_draws, team_losses, opp_strength_overall, opp_strength_home, opp_strength_away, opp_attack_home, opp_attack_away, opp_def_home, opp_def_away, opp_form_rating, opp_points_table, opp_league_position, opp_matches_played, opp_wins, opp_draws, opp_losses, form, points_per_game, value_form, value_season, selected_by_percent, expected_goals_per_90, expected_assists_per_90, expected_goal_involvements_per_90, expected_goals_conceded_per_90, goals_conceded_per_90, saves_per_90, starts_per_90, clean_sheets_per_90, defensive_contribution_per_90, availability_this_round, availability_next_round, status_availability, status_injury_flag, injury_risk_flag, corners_and_indirect_freekicks_order, direct_freekicks_order, penalties_order, has_corners_duty, primary_corners_taker, has_direct_fk_duty, primary_direct_fk_taker, has_penalty_duty, primary_penalty_taker, set_piece_duty_score, player_bias, pos_bias
2026-04-16 13:25:17,961 [INFO] fplmodel - Training prediction models...
2026-04-16 13:25:18,325 [INFO] fplmodel.model - Season sample weights applied: 2020-21: 0.25, 2021-22: 0.25, 2022-23: 0.34, 2023-24: 0.49, 2024-25: 0.70, 2025-26: 1.00
2026-04-16 13:25:18,325 [INFO] fplmodel.model - Using TimeSeriesSplit with 3 folds for hyperparameter tuning.
2026-04-16 13:26:56,630 [INFO] fplmodel.model - Best classifier[hist_gbdt] params from tuning: {'est__min_samples_leaf': 20, 'est__max_iter': 350, 'est__max_depth': 4, 'est__learning_rate': 0.04, 'est__l2_regularization': 0.1} (score=1.0000)
2026-04-16 13:29:08,139 [INFO] fplmodel.model - Best regressor[hist_gbdt] params from tuning: {'est__min_samples_leaf': 40, 'est__max_iter': 400, 'est__max_depth': None, 'est__learning_rate': 0.08, 'est__l2_regularization': 0.05} (score=-0.9194)
2026-04-16 13:29:08,141 [INFO] fplmodel.model - Candidate Histogram Gradient Boosting | classifier=1.0000 ± 0.0000 ↑ | regressor=0.9194 ± 0.0423 ↓
2026-04-16 13:33:49,639 [INFO] fplmodel.model - Best classifier[random_forest] params from tuning: {'est__n_estimators': 200, 'est__min_samples_split': 6, 'est__min_samples_leaf': 4, 'est__max_features': 'sqrt', 'est__max_depth': None} (score=1.0000)
2026-04-16 14:24:15,178 [INFO] fplmodel.model - Best regressor[random_forest] params from tuning: {'est__n_estimators': 600, 'est__min_samples_split': 6, 'est__min_samples_leaf': 4, 'est__max_features': 0.7, 'est__max_depth': 20} (score=-0.9020)
2026-04-16 14:24:15,179 [INFO] fplmodel.model - Candidate Random Forest | classifier=1.0000 ± 0.0000 ↑ | regressor=0.9020 ± 0.0581 ↓
2026-04-16 14:26:45,890 [INFO] fplmodel.model - Best classifier[neural_network] params from tuning: {'est__learning_rate_init': 0.003, 'est__hidden_layer_sizes': (128, 64), 'est__beta_1': 0.85, 'est__alpha': 0.0005} (score=0.9993)
2026-04-16 14:28:52,887 [INFO] fplmodel.model - Best regressor[neural_network] params from tuning: {'est__learning_rate_init': 0.003, 'est__hidden_layer_sizes': (128, 128, 64), 'est__beta_1': 0.9, 'est__alpha': 0.001} (score=-0.9254)
2026-04-16 14:28:52,889 [INFO] fplmodel.model - Candidate Neural Network (MLP) | classifier=0.9993 ± 0.0003 ↑ | regressor=0.9254 ± 0.1390 ↓
2026-04-16 14:28:52,891 [INFO] fplmodel.model - Saved model selection summary to /Users/kyle/Documents/FPL-Prediction/models/model_selection_summary.csv
2026-04-16 14:28:52,891 [INFO] fplmodel.model - Selected classifier model: Histogram Gradient Boosting (balanced_accuracy=1.0000 ± 0.0000 ↑)
2026-04-16 14:28:52,891 [INFO] fplmodel.model - Selected regressor model: Random Forest (MAE=0.9020 ± 0.0581 ↓)
2026-04-16 14:36:05,799 [INFO] fplmodel.model - Classifier (histogram gradient boosting) feature selector dropped 38 column(s): availability_next_round, bps_lag1, bps_ma5, creation_plus_minus_lag1, creation_plus_minus_ma5, defensive_actions_lag1, defensive_actions_ma5, expected_goal_involvements_per_90, injury_risk_flag, minutes_share_lag1, ... (+28 more)
2026-04-16 14:36:05,799 [INFO] fplmodel.model - Regressor (random forest) feature selector dropped 38 column(s): availability_next_round, bps_lag1, bps_ma5, creation_plus_minus_lag1, creation_plus_minus_ma5, defensive_actions_lag1, defensive_actions_ma5, expected_goal_involvements_per_90, injury_risk_flag, minutes_share_lag1, ... (+28 more)
2026-04-16 14:36:05,799 [INFO] fplmodel.model - Final model selection: classifier=Histogram Gradient Boosting | regressor=Random Forest
2026-04-16 14:36:06,023 [INFO] fplmodel - Training prediction models completed in 4248.05s
2026-04-16 14:36:06,058 [INFO] fplmodel - Top feature weights for regressor: total_points_lag1: 0.3727, recoveries_lag1: 0.0850, total_points_ma5: 0.0790, points_per_90_lag1: 0.0473, defensive_contribution_lag1: 0.0314, bonus_lag1: 0.0269, player_bias: 0.0168, team_conceded_two_plus_ma5: 0.0143, selected_lag1: 0.0117, team_clean_sheet_ma5: 0.0101, selected_ma5: 0.0086, team_match_points_ma5: 0.0084, transfers_out_lag1: 0.0084, bonus_ma5: 0.0080, value_ma5: 0.0079
2026-04-16 14:36:06,058 [INFO] fplmodel - Estimator HistGradientBoostingClassifier for classifier does not expose feature_importances_; skipping logging.
2026-04-16 14:36:06,058 [INFO] fplmodel - Model training complete; fitted 3 candidate pair(s).
2026-04-16 14:36:06,058 [INFO] fplmodel - Generating next gameweek predictions...
2026-04-16 14:36:06,204 [INFO] fplmodel - Generating next gameweek predictions completed in 0.15s
2026-04-16 14:36:06,205 [INFO] fplmodel - Generated ensemble predictions for 826 players using 3 model(s): Histogram Gradient Boosting, Random Forest, Neural Network (MLP)
2026-04-16 14:36:06,208 [INFO] fplmodel - Applied fixture multipliers; average EP now 2.36
2026-04-16 14:36:06,208 [INFO] fplmodel - Top 5 expected point predictions (ensemble): Lyle Foster (11.64); Ethan Ampadu (11.51); Rayan Aït-Nouri (11.33); Omar Marmoush (11.09); Jérémy Doku (10.94)
2026-04-16 14:36:06,208 [INFO] fplmodel - Evaluating last finished gameweek residuals...
2026-04-16 14:36:06,349 [INFO] fplmodel - Evaluating last finished gameweek residuals completed in 0.14s
2026-04-16 14:36:06,349 [INFO] fplmodel - Residuals computed for 8266 players in GW 32
2026-04-16 14:36:06,349 [INFO] fplmodel - Selecting best XI from 826 candidates
2026-04-16 14:36:06,349 [INFO] fplmodel - Optimising best XI selection...
2026-04-16 14:36:07,347 [INFO] fplmodel - Optimising best XI selection completed in 1.00s
2026-04-16 14:36:07,347 [INFO] fplmodel - Selected squad: total cost 76.9M | starting cost 59.7M | bench cost 17.2M
2026-04-16 14:36:07,348 [INFO] fplmodel - Projected points: XI 105.65 | Captain included 117.28 | Bench 26.61
2026-04-16 14:36:07,348 [INFO] fplmodel - Captain: Lyle Foster
2026-04-16 14:36:07,348 [INFO] fplmodel - XI | Đorđe Petrović (Bournemouth) - 5.20 pts | 4.6M
2026-04-16 14:36:07,348 [INFO] fplmodel - XI | Rayan Aït-Nouri (Man City) - 11.33 pts | 5.7M
2026-04-16 14:36:07,348 [INFO] fplmodel - XI | Sebastiaan Bornauw (Leeds) - 9.21 pts | 3.8M
2026-04-16 14:36:07,348 [INFO] fplmodel - XI | Joël Veltman (Brighton) - 8.56 pts | 4.3M
2026-04-16 14:36:07,348 [INFO] fplmodel - XI | Ethan Ampadu (Leeds) - 11.51 pts | 4.9M
2026-04-16 14:36:07,348 [INFO] fplmodel - XI | Omar Marmoush (Man City) - 11.09 pts | 8.3M
2026-04-16 14:36:07,348 [INFO] fplmodel - XI | Jérémy Doku (Man City) - 10.94 pts | 6.4M
2026-04-16 14:36:07,348 [INFO] fplmodel - XI | Rayan Vitor Simplício Rocha (Bournemouth) - 7.70 pts | 5.5M
2026-04-16 14:36:07,348 [INFO] fplmodel - XI | Lyle Foster (Burnley) - 11.64 pts | 4.9M
2026-04-16 14:36:07,348 [INFO] fplmodel - XI | Lukas Nmecha (Leeds) - 10.47 pts | 5.0M
2026-04-16 14:36:07,348 [INFO] fplmodel - XI | Danny Welbeck (Brighton) - 7.99 pts | 6.3M
2026-04-16 14:36:07,348 [INFO] fplmodel - Bench 1 | David Brooks (Bournemouth) - 7.57 pts
2026-04-16 14:36:07,348 [INFO] fplmodel - Bench 2 | Lewis Dunk (Brighton) - 7.28 pts
2026-04-16 14:36:07,348 [INFO] fplmodel - Bench 3 | Josh Acheampong (Chelsea) - 6.96 pts
2026-04-16 14:36:07,348 [INFO] fplmodel - Bench 4 | Martin Dúbravka (Burnley) - 4.80 pts
2026-04-16 14:36:07,356 [INFO] fplmodel - Predictions saved to /Users/kyle/Documents/FPL-Prediction/outputs/predictions_gw33.csv
2026-04-16 14:36:07,357 [INFO] fplmodel - Starting XI saved to /Users/kyle/Documents/FPL-Prediction/outputs/starting_xi_gw33.csv
2026-04-16 14:36:07,358 [INFO] fplmodel - Bench saved to /Users/kyle/Documents/FPL-Prediction/outputs/bench_gw33.csv
2026-04-16 14:36:07,359 [INFO] fplmodel - Best XI JSON saved to /Users/kyle/Documents/FPL-Prediction/outputs/best_xi_gw33.json
2026-04-16 14:36:07,359 [INFO] fplmodel - Rendering best XI graphic...
2026-04-16 14:36:07,572 [INFO] fplmodel - Rendering best XI graphic completed in 0.21s
2026-04-16 14:36:07,572 [INFO] fplmodel - Best XI graphic generated at /Users/kyle/Documents/FPL-Prediction/outputs/best_xi_gw33.png
2026-04-16 14:36:07,583 [INFO] fplmodel - Residuals saved to /Users/kyle/Documents/FPL-Prediction/outputs/residuals_gw32.csv
2026-04-16 14:36:07,583 [INFO] fplmodel - Pipeline complete for GW 33
