2025-12-09 10:37:53,535 [INFO] fplmodel - Logging initialised. Writing to /Users/kyle/Documents/FPL-Prediction/logs/run_20251209_103753.log
2025-12-09 10:37:53,535 [INFO] fplmodel - Starting pipeline run (force_refetch=True)
2025-12-09 10:37:53,535 [INFO] fplmodel - Fetching bootstrap static data...
2025-12-09 10:37:53,776 [INFO] fplmodel - Fetching bootstrap static data completed in 0.24s
2025-12-09 10:37:53,776 [INFO] fplmodel - Fetching fixtures data...
2025-12-09 10:37:53,898 [INFO] fplmodel - Fetching fixtures data completed in 0.12s
2025-12-09 10:37:53,898 [INFO] fplmodel - Normalising bootstrap data...
2025-12-09 10:37:53,912 [INFO] fplmodel - Normalising bootstrap data completed in 0.01s
2025-12-09 10:37:53,912 [INFO] fplmodel - Loaded normalised frames: 759 elements, 20 teams, 38 events
2025-12-09 10:37:53,913 [INFO] fplmodel - Gameweek override applied -> next_gw=15 | last_finished_gw=14
2025-12-09 10:37:53,913 [INFO] fplmodel - Next gameweek: 15 | Last finished gameweek: 14
2025-12-09 10:37:53,913 [INFO] fplmodel - Renaming log file to highlight gameweek 15
2025-12-09 10:37:53,914 [INFO] fplmodel - Log file renamed to /Users/kyle/Documents/FPL-Prediction/logs/run_gw15_20251209_103753.log
2025-12-09 10:37:53,914 [INFO] fplmodel - Fetching player histories for 759 players (force_refetch=True)...
2025-12-09 10:56:20,710 [INFO] fplmodel - Fetching player histories for 759 players (force_refetch=True) completed in 1106.80s
2025-12-09 10:56:20,712 [INFO] fplmodel - Loading 759 player history files from /Users/kyle/Documents/FPL-Prediction/data/raw
2025-12-09 10:56:20,712 [INFO] fplmodel - Collating player history JSON into dataframe...
2025-12-09 10:56:21,285 [INFO] fplmodel - Collating player history JSON into dataframe completed in 0.57s
2025-12-09 10:56:21,670 [INFO] fplmodel - Built player histories dataframe with 66540 rows
2025-12-09 10:56:21,670 [INFO] fplmodel - Loading external history data...
2025-12-09 10:56:22,604 [INFO] fplmodel - Loading external history data completed in 0.93s
2025-12-09 10:56:22,654 [INFO] fplmodel - Loaded 131605 external history rows for seasons 2020-21, 2021-22, 2022-23, 2023-24, 2024-25
2025-12-09 10:56:22,799 [INFO] fplmodel - Combined history dataset now has 192346 rows
2025-12-09 10:56:22,800 [INFO] fplmodel - Building training and prediction feature frames...
2025-12-09 10:56:27,212 [INFO] fplmodel - Building training and prediction feature frames completed in 4.41s
2025-12-09 10:56:27,212 [INFO] fplmodel - Prepared features: X_train=(99116, 156), y_train=99116, X_pred=(758, 163)
2025-12-09 10:56:27,223 [INFO] fplmodel - Training models with 156 features
2025-12-09 10:56:27,223 [INFO] fplmodel - Training feature columns: total_points_ma5, minutes_ma5, goals_scored_ma5, assists_ma5, clean_sheets_ma5, influence_ma5, creativity_ma5, threat_ma5, ict_index_ma5, goals_conceded_ma5, own_goals_ma5, penalties_saved_ma5, penalties_missed_ma5, yellow_cards_ma5, red_cards_ma5, saves_ma5, bonus_ma5, bps_ma5, clearances_blocks_interceptions_ma5, recoveries_ma5, tackles_ma5, defensive_contribution_ma5, starts_ma5, expected_goals_ma5, expected_assists_ma5, expected_goal_involvements_ma5, expected_goals_conceded_ma5, value_ma5, transfers_balance_ma5, selected_ma5, transfers_in_ma5, transfers_out_ma5, attacking_returns_ma5, finishing_plus_minus_ma5, finishing_ratio_ma5, creation_plus_minus_ma5, creation_ratio_ma5, xgi_plus_minus_ma5, minutes_share_ma5, points_per_90_ma5, tackles_plus_interceptions_ma5, defensive_actions_ma5, total_points_lag1, minutes_lag1, goals_scored_lag1, assists_lag1, clean_sheets_lag1, influence_lag1, creativity_lag1, threat_lag1, ict_index_lag1, goals_conceded_lag1, own_goals_lag1, penalties_saved_lag1, penalties_missed_lag1, yellow_cards_lag1, red_cards_lag1, saves_lag1, bonus_lag1, bps_lag1, clearances_blocks_interceptions_lag1, recoveries_lag1, tackles_lag1, defensive_contribution_lag1, starts_lag1, expected_goals_lag1, expected_assists_lag1, expected_goal_involvements_lag1, expected_goals_conceded_lag1, value_lag1, transfers_balance_lag1, selected_lag1, transfers_in_lag1, transfers_out_lag1, attacking_returns_lag1, finishing_plus_minus_lag1, finishing_ratio_lag1, creation_plus_minus_lag1, creation_ratio_lag1, xgi_plus_minus_lag1, minutes_share_lag1, points_per_90_lag1, tackles_plus_interceptions_lag1, defensive_actions_lag1, team_goals_for_ma5, team_goals_against_ma5, team_goal_diff_ma5, team_clean_sheet_ma5, team_conceded_two_plus_ma5, team_match_points_ma5, opp_team_goals_for_ma5, opp_team_goals_against_ma5, opp_team_goal_diff_ma5, opp_team_clean_sheet_ma5, opp_team_conceded_two_plus_ma5, opp_team_match_points_ma5, was_home, team_strength_overall, team_strength_home, team_strength_away, team_attack_home, team_attack_away, team_def_home, team_def_away, team_form_rating, team_points_table, team_league_position, team_matches_played, team_wins, team_draws, team_losses, opp_strength_overall, opp_strength_home, opp_strength_away, opp_attack_home, opp_attack_away, opp_def_home, opp_def_away, opp_form_rating, opp_points_table, opp_league_position, opp_matches_played, opp_wins, opp_draws, opp_losses, form, points_per_game, value_form, value_season, selected_by_percent, expected_goals_per_90, expected_assists_per_90, expected_goal_involvements_per_90, expected_goals_conceded_per_90, goals_conceded_per_90, saves_per_90, starts_per_90, clean_sheets_per_90, defensive_contribution_per_90, availability_this_round, availability_next_round, status_availability, status_injury_flag, injury_risk_flag, corners_and_indirect_freekicks_order, direct_freekicks_order, penalties_order, has_corners_duty, primary_corners_taker, has_direct_fk_duty, primary_direct_fk_taker, has_penalty_duty, primary_penalty_taker, set_piece_duty_score, player_bias, pos_bias
2025-12-09 10:56:27,224 [INFO] fplmodel - Training prediction models...
2025-12-09 10:56:27,445 [INFO] fplmodel.model - Season sample weights applied: 2020-21: 0.25, 2021-22: 0.25, 2022-23: 0.34, 2023-24: 0.49, 2024-25: 0.70, 2025-26: 1.00
2025-12-09 10:56:27,445 [INFO] fplmodel.model - Using TimeSeriesSplit with 3 folds for hyperparameter tuning.
2025-12-09 10:57:15,011 [INFO] fplmodel.model - Best classifier[hist_gbdt] params from tuning: {'est__min_samples_leaf': 20, 'est__max_iter': 350, 'est__max_depth': 4, 'est__learning_rate': 0.04, 'est__l2_regularization': 0.1} (score=1.0000)
2025-12-09 10:58:10,648 [INFO] fplmodel.model - Best regressor[hist_gbdt] params from tuning: {'est__min_samples_leaf': 30, 'est__max_iter': 250, 'est__max_depth': None, 'est__learning_rate': 0.06, 'est__l2_regularization': 0.05} (score=-0.9509)
2025-12-09 10:58:10,649 [INFO] fplmodel.model - Candidate Histogram Gradient Boosting | classifier=1.0000 ± 0.0000 ↑ | regressor=0.9509 ± 0.0618 ↓
2025-12-09 11:00:11,233 [INFO] fplmodel.model - Best classifier[random_forest] params from tuning: {'est__n_estimators': 200, 'est__min_samples_split': 6, 'est__min_samples_leaf': 4, 'est__max_features': 'sqrt', 'est__max_depth': None} (score=1.0000)
2025-12-09 11:18:28,784 [INFO] fplmodel.model - Best regressor[random_forest] params from tuning: {'est__n_estimators': 600, 'est__min_samples_split': 2, 'est__min_samples_leaf': 4, 'est__max_features': 0.7, 'est__max_depth': 20} (score=-0.9369)
2025-12-09 11:18:28,785 [INFO] fplmodel.model - Candidate Random Forest | classifier=1.0000 ± 0.0000 ↑ | regressor=0.9369 ± 0.0490 ↓
2025-12-09 11:19:31,598 [INFO] fplmodel.model - Best classifier[neural_network] params from tuning: {'est__learning_rate_init': 0.003, 'est__hidden_layer_sizes': (256, 128), 'est__beta_1': 0.85, 'est__alpha': 0.0005} (score=0.9988)
2025-12-09 11:20:21,174 [INFO] fplmodel.model - Best regressor[neural_network] params from tuning: {'est__learning_rate_init': 0.003, 'est__hidden_layer_sizes': (256, 128), 'est__beta_1': 0.85, 'est__alpha': 0.0001} (score=-0.9663)
2025-12-09 11:20:21,176 [INFO] fplmodel.model - Candidate Neural Network (MLP) | classifier=0.9988 ± 0.0006 ↑ | regressor=0.9663 ± 0.1056 ↓
2025-12-09 11:20:21,179 [INFO] fplmodel.model - Saved model selection summary to /Users/kyle/Documents/FPL-Prediction/models/model_selection_summary.csv
2025-12-09 11:20:21,179 [INFO] fplmodel.model - Selected classifier model: Histogram Gradient Boosting (balanced_accuracy=1.0000 ± 0.0000 ↑)
2025-12-09 11:20:21,179 [INFO] fplmodel.model - Selected regressor model: Random Forest (MAE=0.9369 ± 0.0490 ↓)
2025-12-09 11:23:13,976 [INFO] fplmodel.model - Classifier (histogram gradient boosting) feature selector dropped 40 column(s): availability_next_round, bps_lag1, bps_ma5, creation_plus_minus_lag1, creation_plus_minus_ma5, defensive_actions_lag1, defensive_actions_ma5, expected_goal_involvements_lag1, expected_goal_involvements_ma5, expected_goal_involvements_per_90, ... (+30 more)
2025-12-09 11:23:13,976 [INFO] fplmodel.model - Regressor (random forest) feature selector dropped 40 column(s): availability_next_round, bps_lag1, bps_ma5, creation_plus_minus_lag1, creation_plus_minus_ma5, defensive_actions_lag1, defensive_actions_ma5, expected_goal_involvements_lag1, expected_goal_involvements_ma5, expected_goal_involvements_per_90, ... (+30 more)
2025-12-09 11:23:13,976 [INFO] fplmodel.model - Final model selection: classifier=Histogram Gradient Boosting | regressor=Random Forest
2025-12-09 11:23:14,174 [INFO] fplmodel - Training prediction models completed in 1606.95s
2025-12-09 11:23:14,222 [INFO] fplmodel - Top feature weights for regressor: total_points_lag1: 0.3849, recoveries_lag1: 0.0778, total_points_ma5: 0.0740, points_per_90_lag1: 0.0383, defensive_contribution_lag1: 0.0352, bonus_lag1: 0.0282, player_bias: 0.0175, team_conceded_two_plus_ma5: 0.0116, selected_lag1: 0.0115, team_clean_sheet_ma5: 0.0093, selected_ma5: 0.0090, value_ma5: 0.0085, team_match_points_ma5: 0.0082, bonus_ma5: 0.0081, transfers_balance_lag1: 0.0076
2025-12-09 11:23:14,222 [INFO] fplmodel - Estimator HistGradientBoostingClassifier for classifier does not expose feature_importances_; skipping logging.
2025-12-09 11:23:14,222 [INFO] fplmodel - Model training complete; fitted 3 candidate pair(s).
2025-12-09 11:23:14,222 [INFO] fplmodel - Generating next gameweek predictions...
2025-12-09 11:23:14,363 [INFO] fplmodel - Generating next gameweek predictions completed in 0.14s
2025-12-09 11:23:14,364 [INFO] fplmodel - Generated ensemble predictions for 758 players using 3 model(s): Histogram Gradient Boosting, Random Forest, Neural Network (MLP)
2025-12-09 11:23:14,366 [INFO] fplmodel - Applied fixture multipliers; average EP now 1.96
2025-12-09 11:23:14,366 [INFO] fplmodel - Top 5 expected point predictions (ensemble): Estêvão Almeida de Oliveira Gonçalves (7.33); Soungoutou Magassa (7.07); Bukayo Saka (6.33); Nick Woltemade (6.01); Dango Ouattara (5.91)
2025-12-09 11:23:14,367 [INFO] fplmodel - Evaluating last finished gameweek residuals...
2025-12-09 11:23:14,499 [INFO] fplmodel - Evaluating last finished gameweek residuals completed in 0.13s
2025-12-09 11:23:14,499 [INFO] fplmodel - Residuals computed for 7475 players in GW 14
2025-12-09 11:23:14,500 [INFO] fplmodel - Selecting best XI from 758 candidates
2025-12-09 11:23:14,500 [INFO] fplmodel - Optimising best XI selection...
2025-12-09 11:23:15,328 [INFO] fplmodel - Optimising best XI selection completed in 0.83s
2025-12-09 11:23:15,328 [INFO] fplmodel - Selected squad: total cost 87.9M | starting cost 65.8M | bench cost 22.1M
2025-12-09 11:23:15,329 [INFO] fplmodel - Projected points: XI 62.65 | Captain included 69.98 | Bench 16.47
2025-12-09 11:23:15,329 [INFO] fplmodel - Captain: Estêvão Almeida de Oliveira Gonçalves
2025-12-09 11:23:15,329 [INFO] fplmodel - XI | Alisson Becker (Liverpool) - 4.94 pts | 5.4M
2025-12-09 11:23:15,329 [INFO] fplmodel - XI | Wesley Fofana (Chelsea) - 5.25 pts | 4.4M
2025-12-09 11:23:15,329 [INFO] fplmodel - XI | Reece James (Chelsea) - 4.94 pts | 5.6M
2025-12-09 11:23:15,329 [INFO] fplmodel - XI | Rodrigo Martins Gomes (Wolves) - 4.58 pts | 4.4M
2025-12-09 11:23:15,329 [INFO] fplmodel - XI | Estêvão Almeida de Oliveira Gonçalves (Chelsea) - 7.33 pts | 6.6M
2025-12-09 11:23:15,329 [INFO] fplmodel - XI | Soungoutou Magassa (West Ham) - 7.07 pts | 5.0M
2025-12-09 11:23:15,329 [INFO] fplmodel - XI | Bukayo Saka (Arsenal) - 6.33 pts | 10.2M
2025-12-09 11:23:15,329 [INFO] fplmodel - XI | Dango Ouattara (Brentford) - 5.91 pts | 6.0M
2025-12-09 11:23:15,329 [INFO] fplmodel - XI | Boubacar Kamara (Aston Villa) - 5.86 pts | 4.9M
2025-12-09 11:23:15,329 [INFO] fplmodel - XI | Nick Woltemade (Newcastle) - 6.01 pts | 7.5M
2025-12-09 11:23:15,329 [INFO] fplmodel - XI | Igor Jesus Maciel da Cruz (Nott'm Forest) - 4.41 pts | 5.8M
2025-12-09 11:23:15,329 [INFO] fplmodel - Bench 1 | Ollie Watkins (Aston Villa) - 4.31 pts
2025-12-09 11:23:15,329 [INFO] fplmodel - Bench 2 | Jaka Bijol (Leeds) - 4.28 pts
2025-12-09 11:23:15,329 [INFO] fplmodel - Bench 3 | Marc Guéhi (Crystal Palace) - 4.10 pts
2025-12-09 11:23:15,329 [INFO] fplmodel - Bench 4 | Đorđe Petrović (Bournemouth) - 3.78 pts
2025-12-09 11:23:15,334 [INFO] fplmodel - Predictions saved to /Users/kyle/Documents/FPL-Prediction/outputs/predictions_gw15.csv
2025-12-09 11:23:15,335 [INFO] fplmodel - Starting XI saved to /Users/kyle/Documents/FPL-Prediction/outputs/starting_xi_gw15.csv
2025-12-09 11:23:15,336 [INFO] fplmodel - Bench saved to /Users/kyle/Documents/FPL-Prediction/outputs/bench_gw15.csv
2025-12-09 11:23:15,336 [INFO] fplmodel - Best XI JSON saved to /Users/kyle/Documents/FPL-Prediction/outputs/best_xi_gw15.json
2025-12-09 11:23:15,336 [INFO] fplmodel - Rendering best XI graphic...
2025-12-09 11:23:15,688 [INFO] fplmodel - Rendering best XI graphic completed in 0.35s
2025-12-09 11:23:15,689 [INFO] fplmodel - Best XI graphic generated at /Users/kyle/Documents/FPL-Prediction/outputs/best_xi_gw15.png
2025-12-09 11:23:15,698 [INFO] fplmodel - Residuals saved to /Users/kyle/Documents/FPL-Prediction/outputs/residuals_gw14.csv
2025-12-09 11:23:15,698 [INFO] fplmodel - Pipeline complete for GW 15
