2026-04-16 11:49:55,728 [INFO] fplmodel - Logging initialised. Writing to /Users/kyle/Documents/FPL-Prediction/logs/run_20260416_114955.log
2026-04-16 11:49:55,728 [INFO] fplmodel - Starting pipeline run (force_refetch=True)
2026-04-16 11:49:55,728 [INFO] fplmodel - Fetching bootstrap static data...
2026-04-16 11:49:56,060 [INFO] fplmodel - Fetching bootstrap static data completed in 0.33s
2026-04-16 11:49:56,060 [INFO] fplmodel - Fetching fixtures data...
2026-04-16 11:49:56,290 [INFO] fplmodel - Fetching fixtures data completed in 0.23s
2026-04-16 11:49:56,290 [INFO] fplmodel - Normalising bootstrap data...
2026-04-16 11:49:56,305 [INFO] fplmodel - Normalising bootstrap data completed in 0.01s
2026-04-16 11:49:56,305 [INFO] fplmodel - Loaded normalised frames: 826 elements, 20 teams, 38 events
2026-04-16 11:49:56,307 [INFO] fplmodel - Gameweek override applied -> next_gw=32 | last_finished_gw=31
2026-04-16 11:49:56,307 [INFO] fplmodel - Next gameweek: 32 | Last finished gameweek: 31
2026-04-16 11:49:56,307 [INFO] fplmodel - Renaming log file to highlight gameweek 32
2026-04-16 11:49:56,307 [INFO] fplmodel - Log file renamed to /Users/kyle/Documents/FPL-Prediction/logs/run_gw32_20260416_114955.log
2026-04-16 11:49:56,307 [INFO] fplmodel - Fetching player histories for 826 players (force_refetch=True)...
2026-04-16 12:19:30,229 [INFO] fplmodel - Fetching player histories for 826 players (force_refetch=True) completed in 1773.93s
2026-04-16 12:19:30,232 [INFO] fplmodel - Loading 826 player history files from /Users/kyle/Documents/FPL-Prediction/data/raw
2026-04-16 12:19:30,232 [INFO] fplmodel - Collating player history JSON into dataframe...
2026-04-16 12:19:31,066 [INFO] fplmodel - Collating player history JSON into dataframe completed in 0.83s
2026-04-16 12:19:31,882 [INFO] fplmodel - Built player histories dataframe with 147924 rows
2026-04-16 12:19:31,882 [INFO] fplmodel - Loading external history data...
2026-04-16 12:19:32,642 [INFO] fplmodel - Loading external history data completed in 0.76s
2026-04-16 12:19:32,687 [INFO] fplmodel - Loaded 133323 external history rows for seasons 2020-21, 2021-22, 2022-23, 2023-24, 2024-25
2026-04-16 12:19:32,847 [INFO] fplmodel - Combined history dataset now has 268218 rows
2026-04-16 12:19:32,849 [INFO] fplmodel - Building training and prediction feature frames...
2026-04-16 12:19:37,806 [INFO] fplmodel - Building training and prediction feature frames completed in 4.96s
2026-04-16 12:19:37,807 [INFO] fplmodel - Prepared features: X_train=(232980, 156), y_train=232980, X_pred=(826, 163)
2026-04-16 12:19:37,815 [INFO] fplmodel - Training models with 156 features
2026-04-16 12:19:37,815 [INFO] fplmodel - Training feature columns: total_points_ma5, minutes_ma5, goals_scored_ma5, assists_ma5, clean_sheets_ma5, influence_ma5, creativity_ma5, threat_ma5, ict_index_ma5, goals_conceded_ma5, own_goals_ma5, penalties_saved_ma5, penalties_missed_ma5, yellow_cards_ma5, red_cards_ma5, saves_ma5, bonus_ma5, bps_ma5, clearances_blocks_interceptions_ma5, recoveries_ma5, tackles_ma5, defensive_contribution_ma5, starts_ma5, expected_goals_ma5, expected_assists_ma5, expected_goal_involvements_ma5, expected_goals_conceded_ma5, value_ma5, transfers_balance_ma5, selected_ma5, transfers_in_ma5, transfers_out_ma5, attacking_returns_ma5, finishing_plus_minus_ma5, finishing_ratio_ma5, creation_plus_minus_ma5, creation_ratio_ma5, xgi_plus_minus_ma5, minutes_share_ma5, points_per_90_ma5, tackles_plus_interceptions_ma5, defensive_actions_ma5, total_points_lag1, minutes_lag1, goals_scored_lag1, assists_lag1, clean_sheets_lag1, influence_lag1, creativity_lag1, threat_lag1, ict_index_lag1, goals_conceded_lag1, own_goals_lag1, penalties_saved_lag1, penalties_missed_lag1, yellow_cards_lag1, red_cards_lag1, saves_lag1, bonus_lag1, bps_lag1, clearances_blocks_interceptions_lag1, recoveries_lag1, tackles_lag1, defensive_contribution_lag1, starts_lag1, expected_goals_lag1, expected_assists_lag1, expected_goal_involvements_lag1, expected_goals_conceded_lag1, value_lag1, transfers_balance_lag1, selected_lag1, transfers_in_lag1, transfers_out_lag1, attacking_returns_lag1, finishing_plus_minus_lag1, finishing_ratio_lag1, creation_plus_minus_lag1, creation_ratio_lag1, xgi_plus_minus_lag1, minutes_share_lag1, points_per_90_lag1, tackles_plus_interceptions_lag1, defensive_actions_lag1, team_goals_for_ma5, team_goals_against_ma5, team_goal_diff_ma5, team_clean_sheet_ma5, team_conceded_two_plus_ma5, team_match_points_ma5, opp_team_goals_for_ma5, opp_team_goals_against_ma5, opp_team_goal_diff_ma5, opp_team_clean_sheet_ma5, opp_team_conceded_two_plus_ma5, opp_team_match_points_ma5, was_home, team_strength_overall, team_strength_home, team_strength_away, team_attack_home, team_attack_away, team_def_home, team_def_away, team_form_rating, team_points_table, team_league_position, team_matches_played, team_wins, team_draws, team_losses, opp_strength_overall, opp_strength_home, opp_strength_away, opp_attack_home, opp_attack_away, opp_def_home, opp_def_away, opp_form_rating, opp_points_table, opp_league_position, opp_matches_played, opp_wins, opp_draws, opp_losses, form, points_per_game, value_form, value_season, selected_by_percent, expected_goals_per_90, expected_assists_per_90, expected_goal_involvements_per_90, expected_goals_conceded_per_90, goals_conceded_per_90, saves_per_90, starts_per_90, clean_sheets_per_90, defensive_contribution_per_90, availability_this_round, availability_next_round, status_availability, status_injury_flag, injury_risk_flag, corners_and_indirect_freekicks_order, direct_freekicks_order, penalties_order, has_corners_duty, primary_corners_taker, has_direct_fk_duty, primary_direct_fk_taker, has_penalty_duty, primary_penalty_taker, set_piece_duty_score, player_bias, pos_bias
2026-04-16 12:19:37,816 [INFO] fplmodel - Training prediction models...
2026-04-16 12:19:38,153 [INFO] fplmodel.model - Season sample weights applied: 2020-21: 0.25, 2021-22: 0.25, 2022-23: 0.34, 2023-24: 0.49, 2024-25: 0.70, 2025-26: 1.00
2026-04-16 12:19:38,154 [INFO] fplmodel.model - Using TimeSeriesSplit with 3 folds for hyperparameter tuning.
2026-04-16 12:21:12,789 [INFO] fplmodel.model - Best classifier[hist_gbdt] params from tuning: {'est__min_samples_leaf': 20, 'est__max_iter': 350, 'est__max_depth': 4, 'est__learning_rate': 0.04, 'est__l2_regularization': 0.1} (score=1.0000)
2026-04-16 12:23:15,549 [INFO] fplmodel.model - Best regressor[hist_gbdt] params from tuning: {'est__min_samples_leaf': 40, 'est__max_iter': 400, 'est__max_depth': None, 'est__learning_rate': 0.08, 'est__l2_regularization': 0.05} (score=-0.9209)
2026-04-16 12:23:15,550 [INFO] fplmodel.model - Candidate Histogram Gradient Boosting | classifier=1.0000 ± 0.0000 ↑ | regressor=0.9209 ± 0.0423 ↓
2026-04-16 12:27:45,152 [INFO] fplmodel.model - Best classifier[random_forest] params from tuning: {'est__n_estimators': 200, 'est__min_samples_split': 6, 'est__min_samples_leaf': 4, 'est__max_features': 'sqrt', 'est__max_depth': None} (score=1.0000)
2026-04-16 13:13:29,503 [INFO] fplmodel.model - Best regressor[random_forest] params from tuning: {'est__n_estimators': 600, 'est__min_samples_split': 6, 'est__min_samples_leaf': 4, 'est__max_features': 0.7, 'est__max_depth': 20} (score=-0.8986)
2026-04-16 13:13:29,505 [INFO] fplmodel.model - Candidate Random Forest | classifier=1.0000 ± 0.0000 ↑ | regressor=0.8986 ± 0.0579 ↓
2026-04-16 13:16:22,198 [INFO] fplmodel.model - Best classifier[neural_network] params from tuning: {'est__learning_rate_init': 0.003, 'est__hidden_layer_sizes': (256, 128), 'est__beta_1': 0.95, 'est__alpha': 0.0005} (score=0.9992)
2026-04-16 13:18:14,170 [INFO] fplmodel.model - Best regressor[neural_network] params from tuning: {'est__learning_rate_init': 0.003, 'est__hidden_layer_sizes': (128, 128, 64), 'est__beta_1': 0.9, 'est__alpha': 0.001} (score=-0.9298)
2026-04-16 13:18:14,171 [INFO] fplmodel.model - Candidate Neural Network (MLP) | classifier=0.9992 ± 0.0001 ↑ | regressor=0.9298 ± 0.0756 ↓
2026-04-16 13:18:14,175 [INFO] fplmodel.model - Saved model selection summary to /Users/kyle/Documents/FPL-Prediction/models/model_selection_summary.csv
2026-04-16 13:18:14,175 [INFO] fplmodel.model - Selected classifier model: Histogram Gradient Boosting (balanced_accuracy=1.0000 ± 0.0000 ↑)
2026-04-16 13:18:14,175 [INFO] fplmodel.model - Selected regressor model: Random Forest (MAE=0.8986 ± 0.0579 ↓)
2026-04-16 13:25:03,989 [INFO] fplmodel.model - Classifier (histogram gradient boosting) feature selector dropped 39 column(s): availability_next_round, bps_lag1, bps_ma5, creation_plus_minus_lag1, creation_plus_minus_ma5, defensive_actions_lag1, defensive_actions_ma5, expected_goal_involvements_ma5, expected_goal_involvements_per_90, injury_risk_flag, ... (+29 more)
2026-04-16 13:25:03,989 [INFO] fplmodel.model - Regressor (random forest) feature selector dropped 39 column(s): availability_next_round, bps_lag1, bps_ma5, creation_plus_minus_lag1, creation_plus_minus_ma5, defensive_actions_lag1, defensive_actions_ma5, expected_goal_involvements_ma5, expected_goal_involvements_per_90, injury_risk_flag, ... (+29 more)
2026-04-16 13:25:03,989 [INFO] fplmodel.model - Final model selection: classifier=Histogram Gradient Boosting | regressor=Random Forest
2026-04-16 13:25:04,210 [INFO] fplmodel - Training prediction models completed in 3926.38s
2026-04-16 13:25:04,251 [INFO] fplmodel - Top feature weights for regressor: total_points_lag1: 0.3750, recoveries_lag1: 0.0843, total_points_ma5: 0.0792, points_per_90_lag1: 0.0470, defensive_contribution_lag1: 0.0322, bonus_lag1: 0.0256, player_bias: 0.0166, team_conceded_two_plus_ma5: 0.0143, selected_lag1: 0.0113, team_clean_sheet_ma5: 0.0101, selected_ma5: 0.0083, transfers_out_lag1: 0.0082, team_match_points_ma5: 0.0081, value_ma5: 0.0078, team_goals_against_ma5: 0.0077
2026-04-16 13:25:04,251 [INFO] fplmodel - Estimator HistGradientBoostingClassifier for classifier does not expose feature_importances_; skipping logging.
2026-04-16 13:25:04,251 [INFO] fplmodel - Model training complete; fitted 3 candidate pair(s).
2026-04-16 13:25:04,251 [INFO] fplmodel - Generating next gameweek predictions...
2026-04-16 13:25:04,435 [INFO] fplmodel - Generating next gameweek predictions completed in 0.18s
2026-04-16 13:25:04,436 [INFO] fplmodel - Generated ensemble predictions for 826 players using 3 model(s): Histogram Gradient Boosting, Random Forest, Neural Network (MLP)
2026-04-16 13:25:04,438 [INFO] fplmodel - Applied fixture multipliers; average EP now 1.75
2026-04-16 13:25:04,438 [INFO] fplmodel - Top 5 expected point predictions (ensemble): Jaidon Anthony (5.26); Brenden Aaronson (5.01); Neco Williams (4.59); Lamare Bogarde (4.57); John Stones (4.55)
2026-04-16 13:25:04,439 [INFO] fplmodel - Evaluating last finished gameweek residuals...
2026-04-16 13:25:04,569 [INFO] fplmodel - Evaluating last finished gameweek residuals completed in 0.13s
2026-04-16 13:25:04,569 [INFO] fplmodel - Residuals computed for 7433 players in GW 31
2026-04-16 13:25:04,570 [INFO] fplmodel - Selecting best XI from 826 candidates
2026-04-16 13:25:04,570 [INFO] fplmodel - Optimising best XI selection...
2026-04-16 13:25:06,065 [INFO] fplmodel - Optimising best XI selection completed in 1.50s
2026-04-16 13:25:06,065 [INFO] fplmodel - Selected squad: total cost 79.4M | starting cost 55.7M | bench cost 23.7M
2026-04-16 13:25:06,066 [INFO] fplmodel - Projected points: XI 48.68 | Captain included 53.94 | Bench 14.67
2026-04-16 13:25:06,066 [INFO] fplmodel - Captain: Jaidon Anthony
2026-04-16 13:25:06,066 [INFO] fplmodel - XI | Guglielmo Vicario (Spurs) - 3.78 pts | 4.7M
2026-04-16 13:25:06,066 [INFO] fplmodel - XI | Neco Williams (Nott'm Forest) - 4.59 pts | 4.7M
2026-04-16 13:25:06,066 [INFO] fplmodel - XI | Lamare Bogarde (Aston Villa) - 4.57 pts | 4.0M
2026-04-16 13:25:06,066 [INFO] fplmodel - XI | John Stones (Man City) - 4.55 pts | 5.4M
2026-04-16 13:25:06,066 [INFO] fplmodel - XI | Joe Worrall (Burnley) - 4.18 pts | 3.8M
2026-04-16 13:25:06,066 [INFO] fplmodel - XI | Jaidon Anthony (Burnley) - 5.26 pts | 5.0M
2026-04-16 13:25:06,066 [INFO] fplmodel - XI | Brenden Aaronson (Leeds) - 5.01 pts | 5.4M
2026-04-16 13:25:06,066 [INFO] fplmodel - XI | Rayan Cherki (Man City) - 4.28 pts | 6.3M
2026-04-16 13:25:06,066 [INFO] fplmodel - XI | Rayan Vitor Simplício Rocha (Bournemouth) - 4.15 pts | 5.5M
2026-04-16 13:25:06,066 [INFO] fplmodel - XI | Sean Longstaff (Leeds) - 4.15 pts | 4.8M
2026-04-16 13:25:06,066 [INFO] fplmodel - XI | Raúl Jiménez Rodríguez (Fulham) - 4.17 pts | 6.1M
2026-04-16 13:25:06,066 [INFO] fplmodel - Bench 1 | Marc Cucurella Saseta (Chelsea) - 4.17 pts
2026-04-16 13:25:06,066 [INFO] fplmodel - Bench 2 | Igor Jesus Maciel da Cruz (Nott'm Forest) - 3.52 pts
2026-04-16 13:25:06,066 [INFO] fplmodel - Bench 3 | Richarlison de Andrade (Spurs) - 3.49 pts
2026-04-16 13:25:06,066 [INFO] fplmodel - Bench 4 | Gianluigi Donnarumma (Man City) - 3.50 pts
2026-04-16 13:25:06,072 [INFO] fplmodel - Predictions saved to /Users/kyle/Documents/FPL-Prediction/outputs/predictions_gw32.csv
2026-04-16 13:25:06,073 [INFO] fplmodel - Starting XI saved to /Users/kyle/Documents/FPL-Prediction/outputs/starting_xi_gw32.csv
2026-04-16 13:25:06,074 [INFO] fplmodel - Bench saved to /Users/kyle/Documents/FPL-Prediction/outputs/bench_gw32.csv
2026-04-16 13:25:06,075 [INFO] fplmodel - Best XI JSON saved to /Users/kyle/Documents/FPL-Prediction/outputs/best_xi_gw32.json
2026-04-16 13:25:06,075 [INFO] fplmodel - Rendering best XI graphic...
2026-04-16 13:25:06,418 [INFO] fplmodel - Rendering best XI graphic completed in 0.34s
2026-04-16 13:25:06,418 [INFO] fplmodel - Best XI graphic generated at /Users/kyle/Documents/FPL-Prediction/outputs/best_xi_gw32.png
2026-04-16 13:25:06,427 [INFO] fplmodel - Residuals saved to /Users/kyle/Documents/FPL-Prediction/outputs/residuals_gw31.csv
2026-04-16 13:25:06,427 [INFO] fplmodel - Pipeline complete for GW 32
