2026-01-20 17:05:23,774 [INFO] fplmodel - Logging initialised. Writing to /Users/kyle/Documents/FPL-Prediction/logs/run_20260120_170523.log
2026-01-20 17:05:23,774 [INFO] fplmodel - Starting pipeline run (force_refetch=False)
2026-01-20 17:05:23,774 [INFO] fplmodel - Fetching bootstrap static data...
2026-01-20 17:05:23,794 [INFO] fplmodel - Fetching bootstrap static data completed in 0.02s
2026-01-20 17:05:23,794 [INFO] fplmodel - Fetching fixtures data...
2026-01-20 17:05:23,801 [INFO] fplmodel - Fetching fixtures data completed in 0.01s
2026-01-20 17:05:23,801 [INFO] fplmodel - Normalising bootstrap data...
2026-01-20 17:05:23,811 [INFO] fplmodel - Normalising bootstrap data completed in 0.01s
2026-01-20 17:05:23,811 [INFO] fplmodel - Loaded normalised frames: 801 elements, 20 teams, 38 events
2026-01-20 17:05:23,812 [INFO] fplmodel - Gameweek override applied -> next_gw=25 | last_finished_gw=24
2026-01-20 17:05:23,812 [INFO] fplmodel - Next gameweek: 25 | Last finished gameweek: 24
2026-01-20 17:05:23,812 [INFO] fplmodel - Renaming log file to highlight gameweek 25
2026-01-20 17:05:23,812 [INFO] fplmodel - Log file renamed to /Users/kyle/Documents/FPL-Prediction/logs/run_gw25_20260120_170523.log
2026-01-20 17:05:23,812 [INFO] fplmodel - Fetching player histories for 801 players (force_refetch=False)...
2026-01-20 17:05:25,014 [INFO] fplmodel - Fetching player histories for 801 players (force_refetch=False) completed in 1.20s
2026-01-20 17:05:25,015 [INFO] fplmodel - Loading 801 player history files from /Users/kyle/Documents/FPL-Prediction/data/raw
2026-01-20 17:05:25,015 [INFO] fplmodel - Collating player history JSON into dataframe...
2026-01-20 17:05:25,533 [INFO] fplmodel - Collating player history JSON into dataframe completed in 0.52s
2026-01-20 17:05:26,097 [INFO] fplmodel - Built player histories dataframe with 99354 rows
2026-01-20 17:05:26,097 [INFO] fplmodel - Loading external history data...
2026-01-20 17:05:26,886 [INFO] fplmodel - Loading external history data completed in 0.79s
2026-01-20 17:05:26,927 [INFO] fplmodel - Loaded 132944 external history rows for seasons 2020-21, 2021-22, 2022-23, 2023-24, 2024-25
2026-01-20 17:05:27,069 [INFO] fplmodel - Combined history dataset now has 223419 rows
2026-01-20 17:05:27,069 [INFO] fplmodel - Building training and prediction feature frames...
2026-01-20 17:05:31,354 [INFO] fplmodel - Building training and prediction feature frames completed in 4.28s
2026-01-20 17:05:31,354 [INFO] fplmodel - Prepared features: X_train=(166610, 156), y_train=166610, X_pred=(801, 163)
2026-01-20 17:05:31,359 [INFO] fplmodel - Training models with 156 features
2026-01-20 17:05:31,359 [INFO] fplmodel - Training feature columns: total_points_ma5, minutes_ma5, goals_scored_ma5, assists_ma5, clean_sheets_ma5, influence_ma5, creativity_ma5, threat_ma5, ict_index_ma5, goals_conceded_ma5, own_goals_ma5, penalties_saved_ma5, penalties_missed_ma5, yellow_cards_ma5, red_cards_ma5, saves_ma5, bonus_ma5, bps_ma5, clearances_blocks_interceptions_ma5, recoveries_ma5, tackles_ma5, defensive_contribution_ma5, starts_ma5, expected_goals_ma5, expected_assists_ma5, expected_goal_involvements_ma5, expected_goals_conceded_ma5, value_ma5, transfers_balance_ma5, selected_ma5, transfers_in_ma5, transfers_out_ma5, attacking_returns_ma5, finishing_plus_minus_ma5, finishing_ratio_ma5, creation_plus_minus_ma5, creation_ratio_ma5, xgi_plus_minus_ma5, minutes_share_ma5, points_per_90_ma5, tackles_plus_interceptions_ma5, defensive_actions_ma5, total_points_lag1, minutes_lag1, goals_scored_lag1, assists_lag1, clean_sheets_lag1, influence_lag1, creativity_lag1, threat_lag1, ict_index_lag1, goals_conceded_lag1, own_goals_lag1, penalties_saved_lag1, penalties_missed_lag1, yellow_cards_lag1, red_cards_lag1, saves_lag1, bonus_lag1, bps_lag1, clearances_blocks_interceptions_lag1, recoveries_lag1, tackles_lag1, defensive_contribution_lag1, starts_lag1, expected_goals_lag1, expected_assists_lag1, expected_goal_involvements_lag1, expected_goals_conceded_lag1, value_lag1, transfers_balance_lag1, selected_lag1, transfers_in_lag1, transfers_out_lag1, attacking_returns_lag1, finishing_plus_minus_lag1, finishing_ratio_lag1, creation_plus_minus_lag1, creation_ratio_lag1, xgi_plus_minus_lag1, minutes_share_lag1, points_per_90_lag1, tackles_plus_interceptions_lag1, defensive_actions_lag1, team_goals_for_ma5, team_goals_against_ma5, team_goal_diff_ma5, team_clean_sheet_ma5, team_conceded_two_plus_ma5, team_match_points_ma5, opp_team_goals_for_ma5, opp_team_goals_against_ma5, opp_team_goal_diff_ma5, opp_team_clean_sheet_ma5, opp_team_conceded_two_plus_ma5, opp_team_match_points_ma5, was_home, team_strength_overall, team_strength_home, team_strength_away, team_attack_home, team_attack_away, team_def_home, team_def_away, team_form_rating, team_points_table, team_league_position, team_matches_played, team_wins, team_draws, team_losses, opp_strength_overall, opp_strength_home, opp_strength_away, opp_attack_home, opp_attack_away, opp_def_home, opp_def_away, opp_form_rating, opp_points_table, opp_league_position, opp_matches_played, opp_wins, opp_draws, opp_losses, form, points_per_game, value_form, value_season, selected_by_percent, expected_goals_per_90, expected_assists_per_90, expected_goal_involvements_per_90, expected_goals_conceded_per_90, goals_conceded_per_90, saves_per_90, starts_per_90, clean_sheets_per_90, defensive_contribution_per_90, availability_this_round, availability_next_round, status_availability, status_injury_flag, injury_risk_flag, corners_and_indirect_freekicks_order, direct_freekicks_order, penalties_order, has_corners_duty, primary_corners_taker, has_direct_fk_duty, primary_direct_fk_taker, has_penalty_duty, primary_penalty_taker, set_piece_duty_score, player_bias, pos_bias
2026-01-20 17:05:31,360 [INFO] fplmodel - Training prediction models...
2026-01-20 17:05:31,602 [INFO] fplmodel.model - Season sample weights applied: 2020-21: 0.25, 2021-22: 0.25, 2022-23: 0.34, 2023-24: 0.49, 2024-25: 0.70, 2025-26: 1.00
2026-01-20 17:05:31,602 [INFO] fplmodel.model - Using TimeSeriesSplit with 3 folds for hyperparameter tuning.
2026-01-20 17:06:38,453 [INFO] fplmodel.model - Best classifier[hist_gbdt] params from tuning: {'est__min_samples_leaf': 20, 'est__max_iter': 350, 'est__max_depth': 4, 'est__learning_rate': 0.04, 'est__l2_regularization': 0.1} (score=1.0000)
2026-01-20 17:08:05,233 [INFO] fplmodel.model - Best regressor[hist_gbdt] params from tuning: {'est__min_samples_leaf': 30, 'est__max_iter': 350, 'est__max_depth': 8, 'est__learning_rate': 0.06, 'est__l2_regularization': 0.1} (score=-0.9564)
2026-01-20 17:08:05,233 [INFO] fplmodel.model - Candidate Histogram Gradient Boosting | classifier=1.0000 ± 0.0000 ↑ | regressor=0.9564 ± 0.0481 ↓
2026-01-20 17:11:15,118 [INFO] fplmodel.model - Best classifier[random_forest] params from tuning: {'est__n_estimators': 200, 'est__min_samples_split': 6, 'est__min_samples_leaf': 4, 'est__max_features': 'sqrt', 'est__max_depth': None} (score=1.0000)
2026-01-20 17:43:02,139 [INFO] fplmodel.model - Best regressor[random_forest] params from tuning: {'est__n_estimators': 600, 'est__min_samples_split': 6, 'est__min_samples_leaf': 4, 'est__max_features': 0.7, 'est__max_depth': 20} (score=-0.9465)
2026-01-20 17:43:02,141 [INFO] fplmodel.model - Candidate Random Forest | classifier=1.0000 ± 0.0000 ↑ | regressor=0.9465 ± 0.0370 ↓
2026-01-20 17:44:59,412 [INFO] fplmodel.model - Best classifier[neural_network] params from tuning: {'est__learning_rate_init': 0.003, 'est__hidden_layer_sizes': (256, 128), 'est__beta_1': 0.85, 'est__alpha': 0.0001} (score=0.9991)
2026-01-20 17:46:15,553 [INFO] fplmodel.model - Best regressor[neural_network] params from tuning: {'est__learning_rate_init': 0.001, 'est__hidden_layer_sizes': (128, 64), 'est__beta_1': 0.95, 'est__alpha': 0.0001} (score=-1.0077)
2026-01-20 17:46:15,554 [INFO] fplmodel.model - Candidate Neural Network (MLP) | classifier=0.9991 ± 0.0004 ↑ | regressor=1.0077 ± 0.1008 ↓
2026-01-20 17:46:15,555 [INFO] fplmodel.model - Saved model selection summary to /Users/kyle/Documents/FPL-Prediction/models/model_selection_summary.csv
2026-01-20 17:46:15,555 [INFO] fplmodel.model - Selected classifier model: Histogram Gradient Boosting (balanced_accuracy=1.0000 ± 0.0000 ↑)
2026-01-20 17:46:15,555 [INFO] fplmodel.model - Selected regressor model: Random Forest (MAE=0.9465 ± 0.0370 ↓)
2026-01-20 17:50:49,671 [INFO] fplmodel.model - Classifier (histogram gradient boosting) feature selector dropped 38 column(s): availability_next_round, bps_lag1, bps_ma5, creation_plus_minus_lag1, creation_plus_minus_ma5, defensive_actions_lag1, defensive_actions_ma5, expected_goal_involvements_lag1, expected_goal_involvements_ma5, expected_goal_involvements_per_90, ... (+28 more)
2026-01-20 17:50:49,672 [INFO] fplmodel.model - Regressor (random forest) feature selector dropped 38 column(s): availability_next_round, bps_lag1, bps_ma5, creation_plus_minus_lag1, creation_plus_minus_ma5, defensive_actions_lag1, defensive_actions_ma5, expected_goal_involvements_lag1, expected_goal_involvements_ma5, expected_goal_involvements_per_90, ... (+28 more)
2026-01-20 17:50:49,672 [INFO] fplmodel.model - Final model selection: classifier=Histogram Gradient Boosting | regressor=Random Forest
2026-01-20 17:50:49,894 [INFO] fplmodel - Training prediction models completed in 2718.55s
2026-01-20 17:50:49,932 [INFO] fplmodel - Top feature weights for regressor: total_points_lag1: 0.3623, recoveries_lag1: 0.0860, total_points_ma5: 0.0786, points_per_90_lag1: 0.0442, defensive_contribution_lag1: 0.0322, bonus_lag1: 0.0248, player_bias: 0.0174, team_conceded_two_plus_ma5: 0.0143, selected_lag1: 0.0111, team_clean_sheet_ma5: 0.0100, value_ma5: 0.0090, selected_ma5: 0.0085, bonus_ma5: 0.0079, transfers_out_lag1: 0.0079, team_match_points_ma5: 0.0077
2026-01-20 17:50:49,933 [INFO] fplmodel - Estimator HistGradientBoostingClassifier for classifier does not expose feature_importances_; skipping logging.
2026-01-20 17:50:49,933 [INFO] fplmodel - Model training complete; fitted 3 candidate pair(s).
2026-01-20 17:50:49,933 [INFO] fplmodel - Generating next gameweek predictions...
2026-01-20 17:50:50,056 [INFO] fplmodel - Generating next gameweek predictions completed in 0.12s
2026-01-20 17:50:50,057 [INFO] fplmodel - Generated ensemble predictions for 801 players using 3 model(s): Histogram Gradient Boosting, Random Forest, Neural Network (MLP)
2026-01-20 17:50:50,060 [INFO] fplmodel - Applied fixture multipliers; average EP now 1.80
2026-01-20 17:50:50,060 [INFO] fplmodel - Top 5 expected point predictions (ensemble): Jaidon Anthony (7.79); Ayden Heaven (7.33); Lisandro Martínez (6.57); Ryan Sessegnon (6.26); Martin Dúbravka (6.07)
2026-01-20 17:50:50,060 [INFO] fplmodel - Evaluating last finished gameweek residuals...
2026-01-20 17:50:50,162 [INFO] fplmodel - Evaluating last finished gameweek residuals completed in 0.10s
2026-01-20 17:50:50,162 [INFO] fplmodel - Residuals computed for 3814 players in GW 24
2026-01-20 17:50:50,162 [INFO] fplmodel - Selecting best XI from 801 candidates
2026-01-20 17:50:50,162 [INFO] fplmodel - Optimising best XI selection...
2026-01-20 17:50:51,051 [INFO] fplmodel - Optimising best XI selection completed in 0.89s
2026-01-20 17:50:51,051 [INFO] fplmodel - Selected squad: total cost 78.0M | starting cost 56.4M | bench cost 21.6M
2026-01-20 17:50:51,052 [INFO] fplmodel - Projected points: XI 63.51 | Captain included 71.30 | Bench 16.48
2026-01-20 17:50:51,052 [INFO] fplmodel - Captain: Jaidon Anthony
2026-01-20 17:50:51,052 [INFO] fplmodel - XI | Martin Dúbravka (Burnley) - 6.07 pts | 4.0M
2026-01-20 17:50:51,052 [INFO] fplmodel - XI | Ayden Heaven (Man Utd) - 7.33 pts | 3.9M
2026-01-20 17:50:51,052 [INFO] fplmodel - XI | Lisandro Martínez (Man Utd) - 6.57 pts | 4.8M
2026-01-20 17:50:51,052 [INFO] fplmodel - XI | Nathan Collins (Brentford) - 5.36 pts | 5.0M
2026-01-20 17:50:51,052 [INFO] fplmodel - XI | Cristian Romero (Spurs) - 4.60 pts | 5.0M
2026-01-20 17:50:51,052 [INFO] fplmodel - XI | Jaidon Anthony (Burnley) - 7.79 pts | 5.1M
2026-01-20 17:50:51,052 [INFO] fplmodel - XI | Ryan Sessegnon (Fulham) - 6.26 pts | 5.4M
2026-01-20 17:50:51,052 [INFO] fplmodel - XI | Pedro Lomba Neto (Chelsea) - 5.33 pts | 7.1M
2026-01-20 17:50:51,052 [INFO] fplmodel - XI | Harry Wilson (Fulham) - 5.24 pts | 5.9M
2026-01-20 17:50:51,052 [INFO] fplmodel - XI | James Garner (Everton) - 4.63 pts | 5.2M
2026-01-20 17:50:51,052 [INFO] fplmodel - XI | Norberto Bercique Gomes Betuncal (Everton) - 4.33 pts | 5.0M
2026-01-20 17:50:51,052 [INFO] fplmodel - Bench 1 | Oleksandr Zinchenko (Nott'm Forest) - 4.31 pts
2026-01-20 17:50:51,052 [INFO] fplmodel - Bench 2 | Richarlison de Andrade (Spurs) - 4.12 pts
2026-01-20 17:50:51,052 [INFO] fplmodel - Bench 3 | Thierno Barry (Everton) - 3.83 pts
2026-01-20 17:50:51,052 [INFO] fplmodel - Bench 4 | Caoimhín Kelleher (Brentford) - 4.21 pts
2026-01-20 17:50:51,059 [INFO] fplmodel - Predictions saved to /Users/kyle/Documents/FPL-Prediction/outputs/predictions_gw25.csv
2026-01-20 17:50:51,059 [INFO] fplmodel - Starting XI saved to /Users/kyle/Documents/FPL-Prediction/outputs/starting_xi_gw25.csv
2026-01-20 17:50:51,060 [INFO] fplmodel - Bench saved to /Users/kyle/Documents/FPL-Prediction/outputs/bench_gw25.csv
2026-01-20 17:50:51,060 [INFO] fplmodel - Best XI JSON saved to /Users/kyle/Documents/FPL-Prediction/outputs/best_xi_gw25.json
2026-01-20 17:50:51,060 [INFO] fplmodel - Rendering best XI graphic...
2026-01-20 17:50:51,197 [INFO] fplmodel - Rendering best XI graphic completed in 0.14s
2026-01-20 17:50:51,197 [INFO] fplmodel - Best XI graphic generated at /Users/kyle/Documents/FPL-Prediction/outputs/best_xi_gw25.png
2026-01-20 17:50:51,202 [INFO] fplmodel - Residuals saved to /Users/kyle/Documents/FPL-Prediction/outputs/residuals_gw24.csv
2026-01-20 17:50:51,202 [INFO] fplmodel - Pipeline complete for GW 25
