2026-05-27 09:20:07,505 [INFO] fplmodel - Logging initialised. Writing to /Users/kyle/Documents/FPL-Prediction/logs/run_20260527_092007.log
2026-05-27 09:20:07,505 [INFO] fplmodel - Starting pipeline run (force_refetch=False)
2026-05-27 09:20:07,505 [INFO] fplmodel - Fetching bootstrap static data...
2026-05-27 09:20:07,529 [INFO] fplmodel - Fetching bootstrap static data completed in 0.02s
2026-05-27 09:20:07,529 [INFO] fplmodel - Fetching fixtures data...
2026-05-27 09:20:07,539 [INFO] fplmodel - Fetching fixtures data completed in 0.01s
2026-05-27 09:20:07,539 [INFO] fplmodel - Normalising bootstrap data...
2026-05-27 09:20:07,550 [INFO] fplmodel - Normalising bootstrap data completed in 0.01s
2026-05-27 09:20:07,550 [INFO] fplmodel - Loaded normalised frames: 841 elements, 20 teams, 38 events
2026-05-27 09:20:07,550 [INFO] fplmodel - Gameweek override applied -> next_gw=10 | last_finished_gw=9
2026-05-27 09:20:07,550 [INFO] fplmodel - Next gameweek: 10 | Last finished gameweek: 9
2026-05-27 09:20:07,550 [INFO] fplmodel - Renaming log file to highlight gameweek 10
2026-05-27 09:20:07,550 [INFO] fplmodel - Log file renamed to /Users/kyle/Documents/FPL-Prediction/logs/run_gw10_20260527_092007.log
2026-05-27 09:20:07,550 [INFO] fplmodel - Fetching player histories for 841 players (force_refetch=False)...
2026-05-27 09:20:07,550 [INFO] fplmodel.data_pull - Fetching player histories with 8 worker thread(s).
2026-05-27 09:20:07,718 [INFO] fplmodel.data_pull - Player history fetch progress: 50/841 complete (0 failures).
2026-05-27 09:20:07,825 [INFO] fplmodel.data_pull - Player history fetch progress: 100/841 complete (0 failures).
2026-05-27 09:20:07,936 [INFO] fplmodel.data_pull - Player history fetch progress: 150/841 complete (0 failures).
2026-05-27 09:20:08,040 [INFO] fplmodel.data_pull - Player history fetch progress: 200/841 complete (0 failures).
2026-05-27 09:20:08,148 [INFO] fplmodel.data_pull - Player history fetch progress: 250/841 complete (0 failures).
2026-05-27 09:20:08,251 [INFO] fplmodel.data_pull - Player history fetch progress: 300/841 complete (0 failures).
2026-05-27 09:20:08,355 [INFO] fplmodel.data_pull - Player history fetch progress: 350/841 complete (0 failures).
2026-05-27 09:20:08,467 [INFO] fplmodel.data_pull - Player history fetch progress: 400/841 complete (0 failures).
2026-05-27 09:20:08,576 [INFO] fplmodel.data_pull - Player history fetch progress: 450/841 complete (0 failures).
2026-05-27 09:20:08,684 [INFO] fplmodel.data_pull - Player history fetch progress: 500/841 complete (0 failures).
2026-05-27 09:20:08,791 [INFO] fplmodel.data_pull - Player history fetch progress: 550/841 complete (0 failures).
2026-05-27 09:20:08,900 [INFO] fplmodel.data_pull - Player history fetch progress: 600/841 complete (0 failures).
2026-05-27 09:20:09,013 [INFO] fplmodel.data_pull - Player history fetch progress: 650/841 complete (0 failures).
2026-05-27 09:20:09,123 [INFO] fplmodel.data_pull - Player history fetch progress: 700/841 complete (0 failures).
2026-05-27 09:20:09,223 [INFO] fplmodel.data_pull - Player history fetch progress: 750/841 complete (0 failures).
2026-05-27 09:20:09,326 [INFO] fplmodel.data_pull - Player history fetch progress: 800/841 complete (0 failures).
2026-05-27 09:20:09,405 [INFO] fplmodel.data_pull - Player history fetch progress: 841/841 complete (0 failures).
2026-05-27 09:20:09,443 [INFO] fplmodel - Fetching player histories for 841 players (force_refetch=False) completed in 1.89s
2026-05-27 09:20:09,444 [INFO] fplmodel - Loading 841 player history files from /Users/kyle/Documents/FPL-Prediction/data/raw
2026-05-27 09:20:09,444 [INFO] fplmodel - Collating player history JSON into dataframe...
2026-05-27 09:20:10,332 [INFO] fplmodel - Collating player history JSON into dataframe completed in 0.89s
2026-05-27 09:20:11,384 [INFO] fplmodel - Built player histories dataframe with 178482 rows
2026-05-27 09:20:11,384 [INFO] fplmodel - Loading external history data...
2026-05-27 09:20:12,168 [INFO] fplmodel - Loading external history data completed in 0.78s
2026-05-27 09:20:12,209 [INFO] fplmodel - Loaded 133500 external history rows for seasons 2020-21, 2021-22, 2022-23, 2023-24, 2024-25
2026-05-27 09:20:12,387 [INFO] fplmodel - Combined history dataset now has 296480 rows
2026-05-27 09:20:12,387 [INFO] fplmodel - Building training and prediction feature frames...
2026-05-27 09:20:32,520 [INFO] fplmodel - Building training and prediction feature frames completed in 20.13s
2026-05-27 09:20:32,521 [INFO] fplmodel - Prepared features: X_train=(258464, 156), y_train=258464, X_pred=(841, 163)
2026-05-27 09:20:32,528 [INFO] fplmodel - Training models with 156 features
2026-05-27 09:20:32,528 [INFO] fplmodel - Training feature columns: total_points_ma5, minutes_ma5, goals_scored_ma5, assists_ma5, clean_sheets_ma5, influence_ma5, creativity_ma5, threat_ma5, ict_index_ma5, goals_conceded_ma5, own_goals_ma5, penalties_saved_ma5, penalties_missed_ma5, yellow_cards_ma5, red_cards_ma5, saves_ma5, bonus_ma5, bps_ma5, clearances_blocks_interceptions_ma5, recoveries_ma5, tackles_ma5, defensive_contribution_ma5, starts_ma5, expected_goals_ma5, expected_assists_ma5, expected_goal_involvements_ma5, expected_goals_conceded_ma5, value_ma5, transfers_balance_ma5, selected_ma5, transfers_in_ma5, transfers_out_ma5, attacking_returns_ma5, finishing_plus_minus_ma5, finishing_ratio_ma5, creation_plus_minus_ma5, creation_ratio_ma5, xgi_plus_minus_ma5, minutes_share_ma5, points_per_90_ma5, tackles_plus_interceptions_ma5, defensive_actions_ma5, total_points_lag1, minutes_lag1, goals_scored_lag1, assists_lag1, clean_sheets_lag1, influence_lag1, creativity_lag1, threat_lag1, ict_index_lag1, goals_conceded_lag1, own_goals_lag1, penalties_saved_lag1, penalties_missed_lag1, yellow_cards_lag1, red_cards_lag1, saves_lag1, bonus_lag1, bps_lag1, clearances_blocks_interceptions_lag1, recoveries_lag1, tackles_lag1, defensive_contribution_lag1, starts_lag1, expected_goals_lag1, expected_assists_lag1, expected_goal_involvements_lag1, expected_goals_conceded_lag1, value_lag1, transfers_balance_lag1, selected_lag1, transfers_in_lag1, transfers_out_lag1, attacking_returns_lag1, finishing_plus_minus_lag1, finishing_ratio_lag1, creation_plus_minus_lag1, creation_ratio_lag1, xgi_plus_minus_lag1, minutes_share_lag1, points_per_90_lag1, tackles_plus_interceptions_lag1, defensive_actions_lag1, team_goals_for_ma5, team_goals_against_ma5, team_goal_diff_ma5, team_clean_sheet_ma5, team_conceded_two_plus_ma5, team_match_points_ma5, opp_team_goals_for_ma5, opp_team_goals_against_ma5, opp_team_goal_diff_ma5, opp_team_clean_sheet_ma5, opp_team_conceded_two_plus_ma5, opp_team_match_points_ma5, was_home, team_strength_overall, team_strength_home, team_strength_away, team_attack_home, team_attack_away, team_def_home, team_def_away, team_form_rating, team_points_table, team_league_position, team_matches_played, team_wins, team_draws, team_losses, opp_strength_overall, opp_strength_home, opp_strength_away, opp_attack_home, opp_attack_away, opp_def_home, opp_def_away, opp_form_rating, opp_points_table, opp_league_position, opp_matches_played, opp_wins, opp_draws, opp_losses, form, points_per_game, value_form, value_season, selected_by_percent, expected_goals_per_90, expected_assists_per_90, expected_goal_involvements_per_90, expected_goals_conceded_per_90, goals_conceded_per_90, saves_per_90, starts_per_90, clean_sheets_per_90, defensive_contribution_per_90, availability_this_round, availability_next_round, status_availability, status_injury_flag, injury_risk_flag, corners_and_indirect_freekicks_order, direct_freekicks_order, penalties_order, has_corners_duty, primary_corners_taker, has_direct_fk_duty, primary_direct_fk_taker, has_penalty_duty, primary_penalty_taker, set_piece_duty_score, player_bias, pos_bias
2026-05-27 09:20:32,528 [INFO] fplmodel - Training prediction models...
2026-05-27 09:20:32,906 [INFO] fplmodel.model - Season sample weights applied: 2020-21: 0.25, 2021-22: 0.25, 2022-23: 0.34, 2023-24: 0.49, 2024-25: 0.70, 2025-26: 1.00
2026-05-27 09:20:32,906 [INFO] fplmodel.model - Using TimeSeriesSplit with 3 folds for hyperparameter tuning.
2026-05-27 09:20:32,907 [INFO] fplmodel.model - Using actual match minutes as classifier target (minutes >= 60).
2026-05-27 09:20:32,912 [INFO] fplmodel.model - Model selection using most recent 60000/258464 training rows; final fits still use all rows.
2026-05-27 09:20:59,901 [INFO] fplmodel.model - Best classifier[hist_gbdt] params from tuning: {'est__min_samples_leaf': 20, 'est__max_iter': 250, 'est__max_depth': 8, 'est__learning_rate': 0.06, 'est__l2_regularization': 0.05} (score=0.7835)
2026-05-27 09:21:19,071 [INFO] fplmodel.model - Best regressor[hist_gbdt] params from tuning: {'est__min_samples_leaf': 40, 'est__max_iter': 400, 'est__max_depth': 6, 'est__learning_rate': 0.04, 'est__l2_regularization': 0.0} (score=-1.1361)
2026-05-27 09:21:19,071 [INFO] fplmodel.model - Candidate Histogram Gradient Boosting | classifier=0.7835 ± 0.0111 ↑ | regressor=1.1361 ± 0.0381 ↓
2026-05-27 09:21:52,583 [INFO] fplmodel.model - Best classifier[xgboost] params from tuning: {'est__subsample': 0.9, 'est__reg_lambda': 1.5, 'est__n_estimators': 550, 'est__max_depth': 8, 'est__learning_rate': 0.05, 'est__gamma': 0.3, 'est__colsample_bytree': 0.85} (score=0.7857)
2026-05-27 09:22:20,344 [INFO] fplmodel.model - Best regressor[xgboost] params from tuning: {'est__subsample': 0.8, 'est__reg_lambda': 1.5, 'est__n_estimators': 250, 'est__max_depth': 4, 'est__learning_rate': 0.08, 'est__gamma': 0.1, 'est__colsample_bytree': 0.7} (score=-1.1550)
2026-05-27 09:22:20,346 [INFO] fplmodel.model - Candidate XGBoost | classifier=0.7857 ± 0.0101 ↑ | regressor=1.1550 ± 0.0446 ↓
2026-05-27 09:22:20,346 [INFO] fplmodel.model - Saved model selection summary to /Users/kyle/Documents/FPL-Prediction/models/model_selection_summary.csv
2026-05-27 09:22:20,346 [INFO] fplmodel.model - Selected classifier model: XGBoost (balanced_accuracy=0.7857 ± 0.0101 ↑)
2026-05-27 09:22:20,346 [INFO] fplmodel.model - Selected regressor model: Histogram Gradient Boosting (MAE=1.1361 ± 0.0381 ↓)
2026-05-27 09:23:55,035 [INFO] fplmodel.model - Classifier (xgboost) feature selector dropped 37 column(s): availability_next_round, bps_lag1, bps_ma5, creation_plus_minus_lag1, creation_plus_minus_ma5, defensive_actions_lag1, defensive_actions_ma5, expected_goal_involvements_ma5, expected_goal_involvements_per_90, injury_risk_flag, ... (+27 more)
2026-05-27 09:23:55,037 [INFO] fplmodel.model - Regressor (histogram gradient boosting) feature selector dropped 37 column(s): availability_next_round, bps_lag1, bps_ma5, creation_plus_minus_lag1, creation_plus_minus_ma5, defensive_actions_lag1, defensive_actions_ma5, expected_goal_involvements_ma5, expected_goal_involvements_per_90, injury_risk_flag, ... (+27 more)
2026-05-27 09:23:55,037 [INFO] fplmodel.model - Final model selection: classifier=XGBoost | regressor=Histogram Gradient Boosting
2026-05-27 09:23:55,084 [INFO] fplmodel - Training prediction models completed in 202.56s
2026-05-27 09:23:55,084 [INFO] fplmodel - Estimator HistGradientBoostingRegressor for regressor does not expose feature_importances_; skipping logging.
2026-05-27 09:23:55,085 [INFO] fplmodel - Top feature weights for classifier: minutes_ma5: 0.1800, minutes_lag1: 0.0999, starts_lag1: 0.0647, value_season: 0.0249, ict_index_lag1: 0.0203, influence_ma5: 0.0183, recoveries_ma5: 0.0161, influence_lag1: 0.0154, ict_index_ma5: 0.0149, starts_ma5: 0.0133, defensive_contribution_lag1: 0.0133, recoveries_lag1: 0.0115, defensive_contribution_ma5: 0.0114, transfers_in_lag1: 0.0111, red_cards_ma5: 0.0107
2026-05-27 09:23:55,085 [INFO] fplmodel - Model training complete; fitted 2 candidate pair(s).
2026-05-27 09:23:55,086 [INFO] fplmodel - Generating next gameweek predictions...
2026-05-27 09:23:55,136 [INFO] fplmodel - Generating next gameweek predictions completed in 0.05s
2026-05-27 09:23:55,137 [INFO] fplmodel - Generated ensemble predictions for 841 players using 2 model(s): Histogram Gradient Boosting, XGBoost
2026-05-27 09:23:55,143 [INFO] fplmodel - Applied fixture multipliers; average EP now 0.80
2026-05-27 09:23:55,144 [INFO] fplmodel - Top 5 expected point predictions (ensemble): Gabriel dos Santos Magalhães (7.34); Jurriën Timber (6.98); Bryan Mbeumo (6.15); Nick Woltemade (5.89); Antoine Semenyo (5.69)
2026-05-27 09:23:55,144 [INFO] fplmodel - Evaluating last finished gameweek residuals...
2026-05-27 09:23:55,260 [INFO] fplmodel - Evaluating last finished gameweek residuals completed in 0.12s
2026-05-27 09:23:55,260 [INFO] fplmodel - Residuals computed for 7329 players in GW 9
2026-05-27 09:23:55,260 [INFO] fplmodel - Selecting best XI from 841 candidates
2026-05-27 09:23:55,260 [INFO] fplmodel - Optimising best XI selection...
2026-05-27 09:23:56,430 [INFO] fplmodel - Optimising best XI selection completed in 1.17s
2026-05-27 09:23:56,431 [INFO] fplmodel - Selected squad: total cost 95.3M | starting cost 69.8M | bench cost 25.5M
2026-05-27 09:23:56,431 [INFO] fplmodel - Projected points: XI 61.93 | Captain included 69.27 | Bench 16.25
2026-05-27 09:23:56,431 [INFO] fplmodel - Captain: Gabriel dos Santos Magalhães
2026-05-27 09:23:56,431 [INFO] fplmodel - XI | Nick Pope (Newcastle) - 4.37 pts | 5.0M
2026-05-27 09:23:56,431 [INFO] fplmodel - XI | Gabriel dos Santos Magalhães (Arsenal) - 7.34 pts | 7.3M
2026-05-27 09:23:56,431 [INFO] fplmodel - XI | Jurriën Timber (Arsenal) - 6.98 pts | 6.0M
2026-05-27 09:23:56,431 [INFO] fplmodel - XI | Micky van de Ven (Spurs) - 5.31 pts | 4.4M
2026-05-27 09:23:56,431 [INFO] fplmodel - XI | Reece James (Chelsea) - 4.64 pts | 5.6M
2026-05-27 09:23:56,431 [INFO] fplmodel - XI | Bryan Mbeumo (Man Utd) - 6.15 pts | 8.3M
2026-05-27 09:23:56,431 [INFO] fplmodel - XI | Antoine Semenyo (Man City) - 5.69 pts | 8.0M
2026-05-27 09:23:56,431 [INFO] fplmodel - XI | Leandro Trossard (Arsenal) - 5.44 pts | 6.6M
2026-05-27 09:23:56,431 [INFO] fplmodel - XI | João Maria Lobo Alves Palhares Costa Palhinha Gonçalves (Spurs) - 5.24 pts | 5.5M
2026-05-27 09:23:56,431 [INFO] fplmodel - XI | Mohammed Kudus (Spurs) - 4.86 pts | 6.4M
2026-05-27 09:23:56,431 [INFO] fplmodel - XI | Nick Woltemade (Newcastle) - 5.89 pts | 6.7M
2026-05-27 09:23:56,431 [INFO] fplmodel - Bench 1 | Marc Cucurella Saseta (Chelsea) - 4.43 pts
2026-05-27 09:23:56,431 [INFO] fplmodel - Bench 2 | João Pedro Junqueira de Jesus (Chelsea) - 4.18 pts
2026-05-27 09:23:56,431 [INFO] fplmodel - Bench 3 | Benjamin Sesko (Man Utd) - 4.04 pts
2026-05-27 09:23:56,432 [INFO] fplmodel - Bench 4 | Robin Roefs (Sunderland) - 3.60 pts
2026-05-27 09:23:56,442 [INFO] fplmodel - Predictions saved to /Users/kyle/Documents/FPL-Prediction/outputs/predictions_gw10.csv
2026-05-27 09:23:56,443 [INFO] fplmodel - Starting XI saved to /Users/kyle/Documents/FPL-Prediction/outputs/starting_xi_gw10.csv
2026-05-27 09:23:56,443 [INFO] fplmodel - Bench saved to /Users/kyle/Documents/FPL-Prediction/outputs/bench_gw10.csv
2026-05-27 09:23:56,444 [INFO] fplmodel - Best XI JSON saved to /Users/kyle/Documents/FPL-Prediction/outputs/best_xi_gw10.json
2026-05-27 09:23:56,444 [INFO] fplmodel - Rendering best XI graphic...
2026-05-27 09:23:56,584 [INFO] fplmodel - Rendering best XI graphic completed in 0.14s
2026-05-27 09:23:56,585 [INFO] fplmodel - Best XI graphic generated at /Users/kyle/Documents/FPL-Prediction/outputs/best_xi_gw10.png
2026-05-27 09:23:56,594 [INFO] fplmodel - Residuals saved to /Users/kyle/Documents/FPL-Prediction/outputs/residuals_gw9.csv
2026-05-27 09:23:56,594 [INFO] fplmodel - Pipeline complete for GW 10
