2026-05-04 12:30:17,376 [INFO] fplmodel - Logging initialised. Writing to /Users/kyle/Documents/FPL-Prediction/logs/run_20260504_123017.log
2026-05-04 12:30:17,376 [INFO] fplmodel - Starting pipeline run (force_refetch=False)
2026-05-04 12:30:17,376 [INFO] fplmodel - Fetching bootstrap static data...
2026-05-04 12:30:17,397 [INFO] fplmodel - Fetching bootstrap static data completed in 0.02s
2026-05-04 12:30:17,397 [INFO] fplmodel - Fetching fixtures data...
2026-05-04 12:30:17,437 [INFO] fplmodel - Fetching fixtures data completed in 0.04s
2026-05-04 12:30:17,437 [INFO] fplmodel - Normalising bootstrap data...
2026-05-04 12:30:17,448 [INFO] fplmodel - Normalising bootstrap data completed in 0.01s
2026-05-04 12:30:17,448 [INFO] fplmodel - Loaded normalised frames: 832 elements, 20 teams, 38 events
2026-05-04 12:30:17,448 [INFO] fplmodel - Gameweek override applied -> next_gw=39 | last_finished_gw=38
2026-05-04 12:30:17,448 [INFO] fplmodel - Next gameweek: 39 | Last finished gameweek: 38
2026-05-04 12:30:17,448 [INFO] fplmodel - Renaming log file to highlight gameweek 39
2026-05-04 12:30:17,448 [INFO] fplmodel - Log file renamed to /Users/kyle/Documents/FPL-Prediction/logs/run_gw39_20260504_123017.log
2026-05-04 12:30:17,448 [INFO] fplmodel - Fetching player histories for 832 players (force_refetch=False)...
2026-05-04 12:30:17,448 [INFO] fplmodel.data_pull - Fetching player histories with 8 worker thread(s).
2026-05-04 12:30:17,563 [INFO] fplmodel.data_pull - Player history fetch progress: 50/832 complete (0 failures).
2026-05-04 12:30:17,661 [INFO] fplmodel.data_pull - Player history fetch progress: 100/832 complete (0 failures).
2026-05-04 12:30:17,762 [INFO] fplmodel.data_pull - Player history fetch progress: 150/832 complete (0 failures).
2026-05-04 12:30:17,858 [INFO] fplmodel.data_pull - Player history fetch progress: 200/832 complete (0 failures).
2026-05-04 12:30:17,954 [INFO] fplmodel.data_pull - Player history fetch progress: 250/832 complete (0 failures).
2026-05-04 12:30:18,053 [INFO] fplmodel.data_pull - Player history fetch progress: 300/832 complete (0 failures).
2026-05-04 12:30:18,148 [INFO] fplmodel.data_pull - Player history fetch progress: 350/832 complete (0 failures).
2026-05-04 12:30:18,251 [INFO] fplmodel.data_pull - Player history fetch progress: 400/832 complete (0 failures).
2026-05-04 12:30:18,352 [INFO] fplmodel.data_pull - Player history fetch progress: 450/832 complete (0 failures).
2026-05-04 12:30:18,448 [INFO] fplmodel.data_pull - Player history fetch progress: 500/832 complete (0 failures).
2026-05-04 12:30:18,550 [INFO] fplmodel.data_pull - Player history fetch progress: 550/832 complete (0 failures).
2026-05-04 12:30:18,651 [INFO] fplmodel.data_pull - Player history fetch progress: 600/832 complete (0 failures).
2026-05-04 12:30:18,750 [INFO] fplmodel.data_pull - Player history fetch progress: 650/832 complete (0 failures).
2026-05-04 12:30:18,847 [INFO] fplmodel.data_pull - Player history fetch progress: 700/832 complete (0 failures).
2026-05-04 12:30:18,941 [INFO] fplmodel.data_pull - Player history fetch progress: 750/832 complete (0 failures).
2026-05-04 12:30:19,042 [INFO] fplmodel.data_pull - Player history fetch progress: 800/832 complete (0 failures).
2026-05-04 12:30:19,091 [INFO] fplmodel.data_pull - Player history fetch progress: 832/832 complete (0 failures).
2026-05-04 12:30:19,125 [INFO] fplmodel - Fetching player histories for 832 players (force_refetch=False) completed in 1.68s
2026-05-04 12:30:19,127 [INFO] fplmodel - Loading 832 player history files from /Users/kyle/Documents/FPL-Prediction/data/raw
2026-05-04 12:30:19,128 [INFO] fplmodel - Collating player history JSON into dataframe...
2026-05-04 12:30:19,919 [INFO] fplmodel - Collating player history JSON into dataframe completed in 0.79s
2026-05-04 12:30:20,807 [INFO] fplmodel - Built player histories dataframe with 162876 rows
2026-05-04 12:30:20,807 [INFO] fplmodel - Loading external history data...
2026-05-04 12:30:21,566 [INFO] fplmodel - Loading external history data completed in 0.76s
2026-05-04 12:30:21,608 [INFO] fplmodel - Loaded 133400 external history rows for seasons 2020-21, 2021-22, 2022-23, 2023-24, 2024-25
2026-05-04 12:30:21,763 [INFO] fplmodel - Combined history dataset now has 282030 rows
2026-05-04 12:30:21,764 [INFO] fplmodel - Building training and prediction feature frames...
2026-05-04 12:30:41,593 [INFO] fplmodel - Building training and prediction feature frames completed in 19.83s
2026-05-04 12:30:41,593 [INFO] fplmodel - Prepared features: X_train=(267079, 156), y_train=267079, X_pred=(832, 163)
2026-05-04 12:30:41,602 [INFO] fplmodel - Training models with 156 features
2026-05-04 12:30:41,602 [INFO] fplmodel - Training feature columns: total_points_ma5, minutes_ma5, goals_scored_ma5, assists_ma5, clean_sheets_ma5, influence_ma5, creativity_ma5, threat_ma5, ict_index_ma5, goals_conceded_ma5, own_goals_ma5, penalties_saved_ma5, penalties_missed_ma5, yellow_cards_ma5, red_cards_ma5, saves_ma5, bonus_ma5, bps_ma5, clearances_blocks_interceptions_ma5, recoveries_ma5, tackles_ma5, defensive_contribution_ma5, starts_ma5, expected_goals_ma5, expected_assists_ma5, expected_goal_involvements_ma5, expected_goals_conceded_ma5, value_ma5, transfers_balance_ma5, selected_ma5, transfers_in_ma5, transfers_out_ma5, attacking_returns_ma5, finishing_plus_minus_ma5, finishing_ratio_ma5, creation_plus_minus_ma5, creation_ratio_ma5, xgi_plus_minus_ma5, minutes_share_ma5, points_per_90_ma5, tackles_plus_interceptions_ma5, defensive_actions_ma5, total_points_lag1, minutes_lag1, goals_scored_lag1, assists_lag1, clean_sheets_lag1, influence_lag1, creativity_lag1, threat_lag1, ict_index_lag1, goals_conceded_lag1, own_goals_lag1, penalties_saved_lag1, penalties_missed_lag1, yellow_cards_lag1, red_cards_lag1, saves_lag1, bonus_lag1, bps_lag1, clearances_blocks_interceptions_lag1, recoveries_lag1, tackles_lag1, defensive_contribution_lag1, starts_lag1, expected_goals_lag1, expected_assists_lag1, expected_goal_involvements_lag1, expected_goals_conceded_lag1, value_lag1, transfers_balance_lag1, selected_lag1, transfers_in_lag1, transfers_out_lag1, attacking_returns_lag1, finishing_plus_minus_lag1, finishing_ratio_lag1, creation_plus_minus_lag1, creation_ratio_lag1, xgi_plus_minus_lag1, minutes_share_lag1, points_per_90_lag1, tackles_plus_interceptions_lag1, defensive_actions_lag1, team_goals_for_ma5, team_goals_against_ma5, team_goal_diff_ma5, team_clean_sheet_ma5, team_conceded_two_plus_ma5, team_match_points_ma5, opp_team_goals_for_ma5, opp_team_goals_against_ma5, opp_team_goal_diff_ma5, opp_team_clean_sheet_ma5, opp_team_conceded_two_plus_ma5, opp_team_match_points_ma5, was_home, team_strength_overall, team_strength_home, team_strength_away, team_attack_home, team_attack_away, team_def_home, team_def_away, team_form_rating, team_points_table, team_league_position, team_matches_played, team_wins, team_draws, team_losses, opp_strength_overall, opp_strength_home, opp_strength_away, opp_attack_home, opp_attack_away, opp_def_home, opp_def_away, opp_form_rating, opp_points_table, opp_league_position, opp_matches_played, opp_wins, opp_draws, opp_losses, form, points_per_game, value_form, value_season, selected_by_percent, expected_goals_per_90, expected_assists_per_90, expected_goal_involvements_per_90, expected_goals_conceded_per_90, goals_conceded_per_90, saves_per_90, starts_per_90, clean_sheets_per_90, defensive_contribution_per_90, availability_this_round, availability_next_round, status_availability, status_injury_flag, injury_risk_flag, corners_and_indirect_freekicks_order, direct_freekicks_order, penalties_order, has_corners_duty, primary_corners_taker, has_direct_fk_duty, primary_direct_fk_taker, has_penalty_duty, primary_penalty_taker, set_piece_duty_score, player_bias, pos_bias
2026-05-04 12:30:41,602 [INFO] fplmodel - Training prediction models...
2026-05-04 12:30:41,999 [INFO] fplmodel.model - Season sample weights applied: 2020-21: 0.25, 2021-22: 0.25, 2022-23: 0.34, 2023-24: 0.49, 2024-25: 0.70, 2025-26: 1.00
2026-05-04 12:30:41,999 [INFO] fplmodel.model - Using TimeSeriesSplit with 3 folds for hyperparameter tuning.
2026-05-04 12:30:42,000 [INFO] fplmodel.model - Using actual match minutes as classifier target (minutes >= 60).
2026-05-04 12:30:42,002 [INFO] fplmodel.model - Model selection using most recent 60000/267079 training rows; final fits still use all rows.
2026-05-04 12:31:10,100 [INFO] fplmodel.model - Best classifier[hist_gbdt] params from tuning: {'est__min_samples_leaf': 30, 'est__max_iter': 200, 'est__max_depth': None, 'est__learning_rate': 0.06, 'est__l2_regularization': 0.05} (score=0.7769)
2026-05-04 12:31:29,080 [INFO] fplmodel.model - Best regressor[hist_gbdt] params from tuning: {'est__min_samples_leaf': 20, 'est__max_iter': 400, 'est__max_depth': 4, 'est__learning_rate': 0.04, 'est__l2_regularization': 0.1} (score=-1.0950)
2026-05-04 12:31:29,080 [INFO] fplmodel.model - Candidate Histogram Gradient Boosting | classifier=0.7769 ± 0.0190 ↑ | regressor=1.0950 ± 0.0782 ↓
2026-05-04 12:32:01,886 [INFO] fplmodel.model - Best classifier[xgboost] params from tuning: {'est__subsample': 0.9, 'est__reg_lambda': 1.5, 'est__n_estimators': 550, 'est__max_depth': 8, 'est__learning_rate': 0.05, 'est__gamma': 0.3, 'est__colsample_bytree': 0.85} (score=0.7754)
2026-05-04 12:32:28,512 [INFO] fplmodel.model - Best regressor[xgboost] params from tuning: {'est__subsample': 0.8, 'est__reg_lambda': 1.5, 'est__n_estimators': 250, 'est__max_depth': 4, 'est__learning_rate': 0.08, 'est__gamma': 0.1, 'est__colsample_bytree': 0.7} (score=-1.0974)
2026-05-04 12:32:28,512 [INFO] fplmodel.model - Candidate XGBoost | classifier=0.7754 ± 0.0257 ↑ | regressor=1.0974 ± 0.0819 ↓
2026-05-04 12:32:28,513 [INFO] fplmodel.model - Saved model selection summary to /Users/kyle/Documents/FPL-Prediction/models/model_selection_summary.csv
2026-05-04 12:32:28,513 [INFO] fplmodel.model - Selected classifier model: Histogram Gradient Boosting (balanced_accuracy=0.7769 ± 0.0190 ↑)
2026-05-04 12:32:28,513 [INFO] fplmodel.model - Selected regressor model: Histogram Gradient Boosting (MAE=1.0950 ± 0.0782 ↓)
2026-05-04 12:34:05,209 [INFO] fplmodel.model - Classifier (histogram gradient boosting) feature selector dropped 39 column(s): availability_next_round, bps_lag1, bps_ma5, creation_plus_minus_lag1, creation_plus_minus_ma5, defensive_actions_lag1, defensive_actions_ma5, expected_goal_involvements_ma5, expected_goal_involvements_per_90, injury_risk_flag, ... (+29 more)
2026-05-04 12:34:05,210 [INFO] fplmodel.model - Regressor (histogram gradient boosting) feature selector dropped 39 column(s): availability_next_round, bps_lag1, bps_ma5, creation_plus_minus_lag1, creation_plus_minus_ma5, defensive_actions_lag1, defensive_actions_ma5, expected_goal_involvements_ma5, expected_goal_involvements_per_90, injury_risk_flag, ... (+29 more)
2026-05-04 12:34:05,210 [INFO] fplmodel.model - Final model selection: classifier=Histogram Gradient Boosting | regressor=Histogram Gradient Boosting
2026-05-04 12:34:05,270 [INFO] fplmodel - Training prediction models completed in 203.67s
2026-05-04 12:34:05,271 [INFO] fplmodel - Estimator HistGradientBoostingRegressor for regressor does not expose feature_importances_; skipping logging.
2026-05-04 12:34:05,271 [INFO] fplmodel - Estimator HistGradientBoostingClassifier for classifier does not expose feature_importances_; skipping logging.
2026-05-04 12:34:05,271 [INFO] fplmodel - Model training complete; fitted 2 candidate pair(s).
2026-05-04 12:34:05,271 [INFO] fplmodel - Generating next gameweek predictions...
2026-05-04 12:34:05,327 [INFO] fplmodel - Generating next gameweek predictions completed in 0.06s
2026-05-04 12:34:05,328 [INFO] fplmodel - Generated ensemble predictions for 832 players using 2 model(s): Histogram Gradient Boosting, XGBoost
2026-05-04 12:34:05,334 [INFO] fplmodel - Applied fixture multipliers; average EP now 1.72
2026-05-04 12:34:05,335 [INFO] fplmodel - Top 5 expected point predictions (ensemble): Rayan Vitor Simplício Rocha (5.15); Bruno Borges Fernandes (5.13); Igor Thiago Nascimento Rodrigues (5.00); Jaidon Anthony (4.95); Gabriel dos Santos Magalhães (4.93)
2026-05-04 12:34:05,335 [INFO] fplmodel - Evaluating last finished gameweek residuals...
2026-05-04 12:34:05,397 [INFO] fplmodel - Evaluating last finished gameweek residuals completed in 0.06s
2026-05-04 12:34:05,397 [INFO] fplmodel - Residuals computed for 3863 players in GW 38
2026-05-04 12:34:05,397 [INFO] fplmodel - Selecting best XI from 832 candidates
2026-05-04 12:34:05,397 [INFO] fplmodel - Optimising best XI selection...
2026-05-04 12:34:06,283 [INFO] fplmodel - Optimising best XI selection completed in 0.89s
2026-05-04 12:34:06,284 [INFO] fplmodel - Selected squad: total cost 88.8M | starting cost 66.0M | bench cost 22.8M
2026-05-04 12:34:06,284 [INFO] fplmodel - Projected points: XI 52.48 | Captain included 57.63 | Bench 15.66
2026-05-04 12:34:06,284 [INFO] fplmodel - Captain: Rayan Vitor Simplício Rocha
2026-05-04 12:34:06,284 [INFO] fplmodel - XI | Caoimhín Kelleher (Brentford) - 4.49 pts | 4.8M
2026-05-04 12:34:06,284 [INFO] fplmodel - XI | Gabriel dos Santos Magalhães (Arsenal) - 4.93 pts | 7.2M
2026-05-04 12:34:06,284 [INFO] fplmodel - XI | Marc Cucurella Saseta (Chelsea) - 4.59 pts | 6.1M
2026-05-04 12:34:06,284 [INFO] fplmodel - XI | Jaka Bijol (Leeds) - 4.59 pts | 3.9M
2026-05-04 12:34:06,284 [INFO] fplmodel - XI | James Hill (Bournemouth) - 4.51 pts | 4.2M
2026-05-04 12:34:06,284 [INFO] fplmodel - XI | Rayan Vitor Simplício Rocha (Bournemouth) - 5.15 pts | 5.4M
2026-05-04 12:34:06,284 [INFO] fplmodel - XI | Bruno Borges Fernandes (Man Utd) - 5.13 pts | 10.4M
2026-05-04 12:34:06,284 [INFO] fplmodel - XI | Jaidon Anthony (Burnley) - 4.95 pts | 5.0M
2026-05-04 12:34:06,284 [INFO] fplmodel - XI | Dango Ouattara (Brentford) - 4.65 pts | 5.8M
2026-05-04 12:34:06,284 [INFO] fplmodel - XI | Carlos Henrique Casimiro (Man Utd) - 4.49 pts | 5.8M
2026-05-04 12:34:06,284 [INFO] fplmodel - XI | Igor Thiago Nascimento Rodrigues (Brentford) - 5.00 pts | 7.4M
2026-05-04 12:34:06,284 [INFO] fplmodel - Bench 1 | Adrien Truffert (Bournemouth) - 4.22 pts
2026-05-04 12:34:06,284 [INFO] fplmodel - Bench 2 | Ollie Watkins (Aston Villa) - 3.81 pts
2026-05-04 12:34:06,284 [INFO] fplmodel - Bench 3 | Zian Flemming (Burnley) - 3.75 pts
2026-05-04 12:34:06,284 [INFO] fplmodel - Bench 4 | Karl Darlow (Leeds) - 3.87 pts
2026-05-04 12:34:06,295 [INFO] fplmodel - Predictions saved to /Users/kyle/Documents/FPL-Prediction/outputs/predictions_gw39.csv
2026-05-04 12:34:06,295 [INFO] fplmodel - Starting XI saved to /Users/kyle/Documents/FPL-Prediction/outputs/starting_xi_gw39.csv
2026-05-04 12:34:06,296 [INFO] fplmodel - Bench saved to /Users/kyle/Documents/FPL-Prediction/outputs/bench_gw39.csv
2026-05-04 12:34:06,296 [INFO] fplmodel - Best XI JSON saved to /Users/kyle/Documents/FPL-Prediction/outputs/best_xi_gw39.json
2026-05-04 12:34:06,296 [INFO] fplmodel - Rendering best XI graphic...
2026-05-04 12:34:06,440 [INFO] fplmodel - Rendering best XI graphic completed in 0.14s
2026-05-04 12:34:06,441 [INFO] fplmodel - Best XI graphic generated at /Users/kyle/Documents/FPL-Prediction/outputs/best_xi_gw39.png
2026-05-04 12:34:06,446 [INFO] fplmodel - Residuals saved to /Users/kyle/Documents/FPL-Prediction/outputs/residuals_gw38.csv
2026-05-04 12:34:06,446 [INFO] fplmodel - Pipeline complete for GW 39
