2026-05-27 09:47:42,295 [INFO] fplmodel - Logging initialised. Writing to /Users/kyle/Documents/FPL-Prediction/logs/run_20260527_094742.log
2026-05-27 09:47:42,295 [INFO] fplmodel - Starting pipeline run (force_refetch=False)
2026-05-27 09:47:42,295 [INFO] fplmodel - Fetching bootstrap static data...
2026-05-27 09:47:42,318 [INFO] fplmodel - Fetching bootstrap static data completed in 0.02s
2026-05-27 09:47:42,318 [INFO] fplmodel - Fetching fixtures data...
2026-05-27 09:47:42,372 [INFO] fplmodel - Fetching fixtures data completed in 0.05s
2026-05-27 09:47:42,372 [INFO] fplmodel - Normalising bootstrap data...
2026-05-27 09:47:42,383 [INFO] fplmodel - Normalising bootstrap data completed in 0.01s
2026-05-27 09:47:42,383 [INFO] fplmodel - Loaded normalised frames: 841 elements, 20 teams, 38 events
2026-05-27 09:47:42,384 [INFO] fplmodel - Gameweek override applied -> next_gw=17 | last_finished_gw=16
2026-05-27 09:47:42,384 [INFO] fplmodel - Next gameweek: 17 | Last finished gameweek: 16
2026-05-27 09:47:42,384 [INFO] fplmodel - Renaming log file to highlight gameweek 17
2026-05-27 09:47:42,384 [INFO] fplmodel - Log file renamed to /Users/kyle/Documents/FPL-Prediction/logs/run_gw17_20260527_094742.log
2026-05-27 09:47:42,384 [INFO] fplmodel - Fetching player histories for 841 players (force_refetch=False)...
2026-05-27 09:47:42,384 [INFO] fplmodel.data_pull - Fetching player histories with 8 worker thread(s).
2026-05-27 09:47:42,505 [INFO] fplmodel.data_pull - Player history fetch progress: 50/841 complete (0 failures).
2026-05-27 09:47:42,611 [INFO] fplmodel.data_pull - Player history fetch progress: 100/841 complete (0 failures).
2026-05-27 09:47:42,737 [INFO] fplmodel.data_pull - Player history fetch progress: 150/841 complete (0 failures).
2026-05-27 09:47:42,846 [INFO] fplmodel.data_pull - Player history fetch progress: 200/841 complete (0 failures).
2026-05-27 09:47:42,951 [INFO] fplmodel.data_pull - Player history fetch progress: 250/841 complete (0 failures).
2026-05-27 09:47:43,059 [INFO] fplmodel.data_pull - Player history fetch progress: 300/841 complete (0 failures).
2026-05-27 09:47:43,158 [INFO] fplmodel.data_pull - Player history fetch progress: 350/841 complete (0 failures).
2026-05-27 09:47:43,277 [INFO] fplmodel.data_pull - Player history fetch progress: 400/841 complete (0 failures).
2026-05-27 09:47:43,388 [INFO] fplmodel.data_pull - Player history fetch progress: 450/841 complete (0 failures).
2026-05-27 09:47:43,486 [INFO] fplmodel.data_pull - Player history fetch progress: 500/841 complete (0 failures).
2026-05-27 09:47:43,598 [INFO] fplmodel.data_pull - Player history fetch progress: 550/841 complete (0 failures).
2026-05-27 09:47:43,707 [INFO] fplmodel.data_pull - Player history fetch progress: 600/841 complete (0 failures).
2026-05-27 09:47:43,817 [INFO] fplmodel.data_pull - Player history fetch progress: 650/841 complete (0 failures).
2026-05-27 09:47:43,922 [INFO] fplmodel.data_pull - Player history fetch progress: 700/841 complete (0 failures).
2026-05-27 09:47:44,021 [INFO] fplmodel.data_pull - Player history fetch progress: 750/841 complete (0 failures).
2026-05-27 09:47:44,120 [INFO] fplmodel.data_pull - Player history fetch progress: 800/841 complete (0 failures).
2026-05-27 09:47:44,199 [INFO] fplmodel.data_pull - Player history fetch progress: 841/841 complete (0 failures).
2026-05-27 09:47:44,239 [INFO] fplmodel - Fetching player histories for 841 players (force_refetch=False) completed in 1.85s
2026-05-27 09:47:44,239 [INFO] fplmodel - Loading 841 player history files from /Users/kyle/Documents/FPL-Prediction/data/raw
2026-05-27 09:47:44,240 [INFO] fplmodel - Collating player history JSON into dataframe...
2026-05-27 09:47:45,106 [INFO] fplmodel - Collating player history JSON into dataframe completed in 0.87s
2026-05-27 09:47:46,181 [INFO] fplmodel - Built player histories dataframe with 178482 rows
2026-05-27 09:47:46,181 [INFO] fplmodel - Loading external history data...
2026-05-27 09:47:46,987 [INFO] fplmodel - Loading external history data completed in 0.81s
2026-05-27 09:47:47,026 [INFO] fplmodel - Loaded 133500 external history rows for seasons 2020-21, 2021-22, 2022-23, 2023-24, 2024-25
2026-05-27 09:47:47,192 [INFO] fplmodel - Combined history dataset now has 296480 rows
2026-05-27 09:47:47,192 [INFO] fplmodel - Building training and prediction feature frames...
2026-05-27 09:48:07,901 [INFO] fplmodel - Building training and prediction feature frames completed in 20.71s
2026-05-27 09:48:07,902 [INFO] fplmodel - Prepared features: X_train=(263707, 156), y_train=263707, X_pred=(841, 163)
2026-05-27 09:48:07,918 [INFO] fplmodel - Training models with 156 features
2026-05-27 09:48:07,918 [INFO] fplmodel - Training feature columns: total_points_ma5, minutes_ma5, goals_scored_ma5, assists_ma5, clean_sheets_ma5, influence_ma5, creativity_ma5, threat_ma5, ict_index_ma5, goals_conceded_ma5, own_goals_ma5, penalties_saved_ma5, penalties_missed_ma5, yellow_cards_ma5, red_cards_ma5, saves_ma5, bonus_ma5, bps_ma5, clearances_blocks_interceptions_ma5, recoveries_ma5, tackles_ma5, defensive_contribution_ma5, starts_ma5, expected_goals_ma5, expected_assists_ma5, expected_goal_involvements_ma5, expected_goals_conceded_ma5, value_ma5, transfers_balance_ma5, selected_ma5, transfers_in_ma5, transfers_out_ma5, attacking_returns_ma5, finishing_plus_minus_ma5, finishing_ratio_ma5, creation_plus_minus_ma5, creation_ratio_ma5, xgi_plus_minus_ma5, minutes_share_ma5, points_per_90_ma5, tackles_plus_interceptions_ma5, defensive_actions_ma5, total_points_lag1, minutes_lag1, goals_scored_lag1, assists_lag1, clean_sheets_lag1, influence_lag1, creativity_lag1, threat_lag1, ict_index_lag1, goals_conceded_lag1, own_goals_lag1, penalties_saved_lag1, penalties_missed_lag1, yellow_cards_lag1, red_cards_lag1, saves_lag1, bonus_lag1, bps_lag1, clearances_blocks_interceptions_lag1, recoveries_lag1, tackles_lag1, defensive_contribution_lag1, starts_lag1, expected_goals_lag1, expected_assists_lag1, expected_goal_involvements_lag1, expected_goals_conceded_lag1, value_lag1, transfers_balance_lag1, selected_lag1, transfers_in_lag1, transfers_out_lag1, attacking_returns_lag1, finishing_plus_minus_lag1, finishing_ratio_lag1, creation_plus_minus_lag1, creation_ratio_lag1, xgi_plus_minus_lag1, minutes_share_lag1, points_per_90_lag1, tackles_plus_interceptions_lag1, defensive_actions_lag1, team_goals_for_ma5, team_goals_against_ma5, team_goal_diff_ma5, team_clean_sheet_ma5, team_conceded_two_plus_ma5, team_match_points_ma5, opp_team_goals_for_ma5, opp_team_goals_against_ma5, opp_team_goal_diff_ma5, opp_team_clean_sheet_ma5, opp_team_conceded_two_plus_ma5, opp_team_match_points_ma5, was_home, team_strength_overall, team_strength_home, team_strength_away, team_attack_home, team_attack_away, team_def_home, team_def_away, team_form_rating, team_points_table, team_league_position, team_matches_played, team_wins, team_draws, team_losses, opp_strength_overall, opp_strength_home, opp_strength_away, opp_attack_home, opp_attack_away, opp_def_home, opp_def_away, opp_form_rating, opp_points_table, opp_league_position, opp_matches_played, opp_wins, opp_draws, opp_losses, form, points_per_game, value_form, value_season, selected_by_percent, expected_goals_per_90, expected_assists_per_90, expected_goal_involvements_per_90, expected_goals_conceded_per_90, goals_conceded_per_90, saves_per_90, starts_per_90, clean_sheets_per_90, defensive_contribution_per_90, availability_this_round, availability_next_round, status_availability, status_injury_flag, injury_risk_flag, corners_and_indirect_freekicks_order, direct_freekicks_order, penalties_order, has_corners_duty, primary_corners_taker, has_direct_fk_duty, primary_direct_fk_taker, has_penalty_duty, primary_penalty_taker, set_piece_duty_score, player_bias, pos_bias
2026-05-27 09:48:07,918 [INFO] fplmodel - Training prediction models...
2026-05-27 09:48:08,319 [INFO] fplmodel.model - Season sample weights applied: 2020-21: 0.25, 2021-22: 0.25, 2022-23: 0.34, 2023-24: 0.49, 2024-25: 0.70, 2025-26: 1.00
2026-05-27 09:48:08,320 [INFO] fplmodel.model - Using TimeSeriesSplit with 3 folds for hyperparameter tuning.
2026-05-27 09:48:08,321 [INFO] fplmodel.model - Using actual match minutes as classifier target (minutes >= 60).
2026-05-27 09:48:08,327 [INFO] fplmodel.model - Model selection using most recent 60000/263707 training rows; final fits still use all rows.
2026-05-27 09:48:37,820 [INFO] fplmodel.model - Best classifier[hist_gbdt] params from tuning: {'est__min_samples_leaf': 20, 'est__max_iter': 250, 'est__max_depth': 8, 'est__learning_rate': 0.06, 'est__l2_regularization': 0.05} (score=0.7871)
2026-05-27 09:48:59,074 [INFO] fplmodel.model - Best regressor[hist_gbdt] params from tuning: {'est__min_samples_leaf': 30, 'est__max_iter': 350, 'est__max_depth': 8, 'est__learning_rate': 0.06, 'est__l2_regularization': 0.1} (score=-1.1312)
2026-05-27 09:48:59,075 [INFO] fplmodel.model - Candidate Histogram Gradient Boosting | classifier=0.7871 ± 0.0050 ↑ | regressor=1.1312 ± 0.0643 ↓
2026-05-27 09:49:33,189 [INFO] fplmodel.model - Best classifier[xgboost] params from tuning: {'est__subsample': 0.9, 'est__reg_lambda': 1.5, 'est__n_estimators': 550, 'est__max_depth': 8, 'est__learning_rate': 0.05, 'est__gamma': 0.3, 'est__colsample_bytree': 0.85} (score=0.7872)
2026-05-27 09:50:01,234 [INFO] fplmodel.model - Best regressor[xgboost] params from tuning: {'est__subsample': 0.8, 'est__reg_lambda': 1.5, 'est__n_estimators': 250, 'est__max_depth': 4, 'est__learning_rate': 0.08, 'est__gamma': 0.1, 'est__colsample_bytree': 0.7} (score=-1.1421)
2026-05-27 09:50:01,236 [INFO] fplmodel.model - Candidate XGBoost | classifier=0.7872 ± 0.0112 ↑ | regressor=1.1421 ± 0.0700 ↓
2026-05-27 09:50:01,237 [INFO] fplmodel.model - Saved model selection summary to /Users/kyle/Documents/FPL-Prediction/models/model_selection_summary.csv
2026-05-27 09:50:01,237 [INFO] fplmodel.model - Selected classifier model: XGBoost (balanced_accuracy=0.7872 ± 0.0112 ↑)
2026-05-27 09:50:01,237 [INFO] fplmodel.model - Selected regressor model: Histogram Gradient Boosting (MAE=1.1312 ± 0.0643 ↓)
2026-05-27 09:51:35,330 [INFO] fplmodel.model - Classifier (xgboost) feature selector dropped 37 column(s): availability_next_round, bps_lag1, bps_ma5, creation_plus_minus_lag1, creation_plus_minus_ma5, defensive_actions_lag1, defensive_actions_ma5, expected_goal_involvements_ma5, expected_goal_involvements_per_90, injury_risk_flag, ... (+27 more)
2026-05-27 09:51:35,330 [INFO] fplmodel.model - Regressor (histogram gradient boosting) feature selector dropped 37 column(s): availability_next_round, bps_lag1, bps_ma5, creation_plus_minus_lag1, creation_plus_minus_ma5, defensive_actions_lag1, defensive_actions_ma5, expected_goal_involvements_ma5, expected_goal_involvements_per_90, injury_risk_flag, ... (+27 more)
2026-05-27 09:51:35,330 [INFO] fplmodel.model - Final model selection: classifier=XGBoost | regressor=Histogram Gradient Boosting
2026-05-27 09:51:35,381 [INFO] fplmodel - Training prediction models completed in 207.46s
2026-05-27 09:51:35,381 [INFO] fplmodel - Estimator HistGradientBoostingRegressor for regressor does not expose feature_importances_; skipping logging.
2026-05-27 09:51:35,383 [INFO] fplmodel - Top feature weights for classifier: minutes_ma5: 0.1827, minutes_lag1: 0.0932, starts_lag1: 0.0512, value_season: 0.0249, recoveries_ma5: 0.0198, influence_ma5: 0.0196, ict_index_lag1: 0.0187, ict_index_ma5: 0.0159, influence_lag1: 0.0143, starts_ma5: 0.0139, recoveries_lag1: 0.0128, defensive_contribution_lag1: 0.0122, transfers_in_lag1: 0.0112, red_cards_ma5: 0.0099, penalties_saved_ma5: 0.0096
2026-05-27 09:51:35,383 [INFO] fplmodel - Model training complete; fitted 2 candidate pair(s).
2026-05-27 09:51:35,383 [INFO] fplmodel - Generating next gameweek predictions...
2026-05-27 09:51:35,430 [INFO] fplmodel - Generating next gameweek predictions completed in 0.05s
2026-05-27 09:51:35,431 [INFO] fplmodel - Generated ensemble predictions for 841 players using 2 model(s): Histogram Gradient Boosting, XGBoost
2026-05-27 09:51:35,438 [INFO] fplmodel - Applied fixture multipliers; average EP now 0.83
2026-05-27 09:51:35,438 [INFO] fplmodel - Top 5 expected point predictions (ensemble): Bruno Borges Fernandes (8.74); Bukayo Saka (8.69); Harry Wilson (7.51); Erling Haaland (6.90); Mateus Gonçalo Espanha Fernandes (6.45)
2026-05-27 09:51:35,439 [INFO] fplmodel - Evaluating last finished gameweek residuals...
2026-05-27 09:51:35,550 [INFO] fplmodel - Evaluating last finished gameweek residuals completed in 0.11s
2026-05-27 09:51:35,551 [INFO] fplmodel - Residuals computed for 7239 players in GW 16
2026-05-27 09:51:35,551 [INFO] fplmodel - Selecting best XI from 841 candidates
2026-05-27 09:51:35,551 [INFO] fplmodel - Optimising best XI selection...
2026-05-27 09:51:36,950 [INFO] fplmodel - Optimising best XI selection completed in 1.40s
2026-05-27 09:51:36,950 [INFO] fplmodel - Selected squad: total cost 100.0M | starting cost 82.7M | bench cost 17.3M
2026-05-27 09:51:36,951 [INFO] fplmodel - Projected points: XI 67.39 | Captain included 76.13 | Bench 13.31
2026-05-27 09:51:36,951 [INFO] fplmodel - Captain: Bruno Borges Fernandes
2026-05-27 09:51:36,951 [INFO] fplmodel - XI | Gianluigi Donnarumma (Man City) - 3.97 pts | 5.6M
2026-05-27 09:51:36,951 [INFO] fplmodel - XI | Trevoh Chalobah (Chelsea) - 5.02 pts | 5.4M
2026-05-27 09:51:36,951 [INFO] fplmodel - XI | Calvin Bassey (Fulham) - 4.74 pts | 4.4M
2026-05-27 09:51:36,951 [INFO] fplmodel - XI | Daniel Ballard (Sunderland) - 4.12 pts | 4.6M
2026-05-27 09:51:36,951 [INFO] fplmodel - XI | Bruno Borges Fernandes (Man Utd) - 8.74 pts | 10.4M
2026-05-27 09:51:36,951 [INFO] fplmodel - XI | Bukayo Saka (Arsenal) - 8.69 pts | 10.0M
2026-05-27 09:51:36,951 [INFO] fplmodel - XI | Harry Wilson (Fulham) - 7.51 pts | 5.8M
2026-05-27 09:51:36,951 [INFO] fplmodel - XI | Mateus Gonçalo Espanha Fernandes (West Ham) - 6.45 pts | 5.5M
2026-05-27 09:51:36,951 [INFO] fplmodel - XI | Morgan Rogers (Aston Villa) - 5.92 pts | 7.3M
2026-05-27 09:51:36,951 [INFO] fplmodel - XI | Erling Haaland (Man City) - 6.90 pts | 14.7M
2026-05-27 09:51:36,951 [INFO] fplmodel - XI | Hugo Ekitiké (Liverpool) - 5.34 pts | 9.0M
2026-05-27 09:51:36,951 [INFO] fplmodel - Bench 1 | Joachim Andersen (Fulham) - 4.08 pts
2026-05-27 09:51:36,951 [INFO] fplmodel - Bench 2 | Maxime Estève (Burnley) - 3.32 pts
2026-05-27 09:51:36,951 [INFO] fplmodel - Bench 3 | Adam Armstrong (Wolves) - 3.15 pts
2026-05-27 09:51:36,951 [INFO] fplmodel - Bench 4 | Martin Dúbravka (Burnley) - 2.76 pts
2026-05-27 09:51:36,961 [INFO] fplmodel - Predictions saved to /Users/kyle/Documents/FPL-Prediction/outputs/predictions_gw17.csv
2026-05-27 09:51:36,962 [INFO] fplmodel - Starting XI saved to /Users/kyle/Documents/FPL-Prediction/outputs/starting_xi_gw17.csv
2026-05-27 09:51:36,963 [INFO] fplmodel - Bench saved to /Users/kyle/Documents/FPL-Prediction/outputs/bench_gw17.csv
2026-05-27 09:51:36,964 [INFO] fplmodel - Best XI JSON saved to /Users/kyle/Documents/FPL-Prediction/outputs/best_xi_gw17.json
2026-05-27 09:51:36,964 [INFO] fplmodel - Rendering best XI graphic...
2026-05-27 09:51:37,105 [INFO] fplmodel - Rendering best XI graphic completed in 0.14s
2026-05-27 09:51:37,105 [INFO] fplmodel - Best XI graphic generated at /Users/kyle/Documents/FPL-Prediction/outputs/best_xi_gw17.png
2026-05-27 09:51:37,114 [INFO] fplmodel - Residuals saved to /Users/kyle/Documents/FPL-Prediction/outputs/residuals_gw16.csv
2026-05-27 09:51:37,114 [INFO] fplmodel - Pipeline complete for GW 17
