2026-05-27 10:50:51,203 [INFO] fplmodel - Logging initialised. Writing to /Users/kyle/Documents/FPL-Prediction/logs/run_20260527_105051.log
2026-05-27 10:50:51,203 [INFO] fplmodel - Starting pipeline run (force_refetch=False)
2026-05-27 10:50:51,203 [INFO] fplmodel - Fetching bootstrap static data...
2026-05-27 10:50:51,224 [INFO] fplmodel - Fetching bootstrap static data completed in 0.02s
2026-05-27 10:50:51,224 [INFO] fplmodel - Fetching fixtures data...
2026-05-27 10:50:51,234 [INFO] fplmodel - Fetching fixtures data completed in 0.01s
2026-05-27 10:50:51,234 [INFO] fplmodel - Normalising bootstrap data...
2026-05-27 10:50:51,245 [INFO] fplmodel - Normalising bootstrap data completed in 0.01s
2026-05-27 10:50:51,245 [INFO] fplmodel - Loaded normalised frames: 841 elements, 20 teams, 38 events
2026-05-27 10:50:51,246 [INFO] fplmodel - Gameweek override applied -> next_gw=33 | last_finished_gw=32
2026-05-27 10:50:51,246 [INFO] fplmodel - Next gameweek: 33 | Last finished gameweek: 32
2026-05-27 10:50:51,246 [INFO] fplmodel - Renaming log file to highlight gameweek 33
2026-05-27 10:50:51,246 [INFO] fplmodel - Log file renamed to /Users/kyle/Documents/FPL-Prediction/logs/run_gw33_20260527_105051.log
2026-05-27 10:50:51,246 [INFO] fplmodel - Fetching player histories for 841 players (force_refetch=False)...
2026-05-27 10:50:51,246 [INFO] fplmodel.data_pull - Fetching player histories with 8 worker thread(s).
2026-05-27 10:50:51,414 [INFO] fplmodel.data_pull - Player history fetch progress: 50/841 complete (0 failures).
2026-05-27 10:50:51,517 [INFO] fplmodel.data_pull - Player history fetch progress: 100/841 complete (0 failures).
2026-05-27 10:50:51,630 [INFO] fplmodel.data_pull - Player history fetch progress: 150/841 complete (0 failures).
2026-05-27 10:50:51,744 [INFO] fplmodel.data_pull - Player history fetch progress: 200/841 complete (0 failures).
2026-05-27 10:50:51,850 [INFO] fplmodel.data_pull - Player history fetch progress: 250/841 complete (0 failures).
2026-05-27 10:50:51,962 [INFO] fplmodel.data_pull - Player history fetch progress: 300/841 complete (0 failures).
2026-05-27 10:50:52,066 [INFO] fplmodel.data_pull - Player history fetch progress: 350/841 complete (0 failures).
2026-05-27 10:50:52,182 [INFO] fplmodel.data_pull - Player history fetch progress: 400/841 complete (0 failures).
2026-05-27 10:50:52,297 [INFO] fplmodel.data_pull - Player history fetch progress: 450/841 complete (0 failures).
2026-05-27 10:50:52,403 [INFO] fplmodel.data_pull - Player history fetch progress: 500/841 complete (0 failures).
2026-05-27 10:50:52,517 [INFO] fplmodel.data_pull - Player history fetch progress: 550/841 complete (0 failures).
2026-05-27 10:50:52,630 [INFO] fplmodel.data_pull - Player history fetch progress: 600/841 complete (0 failures).
2026-05-27 10:50:52,743 [INFO] fplmodel.data_pull - Player history fetch progress: 650/841 complete (0 failures).
2026-05-27 10:50:52,851 [INFO] fplmodel.data_pull - Player history fetch progress: 700/841 complete (0 failures).
2026-05-27 10:50:52,956 [INFO] fplmodel.data_pull - Player history fetch progress: 750/841 complete (0 failures).
2026-05-27 10:50:53,059 [INFO] fplmodel.data_pull - Player history fetch progress: 800/841 complete (0 failures).
2026-05-27 10:50:53,140 [INFO] fplmodel.data_pull - Player history fetch progress: 841/841 complete (0 failures).
2026-05-27 10:50:53,181 [INFO] fplmodel - Fetching player histories for 841 players (force_refetch=False) completed in 1.94s
2026-05-27 10:50:53,182 [INFO] fplmodel - Loading 841 player history files from /Users/kyle/Documents/FPL-Prediction/data/raw
2026-05-27 10:50:53,182 [INFO] fplmodel - Collating player history JSON into dataframe...
2026-05-27 10:50:54,057 [INFO] fplmodel - Collating player history JSON into dataframe completed in 0.87s
2026-05-27 10:50:55,124 [INFO] fplmodel - Built player histories dataframe with 178482 rows
2026-05-27 10:50:55,124 [INFO] fplmodel - Loading external history data...
2026-05-27 10:50:55,907 [INFO] fplmodel - Loading external history data completed in 0.78s
2026-05-27 10:50:55,946 [INFO] fplmodel - Loaded 133500 external history rows for seasons 2020-21, 2021-22, 2022-23, 2023-24, 2024-25
2026-05-27 10:50:56,122 [INFO] fplmodel - Combined history dataset now has 296480 rows
2026-05-27 10:50:56,122 [INFO] fplmodel - Building training and prediction feature frames...
2026-05-27 10:51:16,660 [INFO] fplmodel - Building training and prediction feature frames completed in 20.54s
2026-05-27 10:51:16,661 [INFO] fplmodel - Prepared features: X_train=(276316, 156), y_train=276316, X_pred=(841, 163)
2026-05-27 10:51:16,670 [INFO] fplmodel - Training models with 156 features
2026-05-27 10:51:16,670 [INFO] fplmodel - Training feature columns: total_points_ma5, minutes_ma5, goals_scored_ma5, assists_ma5, clean_sheets_ma5, influence_ma5, creativity_ma5, threat_ma5, ict_index_ma5, goals_conceded_ma5, own_goals_ma5, penalties_saved_ma5, penalties_missed_ma5, yellow_cards_ma5, red_cards_ma5, saves_ma5, bonus_ma5, bps_ma5, clearances_blocks_interceptions_ma5, recoveries_ma5, tackles_ma5, defensive_contribution_ma5, starts_ma5, expected_goals_ma5, expected_assists_ma5, expected_goal_involvements_ma5, expected_goals_conceded_ma5, value_ma5, transfers_balance_ma5, selected_ma5, transfers_in_ma5, transfers_out_ma5, attacking_returns_ma5, finishing_plus_minus_ma5, finishing_ratio_ma5, creation_plus_minus_ma5, creation_ratio_ma5, xgi_plus_minus_ma5, minutes_share_ma5, points_per_90_ma5, tackles_plus_interceptions_ma5, defensive_actions_ma5, total_points_lag1, minutes_lag1, goals_scored_lag1, assists_lag1, clean_sheets_lag1, influence_lag1, creativity_lag1, threat_lag1, ict_index_lag1, goals_conceded_lag1, own_goals_lag1, penalties_saved_lag1, penalties_missed_lag1, yellow_cards_lag1, red_cards_lag1, saves_lag1, bonus_lag1, bps_lag1, clearances_blocks_interceptions_lag1, recoveries_lag1, tackles_lag1, defensive_contribution_lag1, starts_lag1, expected_goals_lag1, expected_assists_lag1, expected_goal_involvements_lag1, expected_goals_conceded_lag1, value_lag1, transfers_balance_lag1, selected_lag1, transfers_in_lag1, transfers_out_lag1, attacking_returns_lag1, finishing_plus_minus_lag1, finishing_ratio_lag1, creation_plus_minus_lag1, creation_ratio_lag1, xgi_plus_minus_lag1, minutes_share_lag1, points_per_90_lag1, tackles_plus_interceptions_lag1, defensive_actions_lag1, team_goals_for_ma5, team_goals_against_ma5, team_goal_diff_ma5, team_clean_sheet_ma5, team_conceded_two_plus_ma5, team_match_points_ma5, opp_team_goals_for_ma5, opp_team_goals_against_ma5, opp_team_goal_diff_ma5, opp_team_clean_sheet_ma5, opp_team_conceded_two_plus_ma5, opp_team_match_points_ma5, was_home, team_strength_overall, team_strength_home, team_strength_away, team_attack_home, team_attack_away, team_def_home, team_def_away, team_form_rating, team_points_table, team_league_position, team_matches_played, team_wins, team_draws, team_losses, opp_strength_overall, opp_strength_home, opp_strength_away, opp_attack_home, opp_attack_away, opp_def_home, opp_def_away, opp_form_rating, opp_points_table, opp_league_position, opp_matches_played, opp_wins, opp_draws, opp_losses, form, points_per_game, value_form, value_season, selected_by_percent, expected_goals_per_90, expected_assists_per_90, expected_goal_involvements_per_90, expected_goals_conceded_per_90, goals_conceded_per_90, saves_per_90, starts_per_90, clean_sheets_per_90, defensive_contribution_per_90, availability_this_round, availability_next_round, status_availability, status_injury_flag, injury_risk_flag, corners_and_indirect_freekicks_order, direct_freekicks_order, penalties_order, has_corners_duty, primary_corners_taker, has_direct_fk_duty, primary_direct_fk_taker, has_penalty_duty, primary_penalty_taker, set_piece_duty_score, player_bias, pos_bias
2026-05-27 10:51:16,670 [INFO] fplmodel - Training prediction models...
2026-05-27 10:51:17,103 [INFO] fplmodel.model - Season sample weights applied: 2020-21: 0.25, 2021-22: 0.25, 2022-23: 0.34, 2023-24: 0.49, 2024-25: 0.70, 2025-26: 1.00
2026-05-27 10:51:17,103 [INFO] fplmodel.model - Using TimeSeriesSplit with 3 folds for hyperparameter tuning.
2026-05-27 10:51:17,105 [INFO] fplmodel.model - Using actual match minutes as classifier target (minutes >= 60).
2026-05-27 10:51:17,110 [INFO] fplmodel.model - Model selection using most recent 60000/276316 training rows; final fits still use all rows.
2026-05-27 10:51:44,727 [INFO] fplmodel.model - Best classifier[hist_gbdt] params from tuning: {'est__min_samples_leaf': 20, 'est__max_iter': 250, 'est__max_depth': 8, 'est__learning_rate': 0.06, 'est__l2_regularization': 0.05} (score=0.7857)
2026-05-27 10:52:06,822 [INFO] fplmodel.model - Best regressor[hist_gbdt] params from tuning: {'est__min_samples_leaf': 30, 'est__max_iter': 350, 'est__max_depth': 8, 'est__learning_rate': 0.06, 'est__l2_regularization': 0.1} (score=-1.0792)
2026-05-27 10:52:06,822 [INFO] fplmodel.model - Candidate Histogram Gradient Boosting | classifier=0.7857 ± 0.0089 ↑ | regressor=1.0792 ± 0.0738 ↓
2026-05-27 10:52:41,079 [INFO] fplmodel.model - Best classifier[xgboost] params from tuning: {'est__subsample': 0.9, 'est__reg_lambda': 1.5, 'est__n_estimators': 550, 'est__max_depth': 8, 'est__learning_rate': 0.05, 'est__gamma': 0.3, 'est__colsample_bytree': 0.85} (score=0.7844)
2026-05-27 10:53:08,915 [INFO] fplmodel.model - Best regressor[xgboost] params from tuning: {'est__subsample': 0.8, 'est__reg_lambda': 1.5, 'est__n_estimators': 250, 'est__max_depth': 4, 'est__learning_rate': 0.08, 'est__gamma': 0.1, 'est__colsample_bytree': 0.7} (score=-1.0899)
2026-05-27 10:53:08,916 [INFO] fplmodel.model - Candidate XGBoost | classifier=0.7844 ± 0.0155 ↑ | regressor=1.0899 ± 0.0741 ↓
2026-05-27 10:53:08,917 [INFO] fplmodel.model - Saved model selection summary to /Users/kyle/Documents/FPL-Prediction/models/model_selection_summary.csv
2026-05-27 10:53:08,917 [INFO] fplmodel.model - Selected classifier model: Histogram Gradient Boosting (balanced_accuracy=0.7857 ± 0.0089 ↑)
2026-05-27 10:53:08,917 [INFO] fplmodel.model - Selected regressor model: Histogram Gradient Boosting (MAE=1.0792 ± 0.0738 ↓)
2026-05-27 10:54:48,415 [INFO] fplmodel.model - Classifier (histogram gradient boosting) feature selector dropped 37 column(s): availability_next_round, bps_lag1, bps_ma5, creation_plus_minus_lag1, creation_plus_minus_ma5, defensive_actions_lag1, defensive_actions_ma5, expected_goal_involvements_ma5, expected_goal_involvements_per_90, injury_risk_flag, ... (+27 more)
2026-05-27 10:54:48,416 [INFO] fplmodel.model - Regressor (histogram gradient boosting) feature selector dropped 37 column(s): availability_next_round, bps_lag1, bps_ma5, creation_plus_minus_lag1, creation_plus_minus_ma5, defensive_actions_lag1, defensive_actions_ma5, expected_goal_involvements_ma5, expected_goal_involvements_per_90, injury_risk_flag, ... (+27 more)
2026-05-27 10:54:48,416 [INFO] fplmodel.model - Final model selection: classifier=Histogram Gradient Boosting | regressor=Histogram Gradient Boosting
2026-05-27 10:54:48,494 [INFO] fplmodel - Training prediction models completed in 211.82s
2026-05-27 10:54:48,494 [INFO] fplmodel - Estimator HistGradientBoostingRegressor for regressor does not expose feature_importances_; skipping logging.
2026-05-27 10:54:48,494 [INFO] fplmodel - Estimator HistGradientBoostingClassifier for classifier does not expose feature_importances_; skipping logging.
2026-05-27 10:54:48,494 [INFO] fplmodel - Model training complete; fitted 2 candidate pair(s).
2026-05-27 10:54:48,494 [INFO] fplmodel - Generating next gameweek predictions...
2026-05-27 10:54:48,542 [INFO] fplmodel - Generating next gameweek predictions completed in 0.05s
2026-05-27 10:54:48,543 [INFO] fplmodel - Generated ensemble predictions for 841 players using 2 model(s): Histogram Gradient Boosting, XGBoost
2026-05-27 10:54:48,550 [INFO] fplmodel - Applied fixture multipliers; average EP now 1.02
2026-05-27 10:54:48,551 [INFO] fplmodel - Top 5 expected point predictions (ensemble): Mats Wieffer (13.26); Jan Paul van Hecke (12.13); Alex Scott (10.22); Jack Hinshelwood (9.61); Bart Verbruggen (9.35)
2026-05-27 10:54:48,551 [INFO] fplmodel - Evaluating last finished gameweek residuals...
2026-05-27 10:54:48,652 [INFO] fplmodel - Evaluating last finished gameweek residuals completed in 0.10s
2026-05-27 10:54:48,652 [INFO] fplmodel - Residuals computed for 8281 players in GW 32
2026-05-27 10:54:48,652 [INFO] fplmodel - Selecting best XI from 841 candidates
2026-05-27 10:54:48,652 [INFO] fplmodel - Optimising best XI selection...
2026-05-27 10:54:49,484 [INFO] fplmodel - Optimising best XI selection completed in 0.83s
2026-05-27 10:54:49,484 [INFO] fplmodel - Selected squad: total cost 78.4M | starting cost 56.6M | bench cost 21.8M
2026-05-27 10:54:49,484 [INFO] fplmodel - Projected points: XI 99.34 | Captain included 112.60 | Bench 24.83
2026-05-27 10:54:49,484 [INFO] fplmodel - Captain: Mats Wieffer
2026-05-27 10:54:49,484 [INFO] fplmodel - XI | Karl Darlow (Leeds) - 7.00 pts | 4.0M
2026-05-27 10:54:49,484 [INFO] fplmodel - XI | Jan Paul van Hecke (Brighton) - 12.13 pts | 4.7M
2026-05-27 10:54:49,484 [INFO] fplmodel - XI | Konstantinos Mavropanos (West Ham) - 8.71 pts | 4.5M
2026-05-27 10:54:49,484 [INFO] fplmodel - XI | Marc Guéhi (Man City) - 8.52 pts | 5.1M
2026-05-27 10:54:49,484 [INFO] fplmodel - XI | Nico O'Reilly (Man City) - 6.67 pts | 5.3M
2026-05-27 10:54:49,484 [INFO] fplmodel - XI | Mats Wieffer (Brighton) - 13.26 pts | 4.8M
2026-05-27 10:54:49,485 [INFO] fplmodel - XI | Alex Scott (Bournemouth) - 10.22 pts | 4.9M
2026-05-27 10:54:49,485 [INFO] fplmodel - XI | Jack Hinshelwood (Brighton) - 9.61 pts | 5.2M
2026-05-27 10:54:49,485 [INFO] fplmodel - XI | Jaidon Anthony (Burnley) - 9.19 pts | 5.0M
2026-05-27 10:54:49,485 [INFO] fplmodel - XI | Jarrod Bowen (West Ham) - 7.26 pts | 7.8M
2026-05-27 10:54:49,485 [INFO] fplmodel - XI | Zian Flemming (Burnley) - 6.76 pts | 5.3M
2026-05-27 10:54:49,485 [INFO] fplmodel - Bench 1 | Rayan Cherki (Man City) - 6.65 pts
2026-05-27 10:54:49,485 [INFO] fplmodel - Bench 2 | Jaka Bijol (Leeds) - 6.54 pts
2026-05-27 10:54:49,485 [INFO] fplmodel - Bench 3 | Igor Thiago Nascimento Rodrigues (Brentford) - 6.05 pts
2026-05-27 10:54:49,485 [INFO] fplmodel - Bench 4 | Mads Hermansen (West Ham) - 5.58 pts
2026-05-27 10:54:49,495 [INFO] fplmodel - Predictions saved to /Users/kyle/Documents/FPL-Prediction/outputs/predictions_gw33.csv
2026-05-27 10:54:49,496 [INFO] fplmodel - Starting XI saved to /Users/kyle/Documents/FPL-Prediction/outputs/starting_xi_gw33.csv
2026-05-27 10:54:49,497 [INFO] fplmodel - Bench saved to /Users/kyle/Documents/FPL-Prediction/outputs/bench_gw33.csv
2026-05-27 10:54:49,497 [INFO] fplmodel - Best XI JSON saved to /Users/kyle/Documents/FPL-Prediction/outputs/best_xi_gw33.json
2026-05-27 10:54:49,497 [INFO] fplmodel - Rendering best XI graphic...
2026-05-27 10:54:49,641 [INFO] fplmodel - Rendering best XI graphic completed in 0.14s
2026-05-27 10:54:49,641 [INFO] fplmodel - Best XI graphic generated at /Users/kyle/Documents/FPL-Prediction/outputs/best_xi_gw33.png
2026-05-27 10:54:49,651 [INFO] fplmodel - Residuals saved to /Users/kyle/Documents/FPL-Prediction/outputs/residuals_gw32.csv
2026-05-27 10:54:49,651 [INFO] fplmodel - Pipeline complete for GW 33
