2026-05-20 11:33:02,418 [INFO] fplmodel - Logging initialised. Writing to /Users/kyle/Documents/FPL-Prediction/logs/run_20260520_113302.log
2026-05-20 11:33:02,418 [INFO] fplmodel - Starting pipeline run (force_refetch=False)
2026-05-20 11:33:02,418 [INFO] fplmodel - Fetching bootstrap static data...
2026-05-20 11:33:02,439 [INFO] fplmodel - Fetching bootstrap static data completed in 0.02s
2026-05-20 11:33:02,439 [INFO] fplmodel - Fetching fixtures data...
2026-05-20 11:33:02,449 [INFO] fplmodel - Fetching fixtures data completed in 0.01s
2026-05-20 11:33:02,450 [INFO] fplmodel - Normalising bootstrap data...
2026-05-20 11:33:02,460 [INFO] fplmodel - Normalising bootstrap data completed in 0.01s
2026-05-20 11:33:02,460 [INFO] fplmodel - Loaded normalised frames: 840 elements, 20 teams, 38 events
2026-05-20 11:33:02,460 [INFO] fplmodel - Gameweek override applied -> next_gw=39 | last_finished_gw=38
2026-05-20 11:33:02,460 [INFO] fplmodel - Next gameweek: 39 | Last finished gameweek: 38
2026-05-20 11:33:02,460 [INFO] fplmodel - Renaming log file to highlight gameweek 39
2026-05-20 11:33:02,461 [INFO] fplmodel - Log file renamed to /Users/kyle/Documents/FPL-Prediction/logs/run_gw39_20260520_113302.log
2026-05-20 11:33:02,461 [INFO] fplmodel - Fetching player histories for 840 players (force_refetch=False)...
2026-05-20 11:33:02,461 [INFO] fplmodel.data_pull - Fetching player histories with 8 worker thread(s).
2026-05-20 11:33:02,615 [INFO] fplmodel.data_pull - Player history fetch progress: 50/840 complete (0 failures).
2026-05-20 11:33:02,717 [INFO] fplmodel.data_pull - Player history fetch progress: 100/840 complete (0 failures).
2026-05-20 11:33:02,824 [INFO] fplmodel.data_pull - Player history fetch progress: 150/840 complete (0 failures).
2026-05-20 11:33:02,929 [INFO] fplmodel.data_pull - Player history fetch progress: 200/840 complete (0 failures).
2026-05-20 11:33:03,028 [INFO] fplmodel.data_pull - Player history fetch progress: 250/840 complete (0 failures).
2026-05-20 11:33:03,134 [INFO] fplmodel.data_pull - Player history fetch progress: 300/840 complete (0 failures).
2026-05-20 11:33:03,233 [INFO] fplmodel.data_pull - Player history fetch progress: 350/840 complete (0 failures).
2026-05-20 11:33:03,343 [INFO] fplmodel.data_pull - Player history fetch progress: 400/840 complete (0 failures).
2026-05-20 11:33:03,450 [INFO] fplmodel.data_pull - Player history fetch progress: 450/840 complete (0 failures).
2026-05-20 11:33:03,550 [INFO] fplmodel.data_pull - Player history fetch progress: 500/840 complete (0 failures).
2026-05-20 11:33:03,658 [INFO] fplmodel.data_pull - Player history fetch progress: 550/840 complete (0 failures).
2026-05-20 11:33:03,765 [INFO] fplmodel.data_pull - Player history fetch progress: 600/840 complete (0 failures).
2026-05-20 11:33:03,874 [INFO] fplmodel.data_pull - Player history fetch progress: 650/840 complete (0 failures).
2026-05-20 11:33:03,978 [INFO] fplmodel.data_pull - Player history fetch progress: 700/840 complete (0 failures).
2026-05-20 11:33:04,074 [INFO] fplmodel.data_pull - Player history fetch progress: 750/840 complete (0 failures).
2026-05-20 11:33:04,177 [INFO] fplmodel.data_pull - Player history fetch progress: 800/840 complete (0 failures).
2026-05-20 11:33:04,248 [INFO] fplmodel.data_pull - Player history fetch progress: 840/840 complete (0 failures).
2026-05-20 11:33:04,282 [INFO] fplmodel - Fetching player histories for 840 players (force_refetch=False) completed in 1.82s
2026-05-20 11:33:04,285 [INFO] fplmodel - Loading 840 player history files from /Users/kyle/Documents/FPL-Prediction/data/raw
2026-05-20 11:33:04,285 [INFO] fplmodel - Collating player history JSON into dataframe...
2026-05-20 11:33:05,133 [INFO] fplmodel - Collating player history JSON into dataframe completed in 0.85s
2026-05-20 11:33:06,113 [INFO] fplmodel - Built player histories dataframe with 173436 rows
2026-05-20 11:33:06,113 [INFO] fplmodel - Loading external history data...
2026-05-20 11:33:06,876 [INFO] fplmodel - Loading external history data completed in 0.76s
2026-05-20 11:33:06,916 [INFO] fplmodel - Loaded 133490 external history rows for seasons 2020-21, 2021-22, 2022-23, 2023-24, 2024-25
2026-05-20 11:33:07,090 [INFO] fplmodel - Combined history dataset now has 291847 rows
2026-05-20 11:33:07,090 [INFO] fplmodel - Building training and prediction feature frames...
2026-05-20 11:33:27,164 [INFO] fplmodel - Building training and prediction feature frames completed in 20.07s
2026-05-20 11:33:27,166 [INFO] fplmodel - Prepared features: X_train=(276777, 156), y_train=276777, X_pred=(840, 163)
2026-05-20 11:33:27,174 [INFO] fplmodel - Training models with 156 features
2026-05-20 11:33:27,174 [INFO] fplmodel - Training feature columns: total_points_ma5, minutes_ma5, goals_scored_ma5, assists_ma5, clean_sheets_ma5, influence_ma5, creativity_ma5, threat_ma5, ict_index_ma5, goals_conceded_ma5, own_goals_ma5, penalties_saved_ma5, penalties_missed_ma5, yellow_cards_ma5, red_cards_ma5, saves_ma5, bonus_ma5, bps_ma5, clearances_blocks_interceptions_ma5, recoveries_ma5, tackles_ma5, defensive_contribution_ma5, starts_ma5, expected_goals_ma5, expected_assists_ma5, expected_goal_involvements_ma5, expected_goals_conceded_ma5, value_ma5, transfers_balance_ma5, selected_ma5, transfers_in_ma5, transfers_out_ma5, attacking_returns_ma5, finishing_plus_minus_ma5, finishing_ratio_ma5, creation_plus_minus_ma5, creation_ratio_ma5, xgi_plus_minus_ma5, minutes_share_ma5, points_per_90_ma5, tackles_plus_interceptions_ma5, defensive_actions_ma5, total_points_lag1, minutes_lag1, goals_scored_lag1, assists_lag1, clean_sheets_lag1, influence_lag1, creativity_lag1, threat_lag1, ict_index_lag1, goals_conceded_lag1, own_goals_lag1, penalties_saved_lag1, penalties_missed_lag1, yellow_cards_lag1, red_cards_lag1, saves_lag1, bonus_lag1, bps_lag1, clearances_blocks_interceptions_lag1, recoveries_lag1, tackles_lag1, defensive_contribution_lag1, starts_lag1, expected_goals_lag1, expected_assists_lag1, expected_goal_involvements_lag1, expected_goals_conceded_lag1, value_lag1, transfers_balance_lag1, selected_lag1, transfers_in_lag1, transfers_out_lag1, attacking_returns_lag1, finishing_plus_minus_lag1, finishing_ratio_lag1, creation_plus_minus_lag1, creation_ratio_lag1, xgi_plus_minus_lag1, minutes_share_lag1, points_per_90_lag1, tackles_plus_interceptions_lag1, defensive_actions_lag1, team_goals_for_ma5, team_goals_against_ma5, team_goal_diff_ma5, team_clean_sheet_ma5, team_conceded_two_plus_ma5, team_match_points_ma5, opp_team_goals_for_ma5, opp_team_goals_against_ma5, opp_team_goal_diff_ma5, opp_team_clean_sheet_ma5, opp_team_conceded_two_plus_ma5, opp_team_match_points_ma5, was_home, team_strength_overall, team_strength_home, team_strength_away, team_attack_home, team_attack_away, team_def_home, team_def_away, team_form_rating, team_points_table, team_league_position, team_matches_played, team_wins, team_draws, team_losses, opp_strength_overall, opp_strength_home, opp_strength_away, opp_attack_home, opp_attack_away, opp_def_home, opp_def_away, opp_form_rating, opp_points_table, opp_league_position, opp_matches_played, opp_wins, opp_draws, opp_losses, form, points_per_game, value_form, value_season, selected_by_percent, expected_goals_per_90, expected_assists_per_90, expected_goal_involvements_per_90, expected_goals_conceded_per_90, goals_conceded_per_90, saves_per_90, starts_per_90, clean_sheets_per_90, defensive_contribution_per_90, availability_this_round, availability_next_round, status_availability, status_injury_flag, injury_risk_flag, corners_and_indirect_freekicks_order, direct_freekicks_order, penalties_order, has_corners_duty, primary_corners_taker, has_direct_fk_duty, primary_direct_fk_taker, has_penalty_duty, primary_penalty_taker, set_piece_duty_score, player_bias, pos_bias
2026-05-20 11:33:27,174 [INFO] fplmodel - Training prediction models...
2026-05-20 11:33:27,583 [INFO] fplmodel.model - Season sample weights applied: 2020-21: 0.25, 2021-22: 0.25, 2022-23: 0.34, 2023-24: 0.49, 2024-25: 0.70, 2025-26: 1.00
2026-05-20 11:33:27,583 [INFO] fplmodel.model - Using TimeSeriesSplit with 3 folds for hyperparameter tuning.
2026-05-20 11:33:27,584 [INFO] fplmodel.model - Using actual match minutes as classifier target (minutes >= 60).
2026-05-20 11:33:27,590 [INFO] fplmodel.model - Model selection using most recent 60000/276777 training rows; final fits still use all rows.
2026-05-20 11:33:57,066 [INFO] fplmodel.model - Best classifier[hist_gbdt] params from tuning: {'est__min_samples_leaf': 40, 'est__max_iter': 350, 'est__max_depth': None, 'est__learning_rate': 0.08, 'est__l2_regularization': 0.05} (score=0.7899)
2026-05-20 11:34:16,051 [INFO] fplmodel.model - Best regressor[hist_gbdt] params from tuning: {'est__min_samples_leaf': 40, 'est__max_iter': 400, 'est__max_depth': None, 'est__learning_rate': 0.08, 'est__l2_regularization': 0.05} (score=-1.0586)
2026-05-20 11:34:16,051 [INFO] fplmodel.model - Candidate Histogram Gradient Boosting | classifier=0.7899 ± 0.0152 ↑ | regressor=1.0586 ± 0.0894 ↓
2026-05-20 11:34:49,738 [INFO] fplmodel.model - Best classifier[xgboost] params from tuning: {'est__subsample': 0.9, 'est__reg_lambda': 1.5, 'est__n_estimators': 550, 'est__max_depth': 8, 'est__learning_rate': 0.05, 'est__gamma': 0.3, 'est__colsample_bytree': 0.85} (score=0.7883)
2026-05-20 11:35:17,266 [INFO] fplmodel.model - Best regressor[xgboost] params from tuning: {'est__subsample': 0.8, 'est__reg_lambda': 1.5, 'est__n_estimators': 250, 'est__max_depth': 4, 'est__learning_rate': 0.08, 'est__gamma': 0.1, 'est__colsample_bytree': 0.7} (score=-1.0695)
2026-05-20 11:35:17,268 [INFO] fplmodel.model - Candidate XGBoost | classifier=0.7883 ± 0.0190 ↑ | regressor=1.0695 ± 0.0912 ↓
2026-05-20 11:35:17,269 [INFO] fplmodel.model - Saved model selection summary to /Users/kyle/Documents/FPL-Prediction/models/model_selection_summary.csv
2026-05-20 11:35:17,269 [INFO] fplmodel.model - Selected classifier model: Histogram Gradient Boosting (balanced_accuracy=0.7899 ± 0.0152 ↑)
2026-05-20 11:35:17,269 [INFO] fplmodel.model - Selected regressor model: Histogram Gradient Boosting (MAE=1.0586 ± 0.0894 ↓)
2026-05-20 11:36:56,963 [INFO] fplmodel.model - Classifier (histogram gradient boosting) feature selector dropped 37 column(s): availability_next_round, bps_lag1, bps_ma5, creation_plus_minus_lag1, creation_plus_minus_ma5, defensive_actions_lag1, defensive_actions_ma5, expected_goal_involvements_ma5, expected_goal_involvements_per_90, injury_risk_flag, ... (+27 more)
2026-05-20 11:36:56,963 [INFO] fplmodel.model - Regressor (histogram gradient boosting) feature selector dropped 37 column(s): availability_next_round, bps_lag1, bps_ma5, creation_plus_minus_lag1, creation_plus_minus_ma5, defensive_actions_lag1, defensive_actions_ma5, expected_goal_involvements_ma5, expected_goal_involvements_per_90, injury_risk_flag, ... (+27 more)
2026-05-20 11:36:56,963 [INFO] fplmodel.model - Final model selection: classifier=Histogram Gradient Boosting | regressor=Histogram Gradient Boosting
2026-05-20 11:36:57,026 [INFO] fplmodel - Training prediction models completed in 209.85s
2026-05-20 11:36:57,026 [INFO] fplmodel - Estimator HistGradientBoostingRegressor for regressor does not expose feature_importances_; skipping logging.
2026-05-20 11:36:57,026 [INFO] fplmodel - Estimator HistGradientBoostingClassifier for classifier does not expose feature_importances_; skipping logging.
2026-05-20 11:36:57,026 [INFO] fplmodel - Model training complete; fitted 2 candidate pair(s).
2026-05-20 11:36:57,026 [INFO] fplmodel - Generating next gameweek predictions...
2026-05-20 11:36:57,091 [INFO] fplmodel - Generating next gameweek predictions completed in 0.07s
2026-05-20 11:36:57,092 [INFO] fplmodel - Generated ensemble predictions for 840 players using 2 model(s): Histogram Gradient Boosting, XGBoost
2026-05-20 11:36:57,098 [INFO] fplmodel - Applied fixture multipliers; average EP now 0.70
2026-05-20 11:36:57,098 [INFO] fplmodel - Top 5 expected point predictions (ensemble): Ollie Watkins (7.52); Dango Ouattara (6.76); Matheus Santos Carneiro da Cunha (6.49); Enzo Le Fée (6.02); William Saliba (5.89)
2026-05-20 11:36:57,098 [INFO] fplmodel - Evaluating last finished gameweek residuals...
2026-05-20 11:36:57,167 [INFO] fplmodel - Evaluating last finished gameweek residuals completed in 0.07s
2026-05-20 11:36:57,167 [INFO] fplmodel - Residuals computed for 3871 players in GW 38
2026-05-20 11:36:57,167 [INFO] fplmodel - Selecting best XI from 840 candidates
2026-05-20 11:36:57,168 [INFO] fplmodel - Optimising best XI selection...
2026-05-20 11:36:58,034 [INFO] fplmodel - Optimising best XI selection completed in 0.87s
2026-05-20 11:36:58,034 [INFO] fplmodel - Selected squad: total cost 92.4M | starting cost 74.8M | bench cost 17.6M
2026-05-20 11:36:58,034 [INFO] fplmodel - Projected points: XI 64.53 | Captain included 72.04 | Bench 16.70
2026-05-20 11:36:58,034 [INFO] fplmodel - Captain: Ollie Watkins
2026-05-20 11:36:58,034 [INFO] fplmodel - XI | David Raya Martín (Arsenal) - 4.28 pts | 6.2M
2026-05-20 11:36:58,034 [INFO] fplmodel - XI | William Saliba (Arsenal) - 5.89 pts | 6.3M
2026-05-20 11:36:58,034 [INFO] fplmodel - XI | Virgil van Dijk (Liverpool) - 5.86 pts | 6.0M
2026-05-20 11:36:58,034 [INFO] fplmodel - XI | James Tarkowski (Everton) - 5.42 pts | 5.8M
2026-05-20 11:36:58,034 [INFO] fplmodel - XI | Gabriel dos Santos Magalhães (Arsenal) - 5.20 pts | 7.3M
2026-05-20 11:36:58,034 [INFO] fplmodel - XI | Dango Ouattara (Brentford) - 6.76 pts | 5.6M
2026-05-20 11:36:58,034 [INFO] fplmodel - XI | Matheus Santos Carneiro da Cunha (Man Utd) - 6.49 pts | 8.1M
2026-05-20 11:36:58,034 [INFO] fplmodel - XI | Enzo Le Fée (Sunderland) - 6.02 pts | 4.8M
2026-05-20 11:36:58,034 [INFO] fplmodel - XI | Bruno Borges Fernandes (Man Utd) - 5.64 pts | 10.4M
2026-05-20 11:36:58,034 [INFO] fplmodel - XI | Elliot Anderson (Nott'm Forest) - 5.44 pts | 5.6M
2026-05-20 11:36:58,034 [INFO] fplmodel - XI | Ollie Watkins (Aston Villa) - 7.52 pts | 8.7M
2026-05-20 11:36:58,034 [INFO] fplmodel - Bench 1 | Mateus Mané (Wolves) - 4.38 pts
2026-05-20 11:36:58,034 [INFO] fplmodel - Bench 2 | William Osula (Newcastle) - 4.19 pts
2026-05-20 11:36:58,034 [INFO] fplmodel - Bench 3 | Jaka Bijol (Leeds) - 4.12 pts
2026-05-20 11:36:58,034 [INFO] fplmodel - Bench 4 | Karl Darlow (Leeds) - 4.01 pts
2026-05-20 11:36:58,045 [INFO] fplmodel - Predictions saved to /Users/kyle/Documents/FPL-Prediction/outputs/predictions_gw39.csv
2026-05-20 11:36:58,046 [INFO] fplmodel - Starting XI saved to /Users/kyle/Documents/FPL-Prediction/outputs/starting_xi_gw39.csv
2026-05-20 11:36:58,047 [INFO] fplmodel - Bench saved to /Users/kyle/Documents/FPL-Prediction/outputs/bench_gw39.csv
2026-05-20 11:36:58,048 [INFO] fplmodel - Best XI JSON saved to /Users/kyle/Documents/FPL-Prediction/outputs/best_xi_gw39.json
2026-05-20 11:36:58,048 [INFO] fplmodel - Rendering best XI graphic...
2026-05-20 11:36:58,194 [INFO] fplmodel - Rendering best XI graphic completed in 0.15s
2026-05-20 11:36:58,194 [INFO] fplmodel - Best XI graphic generated at /Users/kyle/Documents/FPL-Prediction/outputs/best_xi_gw39.png
2026-05-20 11:36:58,199 [INFO] fplmodel - Residuals saved to /Users/kyle/Documents/FPL-Prediction/outputs/residuals_gw38.csv
2026-05-20 11:36:58,199 [INFO] fplmodel - Pipeline complete for GW 39
