2026-05-14 08:33:50,585 [INFO] fplmodel - Logging initialised. Writing to /Users/kyle/Documents/FPL-Prediction/logs/run_20260514_083350.log
2026-05-14 08:33:50,585 [INFO] fplmodel - Starting pipeline run (force_refetch=False)
2026-05-14 08:33:50,585 [INFO] fplmodel - Fetching bootstrap static data...
2026-05-14 08:33:50,607 [INFO] fplmodel - Fetching bootstrap static data completed in 0.02s
2026-05-14 08:33:50,607 [INFO] fplmodel - Fetching fixtures data...
2026-05-14 08:33:50,618 [INFO] fplmodel - Fetching fixtures data completed in 0.01s
2026-05-14 08:33:50,618 [INFO] fplmodel - Normalising bootstrap data...
2026-05-14 08:33:50,629 [INFO] fplmodel - Normalising bootstrap data completed in 0.01s
2026-05-14 08:33:50,629 [INFO] fplmodel - Loaded normalised frames: 838 elements, 20 teams, 38 events
2026-05-14 08:33:50,629 [INFO] fplmodel - Gameweek override applied -> next_gw=37 | last_finished_gw=36
2026-05-14 08:33:50,629 [INFO] fplmodel - Next gameweek: 37 | Last finished gameweek: 36
2026-05-14 08:33:50,629 [INFO] fplmodel - Renaming log file to highlight gameweek 37
2026-05-14 08:33:50,630 [INFO] fplmodel - Log file renamed to /Users/kyle/Documents/FPL-Prediction/logs/run_gw37_20260514_083350.log
2026-05-14 08:33:50,630 [INFO] fplmodel - Fetching player histories for 838 players (force_refetch=False)...
2026-05-14 08:33:50,630 [INFO] fplmodel.data_pull - Fetching player histories with 8 worker thread(s).
2026-05-14 08:33:50,782 [INFO] fplmodel.data_pull - Player history fetch progress: 50/838 complete (0 failures).
2026-05-14 08:33:50,883 [INFO] fplmodel.data_pull - Player history fetch progress: 100/838 complete (0 failures).
2026-05-14 08:33:50,986 [INFO] fplmodel.data_pull - Player history fetch progress: 150/838 complete (0 failures).
2026-05-14 08:33:51,087 [INFO] fplmodel.data_pull - Player history fetch progress: 200/838 complete (0 failures).
2026-05-14 08:33:51,183 [INFO] fplmodel.data_pull - Player history fetch progress: 250/838 complete (0 failures).
2026-05-14 08:33:51,281 [INFO] fplmodel.data_pull - Player history fetch progress: 300/838 complete (0 failures).
2026-05-14 08:33:51,380 [INFO] fplmodel.data_pull - Player history fetch progress: 350/838 complete (0 failures).
2026-05-14 08:33:51,487 [INFO] fplmodel.data_pull - Player history fetch progress: 400/838 complete (0 failures).
2026-05-14 08:33:51,591 [INFO] fplmodel.data_pull - Player history fetch progress: 450/838 complete (0 failures).
2026-05-14 08:33:51,691 [INFO] fplmodel.data_pull - Player history fetch progress: 500/838 complete (0 failures).
2026-05-14 08:33:51,795 [INFO] fplmodel.data_pull - Player history fetch progress: 550/838 complete (0 failures).
2026-05-14 08:33:51,906 [INFO] fplmodel.data_pull - Player history fetch progress: 600/838 complete (0 failures).
2026-05-14 08:33:52,002 [INFO] fplmodel.data_pull - Player history fetch progress: 650/838 complete (0 failures).
2026-05-14 08:33:52,103 [INFO] fplmodel.data_pull - Player history fetch progress: 700/838 complete (0 failures).
2026-05-14 08:33:52,197 [INFO] fplmodel.data_pull - Player history fetch progress: 750/838 complete (0 failures).
2026-05-14 08:33:52,301 [INFO] fplmodel.data_pull - Player history fetch progress: 800/838 complete (0 failures).
2026-05-14 08:33:52,362 [INFO] fplmodel.data_pull - Player history fetch progress: 838/838 complete (0 failures).
2026-05-14 08:33:52,396 [INFO] fplmodel - Fetching player histories for 838 players (force_refetch=False) completed in 1.77s
2026-05-14 08:33:52,397 [INFO] fplmodel - Loading 838 player history files from /Users/kyle/Documents/FPL-Prediction/data/raw
2026-05-14 08:33:52,397 [INFO] fplmodel - Collating player history JSON into dataframe...
2026-05-14 08:33:53,217 [INFO] fplmodel - Collating player history JSON into dataframe completed in 0.82s
2026-05-14 08:33:54,155 [INFO] fplmodel - Built player histories dataframe with 168396 rows
2026-05-14 08:33:54,156 [INFO] fplmodel - Loading external history data...
2026-05-14 08:33:54,908 [INFO] fplmodel - Loading external history data completed in 0.75s
2026-05-14 08:33:54,948 [INFO] fplmodel - Loaded 133468 external history rows for seasons 2020-21, 2021-22, 2022-23, 2023-24, 2024-25
2026-05-14 08:33:55,106 [INFO] fplmodel - Combined history dataset now has 287184 rows
2026-05-14 08:33:55,107 [INFO] fplmodel - Building training and prediction feature frames...
2026-05-14 08:34:15,304 [INFO] fplmodel - Building training and prediction feature frames completed in 20.20s
2026-05-14 08:34:15,304 [INFO] fplmodel - Prepared features: X_train=(272170, 156), y_train=272170, X_pred=(838, 163)
2026-05-14 08:34:15,314 [INFO] fplmodel - Training models with 156 features
2026-05-14 08:34:15,314 [INFO] fplmodel - Training feature columns: total_points_ma5, minutes_ma5, goals_scored_ma5, assists_ma5, clean_sheets_ma5, influence_ma5, creativity_ma5, threat_ma5, ict_index_ma5, goals_conceded_ma5, own_goals_ma5, penalties_saved_ma5, penalties_missed_ma5, yellow_cards_ma5, red_cards_ma5, saves_ma5, bonus_ma5, bps_ma5, clearances_blocks_interceptions_ma5, recoveries_ma5, tackles_ma5, defensive_contribution_ma5, starts_ma5, expected_goals_ma5, expected_assists_ma5, expected_goal_involvements_ma5, expected_goals_conceded_ma5, value_ma5, transfers_balance_ma5, selected_ma5, transfers_in_ma5, transfers_out_ma5, attacking_returns_ma5, finishing_plus_minus_ma5, finishing_ratio_ma5, creation_plus_minus_ma5, creation_ratio_ma5, xgi_plus_minus_ma5, minutes_share_ma5, points_per_90_ma5, tackles_plus_interceptions_ma5, defensive_actions_ma5, total_points_lag1, minutes_lag1, goals_scored_lag1, assists_lag1, clean_sheets_lag1, influence_lag1, creativity_lag1, threat_lag1, ict_index_lag1, goals_conceded_lag1, own_goals_lag1, penalties_saved_lag1, penalties_missed_lag1, yellow_cards_lag1, red_cards_lag1, saves_lag1, bonus_lag1, bps_lag1, clearances_blocks_interceptions_lag1, recoveries_lag1, tackles_lag1, defensive_contribution_lag1, starts_lag1, expected_goals_lag1, expected_assists_lag1, expected_goal_involvements_lag1, expected_goals_conceded_lag1, value_lag1, transfers_balance_lag1, selected_lag1, transfers_in_lag1, transfers_out_lag1, attacking_returns_lag1, finishing_plus_minus_lag1, finishing_ratio_lag1, creation_plus_minus_lag1, creation_ratio_lag1, xgi_plus_minus_lag1, minutes_share_lag1, points_per_90_lag1, tackles_plus_interceptions_lag1, defensive_actions_lag1, team_goals_for_ma5, team_goals_against_ma5, team_goal_diff_ma5, team_clean_sheet_ma5, team_conceded_two_plus_ma5, team_match_points_ma5, opp_team_goals_for_ma5, opp_team_goals_against_ma5, opp_team_goal_diff_ma5, opp_team_clean_sheet_ma5, opp_team_conceded_two_plus_ma5, opp_team_match_points_ma5, was_home, team_strength_overall, team_strength_home, team_strength_away, team_attack_home, team_attack_away, team_def_home, team_def_away, team_form_rating, team_points_table, team_league_position, team_matches_played, team_wins, team_draws, team_losses, opp_strength_overall, opp_strength_home, opp_strength_away, opp_attack_home, opp_attack_away, opp_def_home, opp_def_away, opp_form_rating, opp_points_table, opp_league_position, opp_matches_played, opp_wins, opp_draws, opp_losses, form, points_per_game, value_form, value_season, selected_by_percent, expected_goals_per_90, expected_assists_per_90, expected_goal_involvements_per_90, expected_goals_conceded_per_90, goals_conceded_per_90, saves_per_90, starts_per_90, clean_sheets_per_90, defensive_contribution_per_90, availability_this_round, availability_next_round, status_availability, status_injury_flag, injury_risk_flag, corners_and_indirect_freekicks_order, direct_freekicks_order, penalties_order, has_corners_duty, primary_corners_taker, has_direct_fk_duty, primary_direct_fk_taker, has_penalty_duty, primary_penalty_taker, set_piece_duty_score, player_bias, pos_bias
2026-05-14 08:34:15,314 [INFO] fplmodel - Training prediction models...
2026-05-14 08:34:15,724 [INFO] fplmodel.model - Season sample weights applied: 2020-21: 0.25, 2021-22: 0.25, 2022-23: 0.34, 2023-24: 0.49, 2024-25: 0.70, 2025-26: 1.00
2026-05-14 08:34:15,724 [INFO] fplmodel.model - Using TimeSeriesSplit with 3 folds for hyperparameter tuning.
2026-05-14 08:34:15,726 [INFO] fplmodel.model - Using actual match minutes as classifier target (minutes >= 60).
2026-05-14 08:34:15,731 [INFO] fplmodel.model - Model selection using most recent 60000/272170 training rows; final fits still use all rows.
2026-05-14 08:34:41,566 [INFO] fplmodel.model - Best classifier[hist_gbdt] params from tuning: {'est__min_samples_leaf': 10, 'est__max_iter': 350, 'est__max_depth': None, 'est__learning_rate': 0.08, 'est__l2_regularization': 0.05} (score=0.7850)
2026-05-14 08:35:01,375 [INFO] fplmodel.model - Best regressor[hist_gbdt] params from tuning: {'est__min_samples_leaf': 20, 'est__max_iter': 400, 'est__max_depth': 4, 'est__learning_rate': 0.04, 'est__l2_regularization': 0.1} (score=-1.0804)
2026-05-14 08:35:01,375 [INFO] fplmodel.model - Candidate Histogram Gradient Boosting | classifier=0.7850 ± 0.0120 ↑ | regressor=1.0804 ± 0.0797 ↓
2026-05-14 08:35:34,235 [INFO] fplmodel.model - Best classifier[xgboost] params from tuning: {'est__subsample': 0.9, 'est__reg_lambda': 1.5, 'est__n_estimators': 550, 'est__max_depth': 8, 'est__learning_rate': 0.05, 'est__gamma': 0.3, 'est__colsample_bytree': 0.85} (score=0.7797)
2026-05-14 08:36:03,206 [INFO] fplmodel.model - Best regressor[xgboost] params from tuning: {'est__subsample': 0.8, 'est__reg_lambda': 1.5, 'est__n_estimators': 550, 'est__max_depth': 4, 'est__learning_rate': 0.05, 'est__gamma': 0.0, 'est__colsample_bytree': 1.0} (score=-1.0948)
2026-05-14 08:36:03,206 [INFO] fplmodel.model - Candidate XGBoost | classifier=0.7797 ± 0.0195 ↑ | regressor=1.0948 ± 0.0883 ↓
2026-05-14 08:36:03,207 [INFO] fplmodel.model - Saved model selection summary to /Users/kyle/Documents/FPL-Prediction/models/model_selection_summary.csv
2026-05-14 08:36:03,207 [INFO] fplmodel.model - Selected classifier model: Histogram Gradient Boosting (balanced_accuracy=0.7850 ± 0.0120 ↑)
2026-05-14 08:36:03,207 [INFO] fplmodel.model - Selected regressor model: Histogram Gradient Boosting (MAE=1.0804 ± 0.0797 ↓)
2026-05-14 08:37:49,990 [INFO] fplmodel.model - Classifier (histogram gradient boosting) feature selector dropped 39 column(s): availability_next_round, bps_lag1, bps_ma5, creation_plus_minus_lag1, creation_plus_minus_ma5, defensive_actions_lag1, defensive_actions_ma5, expected_goal_involvements_ma5, expected_goal_involvements_per_90, injury_risk_flag, ... (+29 more)
2026-05-14 08:37:49,991 [INFO] fplmodel.model - Regressor (histogram gradient boosting) feature selector dropped 39 column(s): availability_next_round, bps_lag1, bps_ma5, creation_plus_minus_lag1, creation_plus_minus_ma5, defensive_actions_lag1, defensive_actions_ma5, expected_goal_involvements_ma5, expected_goal_involvements_per_90, injury_risk_flag, ... (+29 more)
2026-05-14 08:37:49,991 [INFO] fplmodel.model - Final model selection: classifier=Histogram Gradient Boosting | regressor=Histogram Gradient Boosting
2026-05-14 08:37:50,051 [INFO] fplmodel - Training prediction models completed in 214.74s
2026-05-14 08:37:50,052 [INFO] fplmodel - Estimator HistGradientBoostingRegressor for regressor does not expose feature_importances_; skipping logging.
2026-05-14 08:37:50,052 [INFO] fplmodel - Estimator HistGradientBoostingClassifier for classifier does not expose feature_importances_; skipping logging.
2026-05-14 08:37:50,052 [INFO] fplmodel - Model training complete; fitted 2 candidate pair(s).
2026-05-14 08:37:50,052 [INFO] fplmodel - Generating next gameweek predictions...
2026-05-14 08:37:50,095 [INFO] fplmodel - Generating next gameweek predictions completed in 0.04s
2026-05-14 08:37:50,096 [INFO] fplmodel - Generated ensemble predictions for 838 players using 2 model(s): Histogram Gradient Boosting, XGBoost
2026-05-14 08:37:50,102 [INFO] fplmodel - Applied fixture multipliers; average EP now 0.63
2026-05-14 08:37:50,102 [INFO] fplmodel - Top 5 expected point predictions (ensemble): Rayan Vitor Simplício Rocha (5.71); William Saliba (5.29); Matheus Santos Carneiro da Cunha (5.10); James Tarkowski (4.99); Gabriel dos Santos Magalhães (4.82)
2026-05-14 08:37:50,103 [INFO] fplmodel - Evaluating last finished gameweek residuals...
2026-05-14 08:37:50,204 [INFO] fplmodel - Evaluating last finished gameweek residuals completed in 0.10s
2026-05-14 08:37:50,205 [INFO] fplmodel - Residuals computed for 9327 players in GW 36
2026-05-14 08:37:50,205 [INFO] fplmodel - Selecting best XI from 838 candidates
2026-05-14 08:37:50,205 [INFO] fplmodel - Optimising best XI selection...
2026-05-14 08:37:51,057 [INFO] fplmodel - Optimising best XI selection completed in 0.85s
2026-05-14 08:37:51,057 [INFO] fplmodel - Selected squad: total cost 88.9M | starting cost 68.8M | bench cost 20.1M
2026-05-14 08:37:51,058 [INFO] fplmodel - Projected points: XI 50.72 | Captain included 56.44 | Bench 13.64
2026-05-14 08:37:51,058 [INFO] fplmodel - Captain: Rayan Vitor Simplício Rocha
2026-05-14 08:37:51,058 [INFO] fplmodel - XI | Bernd Leno (Fulham) - 3.98 pts | 4.9M
2026-05-14 08:37:51,058 [INFO] fplmodel - XI | William Saliba (Arsenal) - 5.29 pts | 6.2M
2026-05-14 08:37:51,058 [INFO] fplmodel - XI | James Tarkowski (Everton) - 4.99 pts | 5.7M
2026-05-14 08:37:51,058 [INFO] fplmodel - XI | Gabriel dos Santos Magalhães (Arsenal) - 4.82 pts | 7.3M
2026-05-14 08:37:51,058 [INFO] fplmodel - XI | Rayan Vitor Simplício Rocha (Bournemouth) - 5.71 pts | 5.4M
2026-05-14 08:37:51,058 [INFO] fplmodel - XI | Matheus Santos Carneiro da Cunha (Man Utd) - 5.10 pts | 8.1M
2026-05-14 08:37:51,058 [INFO] fplmodel - XI | Jack Hinshelwood (Brighton) - 4.37 pts | 5.1M
2026-05-14 08:37:51,058 [INFO] fplmodel - XI | Jaidon Anthony (Burnley) - 4.17 pts | 5.0M
2026-05-14 08:37:51,058 [INFO] fplmodel - XI | Leandro Trossard (Arsenal) - 4.09 pts | 6.5M
2026-05-14 08:37:51,058 [INFO] fplmodel - XI | Igor Jesus Maciel da Cruz (Nott'm Forest) - 4.75 pts | 5.9M
2026-05-14 08:37:51,058 [INFO] fplmodel - XI | Ollie Watkins (Aston Villa) - 3.46 pts | 8.7M
2026-05-14 08:37:51,058 [INFO] fplmodel - Bench 1 | Ferdi Kadıoğlu (Brighton) - 3.43 pts
2026-05-14 08:37:51,058 [INFO] fplmodel - Bench 2 | Daniel Muñoz Mejía (Crystal Palace) - 3.39 pts
2026-05-14 08:37:51,058 [INFO] fplmodel - Bench 3 | Taiwo Awoniyi (Nott'm Forest) - 3.38 pts
2026-05-14 08:37:51,058 [INFO] fplmodel - Bench 4 | Matz Sels (Nott'm Forest) - 3.45 pts
2026-05-14 08:37:51,067 [INFO] fplmodel - Predictions saved to /Users/kyle/Documents/FPL-Prediction/outputs/predictions_gw37.csv
2026-05-14 08:37:51,068 [INFO] fplmodel - Starting XI saved to /Users/kyle/Documents/FPL-Prediction/outputs/starting_xi_gw37.csv
2026-05-14 08:37:51,069 [INFO] fplmodel - Bench saved to /Users/kyle/Documents/FPL-Prediction/outputs/bench_gw37.csv
2026-05-14 08:37:51,069 [INFO] fplmodel - Best XI JSON saved to /Users/kyle/Documents/FPL-Prediction/outputs/best_xi_gw37.json
2026-05-14 08:37:51,069 [INFO] fplmodel - Rendering best XI graphic...
2026-05-14 08:37:51,210 [INFO] fplmodel - Rendering best XI graphic completed in 0.14s
2026-05-14 08:37:51,210 [INFO] fplmodel - Best XI graphic generated at /Users/kyle/Documents/FPL-Prediction/outputs/best_xi_gw37.png
2026-05-14 08:37:51,221 [INFO] fplmodel - Residuals saved to /Users/kyle/Documents/FPL-Prediction/outputs/residuals_gw36.csv
2026-05-14 08:37:51,221 [INFO] fplmodel - Pipeline complete for GW 37
