2025-12-29 09:13:27,684 [INFO] fplmodel - Logging initialised. Writing to /Users/kyle/Documents/FPL-Prediction/logs/run_20251229_091327.log
2025-12-29 09:13:27,684 [INFO] fplmodel - Starting pipeline run (force_refetch=False)
2025-12-29 09:13:27,684 [INFO] fplmodel - Fetching bootstrap static data...
2025-12-29 09:13:27,703 [INFO] fplmodel - Fetching bootstrap static data completed in 0.02s
2025-12-29 09:13:27,703 [INFO] fplmodel - Fetching fixtures data...
2025-12-29 09:13:27,739 [INFO] fplmodel - Fetching fixtures data completed in 0.04s
2025-12-29 09:13:27,739 [INFO] fplmodel - Normalising bootstrap data...
2025-12-29 09:13:27,749 [INFO] fplmodel - Normalising bootstrap data completed in 0.01s
2025-12-29 09:13:27,749 [INFO] fplmodel - Loaded normalised frames: 775 elements, 20 teams, 38 events
2025-12-29 09:13:27,749 [INFO] fplmodel - Gameweek override applied -> next_gw=20 | last_finished_gw=19
2025-12-29 09:13:27,749 [INFO] fplmodel - Next gameweek: 20 | Last finished gameweek: 19
2025-12-29 09:13:27,749 [INFO] fplmodel - Renaming log file to highlight gameweek 20
2025-12-29 09:13:27,750 [INFO] fplmodel - Log file renamed to /Users/kyle/Documents/FPL-Prediction/logs/run_gw20_20251229_091327.log
2025-12-29 09:13:27,750 [INFO] fplmodel - Fetching player histories for 775 players (force_refetch=False)...
2025-12-29 09:13:28,748 [INFO] fplmodel - Fetching player histories for 775 players (force_refetch=False) completed in 1.00s
2025-12-29 09:13:28,750 [INFO] fplmodel - Loading 775 player history files from /Users/kyle/Documents/FPL-Prediction/data/raw
2025-12-29 09:13:28,750 [INFO] fplmodel - Collating player history JSON into dataframe...
2025-12-29 09:13:29,177 [INFO] fplmodel - Collating player history JSON into dataframe completed in 0.43s
2025-12-29 09:13:29,607 [INFO] fplmodel - Built player histories dataframe with 80370 rows
2025-12-29 09:13:29,607 [INFO] fplmodel - Loading external history data...
2025-12-29 09:13:30,361 [INFO] fplmodel - Loading external history data completed in 0.75s
2025-12-29 09:13:30,401 [INFO] fplmodel - Loaded 132226 external history rows for seasons 2020-21, 2021-22, 2022-23, 2023-24, 2024-25
2025-12-29 09:13:30,497 [INFO] fplmodel - Combined history dataset now has 205576 rows
2025-12-29 09:13:30,498 [INFO] fplmodel - Building training and prediction feature frames...
2025-12-29 09:13:34,456 [INFO] fplmodel - Building training and prediction feature frames completed in 3.96s
2025-12-29 09:13:34,456 [INFO] fplmodel - Prepared features: X_train=(131449, 156), y_train=131449, X_pred=(775, 163)
2025-12-29 09:13:34,460 [INFO] fplmodel - Training models with 156 features
2025-12-29 09:13:34,460 [INFO] fplmodel - Training feature columns: total_points_ma5, minutes_ma5, goals_scored_ma5, assists_ma5, clean_sheets_ma5, influence_ma5, creativity_ma5, threat_ma5, ict_index_ma5, goals_conceded_ma5, own_goals_ma5, penalties_saved_ma5, penalties_missed_ma5, yellow_cards_ma5, red_cards_ma5, saves_ma5, bonus_ma5, bps_ma5, clearances_blocks_interceptions_ma5, recoveries_ma5, tackles_ma5, defensive_contribution_ma5, starts_ma5, expected_goals_ma5, expected_assists_ma5, expected_goal_involvements_ma5, expected_goals_conceded_ma5, value_ma5, transfers_balance_ma5, selected_ma5, transfers_in_ma5, transfers_out_ma5, attacking_returns_ma5, finishing_plus_minus_ma5, finishing_ratio_ma5, creation_plus_minus_ma5, creation_ratio_ma5, xgi_plus_minus_ma5, minutes_share_ma5, points_per_90_ma5, tackles_plus_interceptions_ma5, defensive_actions_ma5, total_points_lag1, minutes_lag1, goals_scored_lag1, assists_lag1, clean_sheets_lag1, influence_lag1, creativity_lag1, threat_lag1, ict_index_lag1, goals_conceded_lag1, own_goals_lag1, penalties_saved_lag1, penalties_missed_lag1, yellow_cards_lag1, red_cards_lag1, saves_lag1, bonus_lag1, bps_lag1, clearances_blocks_interceptions_lag1, recoveries_lag1, tackles_lag1, defensive_contribution_lag1, starts_lag1, expected_goals_lag1, expected_assists_lag1, expected_goal_involvements_lag1, expected_goals_conceded_lag1, value_lag1, transfers_balance_lag1, selected_lag1, transfers_in_lag1, transfers_out_lag1, attacking_returns_lag1, finishing_plus_minus_lag1, finishing_ratio_lag1, creation_plus_minus_lag1, creation_ratio_lag1, xgi_plus_minus_lag1, minutes_share_lag1, points_per_90_lag1, tackles_plus_interceptions_lag1, defensive_actions_lag1, team_goals_for_ma5, team_goals_against_ma5, team_goal_diff_ma5, team_clean_sheet_ma5, team_conceded_two_plus_ma5, team_match_points_ma5, opp_team_goals_for_ma5, opp_team_goals_against_ma5, opp_team_goal_diff_ma5, opp_team_clean_sheet_ma5, opp_team_conceded_two_plus_ma5, opp_team_match_points_ma5, was_home, team_strength_overall, team_strength_home, team_strength_away, team_attack_home, team_attack_away, team_def_home, team_def_away, team_form_rating, team_points_table, team_league_position, team_matches_played, team_wins, team_draws, team_losses, opp_strength_overall, opp_strength_home, opp_strength_away, opp_attack_home, opp_attack_away, opp_def_home, opp_def_away, opp_form_rating, opp_points_table, opp_league_position, opp_matches_played, opp_wins, opp_draws, opp_losses, form, points_per_game, value_form, value_season, selected_by_percent, expected_goals_per_90, expected_assists_per_90, expected_goal_involvements_per_90, expected_goals_conceded_per_90, goals_conceded_per_90, saves_per_90, starts_per_90, clean_sheets_per_90, defensive_contribution_per_90, availability_this_round, availability_next_round, status_availability, status_injury_flag, injury_risk_flag, corners_and_indirect_freekicks_order, direct_freekicks_order, penalties_order, has_corners_duty, primary_corners_taker, has_direct_fk_duty, primary_direct_fk_taker, has_penalty_duty, primary_penalty_taker, set_piece_duty_score, player_bias, pos_bias
2025-12-29 09:13:34,460 [INFO] fplmodel - Training prediction models...
2025-12-29 09:13:34,643 [INFO] fplmodel.model - Season sample weights applied: 2020-21: 0.25, 2021-22: 0.25, 2022-23: 0.34, 2023-24: 0.49, 2024-25: 0.70, 2025-26: 1.00
2025-12-29 09:13:34,643 [INFO] fplmodel.model - Using TimeSeriesSplit with 3 folds for hyperparameter tuning.
2025-12-29 09:14:28,336 [INFO] fplmodel.model - Best classifier[hist_gbdt] params from tuning: {'est__min_samples_leaf': 20, 'est__max_iter': 350, 'est__max_depth': 4, 'est__learning_rate': 0.04, 'est__l2_regularization': 0.1} (score=1.0000)
2025-12-29 09:15:37,788 [INFO] fplmodel.model - Best regressor[hist_gbdt] params from tuning: {'est__min_samples_leaf': 30, 'est__max_iter': 250, 'est__max_depth': None, 'est__learning_rate': 0.06, 'est__l2_regularization': 0.05} (score=-0.9497)
2025-12-29 09:15:37,788 [INFO] fplmodel.model - Candidate Histogram Gradient Boosting | classifier=1.0000 ± 0.0000 ↑ | regressor=0.9497 ± 0.0501 ↓
2025-12-29 09:18:09,127 [INFO] fplmodel.model - Best classifier[random_forest] params from tuning: {'est__n_estimators': 200, 'est__min_samples_split': 6, 'est__min_samples_leaf': 4, 'est__max_features': 'sqrt', 'est__max_depth': None} (score=1.0000)
2025-12-29 09:44:22,513 [INFO] fplmodel.model - Best regressor[random_forest] params from tuning: {'est__n_estimators': 600, 'est__min_samples_split': 6, 'est__min_samples_leaf': 4, 'est__max_features': 0.7, 'est__max_depth': 20} (score=-0.9422)
2025-12-29 09:44:22,515 [INFO] fplmodel.model - Candidate Random Forest | classifier=1.0000 ± 0.0000 ↑ | regressor=0.9422 ± 0.0351 ↓
2025-12-29 09:46:06,754 [INFO] fplmodel.model - Best classifier[neural_network] params from tuning: {'est__learning_rate_init': 0.003, 'est__hidden_layer_sizes': (256, 128), 'est__beta_1': 0.95, 'est__alpha': 0.0005} (score=0.9990)
2025-12-29 09:47:24,030 [INFO] fplmodel.model - Best regressor[neural_network] params from tuning: {'est__learning_rate_init': 0.003, 'est__hidden_layer_sizes': (256, 128), 'est__beta_1': 0.95, 'est__alpha': 0.0001} (score=-0.9862)
2025-12-29 09:47:24,031 [INFO] fplmodel.model - Candidate Neural Network (MLP) | classifier=0.9990 ± 0.0003 ↑ | regressor=0.9862 ± 0.0800 ↓
2025-12-29 09:47:24,033 [INFO] fplmodel.model - Saved model selection summary to /Users/kyle/Documents/FPL-Prediction/models/model_selection_summary.csv
2025-12-29 09:47:24,033 [INFO] fplmodel.model - Selected classifier model: Histogram Gradient Boosting (balanced_accuracy=1.0000 ± 0.0000 ↑)
2025-12-29 09:47:24,033 [INFO] fplmodel.model - Selected regressor model: Random Forest (MAE=0.9422 ± 0.0351 ↓)
2025-12-29 09:51:41,586 [INFO] fplmodel.model - Classifier (histogram gradient boosting) feature selector dropped 39 column(s): availability_next_round, bps_lag1, bps_ma5, creation_plus_minus_lag1, creation_plus_minus_ma5, defensive_actions_lag1, defensive_actions_ma5, expected_goal_involvements_lag1, expected_goal_involvements_ma5, expected_goal_involvements_per_90, ... (+29 more)
2025-12-29 09:51:41,588 [INFO] fplmodel.model - Regressor (random forest) feature selector dropped 39 column(s): availability_next_round, bps_lag1, bps_ma5, creation_plus_minus_lag1, creation_plus_minus_ma5, defensive_actions_lag1, defensive_actions_ma5, expected_goal_involvements_lag1, expected_goal_involvements_ma5, expected_goal_involvements_per_90, ... (+29 more)
2025-12-29 09:51:41,588 [INFO] fplmodel.model - Final model selection: classifier=Histogram Gradient Boosting | regressor=Random Forest
2025-12-29 09:51:41,885 [INFO] fplmodel - Training prediction models completed in 2287.45s
2025-12-29 09:51:41,934 [INFO] fplmodel - Top feature weights for regressor: total_points_lag1: 0.3757, total_points_ma5: 0.0847, recoveries_lag1: 0.0762, defensive_contribution_lag1: 0.0356, points_per_90_lag1: 0.0322, bonus_lag1: 0.0273, player_bias: 0.0172, team_conceded_two_plus_ma5: 0.0132, selected_lag1: 0.0108, team_clean_sheet_ma5: 0.0098, value_season: 0.0091, selected_ma5: 0.0087, team_match_points_ma5: 0.0087, value_ma5: 0.0082, transfers_out_lag1: 0.0081
2025-12-29 09:51:41,934 [INFO] fplmodel - Estimator HistGradientBoostingClassifier for classifier does not expose feature_importances_; skipping logging.
2025-12-29 09:51:41,934 [INFO] fplmodel - Model training complete; fitted 3 candidate pair(s).
2025-12-29 09:51:41,934 [INFO] fplmodel - Generating next gameweek predictions...
2025-12-29 09:51:42,057 [INFO] fplmodel - Generating next gameweek predictions completed in 0.12s
2025-12-29 09:51:42,058 [INFO] fplmodel - Generated ensemble predictions for 775 players using 3 model(s): Histogram Gradient Boosting, Random Forest, Neural Network (MLP)
2025-12-29 09:51:42,061 [INFO] fplmodel - Applied fixture multipliers; average EP now 1.84
2025-12-29 09:51:42,062 [INFO] fplmodel - Top 5 expected point predictions (ensemble): Antoine Semenyo (7.09); Dominic Calvert-Lewin (6.12); Ayden Heaven (5.60); Hugo Ekitiké (5.51); Bukayo Saka (5.34)
2025-12-29 09:51:42,062 [INFO] fplmodel - Evaluating last finished gameweek residuals...
2025-12-29 09:51:42,166 [INFO] fplmodel - Evaluating last finished gameweek residuals completed in 0.10s
2025-12-29 09:51:42,166 [INFO] fplmodel - Residuals computed for 3651 players in GW 19
2025-12-29 09:51:42,166 [INFO] fplmodel - Selecting best XI from 775 candidates
2025-12-29 09:51:42,166 [INFO] fplmodel - Optimising best XI selection...
2025-12-29 09:51:43,103 [INFO] fplmodel - Optimising best XI selection completed in 0.94s
2025-12-29 09:51:43,106 [INFO] fplmodel - Selected squad: total cost 92.0M | starting cost 69.0M | bench cost 23.0M
2025-12-29 09:51:43,107 [INFO] fplmodel - Projected points: XI 58.12 | Captain included 65.21 | Bench 16.80
2025-12-29 09:51:43,107 [INFO] fplmodel - Captain: Antoine Semenyo
2025-12-29 09:51:43,107 [INFO] fplmodel - XI | Karl Darlow (Leeds) - 4.16 pts | 3.9M
2025-12-29 09:51:43,107 [INFO] fplmodel - XI | Ayden Heaven (Man Utd) - 5.60 pts | 3.8M
2025-12-29 09:51:43,107 [INFO] fplmodel - XI | Keane Lewis-Potter (Brentford) - 5.26 pts | 4.9M
2025-12-29 09:51:43,107 [INFO] fplmodel - XI | Michael Keane (Everton) - 4.81 pts | 4.8M
2025-12-29 09:51:43,107 [INFO] fplmodel - XI | Antoine Semenyo (Bournemouth) - 7.09 pts | 7.7M
2025-12-29 09:51:43,107 [INFO] fplmodel - XI | Bukayo Saka (Arsenal) - 5.34 pts | 10.3M
2025-12-29 09:51:43,107 [INFO] fplmodel - XI | Callum Hudson-Odoi (Nott'm Forest) - 4.81 pts | 5.7M
2025-12-29 09:51:43,107 [INFO] fplmodel - XI | Ethan Ampadu (Leeds) - 4.76 pts | 4.9M
2025-12-29 09:51:43,109 [INFO] fplmodel - XI | Matheus Santos Carneiro da Cunha (Man Utd) - 4.66 pts | 8.1M
2025-12-29 09:51:43,109 [INFO] fplmodel - XI | Dominic Calvert-Lewin (Leeds) - 6.12 pts | 5.8M
2025-12-29 09:51:43,109 [INFO] fplmodel - XI | Hugo Ekitiké (Liverpool) - 5.51 pts | 9.1M
2025-12-29 09:51:43,109 [INFO] fplmodel - Bench 1 | Sepp van den Berg (Brentford) - 4.52 pts
2025-12-29 09:51:43,109 [INFO] fplmodel - Bench 2 | Jean-Philippe Mateta (Crystal Palace) - 4.46 pts
2025-12-29 09:51:43,109 [INFO] fplmodel - Bench 3 | Joško Gvardiol (Man City) - 4.29 pts
2025-12-29 09:51:43,109 [INFO] fplmodel - Bench 4 | Guglielmo Vicario (Spurs) - 3.54 pts
2025-12-29 09:51:43,135 [INFO] fplmodel - Predictions saved to /Users/kyle/Documents/FPL-Prediction/outputs/predictions_gw20.csv
2025-12-29 09:51:43,136 [INFO] fplmodel - Starting XI saved to /Users/kyle/Documents/FPL-Prediction/outputs/starting_xi_gw20.csv
2025-12-29 09:51:43,137 [INFO] fplmodel - Bench saved to /Users/kyle/Documents/FPL-Prediction/outputs/bench_gw20.csv
2025-12-29 09:51:43,137 [INFO] fplmodel - Best XI JSON saved to /Users/kyle/Documents/FPL-Prediction/outputs/best_xi_gw20.json
2025-12-29 09:51:43,137 [INFO] fplmodel - Rendering best XI graphic...
2025-12-29 09:51:43,281 [INFO] fplmodel - Rendering best XI graphic completed in 0.14s
2025-12-29 09:51:43,281 [INFO] fplmodel - Best XI graphic generated at /Users/kyle/Documents/FPL-Prediction/outputs/best_xi_gw20.png
2025-12-29 09:51:43,286 [INFO] fplmodel - Residuals saved to /Users/kyle/Documents/FPL-Prediction/outputs/residuals_gw19.csv
2025-12-29 09:51:43,286 [INFO] fplmodel - Pipeline complete for GW 20
