2026-02-24 16:40:28,263 [INFO] fplmodel - Logging initialised. Writing to /Users/kyle/Documents/FPL-Prediction/logs/run_20260224_164028.log
2026-02-24 16:40:28,263 [INFO] fplmodel - Starting pipeline run (force_refetch=False)
2026-02-24 16:40:28,263 [INFO] fplmodel - Fetching bootstrap static data...
2026-02-24 16:40:28,321 [INFO] fplmodel - Fetching bootstrap static data completed in 0.06s
2026-02-24 16:40:28,322 [INFO] fplmodel - Fetching fixtures data...
2026-02-24 16:40:28,330 [INFO] fplmodel - Fetching fixtures data completed in 0.01s
2026-02-24 16:40:28,330 [INFO] fplmodel - Normalising bootstrap data...
2026-02-24 16:40:28,340 [INFO] fplmodel - Normalising bootstrap data completed in 0.01s
2026-02-24 16:40:28,340 [INFO] fplmodel - Loaded normalised frames: 818 elements, 20 teams, 38 events
2026-02-24 16:40:28,341 [INFO] fplmodel - Gameweek override applied -> next_gw=33 | last_finished_gw=32
2026-02-24 16:40:28,341 [INFO] fplmodel - Next gameweek: 33 | Last finished gameweek: 32
2026-02-24 16:40:28,341 [INFO] fplmodel - Renaming log file to highlight gameweek 33
2026-02-24 16:40:28,341 [INFO] fplmodel - Log file renamed to /Users/kyle/Documents/FPL-Prediction/logs/run_gw33_20260224_164028.log
2026-02-24 16:40:28,341 [INFO] fplmodel - Fetching player histories for 818 players (force_refetch=False)...
2026-02-24 16:40:29,730 [INFO] fplmodel - Fetching player histories for 818 players (force_refetch=False) completed in 1.39s
2026-02-24 16:40:29,732 [INFO] fplmodel - Loading 818 player history files from /Users/kyle/Documents/FPL-Prediction/data/raw
2026-02-24 16:40:29,732 [INFO] fplmodel - Collating player history JSON into dataframe...
2026-02-24 16:40:30,361 [INFO] fplmodel - Collating player history JSON into dataframe completed in 0.63s
2026-02-24 16:40:31,037 [INFO] fplmodel - Built player histories dataframe with 124224 rows
2026-02-24 16:40:31,037 [INFO] fplmodel - Loading external history data...
2026-02-24 16:40:31,808 [INFO] fplmodel - Loading external history data completed in 0.77s
2026-02-24 16:40:31,852 [INFO] fplmodel - Loaded 133213 external history rows for seasons 2020-21, 2021-22, 2022-23, 2023-24, 2024-25
2026-02-24 16:40:31,976 [INFO] fplmodel - Combined history dataset now has 246198 rows
2026-02-24 16:40:31,977 [INFO] fplmodel - Building training and prediction feature frames...
2026-02-24 16:40:36,459 [INFO] fplmodel - Building training and prediction feature frames completed in 4.48s
2026-02-24 16:40:36,459 [INFO] fplmodel - Prepared features: X_train=(219297, 156), y_train=219297, X_pred=(818, 163)
2026-02-24 16:40:36,465 [INFO] fplmodel - Training models with 156 features
2026-02-24 16:40:36,465 [INFO] fplmodel - Training feature columns: total_points_ma5, minutes_ma5, goals_scored_ma5, assists_ma5, clean_sheets_ma5, influence_ma5, creativity_ma5, threat_ma5, ict_index_ma5, goals_conceded_ma5, own_goals_ma5, penalties_saved_ma5, penalties_missed_ma5, yellow_cards_ma5, red_cards_ma5, saves_ma5, bonus_ma5, bps_ma5, clearances_blocks_interceptions_ma5, recoveries_ma5, tackles_ma5, defensive_contribution_ma5, starts_ma5, expected_goals_ma5, expected_assists_ma5, expected_goal_involvements_ma5, expected_goals_conceded_ma5, value_ma5, transfers_balance_ma5, selected_ma5, transfers_in_ma5, transfers_out_ma5, attacking_returns_ma5, finishing_plus_minus_ma5, finishing_ratio_ma5, creation_plus_minus_ma5, creation_ratio_ma5, xgi_plus_minus_ma5, minutes_share_ma5, points_per_90_ma5, tackles_plus_interceptions_ma5, defensive_actions_ma5, total_points_lag1, minutes_lag1, goals_scored_lag1, assists_lag1, clean_sheets_lag1, influence_lag1, creativity_lag1, threat_lag1, ict_index_lag1, goals_conceded_lag1, own_goals_lag1, penalties_saved_lag1, penalties_missed_lag1, yellow_cards_lag1, red_cards_lag1, saves_lag1, bonus_lag1, bps_lag1, clearances_blocks_interceptions_lag1, recoveries_lag1, tackles_lag1, defensive_contribution_lag1, starts_lag1, expected_goals_lag1, expected_assists_lag1, expected_goal_involvements_lag1, expected_goals_conceded_lag1, value_lag1, transfers_balance_lag1, selected_lag1, transfers_in_lag1, transfers_out_lag1, attacking_returns_lag1, finishing_plus_minus_lag1, finishing_ratio_lag1, creation_plus_minus_lag1, creation_ratio_lag1, xgi_plus_minus_lag1, minutes_share_lag1, points_per_90_lag1, tackles_plus_interceptions_lag1, defensive_actions_lag1, team_goals_for_ma5, team_goals_against_ma5, team_goal_diff_ma5, team_clean_sheet_ma5, team_conceded_two_plus_ma5, team_match_points_ma5, opp_team_goals_for_ma5, opp_team_goals_against_ma5, opp_team_goal_diff_ma5, opp_team_clean_sheet_ma5, opp_team_conceded_two_plus_ma5, opp_team_match_points_ma5, was_home, team_strength_overall, team_strength_home, team_strength_away, team_attack_home, team_attack_away, team_def_home, team_def_away, team_form_rating, team_points_table, team_league_position, team_matches_played, team_wins, team_draws, team_losses, opp_strength_overall, opp_strength_home, opp_strength_away, opp_attack_home, opp_attack_away, opp_def_home, opp_def_away, opp_form_rating, opp_points_table, opp_league_position, opp_matches_played, opp_wins, opp_draws, opp_losses, form, points_per_game, value_form, value_season, selected_by_percent, expected_goals_per_90, expected_assists_per_90, expected_goal_involvements_per_90, expected_goals_conceded_per_90, goals_conceded_per_90, saves_per_90, starts_per_90, clean_sheets_per_90, defensive_contribution_per_90, availability_this_round, availability_next_round, status_availability, status_injury_flag, injury_risk_flag, corners_and_indirect_freekicks_order, direct_freekicks_order, penalties_order, has_corners_duty, primary_corners_taker, has_direct_fk_duty, primary_direct_fk_taker, has_penalty_duty, primary_penalty_taker, set_piece_duty_score, player_bias, pos_bias
2026-02-24 16:40:36,466 [INFO] fplmodel - Training prediction models...
2026-02-24 16:40:36,781 [INFO] fplmodel.model - Season sample weights applied: 2020-21: 0.25, 2021-22: 0.25, 2022-23: 0.34, 2023-24: 0.49, 2024-25: 0.70, 2025-26: 1.00
2026-02-24 16:40:36,781 [INFO] fplmodel.model - Using TimeSeriesSplit with 3 folds for hyperparameter tuning.
2026-02-24 16:42:06,694 [INFO] fplmodel.model - Best classifier[hist_gbdt] params from tuning: {'est__min_samples_leaf': 20, 'est__max_iter': 350, 'est__max_depth': 4, 'est__learning_rate': 0.04, 'est__l2_regularization': 0.1} (score=1.0000)
2026-02-24 16:44:07,500 [INFO] fplmodel.model - Best regressor[hist_gbdt] params from tuning: {'est__min_samples_leaf': 30, 'est__max_iter': 350, 'est__max_depth': 8, 'est__learning_rate': 0.06, 'est__l2_regularization': 0.1} (score=-0.9729)
2026-02-24 16:44:07,501 [INFO] fplmodel.model - Candidate Histogram Gradient Boosting | classifier=1.0000 ± 0.0000 ↑ | regressor=0.9729 ± 0.0287 ↓
2026-02-24 16:48:25,510 [INFO] fplmodel.model - Best classifier[random_forest] params from tuning: {'est__n_estimators': 200, 'est__min_samples_split': 6, 'est__min_samples_leaf': 4, 'est__max_features': 'sqrt', 'est__max_depth': None} (score=1.0000)
2026-02-24 17:33:50,020 [INFO] fplmodel.model - Best regressor[random_forest] params from tuning: {'est__n_estimators': 600, 'est__min_samples_split': 2, 'est__min_samples_leaf': 4, 'est__max_features': 0.7, 'est__max_depth': 20} (score=-0.9574)
2026-02-24 17:33:50,022 [INFO] fplmodel.model - Candidate Random Forest | classifier=1.0000 ± 0.0000 ↑ | regressor=0.9574 ± 0.0291 ↓
2026-02-24 17:36:02,454 [INFO] fplmodel.model - Best classifier[neural_network] params from tuning: {'est__learning_rate_init': 0.003, 'est__hidden_layer_sizes': (128, 64), 'est__beta_1': 0.85, 'est__alpha': 0.0005} (score=0.9991)
2026-02-24 17:37:42,451 [INFO] fplmodel.model - Best regressor[neural_network] params from tuning: {'est__learning_rate_init': 0.003, 'est__hidden_layer_sizes': (128, 64), 'est__beta_1': 0.9, 'est__alpha': 0.0001} (score=-0.9592)
2026-02-24 17:37:42,453 [INFO] fplmodel.model - Candidate Neural Network (MLP) | classifier=0.9991 ± 0.0003 ↑ | regressor=0.9592 ± 0.0690 ↓
2026-02-24 17:37:42,455 [INFO] fplmodel.model - Saved model selection summary to /Users/kyle/Documents/FPL-Prediction/models/model_selection_summary.csv
2026-02-24 17:37:42,455 [INFO] fplmodel.model - Selected classifier model: Histogram Gradient Boosting (balanced_accuracy=1.0000 ± 0.0000 ↑)
2026-02-24 17:37:42,455 [INFO] fplmodel.model - Selected regressor model: Random Forest (MAE=0.9574 ± 0.0291 ↓)
2026-02-24 17:43:52,102 [INFO] fplmodel.model - Classifier (histogram gradient boosting) feature selector dropped 34 column(s): availability_next_round, bps_lag1, bps_ma5, creation_plus_minus_lag1, creation_plus_minus_ma5, defensive_actions_lag1, defensive_actions_ma5, expected_goal_involvements_ma5, expected_goal_involvements_per_90, has_penalty_duty, ... (+24 more)
2026-02-24 17:43:52,102 [INFO] fplmodel.model - Regressor (random forest) feature selector dropped 34 column(s): availability_next_round, bps_lag1, bps_ma5, creation_plus_minus_lag1, creation_plus_minus_ma5, defensive_actions_lag1, defensive_actions_ma5, expected_goal_involvements_ma5, expected_goal_involvements_per_90, has_penalty_duty, ... (+24 more)
2026-02-24 17:43:52,102 [INFO] fplmodel.model - Final model selection: classifier=Histogram Gradient Boosting | regressor=Random Forest
2026-02-24 17:43:52,448 [INFO] fplmodel - Training prediction models completed in 3795.97s
2026-02-24 17:43:52,487 [INFO] fplmodel - Top feature weights for regressor: total_points_lag1: 0.3504, recoveries_lag1: 0.0932, total_points_ma5: 0.0754, points_per_90_lag1: 0.0387, defensive_contribution_lag1: 0.0307, bonus_lag1: 0.0206, player_bias: 0.0192, team_conceded_two_plus_ma5: 0.0136, selected_lag1: 0.0117, team_clean_sheet_ma5: 0.0104, value_ma5: 0.0096, selected_ma5: 0.0087, transfers_out_lag1: 0.0086, minutes_ma5: 0.0085, bonus_ma5: 0.0083
2026-02-24 17:43:52,487 [INFO] fplmodel - Estimator HistGradientBoostingClassifier for classifier does not expose feature_importances_; skipping logging.
2026-02-24 17:43:52,487 [INFO] fplmodel - Model training complete; fitted 3 candidate pair(s).
2026-02-24 17:43:52,487 [INFO] fplmodel - Generating next gameweek predictions...
2026-02-24 17:43:52,613 [INFO] fplmodel - Generating next gameweek predictions completed in 0.13s
2026-02-24 17:43:52,614 [INFO] fplmodel - Generated ensemble predictions for 818 players using 3 model(s): Histogram Gradient Boosting, Random Forest, Neural Network (MLP)
2026-02-24 17:43:52,617 [INFO] fplmodel - Applied fixture multipliers; average EP now 1.79
2026-02-24 17:43:52,617 [INFO] fplmodel - Top 5 expected point predictions (ensemble): Ethan Ampadu (7.04); Rayan Cherki (6.40); Sávio Moreira de Oliveira (6.33); Leandro Trossard (6.29); Omar Marmoush (6.10)
2026-02-24 17:43:52,617 [INFO] fplmodel - Evaluating last finished gameweek residuals...
2026-02-24 17:43:52,713 [INFO] fplmodel - Evaluating last finished gameweek residuals completed in 0.10s
2026-02-24 17:43:52,714 [INFO] fplmodel - Residuals computed for 3709 players in GW 32
2026-02-24 17:43:52,714 [INFO] fplmodel - Selecting best XI from 818 candidates
2026-02-24 17:43:52,714 [INFO] fplmodel - Optimising best XI selection...
2026-02-24 17:43:53,573 [INFO] fplmodel - Optimising best XI selection completed in 0.86s
2026-02-24 17:43:53,573 [INFO] fplmodel - Selected squad: total cost 80.7M | starting cost 59.7M | bench cost 21.0M
2026-02-24 17:43:53,574 [INFO] fplmodel - Projected points: XI 59.58 | Captain included 66.62 | Bench 15.52
2026-02-24 17:43:53,574 [INFO] fplmodel - Captain: Ethan Ampadu
2026-02-24 17:43:53,574 [INFO] fplmodel - XI | Bart Verbruggen (Brighton) - 3.43 pts | 4.5M
2026-02-24 17:43:53,574 [INFO] fplmodel - XI | Sebastiaan Bornauw (Leeds) - 5.90 pts | 3.8M
2026-02-24 17:43:53,574 [INFO] fplmodel - XI | Rayan Aït-Nouri (Man City) - 4.98 pts | 5.7M
2026-02-24 17:43:53,574 [INFO] fplmodel - XI | Calvin Bassey (Fulham) - 4.50 pts | 4.4M
2026-02-24 17:43:53,574 [INFO] fplmodel - XI | Jurriën Timber (Arsenal) - 4.38 pts | 6.4M
2026-02-24 17:43:53,574 [INFO] fplmodel - XI | Ethan Ampadu (Leeds) - 7.04 pts | 4.9M
2026-02-24 17:43:53,574 [INFO] fplmodel - XI | Rayan Cherki (Man City) - 6.40 pts | 6.4M
2026-02-24 17:43:53,574 [INFO] fplmodel - XI | Sávio Moreira de Oliveira (Man City) - 6.33 pts | 6.9M
2026-02-24 17:43:53,574 [INFO] fplmodel - XI | Leandro Trossard (Arsenal) - 6.29 pts | 6.8M
2026-02-24 17:43:53,574 [INFO] fplmodel - XI | Yehor Yarmoliuk (Brentford) - 5.75 pts | 5.0M
2026-02-24 17:43:53,574 [INFO] fplmodel - XI | Lyle Foster (Burnley) - 4.59 pts | 4.9M
2026-02-24 17:43:53,574 [INFO] fplmodel - Bench 1 | Joël Veltman (Brighton) - 4.36 pts
2026-02-24 17:43:53,574 [INFO] fplmodel - Bench 2 | João Pedro Junqueira de Jesus (Chelsea) - 4.02 pts
2026-02-24 17:43:53,574 [INFO] fplmodel - Bench 3 | Lukas Nmecha (Leeds) - 3.77 pts
2026-02-24 17:43:53,574 [INFO] fplmodel - Bench 4 | John Ruddy (Newcastle) - 3.36 pts
2026-02-24 17:43:53,581 [INFO] fplmodel - Predictions saved to /Users/kyle/Documents/FPL-Prediction/outputs/predictions_gw33.csv
2026-02-24 17:43:53,581 [INFO] fplmodel - Starting XI saved to /Users/kyle/Documents/FPL-Prediction/outputs/starting_xi_gw33.csv
2026-02-24 17:43:53,582 [INFO] fplmodel - Bench saved to /Users/kyle/Documents/FPL-Prediction/outputs/bench_gw33.csv
2026-02-24 17:43:53,583 [INFO] fplmodel - Best XI JSON saved to /Users/kyle/Documents/FPL-Prediction/outputs/best_xi_gw33.json
2026-02-24 17:43:53,583 [INFO] fplmodel - Rendering best XI graphic...
2026-02-24 17:43:53,756 [INFO] fplmodel - Rendering best XI graphic completed in 0.17s
2026-02-24 17:43:53,756 [INFO] fplmodel - Best XI graphic generated at /Users/kyle/Documents/FPL-Prediction/outputs/best_xi_gw33.png
2026-02-24 17:43:53,761 [INFO] fplmodel - Residuals saved to /Users/kyle/Documents/FPL-Prediction/outputs/residuals_gw32.csv
2026-02-24 17:43:53,761 [INFO] fplmodel - Pipeline complete for GW 33
