2026-07-23 08:40:55,267 [INFO] fplmodel - Logging initialised. Writing to /Users/kyle/Documents/FPL-Prediction/logs/run_20260723_084055.log
2026-07-23 08:40:55,268 [INFO] fplmodel - Starting pipeline run (force_refetch=True)
2026-07-23 08:40:55,268 [INFO] fplmodel - Fetching bootstrap static data...
2026-07-23 08:40:55,557 [INFO] fplmodel - Fetching bootstrap static data completed in 0.29s
2026-07-23 08:40:55,557 [INFO] fplmodel - Fetching fixtures data...
2026-07-23 08:40:55,691 [INFO] fplmodel - Fetching fixtures data completed in 0.13s
2026-07-23 08:40:55,691 [INFO] fplmodel - Normalising bootstrap data...
2026-07-23 08:40:55,701 [INFO] fplmodel - Normalising bootstrap data completed in 0.01s
2026-07-23 08:40:55,702 [INFO] fplmodel - Loaded normalised frames: 555 elements, 20 teams, 38 events
2026-07-23 08:40:55,703 [INFO] fplmodel - Next gameweek: 1 | Last finished gameweek: 0
2026-07-23 08:40:55,703 [INFO] fplmodel - Renaming log file to highlight gameweek 1
2026-07-23 08:40:55,703 [INFO] fplmodel - Log file renamed to /Users/kyle/Documents/FPL-Prediction/logs/run_gw1_20260723_084055.log
2026-07-23 08:40:55,703 [INFO] fplmodel - Fetching player histories for 555 players (force_refetch=True)...
2026-07-23 08:40:55,703 [INFO] fplmodel.data_pull - Fetching player histories with 8 worker thread(s).
2026-07-23 08:40:58,484 [INFO] fplmodel.data_pull - Player history fetch progress: 50/555 complete (0 failures).
2026-07-23 08:41:02,070 [INFO] fplmodel.data_pull - Player history fetch progress: 100/555 complete (0 failures).
2026-07-23 08:41:03,470 [INFO] fplmodel.data_pull - Player history fetch progress: 150/555 complete (0 failures).
2026-07-23 08:41:04,263 [INFO] fplmodel.data_pull - Player history fetch progress: 200/555 complete (0 failures).
2026-07-23 08:41:05,178 [INFO] fplmodel.data_pull - Player history fetch progress: 250/555 complete (0 failures).
2026-07-23 08:41:05,951 [INFO] fplmodel.data_pull - Player history fetch progress: 300/555 complete (0 failures).
2026-07-23 08:41:06,775 [INFO] fplmodel.data_pull - Player history fetch progress: 350/555 complete (0 failures).
2026-07-23 08:41:07,613 [INFO] fplmodel.data_pull - Player history fetch progress: 400/555 complete (0 failures).
2026-07-23 08:41:08,529 [INFO] fplmodel.data_pull - Player history fetch progress: 450/555 complete (0 failures).
2026-07-23 08:41:09,383 [INFO] fplmodel.data_pull - Player history fetch progress: 500/555 complete (0 failures).
2026-07-23 08:41:10,166 [INFO] fplmodel.data_pull - Player history fetch progress: 550/555 complete (0 failures).
2026-07-23 08:41:10,299 [INFO] fplmodel.data_pull - Player history fetch progress: 555/555 complete (0 failures).
2026-07-23 08:41:10,309 [INFO] fplmodel - Fetching player histories for 555 players (force_refetch=True) completed in 14.61s
2026-07-23 08:41:10,312 [INFO] fplmodel - Loading 555 current player history files from /Users/kyle/Documents/FPL-Prediction/data/raw
2026-07-23 08:41:10,313 [INFO] fplmodel - Collating player history JSON into dataframe...
2026-07-23 08:41:10,371 [INFO] fplmodel - Collating player history JSON into dataframe completed in 0.06s
2026-07-23 08:41:10,372 [INFO] fplmodel - Built player histories dataframe with 0 rows
2026-07-23 08:41:10,372 [INFO] fplmodel - Loading external history data...
2026-07-23 08:41:11,729 [INFO] fplmodel - Loading external history data completed in 1.36s
2026-07-23 08:41:11,795 [INFO] fplmodel - Loaded 58240 external history rows for seasons 2020-21, 2021-22, 2022-23, 2023-24, 2024-25, 2025-26
2026-07-23 08:41:11,813 [INFO] fplmodel - Combined history dataset now has 58230 rows
2026-07-23 08:41:11,815 [INFO] fplmodel - Building training and prediction feature frames...
2026-07-23 08:41:22,369 [INFO] fplmodel - Building training and prediction feature frames completed in 10.55s
2026-07-23 08:41:22,369 [INFO] fplmodel - Prepared features: X_train=(53386, 97), y_train=53386, X_pred=(555, 111)
2026-07-23 08:41:22,370 [INFO] fplmodel - Training models with 97 features
2026-07-23 08:41:22,370 [INFO] fplmodel - Training feature columns: total_points_ma5, minutes_ma5, goals_scored_ma5, assists_ma5, clean_sheets_ma5, influence_ma5, creativity_ma5, threat_ma5, ict_index_ma5, goals_conceded_ma5, own_goals_ma5, penalties_saved_ma5, penalties_missed_ma5, yellow_cards_ma5, red_cards_ma5, saves_ma5, bonus_ma5, bps_ma5, clearances_blocks_interceptions_ma5, recoveries_ma5, tackles_ma5, defensive_contribution_ma5, starts_ma5, expected_goals_ma5, expected_assists_ma5, expected_goal_involvements_ma5, expected_goals_conceded_ma5, value_ma5, transfers_balance_ma5, selected_ma5, transfers_in_ma5, transfers_out_ma5, attacking_returns_ma5, finishing_plus_minus_ma5, finishing_ratio_ma5, creation_plus_minus_ma5, creation_ratio_ma5, xgi_plus_minus_ma5, minutes_share_ma5, points_per_90_ma5, tackles_plus_interceptions_ma5, defensive_actions_ma5, total_points_lag1, minutes_lag1, goals_scored_lag1, assists_lag1, clean_sheets_lag1, influence_lag1, creativity_lag1, threat_lag1, ict_index_lag1, goals_conceded_lag1, own_goals_lag1, penalties_saved_lag1, penalties_missed_lag1, yellow_cards_lag1, red_cards_lag1, saves_lag1, bonus_lag1, bps_lag1, clearances_blocks_interceptions_lag1, recoveries_lag1, tackles_lag1, defensive_contribution_lag1, starts_lag1, expected_goals_lag1, expected_assists_lag1, expected_goal_involvements_lag1, expected_goals_conceded_lag1, value_lag1, transfers_balance_lag1, selected_lag1, transfers_in_lag1, transfers_out_lag1, attacking_returns_lag1, finishing_plus_minus_lag1, finishing_ratio_lag1, creation_plus_minus_lag1, creation_ratio_lag1, xgi_plus_minus_lag1, minutes_share_lag1, points_per_90_lag1, tackles_plus_interceptions_lag1, defensive_actions_lag1, team_goals_for_ma5, team_goals_against_ma5, team_goal_diff_ma5, team_clean_sheet_ma5, team_conceded_two_plus_ma5, team_match_points_ma5, opp_team_goals_for_ma5, opp_team_goals_against_ma5, opp_team_goal_diff_ma5, opp_team_clean_sheet_ma5, opp_team_conceded_two_plus_ma5, opp_team_match_points_ma5, was_home
2026-07-23 08:41:22,371 [INFO] fplmodel - Training prediction models...
2026-07-23 08:41:22,468 [INFO] fplmodel.model - Season sample weights applied: 2020-21: 0.25, 2021-22: 0.25, 2022-23: 0.34, 2023-24: 0.49, 2024-25: 0.70, 2025-26: 1.00
2026-07-23 08:41:22,468 [INFO] fplmodel.model - Using TimeSeriesSplit with 3 folds for hyperparameter tuning.
2026-07-23 08:41:22,468 [INFO] fplmodel.model - Using actual match minutes as classifier target (minutes >= 60).
2026-07-23 08:41:42,093 [INFO] fplmodel.model - Best classifier[hist_gbdt] params from tuning: {'est__min_samples_leaf': 30, 'est__max_iter': 250, 'est__max_depth': 4, 'est__learning_rate': 0.06, 'est__l2_regularization': 0.0} (score=0.8380)
2026-07-23 08:41:55,802 [INFO] fplmodel.model - Best appearance_classifier[hist_gbdt] params from tuning: {'est__min_samples_leaf': 20, 'est__max_iter': 250, 'est__max_depth': 8, 'est__learning_rate': 0.06, 'est__l2_regularization': 0.05} (score=0.8475)
2026-07-23 08:42:01,408 [INFO] fplmodel.model - Best regressor[hist_gbdt] params from tuning: {'est__min_samples_leaf': 10, 'est__max_iter': 400, 'est__max_depth': 4, 'est__learning_rate': 0.06, 'est__l2_regularization': 0.0} (score=-2.5066)
2026-07-23 08:42:01,408 [INFO] fplmodel.model - Candidate Histogram Gradient Boosting | starter classifier=0.8380 ± 0.0071 ↑ | appearance classifier=0.8475 ± 0.0049 ↑ | regressor=2.5066 ± 0.0313 ↓
2026-07-23 08:42:18,362 [INFO] fplmodel.model - Best classifier[xgboost] params from tuning: {'est__subsample': 0.8, 'est__reg_lambda': 1.5, 'est__n_estimators': 250, 'est__max_depth': 4, 'est__learning_rate': 0.08, 'est__gamma': 0.1, 'est__colsample_bytree': 0.7} (score=0.8368)
2026-07-23 08:42:35,065 [INFO] fplmodel.model - Best appearance_classifier[xgboost] params from tuning: {'est__subsample': 1.0, 'est__reg_lambda': 1.0, 'est__n_estimators': 550, 'est__max_depth': 4, 'est__learning_rate': 0.05, 'est__gamma': 0.3, 'est__colsample_bytree': 0.85} (score=0.8466)
2026-07-23 08:42:46,262 [INFO] fplmodel.model - Best regressor[xgboost] params from tuning: {'est__subsample': 0.8, 'est__reg_lambda': 1.5, 'est__n_estimators': 250, 'est__max_depth': 4, 'est__learning_rate': 0.08, 'est__gamma': 0.1, 'est__colsample_bytree': 0.7} (score=-2.5331)
2026-07-23 08:42:46,262 [INFO] fplmodel.model - Candidate XGBoost | starter classifier=0.8368 ± 0.0065 ↑ | appearance classifier=0.8466 ± 0.0038 ↑ | regressor=2.5331 ± 0.0778 ↓
2026-07-23 08:42:46,266 [INFO] fplmodel.model - Saved model selection summary to /Users/kyle/Documents/FPL-Prediction/models/model_selection_summary.csv
2026-07-23 08:42:46,266 [INFO] fplmodel.model - Selected classifier model: Histogram Gradient Boosting (balanced_accuracy=0.8380 ± 0.0071 ↑)
2026-07-23 08:42:46,266 [INFO] fplmodel.model - Selected appearance classifier model: Histogram Gradient Boosting (balanced_accuracy=0.8475 ± 0.0049 ↑)
2026-07-23 08:42:46,266 [INFO] fplmodel.model - Selected regressor model: Histogram Gradient Boosting (MAE=2.5066 ± 0.0313 ↓)
2026-07-23 08:43:08,776 [INFO] fplmodel.model - Classifier (histogram gradient boosting) feature selector dropped 13 column(s): bps_lag1, bps_ma5, creation_plus_minus_lag1, defensive_actions_lag1, defensive_actions_ma5, expected_goal_involvements_ma5, expected_goals_conceded_ma5, minutes_share_lag1, minutes_share_ma5, selected_lag1, ... (+3 more)
2026-07-23 08:43:08,776 [INFO] fplmodel.model - Appearance classifier (histogram gradient boosting) feature selector dropped 13 column(s): bps_lag1, bps_ma5, creation_plus_minus_lag1, defensive_actions_lag1, defensive_actions_ma5, expected_goal_involvements_ma5, expected_goals_conceded_ma5, minutes_share_lag1, minutes_share_ma5, selected_lag1, ... (+3 more)
2026-07-23 08:43:08,776 [INFO] fplmodel.model - Regressor (histogram gradient boosting) feature selector dropped 10 column(s): creation_plus_minus_lag1, defensive_actions_lag1, defensive_actions_ma5, expected_goal_involvements_ma5, minutes_share_lag1, minutes_share_ma5, selected_lag1, tackles_plus_interceptions_lag1, tackles_plus_interceptions_ma5, value_lag1
2026-07-23 08:43:08,776 [INFO] fplmodel.model - Final model selection: starter classifier=Histogram Gradient Boosting | appearance classifier=Histogram Gradient Boosting | regressor=Histogram Gradient Boosting
2026-07-23 08:43:08,813 [INFO] fplmodel - Training prediction models completed in 106.44s
2026-07-23 08:43:08,813 [INFO] fplmodel - Estimator HistGradientBoostingRegressor for regressor does not expose feature_importances_; skipping logging.
2026-07-23 08:43:08,813 [INFO] fplmodel - Estimator HistGradientBoostingClassifier for classifier does not expose feature_importances_; skipping logging.
2026-07-23 08:43:08,813 [INFO] fplmodel - Estimator HistGradientBoostingClassifier for appearance classifier does not expose feature_importances_; skipping logging.
2026-07-23 08:43:08,813 [INFO] fplmodel - Model training complete; fitted 2 candidate pair(s).
2026-07-23 08:43:08,813 [INFO] fplmodel - Generating next gameweek predictions...
2026-07-23 08:43:08,851 [INFO] fplmodel - Generating next gameweek predictions completed in 0.04s
2026-07-23 08:43:08,854 [INFO] fplmodel - Generated ensemble predictions for 555 players using 2 model(s): Histogram Gradient Boosting, XGBoost
2026-07-23 08:43:08,861 [INFO] fplmodel - Applied fixture multipliers; average EP now 1.40
2026-07-23 08:43:08,861 [INFO] fplmodel - Top 5 expected point predictions (ensemble): Bruno Borges Fernandes (9.07); Ollie Watkins (8.80); Virgil van Dijk (5.38); Dominik Szoboszlai (5.31); Pascal Groß (4.97)
2026-07-23 08:43:08,862 [INFO] fplmodel - Evaluating last finished gameweek residuals...
2026-07-23 08:43:08,862 [INFO] fplmodel - Evaluating last finished gameweek residuals completed in 0.00s
2026-07-23 08:43:08,862 [INFO] fplmodel - No residuals available for GW 0
2026-07-23 08:43:08,862 [INFO] fplmodel - Selecting best XI from 555 candidates
2026-07-23 08:43:08,862 [INFO] fplmodel - Optimising best XI selection...
2026-07-23 08:43:10,100 [INFO] fplmodel - Optimising best XI selection completed in 1.24s
2026-07-23 08:43:10,100 [INFO] fplmodel - Selected squad: total cost 100.0M | starting cost 80.5M | bench cost 19.5M
2026-07-23 08:43:10,101 [INFO] fplmodel - Projected points: XI 60.24 | Captain included 69.30 | Bench 14.44
2026-07-23 08:43:10,101 [INFO] fplmodel - Captain: Bruno Borges Fernandes
2026-07-23 08:43:10,101 [INFO] fplmodel - XI | Jordan Pickford (Everton) - 3.74 pts | 5.5M
2026-07-23 08:43:10,101 [INFO] fplmodel - XI | Virgil van Dijk (Liverpool) - 5.38 pts | 6.5M
2026-07-23 08:43:10,101 [INFO] fplmodel - XI | James Tarkowski (Everton) - 4.61 pts | 6.0M
2026-07-23 08:43:10,101 [INFO] fplmodel - XI | Marcos Senesi Barón (Spurs) - 4.40 pts | 6.0M
2026-07-23 08:43:10,101 [INFO] fplmodel - XI | Bruno Borges Fernandes (Man Utd) - 9.07 pts | 12.0M
2026-07-23 08:43:10,101 [INFO] fplmodel - XI | Dominik Szoboszlai (Liverpool) - 5.31 pts | 7.0M
2026-07-23 08:43:10,101 [INFO] fplmodel - XI | Pascal Groß (Brighton) - 4.97 pts | 5.5M
2026-07-23 08:43:10,101 [INFO] fplmodel - XI | Morgan Gibbs-White (Nott'm Forest) - 4.83 pts | 8.0M
2026-07-23 08:43:10,101 [INFO] fplmodel - XI | Bryan Mbeumo (Man Utd) - 4.59 pts | 8.0M
2026-07-23 08:43:10,101 [INFO] fplmodel - XI | Ollie Watkins (Aston Villa) - 8.80 pts | 8.0M
2026-07-23 08:43:10,101 [INFO] fplmodel - XI | Igor Thiago Nascimento Rodrigues (Brentford) - 4.53 pts | 8.0M
2026-07-23 08:43:10,101 [INFO] fplmodel - Bench 1 | Francisco Evanilson de Lima Barbosa (Bournemouth) - 4.19 pts
2026-07-23 08:43:10,102 [INFO] fplmodel - Bench 2 | Ferdi Kadıoğlu (Brighton) - 3.43 pts
2026-07-23 08:43:10,102 [INFO] fplmodel - Bench 3 | Luke Shaw (Man Utd) - 3.36 pts
2026-07-23 08:43:10,102 [INFO] fplmodel - Bench 4 | Bart Verbruggen (Brighton) - 3.46 pts
2026-07-23 08:43:10,113 [INFO] fplmodel - Predictions saved to /Users/kyle/Documents/FPL-Prediction/outputs/predictions_gw1.csv
2026-07-23 08:43:10,148 [INFO] fplmodel - Season prediction archive saved to /Users/kyle/Documents/FPL-Prediction/outputs/seasons/2026-27/predictions_gw1.csv
2026-07-23 08:43:10,151 [INFO] fplmodel - Starting XI saved to /Users/kyle/Documents/FPL-Prediction/outputs/starting_xi_gw1.csv
2026-07-23 08:43:10,155 [INFO] fplmodel - Bench saved to /Users/kyle/Documents/FPL-Prediction/outputs/bench_gw1.csv
2026-07-23 08:43:10,155 [INFO] fplmodel - Best XI JSON saved to /Users/kyle/Documents/FPL-Prediction/outputs/best_xi_gw1.json
2026-07-23 08:43:10,155 [INFO] fplmodel - Rendering best XI graphic...
2026-07-23 08:43:10,356 [INFO] fplmodel - Rendering best XI graphic completed in 0.20s
2026-07-23 08:43:10,356 [INFO] fplmodel - Best XI graphic generated at /Users/kyle/Documents/FPL-Prediction/outputs/best_xi_gw1.png
2026-07-23 08:43:10,356 [INFO] fplmodel - Pipeline complete for GW 1
