2025-12-09 10:29:18,505 [INFO] fplmodel - Logging initialised. Writing to /Users/kyle/Documents/FPL-Prediction/logs/run_20251209_102918.log
2025-12-09 10:29:18,505 [INFO] fplmodel - Starting pipeline run (force_refetch=False)
2025-12-09 10:29:18,505 [INFO] fplmodel - Fetching bootstrap static data...
2025-12-09 10:29:18,523 [INFO] fplmodel - Fetching bootstrap static data completed in 0.02s
2025-12-09 10:29:18,523 [INFO] fplmodel - Fetching fixtures data...
2025-12-09 10:29:18,529 [INFO] fplmodel - Fetching fixtures data completed in 0.01s
2025-12-09 10:29:18,529 [INFO] fplmodel - Normalising bootstrap data...
2025-12-09 10:29:18,538 [INFO] fplmodel - Normalising bootstrap data completed in 0.01s
2025-12-09 10:29:18,538 [INFO] fplmodel - Loaded normalised frames: 759 elements, 20 teams, 38 events
2025-12-09 10:29:18,539 [INFO] fplmodel - Gameweek override applied -> next_gw=18 | last_finished_gw=17
2025-12-09 10:29:18,539 [INFO] fplmodel - Next gameweek: 18 | Last finished gameweek: 17
2025-12-09 10:29:18,539 [INFO] fplmodel - Renaming log file to highlight gameweek 18
2025-12-09 10:29:18,539 [INFO] fplmodel - Log file renamed to /Users/kyle/Documents/FPL-Prediction/logs/run_gw18_20251209_102918.log
2025-12-09 10:29:18,539 [INFO] fplmodel - Fetching player histories for 759 players (force_refetch=False)...
2025-12-09 10:29:19,435 [INFO] fplmodel - Fetching player histories for 759 players (force_refetch=False) completed in 0.90s
2025-12-09 10:29:19,436 [INFO] fplmodel - Loading 759 player history files from /Users/kyle/Documents/FPL-Prediction/data/raw
2025-12-09 10:29:19,436 [INFO] fplmodel - Collating player history JSON into dataframe...
2025-12-09 10:29:19,809 [INFO] fplmodel - Collating player history JSON into dataframe completed in 0.37s
2025-12-09 10:29:20,174 [INFO] fplmodel - Built player histories dataframe with 66540 rows
2025-12-09 10:29:20,174 [INFO] fplmodel - Loading external history data...
2025-12-09 10:29:20,985 [INFO] fplmodel - Loading external history data completed in 0.81s
2025-12-09 10:29:21,028 [INFO] fplmodel - Loaded 131605 external history rows for seasons 2020-21, 2021-22, 2022-23, 2023-24, 2024-25
2025-12-09 10:29:21,118 [INFO] fplmodel - Combined history dataset now has 192346 rows
2025-12-09 10:29:21,119 [INFO] fplmodel - Building training and prediction feature frames...
2025-12-09 10:29:25,130 [INFO] fplmodel - Building training and prediction feature frames completed in 4.01s
2025-12-09 10:29:25,130 [INFO] fplmodel - Prepared features: X_train=(112590, 156), y_train=112590, X_pred=(759, 163)
2025-12-09 10:29:25,134 [INFO] fplmodel - Training models with 156 features
2025-12-09 10:29:25,134 [INFO] fplmodel - Training feature columns: total_points_ma5, minutes_ma5, goals_scored_ma5, assists_ma5, clean_sheets_ma5, influence_ma5, creativity_ma5, threat_ma5, ict_index_ma5, goals_conceded_ma5, own_goals_ma5, penalties_saved_ma5, penalties_missed_ma5, yellow_cards_ma5, red_cards_ma5, saves_ma5, bonus_ma5, bps_ma5, clearances_blocks_interceptions_ma5, recoveries_ma5, tackles_ma5, defensive_contribution_ma5, starts_ma5, expected_goals_ma5, expected_assists_ma5, expected_goal_involvements_ma5, expected_goals_conceded_ma5, value_ma5, transfers_balance_ma5, selected_ma5, transfers_in_ma5, transfers_out_ma5, attacking_returns_ma5, finishing_plus_minus_ma5, finishing_ratio_ma5, creation_plus_minus_ma5, creation_ratio_ma5, xgi_plus_minus_ma5, minutes_share_ma5, points_per_90_ma5, tackles_plus_interceptions_ma5, defensive_actions_ma5, total_points_lag1, minutes_lag1, goals_scored_lag1, assists_lag1, clean_sheets_lag1, influence_lag1, creativity_lag1, threat_lag1, ict_index_lag1, goals_conceded_lag1, own_goals_lag1, penalties_saved_lag1, penalties_missed_lag1, yellow_cards_lag1, red_cards_lag1, saves_lag1, bonus_lag1, bps_lag1, clearances_blocks_interceptions_lag1, recoveries_lag1, tackles_lag1, defensive_contribution_lag1, starts_lag1, expected_goals_lag1, expected_assists_lag1, expected_goal_involvements_lag1, expected_goals_conceded_lag1, value_lag1, transfers_balance_lag1, selected_lag1, transfers_in_lag1, transfers_out_lag1, attacking_returns_lag1, finishing_plus_minus_lag1, finishing_ratio_lag1, creation_plus_minus_lag1, creation_ratio_lag1, xgi_plus_minus_lag1, minutes_share_lag1, points_per_90_lag1, tackles_plus_interceptions_lag1, defensive_actions_lag1, team_goals_for_ma5, team_goals_against_ma5, team_goal_diff_ma5, team_clean_sheet_ma5, team_conceded_two_plus_ma5, team_match_points_ma5, opp_team_goals_for_ma5, opp_team_goals_against_ma5, opp_team_goal_diff_ma5, opp_team_clean_sheet_ma5, opp_team_conceded_two_plus_ma5, opp_team_match_points_ma5, was_home, team_strength_overall, team_strength_home, team_strength_away, team_attack_home, team_attack_away, team_def_home, team_def_away, team_form_rating, team_points_table, team_league_position, team_matches_played, team_wins, team_draws, team_losses, opp_strength_overall, opp_strength_home, opp_strength_away, opp_attack_home, opp_attack_away, opp_def_home, opp_def_away, opp_form_rating, opp_points_table, opp_league_position, opp_matches_played, opp_wins, opp_draws, opp_losses, form, points_per_game, value_form, value_season, selected_by_percent, expected_goals_per_90, expected_assists_per_90, expected_goal_involvements_per_90, expected_goals_conceded_per_90, goals_conceded_per_90, saves_per_90, starts_per_90, clean_sheets_per_90, defensive_contribution_per_90, availability_this_round, availability_next_round, status_availability, status_injury_flag, injury_risk_flag, corners_and_indirect_freekicks_order, direct_freekicks_order, penalties_order, has_corners_duty, primary_corners_taker, has_direct_fk_duty, primary_direct_fk_taker, has_penalty_duty, primary_penalty_taker, set_piece_duty_score, player_bias, pos_bias
2025-12-09 10:29:25,134 [INFO] fplmodel - Training prediction models...
2025-12-09 10:29:25,296 [INFO] fplmodel.model - Season sample weights applied: 2020-21: 0.25, 2021-22: 0.25, 2022-23: 0.34, 2023-24: 0.49, 2024-25: 0.70, 2025-26: 1.00
2025-12-09 10:29:25,296 [INFO] fplmodel.model - Using TimeSeriesSplit with 3 folds for hyperparameter tuning.
2025-12-09 10:30:22,063 [INFO] fplmodel.model - Best classifier[hist_gbdt] params from tuning: {'est__min_samples_leaf': 20, 'est__max_iter': 350, 'est__max_depth': 4, 'est__learning_rate': 0.04, 'est__l2_regularization': 0.1} (score=1.0000)
2025-12-09 10:31:23,128 [INFO] fplmodel.model - Best regressor[hist_gbdt] params from tuning: {'est__min_samples_leaf': 30, 'est__max_iter': 250, 'est__max_depth': None, 'est__learning_rate': 0.06, 'est__l2_regularization': 0.05} (score=-0.9850)
2025-12-09 10:31:23,129 [INFO] fplmodel.model - Candidate Histogram Gradient Boosting | classifier=1.0000 ± 0.0000 ↑ | regressor=0.9850 ± 0.0542 ↓
2025-12-09 10:33:37,922 [INFO] fplmodel.model - Best classifier[random_forest] params from tuning: {'est__n_estimators': 200, 'est__min_samples_split': 6, 'est__min_samples_leaf': 4, 'est__max_features': 'sqrt', 'est__max_depth': None} (score=1.0000)
