2026-05-14 08:21:35,296 [INFO] fplmodel - Logging initialised. Writing to /Users/kyle/Documents/FPL-Prediction/logs/run_20260514_082135.log
2026-05-14 08:21:35,296 [INFO] fplmodel - Starting pipeline run (force_refetch=True)
2026-05-14 08:21:35,296 [INFO] fplmodel - Fetching bootstrap static data...
2026-05-14 08:21:35,689 [INFO] fplmodel - Fetching bootstrap static data completed in 0.39s
2026-05-14 08:21:35,689 [INFO] fplmodel - Fetching fixtures data...
2026-05-14 08:21:35,942 [INFO] fplmodel - Fetching fixtures data completed in 0.25s
2026-05-14 08:21:35,942 [INFO] fplmodel - Normalising bootstrap data...
2026-05-14 08:21:35,954 [INFO] fplmodel - Normalising bootstrap data completed in 0.01s
2026-05-14 08:21:35,954 [INFO] fplmodel - Loaded normalised frames: 838 elements, 20 teams, 38 events
2026-05-14 08:21:35,956 [INFO] fplmodel - Gameweek override applied -> next_gw=35 | last_finished_gw=34
2026-05-14 08:21:35,956 [INFO] fplmodel - Next gameweek: 35 | Last finished gameweek: 34
2026-05-14 08:21:35,956 [INFO] fplmodel - Renaming log file to highlight gameweek 35
2026-05-14 08:21:35,957 [INFO] fplmodel - Log file renamed to /Users/kyle/Documents/FPL-Prediction/logs/run_gw35_20260514_082135.log
2026-05-14 08:21:35,957 [INFO] fplmodel - Fetching player histories for 838 players (force_refetch=True)...
2026-05-14 08:21:35,957 [INFO] fplmodel.data_pull - Fetching player histories with 8 worker thread(s).
2026-05-14 08:21:52,086 [INFO] fplmodel.data_pull - Player history fetch progress: 50/838 complete (0 failures).
2026-05-14 08:22:06,435 [INFO] fplmodel.data_pull - Player history fetch progress: 100/838 complete (0 failures).
2026-05-14 08:22:22,218 [INFO] fplmodel.data_pull - Player history fetch progress: 150/838 complete (0 failures).
2026-05-14 08:22:37,878 [INFO] fplmodel.data_pull - Player history fetch progress: 200/838 complete (0 failures).
2026-05-14 08:22:42,589 [WARNING] fplmodel.data_pull - Failed fetch for player 219: HTTPSConnectionPool(host='fantasy.premierleague.com', port=443): Read timed out. (read timeout=30)
2026-05-14 08:22:53,414 [INFO] fplmodel.data_pull - Player history fetch progress: 250/838 complete (1 failure).
2026-05-14 08:23:08,761 [INFO] fplmodel.data_pull - Player history fetch progress: 300/838 complete (1 failure).
2026-05-14 08:23:24,503 [INFO] fplmodel.data_pull - Player history fetch progress: 350/838 complete (1 failure).
2026-05-14 08:23:38,316 [INFO] fplmodel.data_pull - Player history fetch progress: 400/838 complete (1 failure).
2026-05-14 08:24:11,416 [WARNING] fplmodel.data_pull - Failed fetch for player 737: HTTPSConnectionPool(host='fantasy.premierleague.com', port=443): Read timed out. (read timeout=30)
2026-05-14 08:24:11,631 [WARNING] fplmodel.data_pull - Failed fetch for player 342: HTTPSConnectionPool(host='fantasy.premierleague.com', port=443): Read timed out. (read timeout=30)
2026-05-14 08:24:12,097 [WARNING] fplmodel.data_pull - Failed fetch for player 340: HTTPSConnectionPool(host='fantasy.premierleague.com', port=443): Read timed out. (read timeout=30)
2026-05-14 08:24:12,104 [WARNING] fplmodel.data_pull - Failed fetch for player 341: HTTPSConnectionPool(host='fantasy.premierleague.com', port=443): Read timed out. (read timeout=30)
2026-05-14 08:24:12,366 [WARNING] fplmodel.data_pull - Failed fetch for player 786: HTTPSConnectionPool(host='fantasy.premierleague.com', port=443): Read timed out. (read timeout=30)
2026-05-14 08:24:12,368 [WARNING] fplmodel.data_pull - Failed fetch for player 339: HTTPSConnectionPool(host='fantasy.premierleague.com', port=443): Read timed out. (read timeout=30)
2026-05-14 08:24:12,370 [WARNING] fplmodel.data_pull - Failed fetch for player 168: HTTPSConnectionPool(host='fantasy.premierleague.com', port=443): Read timed out. (read timeout=30)
2026-05-14 08:24:12,397 [WARNING] fplmodel.data_pull - Failed fetch for player 770: HTTPSConnectionPool(host='fantasy.premierleague.com', port=443): Read timed out. (read timeout=30)
2026-05-14 08:24:21,141 [INFO] fplmodel.data_pull - Player history fetch progress: 450/838 complete (9 failures).
2026-05-14 08:24:34,810 [INFO] fplmodel.data_pull - Player history fetch progress: 500/838 complete (9 failures).
2026-05-14 08:24:48,774 [INFO] fplmodel.data_pull - Player history fetch progress: 550/838 complete (9 failures).
2026-05-14 08:25:03,454 [INFO] fplmodel.data_pull - Player history fetch progress: 600/838 complete (9 failures).
2026-05-14 08:25:17,554 [INFO] fplmodel.data_pull - Player history fetch progress: 650/838 complete (9 failures).
2026-05-14 08:25:31,434 [INFO] fplmodel.data_pull - Player history fetch progress: 700/838 complete (9 failures).
2026-05-14 08:25:45,104 [INFO] fplmodel.data_pull - Player history fetch progress: 750/838 complete (9 failures).
2026-05-14 08:25:59,279 [INFO] fplmodel.data_pull - Player history fetch progress: 800/838 complete (9 failures).
2026-05-14 08:26:10,121 [INFO] fplmodel.data_pull - Player history fetch progress: 838/838 complete (9 failures).
2026-05-14 08:26:10,122 [INFO] fplmodel - Fetching player histories for 838 players (force_refetch=True) completed in 274.17s
2026-05-14 08:26:10,122 [INFO] fplmodel - Loading 838 player history files from /Users/kyle/Documents/FPL-Prediction/data/raw
2026-05-14 08:26:10,122 [INFO] fplmodel - Collating player history JSON into dataframe...
2026-05-14 08:26:11,031 [INFO] fplmodel - Collating player history JSON into dataframe completed in 0.91s
2026-05-14 08:26:12,078 [INFO] fplmodel - Built player histories dataframe with 168342 rows
2026-05-14 08:26:12,079 [INFO] fplmodel - Loading external history data...
2026-05-14 08:26:12,950 [INFO] fplmodel - Loading external history data completed in 0.87s
2026-05-14 08:26:12,998 [INFO] fplmodel - Loaded 133468 external history rows for seasons 2020-21, 2021-22, 2022-23, 2023-24, 2024-25
2026-05-14 08:26:13,182 [INFO] fplmodel - Combined history dataset now has 287137 rows
2026-05-14 08:26:13,183 [INFO] fplmodel - Building training and prediction feature frames...
2026-05-14 08:26:33,789 [INFO] fplmodel - Building training and prediction feature frames completed in 20.61s
2026-05-14 08:26:33,790 [INFO] fplmodel - Prepared features: X_train=(270395, 156), y_train=270395, X_pred=(838, 163)
2026-05-14 08:26:33,799 [INFO] fplmodel - Training models with 156 features
2026-05-14 08:26:33,799 [INFO] fplmodel - Training feature columns: total_points_ma5, minutes_ma5, goals_scored_ma5, assists_ma5, clean_sheets_ma5, influence_ma5, creativity_ma5, threat_ma5, ict_index_ma5, goals_conceded_ma5, own_goals_ma5, penalties_saved_ma5, penalties_missed_ma5, yellow_cards_ma5, red_cards_ma5, saves_ma5, bonus_ma5, bps_ma5, clearances_blocks_interceptions_ma5, recoveries_ma5, tackles_ma5, defensive_contribution_ma5, starts_ma5, expected_goals_ma5, expected_assists_ma5, expected_goal_involvements_ma5, expected_goals_conceded_ma5, value_ma5, transfers_balance_ma5, selected_ma5, transfers_in_ma5, transfers_out_ma5, attacking_returns_ma5, finishing_plus_minus_ma5, finishing_ratio_ma5, creation_plus_minus_ma5, creation_ratio_ma5, xgi_plus_minus_ma5, minutes_share_ma5, points_per_90_ma5, tackles_plus_interceptions_ma5, defensive_actions_ma5, total_points_lag1, minutes_lag1, goals_scored_lag1, assists_lag1, clean_sheets_lag1, influence_lag1, creativity_lag1, threat_lag1, ict_index_lag1, goals_conceded_lag1, own_goals_lag1, penalties_saved_lag1, penalties_missed_lag1, yellow_cards_lag1, red_cards_lag1, saves_lag1, bonus_lag1, bps_lag1, clearances_blocks_interceptions_lag1, recoveries_lag1, tackles_lag1, defensive_contribution_lag1, starts_lag1, expected_goals_lag1, expected_assists_lag1, expected_goal_involvements_lag1, expected_goals_conceded_lag1, value_lag1, transfers_balance_lag1, selected_lag1, transfers_in_lag1, transfers_out_lag1, attacking_returns_lag1, finishing_plus_minus_lag1, finishing_ratio_lag1, creation_plus_minus_lag1, creation_ratio_lag1, xgi_plus_minus_lag1, minutes_share_lag1, points_per_90_lag1, tackles_plus_interceptions_lag1, defensive_actions_lag1, team_goals_for_ma5, team_goals_against_ma5, team_goal_diff_ma5, team_clean_sheet_ma5, team_conceded_two_plus_ma5, team_match_points_ma5, opp_team_goals_for_ma5, opp_team_goals_against_ma5, opp_team_goal_diff_ma5, opp_team_clean_sheet_ma5, opp_team_conceded_two_plus_ma5, opp_team_match_points_ma5, was_home, team_strength_overall, team_strength_home, team_strength_away, team_attack_home, team_attack_away, team_def_home, team_def_away, team_form_rating, team_points_table, team_league_position, team_matches_played, team_wins, team_draws, team_losses, opp_strength_overall, opp_strength_home, opp_strength_away, opp_attack_home, opp_attack_away, opp_def_home, opp_def_away, opp_form_rating, opp_points_table, opp_league_position, opp_matches_played, opp_wins, opp_draws, opp_losses, form, points_per_game, value_form, value_season, selected_by_percent, expected_goals_per_90, expected_assists_per_90, expected_goal_involvements_per_90, expected_goals_conceded_per_90, goals_conceded_per_90, saves_per_90, starts_per_90, clean_sheets_per_90, defensive_contribution_per_90, availability_this_round, availability_next_round, status_availability, status_injury_flag, injury_risk_flag, corners_and_indirect_freekicks_order, direct_freekicks_order, penalties_order, has_corners_duty, primary_corners_taker, has_direct_fk_duty, primary_direct_fk_taker, has_penalty_duty, primary_penalty_taker, set_piece_duty_score, player_bias, pos_bias
2026-05-14 08:26:33,800 [INFO] fplmodel - Training prediction models...
2026-05-14 08:26:34,222 [INFO] fplmodel.model - Season sample weights applied: 2020-21: 0.25, 2021-22: 0.25, 2022-23: 0.34, 2023-24: 0.49, 2024-25: 0.70, 2025-26: 1.00
2026-05-14 08:26:34,223 [INFO] fplmodel.model - Using TimeSeriesSplit with 3 folds for hyperparameter tuning.
2026-05-14 08:26:34,224 [INFO] fplmodel.model - Using actual match minutes as classifier target (minutes >= 60).
2026-05-14 08:26:34,230 [INFO] fplmodel.model - Model selection using most recent 60000/270395 training rows; final fits still use all rows.
2026-05-14 08:27:06,344 [INFO] fplmodel.model - Best classifier[hist_gbdt] params from tuning: {'est__min_samples_leaf': 30, 'est__max_iter': 300, 'est__max_depth': 8, 'est__learning_rate': 0.06, 'est__l2_regularization': 0.1} (score=0.7805)
2026-05-14 08:27:27,172 [INFO] fplmodel.model - Best regressor[hist_gbdt] params from tuning: {'est__min_samples_leaf': 20, 'est__max_iter': 300, 'est__max_depth': 8, 'est__learning_rate': 0.06, 'est__l2_regularization': 0.05} (score=-1.0872)
2026-05-14 08:27:27,172 [INFO] fplmodel.model - Candidate Histogram Gradient Boosting | classifier=0.7805 ± 0.0152 ↑ | regressor=1.0872 ± 0.0733 ↓
2026-05-14 08:28:00,846 [INFO] fplmodel.model - Best classifier[xgboost] params from tuning: {'est__subsample': 0.9, 'est__reg_lambda': 1.5, 'est__n_estimators': 550, 'est__max_depth': 8, 'est__learning_rate': 0.05, 'est__gamma': 0.3, 'est__colsample_bytree': 0.85} (score=0.7793)
2026-05-14 08:28:28,597 [INFO] fplmodel.model - Best regressor[xgboost] params from tuning: {'est__subsample': 0.8, 'est__reg_lambda': 1.5, 'est__n_estimators': 250, 'est__max_depth': 4, 'est__learning_rate': 0.08, 'est__gamma': 0.1, 'est__colsample_bytree': 0.7} (score=-1.0990)
2026-05-14 08:28:28,598 [INFO] fplmodel.model - Candidate XGBoost | classifier=0.7793 ± 0.0191 ↑ | regressor=1.0990 ± 0.0735 ↓
2026-05-14 08:28:28,600 [INFO] fplmodel.model - Saved model selection summary to /Users/kyle/Documents/FPL-Prediction/models/model_selection_summary.csv
2026-05-14 08:28:28,600 [INFO] fplmodel.model - Selected classifier model: Histogram Gradient Boosting (balanced_accuracy=0.7805 ± 0.0152 ↑)
2026-05-14 08:28:28,600 [INFO] fplmodel.model - Selected regressor model: Histogram Gradient Boosting (MAE=1.0872 ± 0.0733 ↓)
2026-05-14 08:30:03,762 [INFO] fplmodel.model - Classifier (histogram gradient boosting) feature selector dropped 39 column(s): availability_next_round, bps_lag1, bps_ma5, creation_plus_minus_lag1, creation_plus_minus_ma5, defensive_actions_lag1, defensive_actions_ma5, expected_goal_involvements_ma5, expected_goal_involvements_per_90, injury_risk_flag, ... (+29 more)
2026-05-14 08:30:03,763 [INFO] fplmodel.model - Regressor (histogram gradient boosting) feature selector dropped 39 column(s): availability_next_round, bps_lag1, bps_ma5, creation_plus_minus_lag1, creation_plus_minus_ma5, defensive_actions_lag1, defensive_actions_ma5, expected_goal_involvements_ma5, expected_goal_involvements_per_90, injury_risk_flag, ... (+29 more)
2026-05-14 08:30:03,763 [INFO] fplmodel.model - Final model selection: classifier=Histogram Gradient Boosting | regressor=Histogram Gradient Boosting
2026-05-14 08:30:03,829 [INFO] fplmodel - Training prediction models completed in 210.03s
2026-05-14 08:30:03,829 [INFO] fplmodel - Estimator HistGradientBoostingRegressor for regressor does not expose feature_importances_; skipping logging.
2026-05-14 08:30:03,829 [INFO] fplmodel - Estimator HistGradientBoostingClassifier for classifier does not expose feature_importances_; skipping logging.
2026-05-14 08:30:03,829 [INFO] fplmodel - Model training complete; fitted 2 candidate pair(s).
2026-05-14 08:30:03,829 [INFO] fplmodel - Generating next gameweek predictions...
2026-05-14 08:30:03,894 [INFO] fplmodel - Generating next gameweek predictions completed in 0.06s
2026-05-14 08:30:03,895 [INFO] fplmodel - Generated ensemble predictions for 838 players using 2 model(s): Histogram Gradient Boosting, XGBoost
2026-05-14 08:30:03,905 [INFO] fplmodel - Applied fixture multipliers; average EP now 0.62
2026-05-14 08:30:03,906 [INFO] fplmodel - Top 5 expected point predictions (ensemble): Morgan Gibbs-White (6.99); Curtis Jones (5.92); Mathias Jensen (5.16); Igor Jesus Maciel da Cruz (4.94); Carlos Henrique Casimiro (4.66)
2026-05-14 08:30:03,906 [INFO] fplmodel - Evaluating last finished gameweek residuals...
2026-05-14 08:30:04,018 [INFO] fplmodel - Evaluating last finished gameweek residuals completed in 0.11s
2026-05-14 08:30:04,018 [INFO] fplmodel - Residuals computed for 7377 players in GW 34
2026-05-14 08:30:04,018 [INFO] fplmodel - Selecting best XI from 838 candidates
2026-05-14 08:30:04,018 [INFO] fplmodel - Optimising best XI selection...
2026-05-14 08:30:05,071 [INFO] fplmodel - Optimising best XI selection completed in 1.05s
2026-05-14 08:30:05,071 [INFO] fplmodel - Selected squad: total cost 91.8M | starting cost 67.0M | bench cost 24.8M
2026-05-14 08:30:05,072 [INFO] fplmodel - Projected points: XI 51.87 | Captain included 58.85 | Bench 12.94
2026-05-14 08:30:05,072 [INFO] fplmodel - Captain: Morgan Gibbs-White
2026-05-14 08:30:05,072 [INFO] fplmodel - XI | Bernd Leno (Fulham) - 4.23 pts | 4.9M
2026-05-14 08:30:05,072 [INFO] fplmodel - XI | Gabriel dos Santos Magalhães (Arsenal) - 4.59 pts | 7.3M
2026-05-14 08:30:05,072 [INFO] fplmodel - XI | William Saliba (Arsenal) - 3.59 pts | 6.2M
2026-05-14 08:30:05,072 [INFO] fplmodel - XI | James Tarkowski (Everton) - 3.32 pts | 5.7M
2026-05-14 08:30:05,072 [INFO] fplmodel - XI | Morgan Gibbs-White (Nott'm Forest) - 6.99 pts | 7.5M
2026-05-14 08:30:05,072 [INFO] fplmodel - XI | Curtis Jones (Liverpool) - 5.92 pts | 5.4M
2026-05-14 08:30:05,072 [INFO] fplmodel - XI | Mathias Jensen (Brentford) - 5.16 pts | 4.9M
2026-05-14 08:30:05,072 [INFO] fplmodel - XI | Carlos Henrique Casimiro (Man Utd) - 4.66 pts | 5.9M
2026-05-14 08:30:05,072 [INFO] fplmodel - XI | Elliot Anderson (Nott'm Forest) - 4.57 pts | 5.6M
2026-05-14 08:30:05,072 [INFO] fplmodel - XI | Igor Jesus Maciel da Cruz (Nott'm Forest) - 4.94 pts | 5.9M
2026-05-14 08:30:05,072 [INFO] fplmodel - XI | Jarrod Bowen (West Ham) - 3.89 pts | 7.7M
2026-05-14 08:30:05,072 [INFO] fplmodel - Bench 1 | Ollie Watkins (Aston Villa) - 3.36 pts
2026-05-14 08:30:05,072 [INFO] fplmodel - Bench 2 | Calvin Bassey (Fulham) - 3.19 pts
2026-05-14 08:30:05,072 [INFO] fplmodel - Bench 3 | Virgil van Dijk (Liverpool) - 3.12 pts
2026-05-14 08:30:05,072 [INFO] fplmodel - Bench 4 | Gianluigi Donnarumma (Man City) - 3.27 pts
2026-05-14 08:30:05,083 [INFO] fplmodel - Predictions saved to /Users/kyle/Documents/FPL-Prediction/outputs/predictions_gw35.csv
2026-05-14 08:30:05,084 [INFO] fplmodel - Starting XI saved to /Users/kyle/Documents/FPL-Prediction/outputs/starting_xi_gw35.csv
2026-05-14 08:30:05,085 [INFO] fplmodel - Bench saved to /Users/kyle/Documents/FPL-Prediction/outputs/bench_gw35.csv
2026-05-14 08:30:05,085 [INFO] fplmodel - Best XI JSON saved to /Users/kyle/Documents/FPL-Prediction/outputs/best_xi_gw35.json
2026-05-14 08:30:05,086 [INFO] fplmodel - Rendering best XI graphic...
2026-05-14 08:30:05,449 [INFO] fplmodel - Rendering best XI graphic completed in 0.36s
2026-05-14 08:30:05,450 [INFO] fplmodel - Best XI graphic generated at /Users/kyle/Documents/FPL-Prediction/outputs/best_xi_gw35.png
2026-05-14 08:30:05,459 [INFO] fplmodel - Residuals saved to /Users/kyle/Documents/FPL-Prediction/outputs/residuals_gw34.csv
2026-05-14 08:30:05,459 [INFO] fplmodel - Pipeline complete for GW 35
