2026-04-08 12:04:37,986 [INFO] fplmodel - Logging initialised. Writing to /Users/kyle/Documents/FPL-Prediction/logs/run_20260408_120437.log
2026-04-08 12:04:37,986 [INFO] fplmodel - Starting pipeline run (force_refetch=False)
2026-04-08 12:04:37,986 [INFO] fplmodel - Fetching bootstrap static data...
2026-04-08 12:04:38,007 [INFO] fplmodel - Fetching bootstrap static data completed in 0.02s
2026-04-08 12:04:38,007 [INFO] fplmodel - Fetching fixtures data...
2026-04-08 12:04:38,053 [INFO] fplmodel - Fetching fixtures data completed in 0.05s
2026-04-08 12:04:38,053 [INFO] fplmodel - Normalising bootstrap data...
2026-04-08 12:04:38,063 [INFO] fplmodel - Normalising bootstrap data completed in 0.01s
2026-04-08 12:04:38,063 [INFO] fplmodel - Loaded normalised frames: 825 elements, 20 teams, 38 events
2026-04-08 12:04:38,064 [INFO] fplmodel - Gameweek override applied -> next_gw=32 | last_finished_gw=31
2026-04-08 12:04:38,064 [INFO] fplmodel - Next gameweek: 32 | Last finished gameweek: 31
2026-04-08 12:04:38,064 [INFO] fplmodel - Renaming log file to highlight gameweek 32
2026-04-08 12:04:38,065 [INFO] fplmodel - Log file renamed to /Users/kyle/Documents/FPL-Prediction/logs/run_gw32_20260408_120437.log
2026-04-08 12:04:38,065 [INFO] fplmodel - Fetching player histories for 825 players (force_refetch=False)...
2026-04-08 12:04:39,631 [INFO] fplmodel - Fetching player histories for 825 players (force_refetch=False) completed in 1.57s
2026-04-08 12:04:39,633 [INFO] fplmodel - Loading 825 player history files from /Users/kyle/Documents/FPL-Prediction/data/raw
2026-04-08 12:04:39,633 [INFO] fplmodel - Collating player history JSON into dataframe...
2026-04-08 12:04:40,338 [INFO] fplmodel - Collating player history JSON into dataframe completed in 0.71s
2026-04-08 12:04:41,179 [INFO] fplmodel - Built player histories dataframe with 142974 rows
2026-04-08 12:04:41,179 [INFO] fplmodel - Loading external history data...
2026-04-08 12:04:41,947 [INFO] fplmodel - Loading external history data completed in 0.77s
2026-04-08 12:04:41,986 [INFO] fplmodel - Loaded 133310 external history rows for seasons 2020-21, 2021-22, 2022-23, 2023-24, 2024-25
2026-04-08 12:04:42,132 [INFO] fplmodel - Combined history dataset now has 263662 rows
2026-04-08 12:04:42,133 [INFO] fplmodel - Building training and prediction feature frames...
2026-04-08 12:04:46,810 [INFO] fplmodel - Building training and prediction feature frames completed in 4.68s
2026-04-08 12:04:46,811 [INFO] fplmodel - Prepared features: X_train=(232980, 156), y_train=232980, X_pred=(825, 163)
2026-04-08 12:04:46,818 [INFO] fplmodel - Training models with 156 features
2026-04-08 12:04:46,819 [INFO] fplmodel - Training feature columns: total_points_ma5, minutes_ma5, goals_scored_ma5, assists_ma5, clean_sheets_ma5, influence_ma5, creativity_ma5, threat_ma5, ict_index_ma5, goals_conceded_ma5, own_goals_ma5, penalties_saved_ma5, penalties_missed_ma5, yellow_cards_ma5, red_cards_ma5, saves_ma5, bonus_ma5, bps_ma5, clearances_blocks_interceptions_ma5, recoveries_ma5, tackles_ma5, defensive_contribution_ma5, starts_ma5, expected_goals_ma5, expected_assists_ma5, expected_goal_involvements_ma5, expected_goals_conceded_ma5, value_ma5, transfers_balance_ma5, selected_ma5, transfers_in_ma5, transfers_out_ma5, attacking_returns_ma5, finishing_plus_minus_ma5, finishing_ratio_ma5, creation_plus_minus_ma5, creation_ratio_ma5, xgi_plus_minus_ma5, minutes_share_ma5, points_per_90_ma5, tackles_plus_interceptions_ma5, defensive_actions_ma5, total_points_lag1, minutes_lag1, goals_scored_lag1, assists_lag1, clean_sheets_lag1, influence_lag1, creativity_lag1, threat_lag1, ict_index_lag1, goals_conceded_lag1, own_goals_lag1, penalties_saved_lag1, penalties_missed_lag1, yellow_cards_lag1, red_cards_lag1, saves_lag1, bonus_lag1, bps_lag1, clearances_blocks_interceptions_lag1, recoveries_lag1, tackles_lag1, defensive_contribution_lag1, starts_lag1, expected_goals_lag1, expected_assists_lag1, expected_goal_involvements_lag1, expected_goals_conceded_lag1, value_lag1, transfers_balance_lag1, selected_lag1, transfers_in_lag1, transfers_out_lag1, attacking_returns_lag1, finishing_plus_minus_lag1, finishing_ratio_lag1, creation_plus_minus_lag1, creation_ratio_lag1, xgi_plus_minus_lag1, minutes_share_lag1, points_per_90_lag1, tackles_plus_interceptions_lag1, defensive_actions_lag1, team_goals_for_ma5, team_goals_against_ma5, team_goal_diff_ma5, team_clean_sheet_ma5, team_conceded_two_plus_ma5, team_match_points_ma5, opp_team_goals_for_ma5, opp_team_goals_against_ma5, opp_team_goal_diff_ma5, opp_team_clean_sheet_ma5, opp_team_conceded_two_plus_ma5, opp_team_match_points_ma5, was_home, team_strength_overall, team_strength_home, team_strength_away, team_attack_home, team_attack_away, team_def_home, team_def_away, team_form_rating, team_points_table, team_league_position, team_matches_played, team_wins, team_draws, team_losses, opp_strength_overall, opp_strength_home, opp_strength_away, opp_attack_home, opp_attack_away, opp_def_home, opp_def_away, opp_form_rating, opp_points_table, opp_league_position, opp_matches_played, opp_wins, opp_draws, opp_losses, form, points_per_game, value_form, value_season, selected_by_percent, expected_goals_per_90, expected_assists_per_90, expected_goal_involvements_per_90, expected_goals_conceded_per_90, goals_conceded_per_90, saves_per_90, starts_per_90, clean_sheets_per_90, defensive_contribution_per_90, availability_this_round, availability_next_round, status_availability, status_injury_flag, injury_risk_flag, corners_and_indirect_freekicks_order, direct_freekicks_order, penalties_order, has_corners_duty, primary_corners_taker, has_direct_fk_duty, primary_direct_fk_taker, has_penalty_duty, primary_penalty_taker, set_piece_duty_score, player_bias, pos_bias
2026-04-08 12:04:46,819 [INFO] fplmodel - Training prediction models...
2026-04-08 12:04:47,153 [INFO] fplmodel.model - Season sample weights applied: 2020-21: 0.25, 2021-22: 0.25, 2022-23: 0.34, 2023-24: 0.49, 2024-25: 0.70, 2025-26: 1.00
2026-04-08 12:04:47,153 [INFO] fplmodel.model - Using TimeSeriesSplit with 3 folds for hyperparameter tuning.
2026-04-08 12:06:23,748 [INFO] fplmodel.model - Best classifier[hist_gbdt] params from tuning: {'est__min_samples_leaf': 20, 'est__max_iter': 350, 'est__max_depth': 4, 'est__learning_rate': 0.04, 'est__l2_regularization': 0.1} (score=1.0000)
2026-04-08 12:08:33,392 [INFO] fplmodel.model - Best regressor[hist_gbdt] params from tuning: {'est__min_samples_leaf': 10, 'est__max_iter': 400, 'est__max_depth': None, 'est__learning_rate': 0.08, 'est__l2_regularization': 0.05} (score=-0.9215)
2026-04-08 12:08:33,393 [INFO] fplmodel.model - Candidate Histogram Gradient Boosting | classifier=1.0000 ± 0.0000 ↑ | regressor=0.9215 ± 0.0420 ↓
2026-04-08 12:13:17,026 [INFO] fplmodel.model - Best classifier[random_forest] params from tuning: {'est__n_estimators': 200, 'est__min_samples_split': 6, 'est__min_samples_leaf': 4, 'est__max_features': 'sqrt', 'est__max_depth': None} (score=1.0000)
2026-04-08 13:02:15,380 [INFO] fplmodel.model - Best regressor[random_forest] params from tuning: {'est__n_estimators': 600, 'est__min_samples_split': 6, 'est__min_samples_leaf': 4, 'est__max_features': 0.7, 'est__max_depth': 20} (score=-0.8923)
2026-04-08 13:02:15,382 [INFO] fplmodel.model - Candidate Random Forest | classifier=1.0000 ± 0.0000 ↑ | regressor=0.8923 ± 0.0560 ↓
2026-04-08 13:04:38,427 [INFO] fplmodel.model - Best classifier[neural_network] params from tuning: {'est__learning_rate_init': 0.003, 'est__hidden_layer_sizes': (128, 128, 64), 'est__beta_1': 0.9, 'est__alpha': 0.001} (score=0.9992)
2026-04-08 13:06:31,870 [INFO] fplmodel.model - Best regressor[neural_network] params from tuning: {'est__learning_rate_init': 0.003, 'est__hidden_layer_sizes': (128, 64), 'est__beta_1': 0.9, 'est__alpha': 0.0001} (score=-0.9245)
2026-04-08 13:06:31,871 [INFO] fplmodel.model - Candidate Neural Network (MLP) | classifier=0.9992 ± 0.0003 ↑ | regressor=0.9245 ± 0.0997 ↓
2026-04-08 13:06:31,873 [INFO] fplmodel.model - Saved model selection summary to /Users/kyle/Documents/FPL-Prediction/models/model_selection_summary.csv
2026-04-08 13:06:31,873 [INFO] fplmodel.model - Selected classifier model: Histogram Gradient Boosting (balanced_accuracy=1.0000 ± 0.0000 ↑)
2026-04-08 13:06:31,873 [INFO] fplmodel.model - Selected regressor model: Random Forest (MAE=0.8923 ± 0.0560 ↓)
2026-04-08 13:13:25,267 [INFO] fplmodel.model - Classifier (histogram gradient boosting) feature selector dropped 34 column(s): availability_next_round, bps_lag1, bps_ma5, creation_plus_minus_lag1, creation_plus_minus_ma5, defensive_actions_lag1, defensive_actions_ma5, expected_goal_involvements_ma5, expected_goal_involvements_per_90, minutes_share_lag1, ... (+24 more)
2026-04-08 13:13:25,267 [INFO] fplmodel.model - Regressor (random forest) feature selector dropped 34 column(s): availability_next_round, bps_lag1, bps_ma5, creation_plus_minus_lag1, creation_plus_minus_ma5, defensive_actions_lag1, defensive_actions_ma5, expected_goal_involvements_ma5, expected_goal_involvements_per_90, minutes_share_lag1, ... (+24 more)
2026-04-08 13:13:25,267 [INFO] fplmodel.model - Final model selection: classifier=Histogram Gradient Boosting | regressor=Random Forest
2026-04-08 13:13:25,484 [INFO] fplmodel - Training prediction models completed in 4118.65s
2026-04-08 13:13:25,520 [INFO] fplmodel - Top feature weights for regressor: total_points_lag1: 0.3705, total_points_ma5: 0.0882, recoveries_lag1: 0.0832, points_per_90_lag1: 0.0463, defensive_contribution_lag1: 0.0319, bonus_lag1: 0.0264, player_bias: 0.0151, team_conceded_two_plus_ma5: 0.0143, selected_lag1: 0.0108, team_clean_sheet_ma5: 0.0101, selected_ma5: 0.0083, transfers_out_lag1: 0.0079, team_match_points_ma5: 0.0077, value_ma5: 0.0077, transfers_balance_lag1: 0.0072
2026-04-08 13:13:25,520 [INFO] fplmodel - Estimator HistGradientBoostingClassifier for classifier does not expose feature_importances_; skipping logging.
2026-04-08 13:13:25,520 [INFO] fplmodel - Model training complete; fitted 3 candidate pair(s).
2026-04-08 13:13:25,520 [INFO] fplmodel - Generating next gameweek predictions...
2026-04-08 13:13:25,643 [INFO] fplmodel - Generating next gameweek predictions completed in 0.12s
2026-04-08 13:13:25,644 [INFO] fplmodel - Generated ensemble predictions for 825 players using 3 model(s): Histogram Gradient Boosting, Random Forest, Neural Network (MLP)
2026-04-08 13:13:25,647 [INFO] fplmodel - Applied fixture multipliers; average EP now 1.78
2026-04-08 13:13:25,647 [INFO] fplmodel - Top 5 expected point predictions (ensemble): Joe Worrall (5.71); Lamare Bogarde (5.51); William Saliba (5.32); Lewis Dunk (5.28); Brenden Aaronson (5.19)
2026-04-08 13:13:25,647 [INFO] fplmodel - Evaluating last finished gameweek residuals...
2026-04-08 13:13:25,783 [INFO] fplmodel - Evaluating last finished gameweek residuals completed in 0.14s
2026-04-08 13:13:25,783 [INFO] fplmodel - Residuals computed for 7432 players in GW 31
2026-04-08 13:13:25,783 [INFO] fplmodel - Selecting best XI from 825 candidates
2026-04-08 13:13:25,783 [INFO] fplmodel - Optimising best XI selection...
2026-04-08 13:13:26,730 [INFO] fplmodel - Optimising best XI selection completed in 0.95s
2026-04-08 13:13:26,730 [INFO] fplmodel - Selected squad: total cost 83.5M | starting cost 60.9M | bench cost 22.6M
2026-04-08 13:13:26,731 [INFO] fplmodel - Projected points: XI 53.77 | Captain included 59.48 | Bench 16.22
2026-04-08 13:13:26,731 [INFO] fplmodel - Captain: Joe Worrall
2026-04-08 13:13:26,731 [INFO] fplmodel - XI | Guglielmo Vicario (Spurs) - 4.28 pts | 4.7M
2026-04-08 13:13:26,731 [INFO] fplmodel - XI | Joe Worrall (Burnley) - 5.71 pts | 3.8M
2026-04-08 13:13:26,731 [INFO] fplmodel - XI | Lamare Bogarde (Aston Villa) - 5.51 pts | 4.0M
2026-04-08 13:13:26,731 [INFO] fplmodel - XI | William Saliba (Arsenal) - 5.32 pts | 6.1M
2026-04-08 13:13:26,731 [INFO] fplmodel - XI | Lewis Dunk (Brighton) - 5.28 pts | 4.5M
2026-04-08 13:13:26,731 [INFO] fplmodel - XI | Brenden Aaronson (Leeds) - 5.19 pts | 5.4M
2026-04-08 13:13:26,731 [INFO] fplmodel - XI | Rayan Cherki (Man City) - 4.89 pts | 6.3M
2026-04-08 13:13:26,731 [INFO] fplmodel - XI | Jaidon Anthony (Burnley) - 4.73 pts | 5.0M
2026-04-08 13:13:26,731 [INFO] fplmodel - XI | Sávio Moreira de Oliveira (Man City) - 4.51 pts | 6.9M
2026-04-08 13:13:26,731 [INFO] fplmodel - XI | Matheus Santos Carneiro da Cunha (Man Utd) - 4.46 pts | 8.0M
2026-04-08 13:13:26,731 [INFO] fplmodel - XI | Raúl Jiménez Rodríguez (Fulham) - 3.90 pts | 6.2M
2026-04-08 13:13:26,731 [INFO] fplmodel - Bench 1 | Neco Williams (Nott'm Forest) - 4.81 pts
2026-04-08 13:13:26,731 [INFO] fplmodel - Bench 2 | Danny Welbeck (Brighton) - 3.74 pts
2026-04-08 13:13:26,731 [INFO] fplmodel - Bench 3 | João Pedro Junqueira de Jesus (Chelsea) - 3.69 pts
2026-04-08 13:13:26,731 [INFO] fplmodel - Bench 4 | Karl Darlow (Leeds) - 3.98 pts
2026-04-08 13:13:26,738 [INFO] fplmodel - Predictions saved to /Users/kyle/Documents/FPL-Prediction/outputs/predictions_gw32.csv
2026-04-08 13:13:26,739 [INFO] fplmodel - Starting XI saved to /Users/kyle/Documents/FPL-Prediction/outputs/starting_xi_gw32.csv
2026-04-08 13:13:26,740 [INFO] fplmodel - Bench saved to /Users/kyle/Documents/FPL-Prediction/outputs/bench_gw32.csv
2026-04-08 13:13:26,740 [INFO] fplmodel - Best XI JSON saved to /Users/kyle/Documents/FPL-Prediction/outputs/best_xi_gw32.json
2026-04-08 13:13:26,740 [INFO] fplmodel - Rendering best XI graphic...
2026-04-08 13:13:26,929 [INFO] fplmodel - Rendering best XI graphic completed in 0.19s
2026-04-08 13:13:26,929 [INFO] fplmodel - Best XI graphic generated at /Users/kyle/Documents/FPL-Prediction/outputs/best_xi_gw32.png
2026-04-08 13:13:26,938 [INFO] fplmodel - Residuals saved to /Users/kyle/Documents/FPL-Prediction/outputs/residuals_gw31.csv
2026-04-08 13:13:26,938 [INFO] fplmodel - Pipeline complete for GW 32
