2026-05-06 07:22:56,364 [INFO] fplmodel - Logging initialised. Writing to /Users/kyle/Documents/FPL-Prediction/logs/run_20260506_072256.log
2026-05-06 07:22:56,364 [INFO] fplmodel - Starting pipeline run (force_refetch=False)
2026-05-06 07:22:56,364 [INFO] fplmodel - Fetching bootstrap static data...
2026-05-06 07:22:56,386 [INFO] fplmodel - Fetching bootstrap static data completed in 0.02s
2026-05-06 07:22:56,386 [INFO] fplmodel - Fetching fixtures data...
2026-05-06 07:22:56,396 [INFO] fplmodel - Fetching fixtures data completed in 0.01s
2026-05-06 07:22:56,396 [INFO] fplmodel - Normalising bootstrap data...
2026-05-06 07:22:56,406 [INFO] fplmodel - Normalising bootstrap data completed in 0.01s
2026-05-06 07:22:56,407 [INFO] fplmodel - Loaded normalised frames: 832 elements, 20 teams, 38 events
2026-05-06 07:22:56,407 [INFO] fplmodel - Gameweek override applied -> next_gw=38 | last_finished_gw=37
2026-05-06 07:22:56,407 [INFO] fplmodel - Next gameweek: 38 | Last finished gameweek: 37
2026-05-06 07:22:56,407 [INFO] fplmodel - Renaming log file to highlight gameweek 38
2026-05-06 07:22:56,407 [INFO] fplmodel - Log file renamed to /Users/kyle/Documents/FPL-Prediction/logs/run_gw38_20260506_072256.log
2026-05-06 07:22:56,407 [INFO] fplmodel - Fetching player histories for 832 players (force_refetch=False)...
2026-05-06 07:22:56,407 [INFO] fplmodel.data_pull - Fetching player histories with 8 worker thread(s).
2026-05-06 07:22:56,555 [INFO] fplmodel.data_pull - Player history fetch progress: 50/832 complete (0 failures).
2026-05-06 07:22:56,655 [INFO] fplmodel.data_pull - Player history fetch progress: 100/832 complete (0 failures).
2026-05-06 07:22:56,762 [INFO] fplmodel.data_pull - Player history fetch progress: 150/832 complete (0 failures).
2026-05-06 07:22:56,861 [INFO] fplmodel.data_pull - Player history fetch progress: 200/832 complete (0 failures).
2026-05-06 07:22:56,956 [INFO] fplmodel.data_pull - Player history fetch progress: 250/832 complete (0 failures).
2026-05-06 07:22:57,061 [INFO] fplmodel.data_pull - Player history fetch progress: 300/832 complete (0 failures).
2026-05-06 07:22:57,155 [INFO] fplmodel.data_pull - Player history fetch progress: 350/832 complete (0 failures).
2026-05-06 07:22:57,262 [INFO] fplmodel.data_pull - Player history fetch progress: 400/832 complete (0 failures).
2026-05-06 07:22:57,363 [INFO] fplmodel.data_pull - Player history fetch progress: 450/832 complete (0 failures).
2026-05-06 07:22:57,465 [INFO] fplmodel.data_pull - Player history fetch progress: 500/832 complete (0 failures).
2026-05-06 07:22:57,571 [INFO] fplmodel.data_pull - Player history fetch progress: 550/832 complete (0 failures).
2026-05-06 07:22:57,673 [INFO] fplmodel.data_pull - Player history fetch progress: 600/832 complete (0 failures).
2026-05-06 07:22:57,774 [INFO] fplmodel.data_pull - Player history fetch progress: 650/832 complete (0 failures).
2026-05-06 07:22:57,873 [INFO] fplmodel.data_pull - Player history fetch progress: 700/832 complete (0 failures).
2026-05-06 07:22:57,970 [INFO] fplmodel.data_pull - Player history fetch progress: 750/832 complete (0 failures).
2026-05-06 07:22:58,075 [INFO] fplmodel.data_pull - Player history fetch progress: 800/832 complete (0 failures).
2026-05-06 07:22:58,129 [INFO] fplmodel.data_pull - Player history fetch progress: 832/832 complete (0 failures).
2026-05-06 07:22:58,163 [INFO] fplmodel - Fetching player histories for 832 players (force_refetch=False) completed in 1.76s
2026-05-06 07:22:58,164 [INFO] fplmodel - Loading 832 player history files from /Users/kyle/Documents/FPL-Prediction/data/raw
2026-05-06 07:22:58,164 [INFO] fplmodel - Collating player history JSON into dataframe...
2026-05-06 07:22:58,966 [INFO] fplmodel - Collating player history JSON into dataframe completed in 0.80s
2026-05-06 07:22:59,867 [INFO] fplmodel - Built player histories dataframe with 162876 rows
2026-05-06 07:22:59,867 [INFO] fplmodel - Loading external history data...
2026-05-06 07:23:00,635 [INFO] fplmodel - Loading external history data completed in 0.77s
2026-05-06 07:23:00,676 [INFO] fplmodel - Loaded 133400 external history rows for seasons 2020-21, 2021-22, 2022-23, 2023-24, 2024-25
2026-05-06 07:23:00,828 [INFO] fplmodel - Combined history dataset now has 282030 rows
2026-05-06 07:23:00,828 [INFO] fplmodel - Building training and prediction feature frames...
2026-05-06 07:23:20,426 [INFO] fplmodel - Building training and prediction feature frames completed in 19.60s
2026-05-06 07:23:20,426 [INFO] fplmodel - Prepared features: X_train=(267079, 156), y_train=267079, X_pred=(832, 163)
2026-05-06 07:23:20,435 [INFO] fplmodel - Training models with 156 features
2026-05-06 07:23:20,435 [INFO] fplmodel - Training feature columns: total_points_ma5, minutes_ma5, goals_scored_ma5, assists_ma5, clean_sheets_ma5, influence_ma5, creativity_ma5, threat_ma5, ict_index_ma5, goals_conceded_ma5, own_goals_ma5, penalties_saved_ma5, penalties_missed_ma5, yellow_cards_ma5, red_cards_ma5, saves_ma5, bonus_ma5, bps_ma5, clearances_blocks_interceptions_ma5, recoveries_ma5, tackles_ma5, defensive_contribution_ma5, starts_ma5, expected_goals_ma5, expected_assists_ma5, expected_goal_involvements_ma5, expected_goals_conceded_ma5, value_ma5, transfers_balance_ma5, selected_ma5, transfers_in_ma5, transfers_out_ma5, attacking_returns_ma5, finishing_plus_minus_ma5, finishing_ratio_ma5, creation_plus_minus_ma5, creation_ratio_ma5, xgi_plus_minus_ma5, minutes_share_ma5, points_per_90_ma5, tackles_plus_interceptions_ma5, defensive_actions_ma5, total_points_lag1, minutes_lag1, goals_scored_lag1, assists_lag1, clean_sheets_lag1, influence_lag1, creativity_lag1, threat_lag1, ict_index_lag1, goals_conceded_lag1, own_goals_lag1, penalties_saved_lag1, penalties_missed_lag1, yellow_cards_lag1, red_cards_lag1, saves_lag1, bonus_lag1, bps_lag1, clearances_blocks_interceptions_lag1, recoveries_lag1, tackles_lag1, defensive_contribution_lag1, starts_lag1, expected_goals_lag1, expected_assists_lag1, expected_goal_involvements_lag1, expected_goals_conceded_lag1, value_lag1, transfers_balance_lag1, selected_lag1, transfers_in_lag1, transfers_out_lag1, attacking_returns_lag1, finishing_plus_minus_lag1, finishing_ratio_lag1, creation_plus_minus_lag1, creation_ratio_lag1, xgi_plus_minus_lag1, minutes_share_lag1, points_per_90_lag1, tackles_plus_interceptions_lag1, defensive_actions_lag1, team_goals_for_ma5, team_goals_against_ma5, team_goal_diff_ma5, team_clean_sheet_ma5, team_conceded_two_plus_ma5, team_match_points_ma5, opp_team_goals_for_ma5, opp_team_goals_against_ma5, opp_team_goal_diff_ma5, opp_team_clean_sheet_ma5, opp_team_conceded_two_plus_ma5, opp_team_match_points_ma5, was_home, team_strength_overall, team_strength_home, team_strength_away, team_attack_home, team_attack_away, team_def_home, team_def_away, team_form_rating, team_points_table, team_league_position, team_matches_played, team_wins, team_draws, team_losses, opp_strength_overall, opp_strength_home, opp_strength_away, opp_attack_home, opp_attack_away, opp_def_home, opp_def_away, opp_form_rating, opp_points_table, opp_league_position, opp_matches_played, opp_wins, opp_draws, opp_losses, form, points_per_game, value_form, value_season, selected_by_percent, expected_goals_per_90, expected_assists_per_90, expected_goal_involvements_per_90, expected_goals_conceded_per_90, goals_conceded_per_90, saves_per_90, starts_per_90, clean_sheets_per_90, defensive_contribution_per_90, availability_this_round, availability_next_round, status_availability, status_injury_flag, injury_risk_flag, corners_and_indirect_freekicks_order, direct_freekicks_order, penalties_order, has_corners_duty, primary_corners_taker, has_direct_fk_duty, primary_direct_fk_taker, has_penalty_duty, primary_penalty_taker, set_piece_duty_score, player_bias, pos_bias
2026-05-06 07:23:20,436 [INFO] fplmodel - Training prediction models...
2026-05-06 07:23:20,833 [INFO] fplmodel.model - Season sample weights applied: 2020-21: 0.25, 2021-22: 0.25, 2022-23: 0.34, 2023-24: 0.49, 2024-25: 0.70, 2025-26: 1.00
2026-05-06 07:23:20,833 [INFO] fplmodel.model - Using TimeSeriesSplit with 3 folds for hyperparameter tuning.
2026-05-06 07:23:20,834 [INFO] fplmodel.model - Using actual match minutes as classifier target (minutes >= 60).
2026-05-06 07:23:20,839 [INFO] fplmodel.model - Model selection using most recent 60000/267079 training rows; final fits still use all rows.
2026-05-06 07:23:50,463 [INFO] fplmodel.model - Best classifier[hist_gbdt] params from tuning: {'est__min_samples_leaf': 30, 'est__max_iter': 300, 'est__max_depth': 8, 'est__learning_rate': 0.06, 'est__l2_regularization': 0.1} (score=0.7792)
2026-05-06 07:24:09,136 [INFO] fplmodel.model - Best regressor[hist_gbdt] params from tuning: {'est__min_samples_leaf': 20, 'est__max_iter': 400, 'est__max_depth': 4, 'est__learning_rate': 0.04, 'est__l2_regularization': 0.1} (score=-1.0984)
2026-05-06 07:24:09,136 [INFO] fplmodel.model - Candidate Histogram Gradient Boosting | classifier=0.7792 ± 0.0188 ↑ | regressor=1.0984 ± 0.0725 ↓
2026-05-06 07:24:42,908 [INFO] fplmodel.model - Best classifier[xgboost] params from tuning: {'est__subsample': 0.9, 'est__reg_lambda': 1.5, 'est__n_estimators': 550, 'est__max_depth': 8, 'est__learning_rate': 0.05, 'est__gamma': 0.3, 'est__colsample_bytree': 0.85} (score=0.7789)
2026-05-06 07:25:12,199 [INFO] fplmodel.model - Best regressor[xgboost] params from tuning: {'est__subsample': 0.8, 'est__reg_lambda': 1.5, 'est__n_estimators': 550, 'est__max_depth': 4, 'est__learning_rate': 0.05, 'est__gamma': 0.0, 'est__colsample_bytree': 1.0} (score=-1.1006)
2026-05-06 07:25:12,201 [INFO] fplmodel.model - Candidate XGBoost | classifier=0.7789 ± 0.0270 ↑ | regressor=1.1006 ± 0.0952 ↓
2026-05-06 07:25:12,201 [INFO] fplmodel.model - Saved model selection summary to /Users/kyle/Documents/FPL-Prediction/models/model_selection_summary.csv
2026-05-06 07:25:12,201 [INFO] fplmodel.model - Selected classifier model: Histogram Gradient Boosting (balanced_accuracy=0.7792 ± 0.0188 ↑)
2026-05-06 07:25:12,201 [INFO] fplmodel.model - Selected regressor model: Histogram Gradient Boosting (MAE=1.0984 ± 0.0725 ↓)
2026-05-06 07:26:52,807 [INFO] fplmodel.model - Classifier (histogram gradient boosting) feature selector dropped 37 column(s): availability_next_round, bps_lag1, bps_ma5, creation_plus_minus_lag1, creation_plus_minus_ma5, defensive_actions_lag1, defensive_actions_ma5, expected_goal_involvements_ma5, expected_goal_involvements_per_90, injury_risk_flag, ... (+27 more)
2026-05-06 07:26:52,809 [INFO] fplmodel.model - Regressor (histogram gradient boosting) feature selector dropped 37 column(s): availability_next_round, bps_lag1, bps_ma5, creation_plus_minus_lag1, creation_plus_minus_ma5, defensive_actions_lag1, defensive_actions_ma5, expected_goal_involvements_ma5, expected_goal_involvements_per_90, injury_risk_flag, ... (+27 more)
2026-05-06 07:26:52,809 [INFO] fplmodel.model - Final model selection: classifier=Histogram Gradient Boosting | regressor=Histogram Gradient Boosting
2026-05-06 07:26:52,865 [INFO] fplmodel - Training prediction models completed in 212.43s
2026-05-06 07:26:52,865 [INFO] fplmodel - Estimator HistGradientBoostingRegressor for regressor does not expose feature_importances_; skipping logging.
2026-05-06 07:26:52,865 [INFO] fplmodel - Estimator HistGradientBoostingClassifier for classifier does not expose feature_importances_; skipping logging.
2026-05-06 07:26:52,866 [INFO] fplmodel - Model training complete; fitted 2 candidate pair(s).
2026-05-06 07:26:52,866 [INFO] fplmodel - Generating next gameweek predictions...
2026-05-06 07:26:52,911 [INFO] fplmodel - Generating next gameweek predictions completed in 0.05s
2026-05-06 07:26:52,912 [INFO] fplmodel - Generated ensemble predictions for 832 players using 2 model(s): Histogram Gradient Boosting, XGBoost
2026-05-06 07:26:52,918 [INFO] fplmodel - Applied fixture multipliers; average EP now 0.65
2026-05-06 07:26:52,919 [INFO] fplmodel - Top 5 expected point predictions (ensemble): Rayan Vitor Simplício Rocha (4.65); Jaidon Anthony (4.43); Gabriel dos Santos Magalhães (4.27); Caoimhín Kelleher (4.10); Dango Ouattara (4.00)
2026-05-06 07:26:52,919 [INFO] fplmodel - Evaluating last finished gameweek residuals...
2026-05-06 07:26:52,979 [INFO] fplmodel - Evaluating last finished gameweek residuals completed in 0.06s
2026-05-06 07:26:52,979 [INFO] fplmodel - Residuals computed for 4406 players in GW 37
2026-05-06 07:26:52,979 [INFO] fplmodel - Selecting best XI from 832 candidates
2026-05-06 07:26:52,979 [INFO] fplmodel - Optimising best XI selection...
2026-05-06 07:26:53,840 [INFO] fplmodel - Optimising best XI selection completed in 0.86s
2026-05-06 07:26:53,840 [INFO] fplmodel - Selected squad: total cost 83.5M | starting cost 64.8M | bench cost 18.7M
2026-05-06 07:26:53,841 [INFO] fplmodel - Projected points: XI 43.44 | Captain included 48.09 | Bench 12.25
2026-05-06 07:26:53,841 [INFO] fplmodel - Captain: Rayan Vitor Simplício Rocha
2026-05-06 07:26:53,841 [INFO] fplmodel - XI | Caoimhín Kelleher (Brentford) - 4.10 pts | 4.8M
2026-05-06 07:26:53,841 [INFO] fplmodel - XI | Gabriel dos Santos Magalhães (Arsenal) - 4.27 pts | 7.2M
2026-05-06 07:26:53,841 [INFO] fplmodel - XI | Marcos Senesi Barón (Bournemouth) - 3.87 pts | 5.2M
2026-05-06 07:26:53,841 [INFO] fplmodel - XI | Marc Cucurella Saseta (Chelsea) - 3.76 pts | 6.1M
2026-05-06 07:26:53,841 [INFO] fplmodel - XI | Nathan Collins (Brentford) - 3.54 pts | 4.9M
2026-05-06 07:26:53,841 [INFO] fplmodel - XI | Rayan Vitor Simplício Rocha (Bournemouth) - 4.65 pts | 5.4M
2026-05-06 07:26:53,841 [INFO] fplmodel - XI | Jaidon Anthony (Burnley) - 4.43 pts | 5.0M
2026-05-06 07:26:53,841 [INFO] fplmodel - XI | Dango Ouattara (Brentford) - 4.00 pts | 5.7M
2026-05-06 07:26:53,841 [INFO] fplmodel - XI | Rayan Cherki (Man City) - 3.88 pts | 6.6M
2026-05-06 07:26:53,841 [INFO] fplmodel - XI | Jérémy Doku (Man City) - 3.86 pts | 6.4M
2026-05-06 07:26:53,841 [INFO] fplmodel - XI | João Pedro Junqueira de Jesus (Chelsea) - 3.07 pts | 7.5M
2026-05-06 07:26:53,841 [INFO] fplmodel - Bench 1 | James Hill (Bournemouth) - 3.34 pts
2026-05-06 07:26:53,841 [INFO] fplmodel - Bench 2 | Zian Flemming (Burnley) - 2.80 pts
2026-05-06 07:26:53,841 [INFO] fplmodel - Bench 3 | Taiwo Awoniyi (Nott'm Forest) - 2.66 pts
2026-05-06 07:26:53,841 [INFO] fplmodel - Bench 4 | Karl Darlow (Leeds) - 3.46 pts
2026-05-06 07:26:53,851 [INFO] fplmodel - Predictions saved to /Users/kyle/Documents/FPL-Prediction/outputs/predictions_gw38.csv
2026-05-06 07:26:53,852 [INFO] fplmodel - Starting XI saved to /Users/kyle/Documents/FPL-Prediction/outputs/starting_xi_gw38.csv
2026-05-06 07:26:53,853 [INFO] fplmodel - Bench saved to /Users/kyle/Documents/FPL-Prediction/outputs/bench_gw38.csv
2026-05-06 07:26:53,853 [INFO] fplmodel - Best XI JSON saved to /Users/kyle/Documents/FPL-Prediction/outputs/best_xi_gw38.json
2026-05-06 07:26:53,853 [INFO] fplmodel - Rendering best XI graphic...
2026-05-06 07:26:54,035 [INFO] fplmodel - Rendering best XI graphic completed in 0.18s
2026-05-06 07:26:54,035 [INFO] fplmodel - Best XI graphic generated at /Users/kyle/Documents/FPL-Prediction/outputs/best_xi_gw38.png
2026-05-06 07:26:54,040 [INFO] fplmodel - Residuals saved to /Users/kyle/Documents/FPL-Prediction/outputs/residuals_gw37.csv
2026-05-06 07:26:54,040 [INFO] fplmodel - Pipeline complete for GW 38
