2025-12-16 12:33:12,722 [INFO] fplmodel - Logging initialised. Writing to /Users/kyle/Documents/FPL-Prediction/logs/run_20251216_123312.log
2025-12-16 12:33:12,722 [INFO] fplmodel - Starting pipeline run (force_refetch=True)
2025-12-16 12:33:12,722 [INFO] fplmodel - Fetching bootstrap static data...
2025-12-16 12:33:13,004 [INFO] fplmodel - Fetching bootstrap static data completed in 0.28s
2025-12-16 12:33:13,004 [INFO] fplmodel - Fetching fixtures data...
2025-12-16 12:33:13,209 [INFO] fplmodel - Fetching fixtures data completed in 0.21s
2025-12-16 12:33:13,210 [INFO] fplmodel - Normalising bootstrap data...
2025-12-16 12:33:13,264 [INFO] fplmodel - Normalising bootstrap data completed in 0.05s
2025-12-16 12:33:13,264 [INFO] fplmodel - Loaded normalised frames: 760 elements, 20 teams, 38 events
2025-12-16 12:33:13,266 [INFO] fplmodel - Gameweek override applied -> next_gw=16 | last_finished_gw=15
2025-12-16 12:33:13,266 [INFO] fplmodel - Next gameweek: 16 | Last finished gameweek: 15
2025-12-16 12:33:13,266 [INFO] fplmodel - Renaming log file to highlight gameweek 16
2025-12-16 12:33:13,267 [INFO] fplmodel - Log file renamed to /Users/kyle/Documents/FPL-Prediction/logs/run_gw16_20251216_123312.log
2025-12-16 12:33:13,267 [INFO] fplmodel - Fetching player histories for 760 players (force_refetch=True)...
2025-12-16 12:52:07,200 [INFO] fplmodel - Fetching player histories for 760 players (force_refetch=True) completed in 1133.93s
2025-12-16 12:52:07,202 [INFO] fplmodel - Loading 760 player history files from /Users/kyle/Documents/FPL-Prediction/data/raw
2025-12-16 12:52:07,202 [INFO] fplmodel - Collating player history JSON into dataframe...
2025-12-16 12:52:07,849 [INFO] fplmodel - Collating player history JSON into dataframe completed in 0.65s
2025-12-16 12:52:08,272 [INFO] fplmodel - Built player histories dataframe with 71100 rows
2025-12-16 12:52:08,272 [INFO] fplmodel - Loading external history data...
2025-12-16 12:52:09,187 [INFO] fplmodel - Loading external history data completed in 0.91s
2025-12-16 12:52:09,240 [INFO] fplmodel - Loaded 131649 external history rows for seasons 2020-21, 2021-22, 2022-23, 2023-24, 2024-25
2025-12-16 12:52:09,335 [INFO] fplmodel - Combined history dataset now has 196429 rows
2025-12-16 12:52:09,338 [INFO] fplmodel - Building training and prediction feature frames...
2025-12-16 12:52:13,551 [INFO] fplmodel - Building training and prediction feature frames completed in 4.21s
2025-12-16 12:52:13,551 [INFO] fplmodel - Prepared features: X_train=(106408, 156), y_train=106408, X_pred=(759, 163)
2025-12-16 12:52:13,563 [INFO] fplmodel - Training models with 156 features
2025-12-16 12:52:13,563 [INFO] fplmodel - Training feature columns: total_points_ma5, minutes_ma5, goals_scored_ma5, assists_ma5, clean_sheets_ma5, influence_ma5, creativity_ma5, threat_ma5, ict_index_ma5, goals_conceded_ma5, own_goals_ma5, penalties_saved_ma5, penalties_missed_ma5, yellow_cards_ma5, red_cards_ma5, saves_ma5, bonus_ma5, bps_ma5, clearances_blocks_interceptions_ma5, recoveries_ma5, tackles_ma5, defensive_contribution_ma5, starts_ma5, expected_goals_ma5, expected_assists_ma5, expected_goal_involvements_ma5, expected_goals_conceded_ma5, value_ma5, transfers_balance_ma5, selected_ma5, transfers_in_ma5, transfers_out_ma5, attacking_returns_ma5, finishing_plus_minus_ma5, finishing_ratio_ma5, creation_plus_minus_ma5, creation_ratio_ma5, xgi_plus_minus_ma5, minutes_share_ma5, points_per_90_ma5, tackles_plus_interceptions_ma5, defensive_actions_ma5, total_points_lag1, minutes_lag1, goals_scored_lag1, assists_lag1, clean_sheets_lag1, influence_lag1, creativity_lag1, threat_lag1, ict_index_lag1, goals_conceded_lag1, own_goals_lag1, penalties_saved_lag1, penalties_missed_lag1, yellow_cards_lag1, red_cards_lag1, saves_lag1, bonus_lag1, bps_lag1, clearances_blocks_interceptions_lag1, recoveries_lag1, tackles_lag1, defensive_contribution_lag1, starts_lag1, expected_goals_lag1, expected_assists_lag1, expected_goal_involvements_lag1, expected_goals_conceded_lag1, value_lag1, transfers_balance_lag1, selected_lag1, transfers_in_lag1, transfers_out_lag1, attacking_returns_lag1, finishing_plus_minus_lag1, finishing_ratio_lag1, creation_plus_minus_lag1, creation_ratio_lag1, xgi_plus_minus_lag1, minutes_share_lag1, points_per_90_lag1, tackles_plus_interceptions_lag1, defensive_actions_lag1, team_goals_for_ma5, team_goals_against_ma5, team_goal_diff_ma5, team_clean_sheet_ma5, team_conceded_two_plus_ma5, team_match_points_ma5, opp_team_goals_for_ma5, opp_team_goals_against_ma5, opp_team_goal_diff_ma5, opp_team_clean_sheet_ma5, opp_team_conceded_two_plus_ma5, opp_team_match_points_ma5, was_home, team_strength_overall, team_strength_home, team_strength_away, team_attack_home, team_attack_away, team_def_home, team_def_away, team_form_rating, team_points_table, team_league_position, team_matches_played, team_wins, team_draws, team_losses, opp_strength_overall, opp_strength_home, opp_strength_away, opp_attack_home, opp_attack_away, opp_def_home, opp_def_away, opp_form_rating, opp_points_table, opp_league_position, opp_matches_played, opp_wins, opp_draws, opp_losses, form, points_per_game, value_form, value_season, selected_by_percent, expected_goals_per_90, expected_assists_per_90, expected_goal_involvements_per_90, expected_goals_conceded_per_90, goals_conceded_per_90, saves_per_90, starts_per_90, clean_sheets_per_90, defensive_contribution_per_90, availability_this_round, availability_next_round, status_availability, status_injury_flag, injury_risk_flag, corners_and_indirect_freekicks_order, direct_freekicks_order, penalties_order, has_corners_duty, primary_corners_taker, has_direct_fk_duty, primary_direct_fk_taker, has_penalty_duty, primary_penalty_taker, set_piece_duty_score, player_bias, pos_bias
2025-12-16 12:52:13,563 [INFO] fplmodel - Training prediction models...
2025-12-16 12:52:13,754 [INFO] fplmodel.model - Season sample weights applied: 2020-21: 0.25, 2021-22: 0.25, 2022-23: 0.34, 2023-24: 0.49, 2024-25: 0.70, 2025-26: 1.00
2025-12-16 12:52:13,754 [INFO] fplmodel.model - Using TimeSeriesSplit with 3 folds for hyperparameter tuning.
2025-12-16 12:53:04,160 [INFO] fplmodel.model - Best classifier[hist_gbdt] params from tuning: {'est__min_samples_leaf': 20, 'est__max_iter': 350, 'est__max_depth': 4, 'est__learning_rate': 0.04, 'est__l2_regularization': 0.1} (score=1.0000)
2025-12-16 12:54:00,041 [INFO] fplmodel.model - Best regressor[hist_gbdt] params from tuning: {'est__min_samples_leaf': 20, 'est__max_iter': 300, 'est__max_depth': 8, 'est__learning_rate': 0.06, 'est__l2_regularization': 0.05} (score=-0.9446)
2025-12-16 12:54:00,042 [INFO] fplmodel.model - Candidate Histogram Gradient Boosting | classifier=1.0000 ± 0.0000 ↑ | regressor=0.9446 ± 0.0548 ↓
2025-12-16 12:56:11,541 [INFO] fplmodel.model - Best classifier[random_forest] params from tuning: {'est__n_estimators': 200, 'est__min_samples_split': 6, 'est__min_samples_leaf': 4, 'est__max_features': 'sqrt', 'est__max_depth': None} (score=1.0000)
2025-12-16 13:19:40,782 [INFO] fplmodel.model - Best regressor[random_forest] params from tuning: {'est__n_estimators': 600, 'est__min_samples_split': 6, 'est__min_samples_leaf': 4, 'est__max_features': 0.7, 'est__max_depth': 20} (score=-0.9334)
2025-12-16 13:19:40,784 [INFO] fplmodel.model - Candidate Random Forest | classifier=1.0000 ± 0.0000 ↑ | regressor=0.9334 ± 0.0480 ↓
2025-12-16 13:21:11,473 [INFO] fplmodel.model - Best classifier[neural_network] params from tuning: {'est__learning_rate_init': 0.003, 'est__hidden_layer_sizes': (256, 128), 'est__beta_1': 0.85, 'est__alpha': 0.0001} (score=0.9988)
2025-12-16 13:22:02,888 [INFO] fplmodel.model - Best regressor[neural_network] params from tuning: {'est__learning_rate_init': 0.003, 'est__hidden_layer_sizes': (256, 128), 'est__beta_1': 0.85, 'est__alpha': 0.0005} (score=-0.9512)
2025-12-16 13:22:02,889 [INFO] fplmodel.model - Candidate Neural Network (MLP) | classifier=0.9988 ± 0.0006 ↑ | regressor=0.9512 ± 0.0987 ↓
2025-12-16 13:22:02,893 [INFO] fplmodel.model - Saved model selection summary to /Users/kyle/Documents/FPL-Prediction/models/model_selection_summary.csv
2025-12-16 13:22:02,893 [INFO] fplmodel.model - Selected classifier model: Histogram Gradient Boosting (balanced_accuracy=1.0000 ± 0.0000 ↑)
2025-12-16 13:22:02,893 [INFO] fplmodel.model - Selected regressor model: Random Forest (MAE=0.9334 ± 0.0480 ↓)
2025-12-16 13:24:58,826 [INFO] fplmodel.model - Classifier (histogram gradient boosting) feature selector dropped 39 column(s): bps_lag1, bps_ma5, creation_plus_minus_lag1, creation_plus_minus_ma5, defensive_actions_lag1, defensive_actions_ma5, expected_goal_involvements_lag1, expected_goal_involvements_ma5, expected_goal_involvements_per_90, has_penalty_duty, ... (+29 more)
2025-12-16 13:24:58,826 [INFO] fplmodel.model - Regressor (random forest) feature selector dropped 39 column(s): bps_lag1, bps_ma5, creation_plus_minus_lag1, creation_plus_minus_ma5, defensive_actions_lag1, defensive_actions_ma5, expected_goal_involvements_lag1, expected_goal_involvements_ma5, expected_goal_involvements_per_90, has_penalty_duty, ... (+29 more)
2025-12-16 13:24:58,826 [INFO] fplmodel.model - Final model selection: classifier=Histogram Gradient Boosting | regressor=Random Forest
2025-12-16 13:24:59,089 [INFO] fplmodel - Training prediction models completed in 1965.52s
2025-12-16 13:24:59,128 [INFO] fplmodel - Top feature weights for regressor: total_points_lag1: 0.3801, total_points_ma5: 0.0847, recoveries_lag1: 0.0780, defensive_contribution_lag1: 0.0327, points_per_90_lag1: 0.0315, bonus_lag1: 0.0295, player_bias: 0.0175, team_conceded_two_plus_ma5: 0.0117, selected_lag1: 0.0112, team_clean_sheet_ma5: 0.0098, bonus_ma5: 0.0092, selected_ma5: 0.0090, value_ma5: 0.0084, team_match_points_ma5: 0.0083, transfers_balance_lag1: 0.0075
2025-12-16 13:24:59,128 [INFO] fplmodel - Estimator HistGradientBoostingClassifier for classifier does not expose feature_importances_; skipping logging.
2025-12-16 13:24:59,128 [INFO] fplmodel - Model training complete; fitted 3 candidate pair(s).
2025-12-16 13:24:59,128 [INFO] fplmodel - Generating next gameweek predictions...
2025-12-16 13:24:59,269 [INFO] fplmodel - Generating next gameweek predictions completed in 0.14s
2025-12-16 13:24:59,270 [INFO] fplmodel - Generated ensemble predictions for 759 players using 3 model(s): Histogram Gradient Boosting, Random Forest, Neural Network (MLP)
2025-12-16 13:24:59,272 [INFO] fplmodel - Applied fixture multipliers; average EP now 1.93
2025-12-16 13:24:59,273 [INFO] fplmodel - Top 5 expected point predictions (ensemble): Matty Cash (9.33); Antoine Semenyo (6.33); Samuel Chukwueze (5.94); Yéremy Pino Santos (5.83); Tanaka Ao (5.77)
2025-12-16 13:24:59,273 [INFO] fplmodel - Evaluating last finished gameweek residuals...
2025-12-16 13:24:59,404 [INFO] fplmodel - Evaluating last finished gameweek residuals completed in 0.13s
2025-12-16 13:24:59,404 [INFO] fplmodel - Residuals computed for 7383 players in GW 15
2025-12-16 13:24:59,404 [INFO] fplmodel - Selecting best XI from 759 candidates
2025-12-16 13:24:59,404 [INFO] fplmodel - Optimising best XI selection...
2025-12-16 13:25:00,249 [INFO] fplmodel - Optimising best XI selection completed in 0.84s
2025-12-16 13:25:00,249 [INFO] fplmodel - Selected squad: total cost 86.5M | starting cost 63.3M | bench cost 23.2M
2025-12-16 13:25:00,250 [INFO] fplmodel - Projected points: XI 62.94 | Captain included 72.27 | Bench 16.98
2025-12-16 13:25:00,250 [INFO] fplmodel - Captain: Matty Cash
2025-12-16 13:25:00,250 [INFO] fplmodel - XI | Emiliano Martínez Romero (Aston Villa) - 4.87 pts | 5.1M
2025-12-16 13:25:00,250 [INFO] fplmodel - XI | Matty Cash (Aston Villa) - 9.33 pts | 4.9M
2025-12-16 13:25:00,250 [INFO] fplmodel - XI | Pau Torres (Aston Villa) - 5.12 pts | 4.3M
2025-12-16 13:25:00,250 [INFO] fplmodel - XI | Maxim De Cuyper (Brighton) - 4.65 pts | 4.3M
2025-12-16 13:25:00,250 [INFO] fplmodel - XI | Reece James (Chelsea) - 4.44 pts | 5.6M
2025-12-16 13:25:00,250 [INFO] fplmodel - XI | Antoine Semenyo (Bournemouth) - 6.33 pts | 7.5M
2025-12-16 13:25:00,250 [INFO] fplmodel - XI | Samuel Chukwueze (Fulham) - 5.94 pts | 5.3M
2025-12-16 13:25:00,250 [INFO] fplmodel - XI | Yéremy Pino Santos (Crystal Palace) - 5.83 pts | 5.8M
2025-12-16 13:25:00,250 [INFO] fplmodel - XI | Tanaka Ao (Leeds) - 5.77 pts | 4.8M
2025-12-16 13:25:00,250 [INFO] fplmodel - XI | Bukayo Saka (Arsenal) - 5.36 pts | 10.3M
2025-12-16 13:25:00,250 [INFO] fplmodel - XI | Eddie Nketiah (Crystal Palace) - 5.30 pts | 5.4M
2025-12-16 13:25:00,250 [INFO] fplmodel - Bench 1 | Jean-Philippe Mateta (Crystal Palace) - 4.34 pts
2025-12-16 13:25:00,250 [INFO] fplmodel - Bench 2 | Cristian Romero (Spurs) - 4.34 pts
2025-12-16 13:25:00,250 [INFO] fplmodel - Bench 3 | Igor Jesus Maciel da Cruz (Nott'm Forest) - 3.81 pts
2025-12-16 13:25:00,250 [INFO] fplmodel - Bench 4 | James Trafford (Man City) - 4.49 pts
2025-12-16 13:25:00,257 [INFO] fplmodel - Predictions saved to /Users/kyle/Documents/FPL-Prediction/outputs/predictions_gw16.csv
2025-12-16 13:25:00,258 [INFO] fplmodel - Starting XI saved to /Users/kyle/Documents/FPL-Prediction/outputs/starting_xi_gw16.csv
2025-12-16 13:25:00,258 [INFO] fplmodel - Bench saved to /Users/kyle/Documents/FPL-Prediction/outputs/bench_gw16.csv
2025-12-16 13:25:00,259 [INFO] fplmodel - Best XI JSON saved to /Users/kyle/Documents/FPL-Prediction/outputs/best_xi_gw16.json
2025-12-16 13:25:00,259 [INFO] fplmodel - Rendering best XI graphic...
2025-12-16 13:25:00,616 [INFO] fplmodel - Rendering best XI graphic completed in 0.36s
2025-12-16 13:25:00,617 [INFO] fplmodel - Best XI graphic generated at /Users/kyle/Documents/FPL-Prediction/outputs/best_xi_gw16.png
2025-12-16 13:25:00,626 [INFO] fplmodel - Residuals saved to /Users/kyle/Documents/FPL-Prediction/outputs/residuals_gw15.csv
2025-12-16 13:25:00,626 [INFO] fplmodel - Pipeline complete for GW 16
