2026-04-16 18:11:46,882 [INFO] fplmodel - Logging initialised. Writing to /Users/kyle/Documents/FPL-Prediction/logs/run_20260416_181146.log
2026-04-16 18:11:46,883 [INFO] fplmodel - Starting pipeline run (force_refetch=False)
2026-04-16 18:11:46,883 [INFO] fplmodel - Fetching bootstrap static data...
2026-04-16 18:11:46,904 [INFO] fplmodel - Fetching bootstrap static data completed in 0.02s
2026-04-16 18:11:46,904 [INFO] fplmodel - Fetching fixtures data...
2026-04-16 18:11:46,913 [INFO] fplmodel - Fetching fixtures data completed in 0.01s
2026-04-16 18:11:46,913 [INFO] fplmodel - Normalising bootstrap data...
2026-04-16 18:11:46,923 [INFO] fplmodel - Normalising bootstrap data completed in 0.01s
2026-04-16 18:11:46,923 [INFO] fplmodel - Loaded normalised frames: 826 elements, 20 teams, 38 events
2026-04-16 18:11:46,924 [INFO] fplmodel - Gameweek override applied -> next_gw=37 | last_finished_gw=36
2026-04-16 18:11:46,924 [INFO] fplmodel - Next gameweek: 37 | Last finished gameweek: 36
2026-04-16 18:11:46,924 [INFO] fplmodel - Renaming log file to highlight gameweek 37
2026-04-16 18:11:46,924 [INFO] fplmodel - Log file renamed to /Users/kyle/Documents/FPL-Prediction/logs/run_gw37_20260416_181146.log
2026-04-16 18:11:46,924 [INFO] fplmodel - Fetching player histories for 826 players (force_refetch=False)...
2026-04-16 18:11:48,519 [INFO] fplmodel - Fetching player histories for 826 players (force_refetch=False) completed in 1.59s
2026-04-16 18:11:48,521 [INFO] fplmodel - Loading 826 player history files from /Users/kyle/Documents/FPL-Prediction/data/raw
2026-04-16 18:11:48,521 [INFO] fplmodel - Collating player history JSON into dataframe...
2026-04-16 18:11:49,246 [INFO] fplmodel - Collating player history JSON into dataframe completed in 0.73s
2026-04-16 18:11:50,047 [INFO] fplmodel - Built player histories dataframe with 147930 rows
2026-04-16 18:11:50,047 [INFO] fplmodel - Loading external history data...
2026-04-16 18:11:50,804 [INFO] fplmodel - Loading external history data completed in 0.76s
2026-04-16 18:11:50,843 [INFO] fplmodel - Loaded 133323 external history rows for seasons 2020-21, 2021-22, 2022-23, 2023-24, 2024-25
2026-04-16 18:11:50,997 [INFO] fplmodel - Combined history dataset now has 268224 rows
2026-04-16 18:11:50,997 [INFO] fplmodel - Building training and prediction feature frames...
2026-04-16 18:11:55,780 [INFO] fplmodel - Building training and prediction feature frames completed in 4.78s
2026-04-16 18:11:55,780 [INFO] fplmodel - Prepared features: X_train=(257568, 156), y_train=257568, X_pred=(826, 163)
2026-04-16 18:11:55,788 [INFO] fplmodel - Training models with 156 features
2026-04-16 18:11:55,788 [INFO] fplmodel - Training feature columns: total_points_ma5, minutes_ma5, goals_scored_ma5, assists_ma5, clean_sheets_ma5, influence_ma5, creativity_ma5, threat_ma5, ict_index_ma5, goals_conceded_ma5, own_goals_ma5, penalties_saved_ma5, penalties_missed_ma5, yellow_cards_ma5, red_cards_ma5, saves_ma5, bonus_ma5, bps_ma5, clearances_blocks_interceptions_ma5, recoveries_ma5, tackles_ma5, defensive_contribution_ma5, starts_ma5, expected_goals_ma5, expected_assists_ma5, expected_goal_involvements_ma5, expected_goals_conceded_ma5, value_ma5, transfers_balance_ma5, selected_ma5, transfers_in_ma5, transfers_out_ma5, attacking_returns_ma5, finishing_plus_minus_ma5, finishing_ratio_ma5, creation_plus_minus_ma5, creation_ratio_ma5, xgi_plus_minus_ma5, minutes_share_ma5, points_per_90_ma5, tackles_plus_interceptions_ma5, defensive_actions_ma5, total_points_lag1, minutes_lag1, goals_scored_lag1, assists_lag1, clean_sheets_lag1, influence_lag1, creativity_lag1, threat_lag1, ict_index_lag1, goals_conceded_lag1, own_goals_lag1, penalties_saved_lag1, penalties_missed_lag1, yellow_cards_lag1, red_cards_lag1, saves_lag1, bonus_lag1, bps_lag1, clearances_blocks_interceptions_lag1, recoveries_lag1, tackles_lag1, defensive_contribution_lag1, starts_lag1, expected_goals_lag1, expected_assists_lag1, expected_goal_involvements_lag1, expected_goals_conceded_lag1, value_lag1, transfers_balance_lag1, selected_lag1, transfers_in_lag1, transfers_out_lag1, attacking_returns_lag1, finishing_plus_minus_lag1, finishing_ratio_lag1, creation_plus_minus_lag1, creation_ratio_lag1, xgi_plus_minus_lag1, minutes_share_lag1, points_per_90_lag1, tackles_plus_interceptions_lag1, defensive_actions_lag1, team_goals_for_ma5, team_goals_against_ma5, team_goal_diff_ma5, team_clean_sheet_ma5, team_conceded_two_plus_ma5, team_match_points_ma5, opp_team_goals_for_ma5, opp_team_goals_against_ma5, opp_team_goal_diff_ma5, opp_team_clean_sheet_ma5, opp_team_conceded_two_plus_ma5, opp_team_match_points_ma5, was_home, team_strength_overall, team_strength_home, team_strength_away, team_attack_home, team_attack_away, team_def_home, team_def_away, team_form_rating, team_points_table, team_league_position, team_matches_played, team_wins, team_draws, team_losses, opp_strength_overall, opp_strength_home, opp_strength_away, opp_attack_home, opp_attack_away, opp_def_home, opp_def_away, opp_form_rating, opp_points_table, opp_league_position, opp_matches_played, opp_wins, opp_draws, opp_losses, form, points_per_game, value_form, value_season, selected_by_percent, expected_goals_per_90, expected_assists_per_90, expected_goal_involvements_per_90, expected_goals_conceded_per_90, goals_conceded_per_90, saves_per_90, starts_per_90, clean_sheets_per_90, defensive_contribution_per_90, availability_this_round, availability_next_round, status_availability, status_injury_flag, injury_risk_flag, corners_and_indirect_freekicks_order, direct_freekicks_order, penalties_order, has_corners_duty, primary_corners_taker, has_direct_fk_duty, primary_direct_fk_taker, has_penalty_duty, primary_penalty_taker, set_piece_duty_score, player_bias, pos_bias
2026-04-16 18:11:55,788 [INFO] fplmodel - Training prediction models...
2026-04-16 18:11:56,145 [INFO] fplmodel.model - Season sample weights applied: 2020-21: 0.25, 2021-22: 0.25, 2022-23: 0.34, 2023-24: 0.49, 2024-25: 0.70, 2025-26: 1.00
2026-04-16 18:11:56,145 [INFO] fplmodel.model - Using TimeSeriesSplit with 3 folds for hyperparameter tuning.
2026-04-16 18:13:39,141 [INFO] fplmodel.model - Best classifier[hist_gbdt] params from tuning: {'est__min_samples_leaf': 20, 'est__max_iter': 350, 'est__max_depth': 4, 'est__learning_rate': 0.04, 'est__l2_regularization': 0.1} (score=1.0000)
2026-04-16 18:15:57,929 [INFO] fplmodel.model - Best regressor[hist_gbdt] params from tuning: {'est__min_samples_leaf': 30, 'est__max_iter': 350, 'est__max_depth': 8, 'est__learning_rate': 0.06, 'est__l2_regularization': 0.1} (score=-0.9591)
2026-04-16 18:15:57,931 [INFO] fplmodel.model - Candidate Histogram Gradient Boosting | classifier=1.0000 ± 0.0000 ↑ | regressor=0.9591 ± 0.0393 ↓
2026-04-16 18:20:58,937 [INFO] fplmodel.model - Best classifier[random_forest] params from tuning: {'est__n_estimators': 200, 'est__min_samples_split': 6, 'est__min_samples_leaf': 4, 'est__max_features': 'sqrt', 'est__max_depth': None} (score=1.0000)
2026-04-16 19:12:04,591 [INFO] fplmodel.model - Best regressor[random_forest] params from tuning: {'est__n_estimators': 600, 'est__min_samples_split': 6, 'est__min_samples_leaf': 4, 'est__max_features': 0.7, 'est__max_depth': 20} (score=-0.9421)
2026-04-16 19:12:04,592 [INFO] fplmodel.model - Candidate Random Forest | classifier=1.0000 ± 0.0000 ↑ | regressor=0.9421 ± 0.0468 ↓
2026-04-16 19:15:16,711 [INFO] fplmodel.model - Best classifier[neural_network] params from tuning: {'est__learning_rate_init': 0.001, 'est__hidden_layer_sizes': (256, 128), 'est__beta_1': 0.85, 'est__alpha': 0.0005} (score=0.9991)
2026-04-16 19:17:25,731 [INFO] fplmodel.model - Best regressor[neural_network] params from tuning: {'est__learning_rate_init': 0.003, 'est__hidden_layer_sizes': (256, 128), 'est__beta_1': 0.95, 'est__alpha': 0.0001} (score=-0.9442)
2026-04-16 19:17:25,732 [INFO] fplmodel.model - Candidate Neural Network (MLP) | classifier=0.9991 ± 0.0004 ↑ | regressor=0.9442 ± 0.0723 ↓
2026-04-16 19:17:25,734 [INFO] fplmodel.model - Saved model selection summary to /Users/kyle/Documents/FPL-Prediction/models/model_selection_summary.csv
2026-04-16 19:17:25,734 [INFO] fplmodel.model - Selected classifier model: Histogram Gradient Boosting (balanced_accuracy=1.0000 ± 0.0000 ↑)
2026-04-16 19:17:25,734 [INFO] fplmodel.model - Selected regressor model: Random Forest (MAE=0.9421 ± 0.0468 ↓)
2026-04-16 19:25:07,861 [INFO] fplmodel.model - Classifier (histogram gradient boosting) feature selector dropped 38 column(s): availability_next_round, bps_lag1, bps_ma5, creation_plus_minus_lag1, creation_plus_minus_ma5, defensive_actions_lag1, defensive_actions_ma5, expected_goal_involvements_ma5, expected_goal_involvements_per_90, injury_risk_flag, ... (+28 more)
2026-04-16 19:25:07,861 [INFO] fplmodel.model - Regressor (random forest) feature selector dropped 38 column(s): availability_next_round, bps_lag1, bps_ma5, creation_plus_minus_lag1, creation_plus_minus_ma5, defensive_actions_lag1, defensive_actions_ma5, expected_goal_involvements_ma5, expected_goal_involvements_per_90, injury_risk_flag, ... (+28 more)
2026-04-16 19:25:07,862 [INFO] fplmodel.model - Final model selection: classifier=Histogram Gradient Boosting | regressor=Random Forest
2026-04-16 19:25:08,092 [INFO] fplmodel - Training prediction models completed in 4392.30s
2026-04-16 19:25:08,130 [INFO] fplmodel - Top feature weights for regressor: total_points_lag1: 0.3522, recoveries_lag1: 0.0911, total_points_ma5: 0.0763, points_per_90_lag1: 0.0426, defensive_contribution_lag1: 0.0337, bonus_lag1: 0.0261, player_bias: 0.0182, team_conceded_two_plus_ma5: 0.0146, selected_lag1: 0.0128, team_clean_sheet_ma5: 0.0109, selected_ma5: 0.0090, transfers_out_lag1: 0.0090, value_ma5: 0.0090, team_match_points_ma5: 0.0088, transfers_balance_lag1: 0.0082
2026-04-16 19:25:08,130 [INFO] fplmodel - Estimator HistGradientBoostingClassifier for classifier does not expose feature_importances_; skipping logging.
2026-04-16 19:25:08,130 [INFO] fplmodel - Model training complete; fitted 3 candidate pair(s).
2026-04-16 19:25:08,130 [INFO] fplmodel - Generating next gameweek predictions...
2026-04-16 19:25:08,255 [INFO] fplmodel - Generating next gameweek predictions completed in 0.12s
2026-04-16 19:25:08,256 [INFO] fplmodel - Generated ensemble predictions for 826 players using 3 model(s): Histogram Gradient Boosting, Random Forest, Neural Network (MLP)
2026-04-16 19:25:08,258 [INFO] fplmodel - Applied fixture multipliers; average EP now 1.75
2026-04-16 19:25:08,259 [INFO] fplmodel - Top 5 expected point predictions (ensemble): Rayan Cherki (5.36); Lewis Cook (4.99); Loum Tchaouna (4.87); Marc Guiu Paz (4.81); Gabriel Martinelli Silva (4.74)
2026-04-16 19:25:08,259 [INFO] fplmodel - Evaluating last finished gameweek residuals...
2026-04-16 19:25:08,370 [INFO] fplmodel - Evaluating last finished gameweek residuals completed in 0.11s
2026-04-16 19:25:08,370 [INFO] fplmodel - Residuals computed for 4229 players in GW 36
2026-04-16 19:25:08,370 [INFO] fplmodel - Selecting best XI from 826 candidates
2026-04-16 19:25:08,370 [INFO] fplmodel - Optimising best XI selection...
2026-04-16 19:25:09,269 [INFO] fplmodel - Optimising best XI selection completed in 0.90s
2026-04-16 19:25:09,269 [INFO] fplmodel - Selected squad: total cost 73.8M | starting cost 55.2M | bench cost 18.6M
2026-04-16 19:25:09,269 [INFO] fplmodel - Projected points: XI 50.30 | Captain included 55.66 | Bench 15.39
2026-04-16 19:25:09,269 [INFO] fplmodel - Captain: Rayan Cherki
2026-04-16 19:25:09,269 [INFO] fplmodel - XI | Karl Darlow (Leeds) - 3.78 pts | 3.9M
2026-04-16 19:25:09,269 [INFO] fplmodel - XI | João Victor de Souza Menezes (Spurs) - 4.53 pts | 4.0M
2026-04-16 19:25:09,270 [INFO] fplmodel - XI | Michael Kayode (Brentford) - 4.24 pts | 4.6M
2026-04-16 19:25:09,270 [INFO] fplmodel - XI | Neco Williams (Nott'm Forest) - 4.19 pts | 4.7M
2026-04-16 19:25:09,270 [INFO] fplmodel - XI | Rayan Cherki (Man City) - 5.36 pts | 6.3M
2026-04-16 19:25:09,270 [INFO] fplmodel - XI | Lewis Cook (Bournemouth) - 4.99 pts | 4.9M
2026-04-16 19:25:09,270 [INFO] fplmodel - XI | Loum Tchaouna (Burnley) - 4.87 pts | 4.8M
2026-04-16 19:25:09,270 [INFO] fplmodel - XI | Gabriel Martinelli Silva (Arsenal) - 4.74 pts | 6.8M
2026-04-16 19:25:09,270 [INFO] fplmodel - XI | Curtis Jones (Liverpool) - 4.60 pts | 5.4M
2026-04-16 19:25:09,270 [INFO] fplmodel - XI | Marc Guiu Paz (Chelsea) - 4.81 pts | 4.0M
2026-04-16 19:25:09,270 [INFO] fplmodel - XI | Igor Jesus Maciel da Cruz (Nott'm Forest) - 4.19 pts | 5.8M
2026-04-16 19:25:09,270 [INFO] fplmodel - Bench 1 | Nathaniel Clyne (Crystal Palace) - 4.06 pts
2026-04-16 19:25:09,270 [INFO] fplmodel - Bench 2 | Jorge Cuenca Barreno (Fulham) - 3.87 pts
2026-04-16 19:25:09,270 [INFO] fplmodel - Bench 3 | Lyle Foster (Burnley) - 3.79 pts
2026-04-16 19:25:09,270 [INFO] fplmodel - Bench 4 | Gianluigi Donnarumma (Man City) - 3.68 pts
2026-04-16 19:25:09,276 [INFO] fplmodel - Predictions saved to /Users/kyle/Documents/FPL-Prediction/outputs/predictions_gw37.csv
2026-04-16 19:25:09,277 [INFO] fplmodel - Starting XI saved to /Users/kyle/Documents/FPL-Prediction/outputs/starting_xi_gw37.csv
2026-04-16 19:25:09,277 [INFO] fplmodel - Bench saved to /Users/kyle/Documents/FPL-Prediction/outputs/bench_gw37.csv
2026-04-16 19:25:09,278 [INFO] fplmodel - Best XI JSON saved to /Users/kyle/Documents/FPL-Prediction/outputs/best_xi_gw37.json
2026-04-16 19:25:09,278 [INFO] fplmodel - Rendering best XI graphic...
2026-04-16 19:25:09,417 [INFO] fplmodel - Rendering best XI graphic completed in 0.14s
2026-04-16 19:25:09,417 [INFO] fplmodel - Best XI graphic generated at /Users/kyle/Documents/FPL-Prediction/outputs/best_xi_gw37.png
2026-04-16 19:25:09,423 [INFO] fplmodel - Residuals saved to /Users/kyle/Documents/FPL-Prediction/outputs/residuals_gw36.csv
2026-04-16 19:25:09,423 [INFO] fplmodel - Pipeline complete for GW 37
