2026-07-23 08:46:58,582 [INFO] fplmodel - Logging initialised. Writing to /Users/kyle/Documents/FPL-Prediction/logs/run_20260723_084658.log
2026-07-23 08:46:58,582 [INFO] fplmodel - Starting pipeline run (force_refetch=False)
2026-07-23 08:46:58,582 [INFO] fplmodel - Fetching bootstrap static data...
2026-07-23 08:46:58,596 [INFO] fplmodel - Fetching bootstrap static data completed in 0.01s
2026-07-23 08:46:58,596 [INFO] fplmodel - Fetching fixtures data...
2026-07-23 08:46:58,596 [INFO] fplmodel - Fetching fixtures data completed in 0.00s
2026-07-23 08:46:58,597 [INFO] fplmodel - Normalising bootstrap data...
2026-07-23 08:46:58,604 [INFO] fplmodel - Normalising bootstrap data completed in 0.01s
2026-07-23 08:46:58,606 [INFO] fplmodel - Loaded normalised frames: 555 elements, 20 teams, 38 events
2026-07-23 08:46:58,606 [INFO] fplmodel - Gameweek override applied -> next_gw=4 | last_finished_gw=3
2026-07-23 08:46:58,606 [INFO] fplmodel - Next gameweek: 4 | Last finished gameweek: 3
2026-07-23 08:46:58,606 [INFO] fplmodel - Renaming log file to highlight gameweek 4
2026-07-23 08:46:58,606 [INFO] fplmodel - Log file renamed to /Users/kyle/Documents/FPL-Prediction/logs/run_gw4_20260723_084658.log
2026-07-23 08:46:58,606 [INFO] fplmodel - Fetching player histories for 555 players (force_refetch=False)...
2026-07-23 08:46:58,606 [INFO] fplmodel.data_pull - Fetching player histories with 8 worker thread(s).
2026-07-23 08:46:58,625 [INFO] fplmodel.data_pull - Player history fetch progress: 50/555 complete (0 failures).
2026-07-23 08:46:58,638 [INFO] fplmodel.data_pull - Player history fetch progress: 100/555 complete (0 failures).
2026-07-23 08:46:58,652 [INFO] fplmodel.data_pull - Player history fetch progress: 150/555 complete (0 failures).
2026-07-23 08:46:58,665 [INFO] fplmodel.data_pull - Player history fetch progress: 200/555 complete (0 failures).
2026-07-23 08:46:58,679 [INFO] fplmodel.data_pull - Player history fetch progress: 250/555 complete (0 failures).
2026-07-23 08:46:58,693 [INFO] fplmodel.data_pull - Player history fetch progress: 300/555 complete (0 failures).
2026-07-23 08:46:58,707 [INFO] fplmodel.data_pull - Player history fetch progress: 350/555 complete (0 failures).
2026-07-23 08:46:58,722 [INFO] fplmodel.data_pull - Player history fetch progress: 400/555 complete (0 failures).
2026-07-23 08:46:58,736 [INFO] fplmodel.data_pull - Player history fetch progress: 450/555 complete (0 failures).
2026-07-23 08:46:58,749 [INFO] fplmodel.data_pull - Player history fetch progress: 500/555 complete (0 failures).
2026-07-23 08:46:58,764 [INFO] fplmodel.data_pull - Player history fetch progress: 550/555 complete (0 failures).
2026-07-23 08:46:58,765 [INFO] fplmodel.data_pull - Player history fetch progress: 555/555 complete (0 failures).
2026-07-23 08:46:58,767 [INFO] fplmodel - Fetching player histories for 555 players (force_refetch=False) completed in 0.16s
2026-07-23 08:46:58,768 [INFO] fplmodel - Loading 555 current player history files from /Users/kyle/Documents/FPL-Prediction/data/raw
2026-07-23 08:46:58,768 [INFO] fplmodel - Collating player history JSON into dataframe...
2026-07-23 08:46:58,820 [INFO] fplmodel - Collating player history JSON into dataframe completed in 0.05s
2026-07-23 08:46:58,820 [INFO] fplmodel - Built player histories dataframe with 0 rows
2026-07-23 08:46:58,820 [INFO] fplmodel - Loading external history data...
2026-07-23 08:47:00,267 [INFO] fplmodel - Loading external history data completed in 1.45s
2026-07-23 08:47:00,302 [INFO] fplmodel - Loaded 58240 external history rows for seasons 2020-21, 2021-22, 2022-23, 2023-24, 2024-25, 2025-26
2026-07-23 08:47:00,313 [INFO] fplmodel - Combined history dataset now has 58230 rows
2026-07-23 08:47:00,314 [INFO] fplmodel - Building training and prediction feature frames...
2026-07-23 08:47:10,759 [INFO] fplmodel - Building training and prediction feature frames completed in 10.44s
2026-07-23 08:47:10,759 [INFO] fplmodel - Prepared features: X_train=(53386, 97), y_train=53386, X_pred=(555, 111)
2026-07-23 08:47:10,761 [INFO] fplmodel - Training models with 97 features
2026-07-23 08:47:10,761 [INFO] fplmodel - Training feature columns: total_points_ma5, minutes_ma5, goals_scored_ma5, assists_ma5, clean_sheets_ma5, influence_ma5, creativity_ma5, threat_ma5, ict_index_ma5, goals_conceded_ma5, own_goals_ma5, penalties_saved_ma5, penalties_missed_ma5, yellow_cards_ma5, red_cards_ma5, saves_ma5, bonus_ma5, bps_ma5, clearances_blocks_interceptions_ma5, recoveries_ma5, tackles_ma5, defensive_contribution_ma5, starts_ma5, expected_goals_ma5, expected_assists_ma5, expected_goal_involvements_ma5, expected_goals_conceded_ma5, value_ma5, transfers_balance_ma5, selected_ma5, transfers_in_ma5, transfers_out_ma5, attacking_returns_ma5, finishing_plus_minus_ma5, finishing_ratio_ma5, creation_plus_minus_ma5, creation_ratio_ma5, xgi_plus_minus_ma5, minutes_share_ma5, points_per_90_ma5, tackles_plus_interceptions_ma5, defensive_actions_ma5, total_points_lag1, minutes_lag1, goals_scored_lag1, assists_lag1, clean_sheets_lag1, influence_lag1, creativity_lag1, threat_lag1, ict_index_lag1, goals_conceded_lag1, own_goals_lag1, penalties_saved_lag1, penalties_missed_lag1, yellow_cards_lag1, red_cards_lag1, saves_lag1, bonus_lag1, bps_lag1, clearances_blocks_interceptions_lag1, recoveries_lag1, tackles_lag1, defensive_contribution_lag1, starts_lag1, expected_goals_lag1, expected_assists_lag1, expected_goal_involvements_lag1, expected_goals_conceded_lag1, value_lag1, transfers_balance_lag1, selected_lag1, transfers_in_lag1, transfers_out_lag1, attacking_returns_lag1, finishing_plus_minus_lag1, finishing_ratio_lag1, creation_plus_minus_lag1, creation_ratio_lag1, xgi_plus_minus_lag1, minutes_share_lag1, points_per_90_lag1, tackles_plus_interceptions_lag1, defensive_actions_lag1, team_goals_for_ma5, team_goals_against_ma5, team_goal_diff_ma5, team_clean_sheet_ma5, team_conceded_two_plus_ma5, team_match_points_ma5, opp_team_goals_for_ma5, opp_team_goals_against_ma5, opp_team_goal_diff_ma5, opp_team_clean_sheet_ma5, opp_team_conceded_two_plus_ma5, opp_team_match_points_ma5, was_home
2026-07-23 08:47:10,761 [INFO] fplmodel - Training prediction models...
2026-07-23 08:47:10,860 [INFO] fplmodel.model - Season sample weights applied: 2020-21: 0.25, 2021-22: 0.25, 2022-23: 0.34, 2023-24: 0.49, 2024-25: 0.70, 2025-26: 1.00
2026-07-23 08:47:10,860 [INFO] fplmodel.model - Using TimeSeriesSplit with 3 folds for hyperparameter tuning.
2026-07-23 08:47:10,861 [INFO] fplmodel.model - Using actual match minutes as classifier target (minutes >= 60).
2026-07-23 08:47:26,592 [INFO] fplmodel.model - Best classifier[hist_gbdt] params from tuning: {'est__min_samples_leaf': 30, 'est__max_iter': 250, 'est__max_depth': 4, 'est__learning_rate': 0.06, 'est__l2_regularization': 0.0} (score=0.8380)
2026-07-23 08:47:41,828 [INFO] fplmodel.model - Best appearance_classifier[hist_gbdt] params from tuning: {'est__min_samples_leaf': 20, 'est__max_iter': 250, 'est__max_depth': 8, 'est__learning_rate': 0.06, 'est__l2_regularization': 0.05} (score=0.8475)
2026-07-23 08:47:47,581 [INFO] fplmodel.model - Best regressor[hist_gbdt] params from tuning: {'est__min_samples_leaf': 10, 'est__max_iter': 400, 'est__max_depth': 4, 'est__learning_rate': 0.06, 'est__l2_regularization': 0.0} (score=-2.5066)
2026-07-23 08:47:47,582 [INFO] fplmodel.model - Candidate Histogram Gradient Boosting | starter classifier=0.8380 ± 0.0071 ↑ | appearance classifier=0.8475 ± 0.0049 ↑ | regressor=2.5066 ± 0.0313 ↓
2026-07-23 08:48:03,642 [INFO] fplmodel.model - Best classifier[xgboost] params from tuning: {'est__subsample': 0.8, 'est__reg_lambda': 1.5, 'est__n_estimators': 250, 'est__max_depth': 4, 'est__learning_rate': 0.08, 'est__gamma': 0.1, 'est__colsample_bytree': 0.7} (score=0.8368)
2026-07-23 08:48:21,267 [INFO] fplmodel.model - Best appearance_classifier[xgboost] params from tuning: {'est__subsample': 1.0, 'est__reg_lambda': 1.0, 'est__n_estimators': 550, 'est__max_depth': 4, 'est__learning_rate': 0.05, 'est__gamma': 0.3, 'est__colsample_bytree': 0.85} (score=0.8466)
2026-07-23 08:48:32,673 [INFO] fplmodel.model - Best regressor[xgboost] params from tuning: {'est__subsample': 0.8, 'est__reg_lambda': 1.5, 'est__n_estimators': 250, 'est__max_depth': 4, 'est__learning_rate': 0.08, 'est__gamma': 0.1, 'est__colsample_bytree': 0.7} (score=-2.5331)
2026-07-23 08:48:32,674 [INFO] fplmodel.model - Candidate XGBoost | starter classifier=0.8368 ± 0.0065 ↑ | appearance classifier=0.8466 ± 0.0038 ↑ | regressor=2.5331 ± 0.0778 ↓
2026-07-23 08:48:32,675 [INFO] fplmodel.model - Saved model selection summary to /Users/kyle/Documents/FPL-Prediction/models/model_selection_summary.csv
2026-07-23 08:48:32,675 [INFO] fplmodel.model - Selected classifier model: Histogram Gradient Boosting (balanced_accuracy=0.8380 ± 0.0071 ↑)
2026-07-23 08:48:32,675 [INFO] fplmodel.model - Selected appearance classifier model: Histogram Gradient Boosting (balanced_accuracy=0.8475 ± 0.0049 ↑)
2026-07-23 08:48:32,675 [INFO] fplmodel.model - Selected regressor model: Histogram Gradient Boosting (MAE=2.5066 ± 0.0313 ↓)
2026-07-23 08:48:53,780 [INFO] fplmodel.model - Classifier (histogram gradient boosting) feature selector dropped 13 column(s): bps_lag1, bps_ma5, creation_plus_minus_lag1, defensive_actions_lag1, defensive_actions_ma5, expected_goal_involvements_ma5, expected_goals_conceded_ma5, minutes_share_lag1, minutes_share_ma5, selected_lag1, ... (+3 more)
2026-07-23 08:48:53,780 [INFO] fplmodel.model - Appearance classifier (histogram gradient boosting) feature selector dropped 13 column(s): bps_lag1, bps_ma5, creation_plus_minus_lag1, defensive_actions_lag1, defensive_actions_ma5, expected_goal_involvements_ma5, expected_goals_conceded_ma5, minutes_share_lag1, minutes_share_ma5, selected_lag1, ... (+3 more)
2026-07-23 08:48:53,780 [INFO] fplmodel.model - Regressor (histogram gradient boosting) feature selector dropped 10 column(s): creation_plus_minus_lag1, defensive_actions_lag1, defensive_actions_ma5, expected_goal_involvements_ma5, minutes_share_lag1, minutes_share_ma5, selected_lag1, tackles_plus_interceptions_lag1, tackles_plus_interceptions_ma5, value_lag1
2026-07-23 08:48:53,780 [INFO] fplmodel.model - Final model selection: starter classifier=Histogram Gradient Boosting | appearance classifier=Histogram Gradient Boosting | regressor=Histogram Gradient Boosting
2026-07-23 08:48:53,814 [INFO] fplmodel - Training prediction models completed in 103.05s
2026-07-23 08:48:53,814 [INFO] fplmodel - Estimator HistGradientBoostingRegressor for regressor does not expose feature_importances_; skipping logging.
2026-07-23 08:48:53,814 [INFO] fplmodel - Estimator HistGradientBoostingClassifier for classifier does not expose feature_importances_; skipping logging.
2026-07-23 08:48:53,814 [INFO] fplmodel - Estimator HistGradientBoostingClassifier for appearance classifier does not expose feature_importances_; skipping logging.
2026-07-23 08:48:53,814 [INFO] fplmodel - Model training complete; fitted 2 candidate pair(s).
2026-07-23 08:48:53,814 [INFO] fplmodel - Generating next gameweek predictions...
2026-07-23 08:48:53,843 [INFO] fplmodel - Generating next gameweek predictions completed in 0.03s
2026-07-23 08:48:53,845 [INFO] fplmodel - Generated ensemble predictions for 555 players using 2 model(s): Histogram Gradient Boosting, XGBoost
2026-07-23 08:48:53,850 [INFO] fplmodel - Applied fixture multipliers; average EP now 1.35
2026-07-23 08:48:53,850 [INFO] fplmodel - Top 5 expected point predictions (ensemble): Bruno Borges Fernandes (7.91); Ollie Watkins (7.58); Erling Haaland (5.55); Virgil van Dijk (5.16); Bryan Mbeumo (4.75)
2026-07-23 08:48:53,851 [INFO] fplmodel - Evaluating last finished gameweek residuals...
2026-07-23 08:48:53,874 [INFO] fplmodel - Evaluating last finished gameweek residuals completed in 0.02s
2026-07-23 08:48:53,875 [INFO] fplmodel - Residuals computed for 1414 players in GW 3
2026-07-23 08:48:53,875 [INFO] fplmodel - Selecting best XI from 555 candidates
2026-07-23 08:48:53,875 [INFO] fplmodel - Optimising best XI selection...
2026-07-23 08:48:55,386 [INFO] fplmodel - Optimising best XI selection completed in 1.51s
2026-07-23 08:48:55,387 [INFO] fplmodel - Selected squad: total cost 100.0M | starting cost 79.5M | bench cost 20.5M
2026-07-23 08:48:55,387 [INFO] fplmodel - Projected points: XI 55.31 | Captain included 63.22 | Bench 13.63
2026-07-23 08:48:55,387 [INFO] fplmodel - Captain: Bruno Borges Fernandes
2026-07-23 08:48:55,387 [INFO] fplmodel - XI | David Raya Martín (Arsenal) - 3.87 pts | 6.0M
2026-07-23 08:48:55,387 [INFO] fplmodel - XI | Virgil van Dijk (Liverpool) - 5.16 pts | 6.5M
2026-07-23 08:48:55,387 [INFO] fplmodel - XI | Pedro Porro Sauceda (Spurs) - 4.59 pts | 5.5M
2026-07-23 08:48:55,387 [INFO] fplmodel - XI | Gabriel dos Santos Magalhães (Arsenal) - 4.24 pts | 8.0M
2026-07-23 08:48:55,387 [INFO] fplmodel - XI | Micky van de Ven (Spurs) - 3.93 pts | 5.0M
2026-07-23 08:48:55,387 [INFO] fplmodel - XI | Bruno Borges Fernandes (Man Utd) - 7.91 pts | 12.0M
2026-07-23 08:48:55,387 [INFO] fplmodel - XI | Bryan Mbeumo (Man Utd) - 4.75 pts | 8.0M
2026-07-23 08:48:55,387 [INFO] fplmodel - XI | Morgan Gibbs-White (Nott'm Forest) - 4.57 pts | 8.0M
2026-07-23 08:48:55,387 [INFO] fplmodel - XI | Pascal Groß (Brighton) - 4.36 pts | 5.5M
2026-07-23 08:48:55,387 [INFO] fplmodel - XI | Dominik Szoboszlai (Liverpool) - 4.34 pts | 7.0M
2026-07-23 08:48:55,387 [INFO] fplmodel - XI | Ollie Watkins (Aston Villa) - 7.58 pts | 8.0M
2026-07-23 08:48:55,387 [INFO] fplmodel - Bench 1 | Michael Kayode (Brentford) - 3.78 pts
2026-07-23 08:48:55,387 [INFO] fplmodel - Bench 2 | Francisco Evanilson de Lima Barbosa (Bournemouth) - 3.52 pts
2026-07-23 08:48:55,387 [INFO] fplmodel - Bench 3 | Dominic Calvert-Lewin (Leeds) - 3.50 pts
2026-07-23 08:48:55,388 [INFO] fplmodel - Bench 4 | Alex Palmer (Ipswich Town) - 2.83 pts
2026-07-23 08:48:55,397 [INFO] fplmodel - Predictions saved to /Users/kyle/Documents/FPL-Prediction/outputs/predictions_gw4.csv
2026-07-23 08:48:55,434 [INFO] fplmodel - Season prediction archive saved to /Users/kyle/Documents/FPL-Prediction/outputs/seasons/2026-27/predictions_gw4.csv
2026-07-23 08:48:55,436 [INFO] fplmodel - Starting XI saved to /Users/kyle/Documents/FPL-Prediction/outputs/starting_xi_gw4.csv
2026-07-23 08:48:55,436 [INFO] fplmodel - Bench saved to /Users/kyle/Documents/FPL-Prediction/outputs/bench_gw4.csv
2026-07-23 08:48:55,437 [INFO] fplmodel - Best XI JSON saved to /Users/kyle/Documents/FPL-Prediction/outputs/best_xi_gw4.json
2026-07-23 08:48:55,437 [INFO] fplmodel - Rendering best XI graphic...
2026-07-23 08:48:55,569 [INFO] fplmodel - Rendering best XI graphic completed in 0.13s
2026-07-23 08:48:55,569 [INFO] fplmodel - Best XI graphic generated at /Users/kyle/Documents/FPL-Prediction/outputs/best_xi_gw4.png
2026-07-23 08:48:55,571 [INFO] fplmodel - Residuals saved to /Users/kyle/Documents/FPL-Prediction/outputs/residuals_gw3.csv
2026-07-23 08:48:55,571 [INFO] fplmodel - Pipeline complete for GW 4
