2026-01-20 14:33:00,216 [INFO] fplmodel - Logging initialised. Writing to /Users/kyle/Documents/FPL-Prediction/logs/run_20260120_143300.log
2026-01-20 14:33:00,216 [INFO] fplmodel - Starting pipeline run (force_refetch=True)
2026-01-20 14:33:00,216 [INFO] fplmodel - Fetching bootstrap static data...
2026-01-20 14:33:00,630 [INFO] fplmodel - Fetching bootstrap static data completed in 0.41s
2026-01-20 14:33:00,630 [INFO] fplmodel - Fetching fixtures data...
2026-01-20 14:33:00,839 [INFO] fplmodel - Fetching fixtures data completed in 0.21s
2026-01-20 14:33:00,839 [INFO] fplmodel - Normalising bootstrap data...
2026-01-20 14:33:00,852 [INFO] fplmodel - Normalising bootstrap data completed in 0.01s
2026-01-20 14:33:00,853 [INFO] fplmodel - Loaded normalised frames: 801 elements, 20 teams, 38 events
2026-01-20 14:33:00,854 [INFO] fplmodel - Gameweek override applied -> next_gw=22 | last_finished_gw=21
2026-01-20 14:33:00,854 [INFO] fplmodel - Next gameweek: 22 | Last finished gameweek: 21
2026-01-20 14:33:00,854 [INFO] fplmodel - Renaming log file to highlight gameweek 22
2026-01-20 14:33:00,855 [INFO] fplmodel - Log file renamed to /Users/kyle/Documents/FPL-Prediction/logs/run_gw22_20260120_143300.log
2026-01-20 14:33:00,855 [INFO] fplmodel - Fetching player histories for 801 players (force_refetch=True)...
2026-01-20 14:56:11,493 [INFO] fplmodel - Fetching player histories for 801 players (force_refetch=True) completed in 1390.63s
2026-01-20 14:56:11,495 [INFO] fplmodel - Loading 801 player history files from /Users/kyle/Documents/FPL-Prediction/data/raw
2026-01-20 14:56:11,495 [INFO] fplmodel - Collating player history JSON into dataframe...
2026-01-20 14:56:12,133 [INFO] fplmodel - Collating player history JSON into dataframe completed in 0.64s
2026-01-20 14:56:12,662 [INFO] fplmodel - Built player histories dataframe with 99354 rows
2026-01-20 14:56:12,662 [INFO] fplmodel - Loading external history data...
2026-01-20 14:56:13,407 [INFO] fplmodel - Loading external history data completed in 0.74s
2026-01-20 14:56:13,448 [INFO] fplmodel - Loaded 132944 external history rows for seasons 2020-21, 2021-22, 2022-23, 2023-24, 2024-25
2026-01-20 14:56:13,552 [INFO] fplmodel - Combined history dataset now has 223419 rows
2026-01-20 14:56:13,554 [INFO] fplmodel - Building training and prediction feature frames...
2026-01-20 14:56:17,726 [INFO] fplmodel - Building training and prediction feature frames completed in 4.17s
2026-01-20 14:56:17,726 [INFO] fplmodel - Prepared features: X_train=(151028, 156), y_train=151028, X_pred=(795, 163)
2026-01-20 14:56:17,731 [INFO] fplmodel - Training models with 156 features
2026-01-20 14:56:17,731 [INFO] fplmodel - Training feature columns: total_points_ma5, minutes_ma5, goals_scored_ma5, assists_ma5, clean_sheets_ma5, influence_ma5, creativity_ma5, threat_ma5, ict_index_ma5, goals_conceded_ma5, own_goals_ma5, penalties_saved_ma5, penalties_missed_ma5, yellow_cards_ma5, red_cards_ma5, saves_ma5, bonus_ma5, bps_ma5, clearances_blocks_interceptions_ma5, recoveries_ma5, tackles_ma5, defensive_contribution_ma5, starts_ma5, expected_goals_ma5, expected_assists_ma5, expected_goal_involvements_ma5, expected_goals_conceded_ma5, value_ma5, transfers_balance_ma5, selected_ma5, transfers_in_ma5, transfers_out_ma5, attacking_returns_ma5, finishing_plus_minus_ma5, finishing_ratio_ma5, creation_plus_minus_ma5, creation_ratio_ma5, xgi_plus_minus_ma5, minutes_share_ma5, points_per_90_ma5, tackles_plus_interceptions_ma5, defensive_actions_ma5, total_points_lag1, minutes_lag1, goals_scored_lag1, assists_lag1, clean_sheets_lag1, influence_lag1, creativity_lag1, threat_lag1, ict_index_lag1, goals_conceded_lag1, own_goals_lag1, penalties_saved_lag1, penalties_missed_lag1, yellow_cards_lag1, red_cards_lag1, saves_lag1, bonus_lag1, bps_lag1, clearances_blocks_interceptions_lag1, recoveries_lag1, tackles_lag1, defensive_contribution_lag1, starts_lag1, expected_goals_lag1, expected_assists_lag1, expected_goal_involvements_lag1, expected_goals_conceded_lag1, value_lag1, transfers_balance_lag1, selected_lag1, transfers_in_lag1, transfers_out_lag1, attacking_returns_lag1, finishing_plus_minus_lag1, finishing_ratio_lag1, creation_plus_minus_lag1, creation_ratio_lag1, xgi_plus_minus_lag1, minutes_share_lag1, points_per_90_lag1, tackles_plus_interceptions_lag1, defensive_actions_lag1, team_goals_for_ma5, team_goals_against_ma5, team_goal_diff_ma5, team_clean_sheet_ma5, team_conceded_two_plus_ma5, team_match_points_ma5, opp_team_goals_for_ma5, opp_team_goals_against_ma5, opp_team_goal_diff_ma5, opp_team_clean_sheet_ma5, opp_team_conceded_two_plus_ma5, opp_team_match_points_ma5, was_home, team_strength_overall, team_strength_home, team_strength_away, team_attack_home, team_attack_away, team_def_home, team_def_away, team_form_rating, team_points_table, team_league_position, team_matches_played, team_wins, team_draws, team_losses, opp_strength_overall, opp_strength_home, opp_strength_away, opp_attack_home, opp_attack_away, opp_def_home, opp_def_away, opp_form_rating, opp_points_table, opp_league_position, opp_matches_played, opp_wins, opp_draws, opp_losses, form, points_per_game, value_form, value_season, selected_by_percent, expected_goals_per_90, expected_assists_per_90, expected_goal_involvements_per_90, expected_goals_conceded_per_90, goals_conceded_per_90, saves_per_90, starts_per_90, clean_sheets_per_90, defensive_contribution_per_90, availability_this_round, availability_next_round, status_availability, status_injury_flag, injury_risk_flag, corners_and_indirect_freekicks_order, direct_freekicks_order, penalties_order, has_corners_duty, primary_corners_taker, has_direct_fk_duty, primary_direct_fk_taker, has_penalty_duty, primary_penalty_taker, set_piece_duty_score, player_bias, pos_bias
2026-01-20 14:56:17,731 [INFO] fplmodel - Training prediction models...
2026-01-20 14:56:17,943 [INFO] fplmodel.model - Season sample weights applied: 2020-21: 0.25, 2021-22: 0.25, 2022-23: 0.34, 2023-24: 0.49, 2024-25: 0.70, 2025-26: 1.00
2026-01-20 14:56:17,943 [INFO] fplmodel.model - Using TimeSeriesSplit with 3 folds for hyperparameter tuning.
2026-01-20 14:57:19,573 [INFO] fplmodel.model - Best classifier[hist_gbdt] params from tuning: {'est__min_samples_leaf': 20, 'est__max_iter': 350, 'est__max_depth': 4, 'est__learning_rate': 0.04, 'est__l2_regularization': 0.1} (score=1.0000)
2026-01-20 14:58:39,652 [INFO] fplmodel.model - Best regressor[hist_gbdt] params from tuning: {'est__min_samples_leaf': 40, 'est__max_iter': 400, 'est__max_depth': None, 'est__learning_rate': 0.08, 'est__l2_regularization': 0.05} (score=-0.9278)
2026-01-20 14:58:39,653 [INFO] fplmodel.model - Candidate Histogram Gradient Boosting | classifier=1.0000 ± 0.0000 ↑ | regressor=0.9278 ± 0.0436 ↓
2026-01-20 15:01:41,192 [INFO] fplmodel.model - Best classifier[random_forest] params from tuning: {'est__n_estimators': 200, 'est__min_samples_split': 6, 'est__min_samples_leaf': 4, 'est__max_features': 'sqrt', 'est__max_depth': None} (score=1.0000)
2026-01-20 15:31:15,129 [INFO] fplmodel.model - Best regressor[random_forest] params from tuning: {'est__n_estimators': 600, 'est__min_samples_split': 6, 'est__min_samples_leaf': 4, 'est__max_features': 0.7, 'est__max_depth': 20} (score=-0.9131)
2026-01-20 15:31:15,131 [INFO] fplmodel.model - Candidate Random Forest | classifier=1.0000 ± 0.0000 ↑ | regressor=0.9131 ± 0.0447 ↓
2026-01-20 15:32:51,102 [INFO] fplmodel.model - Best classifier[neural_network] params from tuning: {'est__learning_rate_init': 0.003, 'est__hidden_layer_sizes': (256, 128), 'est__beta_1': 0.95, 'est__alpha': 0.0005} (score=0.9991)
2026-01-20 15:34:04,066 [INFO] fplmodel.model - Best regressor[neural_network] params from tuning: {'est__learning_rate_init': 0.001, 'est__hidden_layer_sizes': (128, 128, 64), 'est__beta_1': 0.85, 'est__alpha': 0.0005} (score=-0.9327)
2026-01-20 15:34:04,068 [INFO] fplmodel.model - Candidate Neural Network (MLP) | classifier=0.9991 ± 0.0006 ↑ | regressor=0.9327 ± 0.0731 ↓
2026-01-20 15:34:04,072 [INFO] fplmodel.model - Saved model selection summary to /Users/kyle/Documents/FPL-Prediction/models/model_selection_summary.csv
2026-01-20 15:34:04,072 [INFO] fplmodel.model - Selected classifier model: Histogram Gradient Boosting (balanced_accuracy=1.0000 ± 0.0000 ↑)
2026-01-20 15:34:04,072 [INFO] fplmodel.model - Selected regressor model: Random Forest (MAE=0.9131 ± 0.0447 ↓)
2026-01-20 15:38:26,059 [INFO] fplmodel.model - Classifier (histogram gradient boosting) feature selector dropped 38 column(s): availability_next_round, bps_lag1, bps_ma5, creation_plus_minus_lag1, creation_plus_minus_ma5, defensive_actions_lag1, defensive_actions_ma5, expected_goal_involvements_lag1, expected_goal_involvements_ma5, expected_goal_involvements_per_90, ... (+28 more)
2026-01-20 15:38:26,059 [INFO] fplmodel.model - Regressor (random forest) feature selector dropped 38 column(s): availability_next_round, bps_lag1, bps_ma5, creation_plus_minus_lag1, creation_plus_minus_ma5, defensive_actions_lag1, defensive_actions_ma5, expected_goal_involvements_lag1, expected_goal_involvements_ma5, expected_goal_involvements_per_90, ... (+28 more)
2026-01-20 15:38:26,059 [INFO] fplmodel.model - Final model selection: classifier=Histogram Gradient Boosting | regressor=Random Forest
2026-01-20 15:38:26,348 [INFO] fplmodel - Training prediction models completed in 2528.61s
2026-01-20 15:38:26,393 [INFO] fplmodel - Top feature weights for regressor: total_points_lag1: 0.3919, recoveries_lag1: 0.0792, total_points_ma5: 0.0788, defensive_contribution_lag1: 0.0324, points_per_90_lag1: 0.0321, bonus_lag1: 0.0293, player_bias: 0.0160, team_conceded_two_plus_ma5: 0.0134, selected_lag1: 0.0104, team_clean_sheet_ma5: 0.0097, bonus_ma5: 0.0095, value_ma5: 0.0082, selected_ma5: 0.0080, transfers_out_lag1: 0.0075, defensive_contribution_ma5: 0.0074
2026-01-20 15:38:26,393 [INFO] fplmodel - Estimator HistGradientBoostingClassifier for classifier does not expose feature_importances_; skipping logging.
2026-01-20 15:38:26,393 [INFO] fplmodel - Model training complete; fitted 3 candidate pair(s).
2026-01-20 15:38:26,393 [INFO] fplmodel - Generating next gameweek predictions...
2026-01-20 15:38:26,533 [INFO] fplmodel - Generating next gameweek predictions completed in 0.14s
2026-01-20 15:38:26,534 [INFO] fplmodel - Generated ensemble predictions for 795 players using 3 model(s): Histogram Gradient Boosting, Random Forest, Neural Network (MLP)
2026-01-20 15:38:26,537 [INFO] fplmodel - Applied fixture multipliers; average EP now 1.86
2026-01-20 15:38:26,538 [INFO] fplmodel - Top 5 expected point predictions (ensemble): Mateus Mané (8.98); William Saliba (8.07); Jurriën Timber (7.46); Gabriel dos Santos Magalhães (7.45); Bukayo Saka (6.42)
2026-01-20 15:38:26,538 [INFO] fplmodel - Evaluating last finished gameweek residuals...
2026-01-20 15:38:26,672 [INFO] fplmodel - Evaluating last finished gameweek residuals completed in 0.13s
2026-01-20 15:38:26,672 [INFO] fplmodel - Residuals computed for 7827 players in GW 21
2026-01-20 15:38:26,672 [INFO] fplmodel - Selecting best XI from 795 candidates
2026-01-20 15:38:26,672 [INFO] fplmodel - Optimising best XI selection...
2026-01-20 15:38:27,636 [INFO] fplmodel - Optimising best XI selection completed in 0.96s
2026-01-20 15:38:27,636 [INFO] fplmodel - Selected squad: total cost 86.5M | starting cost 62.7M | bench cost 23.8M
2026-01-20 15:38:27,637 [INFO] fplmodel - Projected points: XI 63.20 | Captain included 72.18 | Bench 15.71
2026-01-20 15:38:27,637 [INFO] fplmodel - Captain: Mateus Mané
2026-01-20 15:38:27,637 [INFO] fplmodel - XI | Emiliano Martínez Romero (Aston Villa) - 3.73 pts | 5.0M
2026-01-20 15:38:27,637 [INFO] fplmodel - XI | William Saliba (Arsenal) - 8.07 pts | 6.0M
2026-01-20 15:38:27,637 [INFO] fplmodel - XI | Jurriën Timber (Arsenal) - 7.46 pts | 6.3M
2026-01-20 15:38:27,637 [INFO] fplmodel - XI | Gabriel dos Santos Magalhães (Arsenal) - 7.45 pts | 6.8M
2026-01-20 15:38:27,637 [INFO] fplmodel - XI | Adrien Truffert (Bournemouth) - 4.70 pts | 4.5M
2026-01-20 15:38:27,637 [INFO] fplmodel - XI | James Garner (Everton) - 4.97 pts | 5.2M
2026-01-20 15:38:27,637 [INFO] fplmodel - XI | Kevin Schade (Brentford) - 4.86 pts | 7.1M
2026-01-20 15:38:27,637 [INFO] fplmodel - XI | Ethan Ampadu (Leeds) - 4.44 pts | 4.9M
2026-01-20 15:38:27,637 [INFO] fplmodel - XI | Ryan Sessegnon (Fulham) - 4.32 pts | 5.4M
2026-01-20 15:38:27,637 [INFO] fplmodel - XI | Justin Kluivert (Bournemouth) - 4.22 pts | 7.0M
2026-01-20 15:38:27,637 [INFO] fplmodel - XI | Mateus Mané (Wolves) - 8.98 pts | 4.5M
2026-01-20 15:38:27,637 [INFO] fplmodel - Bench 1 | Michael Keane (Everton) - 4.29 pts
2026-01-20 15:38:27,637 [INFO] fplmodel - Bench 2 | Jean-Philippe Mateta (Crystal Palace) - 4.06 pts
2026-01-20 15:38:27,637 [INFO] fplmodel - Bench 3 | Dominic Calvert-Lewin (Leeds) - 3.79 pts
2026-01-20 15:38:27,637 [INFO] fplmodel - Bench 4 | Jordan Pickford (Everton) - 3.57 pts
2026-01-20 15:38:27,644 [INFO] fplmodel - Predictions saved to /Users/kyle/Documents/FPL-Prediction/outputs/predictions_gw22.csv
2026-01-20 15:38:27,645 [INFO] fplmodel - Starting XI saved to /Users/kyle/Documents/FPL-Prediction/outputs/starting_xi_gw22.csv
2026-01-20 15:38:27,645 [INFO] fplmodel - Bench saved to /Users/kyle/Documents/FPL-Prediction/outputs/bench_gw22.csv
2026-01-20 15:38:27,646 [INFO] fplmodel - Best XI JSON saved to /Users/kyle/Documents/FPL-Prediction/outputs/best_xi_gw22.json
2026-01-20 15:38:27,646 [INFO] fplmodel - Rendering best XI graphic...
2026-01-20 15:38:27,991 [INFO] fplmodel - Rendering best XI graphic completed in 0.35s
2026-01-20 15:38:27,991 [INFO] fplmodel - Best XI graphic generated at /Users/kyle/Documents/FPL-Prediction/outputs/best_xi_gw22.png
2026-01-20 15:38:28,000 [INFO] fplmodel - Residuals saved to /Users/kyle/Documents/FPL-Prediction/outputs/residuals_gw21.csv
2026-01-20 15:38:28,000 [INFO] fplmodel - Pipeline complete for GW 22
