2026-05-27 09:31:51,276 [INFO] fplmodel - Logging initialised. Writing to /Users/kyle/Documents/FPL-Prediction/logs/run_20260527_093151.log
2026-05-27 09:31:51,277 [INFO] fplmodel - Starting pipeline run (force_refetch=False)
2026-05-27 09:31:51,277 [INFO] fplmodel - Fetching bootstrap static data...
2026-05-27 09:31:51,297 [INFO] fplmodel - Fetching bootstrap static data completed in 0.02s
2026-05-27 09:31:51,297 [INFO] fplmodel - Fetching fixtures data...
2026-05-27 09:31:51,307 [INFO] fplmodel - Fetching fixtures data completed in 0.01s
2026-05-27 09:31:51,307 [INFO] fplmodel - Normalising bootstrap data...
2026-05-27 09:31:51,318 [INFO] fplmodel - Normalising bootstrap data completed in 0.01s
2026-05-27 09:31:51,318 [INFO] fplmodel - Loaded normalised frames: 841 elements, 20 teams, 38 events
2026-05-27 09:31:51,318 [INFO] fplmodel - Gameweek override applied -> next_gw=13 | last_finished_gw=12
2026-05-27 09:31:51,318 [INFO] fplmodel - Next gameweek: 13 | Last finished gameweek: 12
2026-05-27 09:31:51,318 [INFO] fplmodel - Renaming log file to highlight gameweek 13
2026-05-27 09:31:51,318 [INFO] fplmodel - Log file renamed to /Users/kyle/Documents/FPL-Prediction/logs/run_gw13_20260527_093151.log
2026-05-27 09:31:51,319 [INFO] fplmodel - Fetching player histories for 841 players (force_refetch=False)...
2026-05-27 09:31:51,319 [INFO] fplmodel.data_pull - Fetching player histories with 8 worker thread(s).
2026-05-27 09:31:51,475 [INFO] fplmodel.data_pull - Player history fetch progress: 50/841 complete (0 failures).
2026-05-27 09:31:51,591 [INFO] fplmodel.data_pull - Player history fetch progress: 100/841 complete (0 failures).
2026-05-27 09:31:51,700 [INFO] fplmodel.data_pull - Player history fetch progress: 150/841 complete (0 failures).
2026-05-27 09:31:51,806 [INFO] fplmodel.data_pull - Player history fetch progress: 200/841 complete (0 failures).
2026-05-27 09:31:51,910 [INFO] fplmodel.data_pull - Player history fetch progress: 250/841 complete (0 failures).
2026-05-27 09:31:52,019 [INFO] fplmodel.data_pull - Player history fetch progress: 300/841 complete (0 failures).
2026-05-27 09:31:52,126 [INFO] fplmodel.data_pull - Player history fetch progress: 350/841 complete (0 failures).
2026-05-27 09:31:52,242 [INFO] fplmodel.data_pull - Player history fetch progress: 400/841 complete (0 failures).
2026-05-27 09:31:52,351 [INFO] fplmodel.data_pull - Player history fetch progress: 450/841 complete (0 failures).
2026-05-27 09:31:52,461 [INFO] fplmodel.data_pull - Player history fetch progress: 500/841 complete (0 failures).
2026-05-27 09:31:52,570 [INFO] fplmodel.data_pull - Player history fetch progress: 550/841 complete (0 failures).
2026-05-27 09:31:52,681 [INFO] fplmodel.data_pull - Player history fetch progress: 600/841 complete (0 failures).
2026-05-27 09:31:52,792 [INFO] fplmodel.data_pull - Player history fetch progress: 650/841 complete (0 failures).
2026-05-27 09:31:52,896 [INFO] fplmodel.data_pull - Player history fetch progress: 700/841 complete (0 failures).
2026-05-27 09:31:53,000 [INFO] fplmodel.data_pull - Player history fetch progress: 750/841 complete (0 failures).
2026-05-27 09:31:53,099 [INFO] fplmodel.data_pull - Player history fetch progress: 800/841 complete (0 failures).
2026-05-27 09:31:53,177 [INFO] fplmodel.data_pull - Player history fetch progress: 841/841 complete (0 failures).
2026-05-27 09:31:53,215 [INFO] fplmodel - Fetching player histories for 841 players (force_refetch=False) completed in 1.90s
2026-05-27 09:31:53,216 [INFO] fplmodel - Loading 841 player history files from /Users/kyle/Documents/FPL-Prediction/data/raw
2026-05-27 09:31:53,216 [INFO] fplmodel - Collating player history JSON into dataframe...
2026-05-27 09:31:54,102 [INFO] fplmodel - Collating player history JSON into dataframe completed in 0.89s
2026-05-27 09:31:55,175 [INFO] fplmodel - Built player histories dataframe with 178482 rows
2026-05-27 09:31:55,175 [INFO] fplmodel - Loading external history data...
2026-05-27 09:31:55,965 [INFO] fplmodel - Loading external history data completed in 0.79s
2026-05-27 09:31:56,004 [INFO] fplmodel - Loaded 133500 external history rows for seasons 2020-21, 2021-22, 2022-23, 2023-24, 2024-25
2026-05-27 09:31:56,184 [INFO] fplmodel - Combined history dataset now has 296480 rows
2026-05-27 09:31:56,184 [INFO] fplmodel - Building training and prediction feature frames...
2026-05-27 09:32:16,457 [INFO] fplmodel - Building training and prediction feature frames completed in 20.27s
2026-05-27 09:32:16,457 [INFO] fplmodel - Prepared features: X_train=(260698, 156), y_train=260698, X_pred=(841, 163)
2026-05-27 09:32:16,465 [INFO] fplmodel - Training models with 156 features
2026-05-27 09:32:16,465 [INFO] fplmodel - Training feature columns: total_points_ma5, minutes_ma5, goals_scored_ma5, assists_ma5, clean_sheets_ma5, influence_ma5, creativity_ma5, threat_ma5, ict_index_ma5, goals_conceded_ma5, own_goals_ma5, penalties_saved_ma5, penalties_missed_ma5, yellow_cards_ma5, red_cards_ma5, saves_ma5, bonus_ma5, bps_ma5, clearances_blocks_interceptions_ma5, recoveries_ma5, tackles_ma5, defensive_contribution_ma5, starts_ma5, expected_goals_ma5, expected_assists_ma5, expected_goal_involvements_ma5, expected_goals_conceded_ma5, value_ma5, transfers_balance_ma5, selected_ma5, transfers_in_ma5, transfers_out_ma5, attacking_returns_ma5, finishing_plus_minus_ma5, finishing_ratio_ma5, creation_plus_minus_ma5, creation_ratio_ma5, xgi_plus_minus_ma5, minutes_share_ma5, points_per_90_ma5, tackles_plus_interceptions_ma5, defensive_actions_ma5, total_points_lag1, minutes_lag1, goals_scored_lag1, assists_lag1, clean_sheets_lag1, influence_lag1, creativity_lag1, threat_lag1, ict_index_lag1, goals_conceded_lag1, own_goals_lag1, penalties_saved_lag1, penalties_missed_lag1, yellow_cards_lag1, red_cards_lag1, saves_lag1, bonus_lag1, bps_lag1, clearances_blocks_interceptions_lag1, recoveries_lag1, tackles_lag1, defensive_contribution_lag1, starts_lag1, expected_goals_lag1, expected_assists_lag1, expected_goal_involvements_lag1, expected_goals_conceded_lag1, value_lag1, transfers_balance_lag1, selected_lag1, transfers_in_lag1, transfers_out_lag1, attacking_returns_lag1, finishing_plus_minus_lag1, finishing_ratio_lag1, creation_plus_minus_lag1, creation_ratio_lag1, xgi_plus_minus_lag1, minutes_share_lag1, points_per_90_lag1, tackles_plus_interceptions_lag1, defensive_actions_lag1, team_goals_for_ma5, team_goals_against_ma5, team_goal_diff_ma5, team_clean_sheet_ma5, team_conceded_two_plus_ma5, team_match_points_ma5, opp_team_goals_for_ma5, opp_team_goals_against_ma5, opp_team_goal_diff_ma5, opp_team_clean_sheet_ma5, opp_team_conceded_two_plus_ma5, opp_team_match_points_ma5, was_home, team_strength_overall, team_strength_home, team_strength_away, team_attack_home, team_attack_away, team_def_home, team_def_away, team_form_rating, team_points_table, team_league_position, team_matches_played, team_wins, team_draws, team_losses, opp_strength_overall, opp_strength_home, opp_strength_away, opp_attack_home, opp_attack_away, opp_def_home, opp_def_away, opp_form_rating, opp_points_table, opp_league_position, opp_matches_played, opp_wins, opp_draws, opp_losses, form, points_per_game, value_form, value_season, selected_by_percent, expected_goals_per_90, expected_assists_per_90, expected_goal_involvements_per_90, expected_goals_conceded_per_90, goals_conceded_per_90, saves_per_90, starts_per_90, clean_sheets_per_90, defensive_contribution_per_90, availability_this_round, availability_next_round, status_availability, status_injury_flag, injury_risk_flag, corners_and_indirect_freekicks_order, direct_freekicks_order, penalties_order, has_corners_duty, primary_corners_taker, has_direct_fk_duty, primary_direct_fk_taker, has_penalty_duty, primary_penalty_taker, set_piece_duty_score, player_bias, pos_bias
2026-05-27 09:32:16,466 [INFO] fplmodel - Training prediction models...
2026-05-27 09:32:16,853 [INFO] fplmodel.model - Season sample weights applied: 2020-21: 0.25, 2021-22: 0.25, 2022-23: 0.34, 2023-24: 0.49, 2024-25: 0.70, 2025-26: 1.00
2026-05-27 09:32:16,854 [INFO] fplmodel.model - Using TimeSeriesSplit with 3 folds for hyperparameter tuning.
2026-05-27 09:32:16,855 [INFO] fplmodel.model - Using actual match minutes as classifier target (minutes >= 60).
2026-05-27 09:32:16,860 [INFO] fplmodel.model - Model selection using most recent 60000/260698 training rows; final fits still use all rows.
2026-05-27 09:32:43,302 [INFO] fplmodel.model - Best classifier[hist_gbdt] params from tuning: {'est__min_samples_leaf': 10, 'est__max_iter': 350, 'est__max_depth': None, 'est__learning_rate': 0.08, 'est__l2_regularization': 0.05} (score=0.7843)
2026-05-27 09:33:03,029 [INFO] fplmodel.model - Best regressor[hist_gbdt] params from tuning: {'est__min_samples_leaf': 40, 'est__max_iter': 400, 'est__max_depth': 6, 'est__learning_rate': 0.04, 'est__l2_regularization': 0.0} (score=-1.1313)
2026-05-27 09:33:03,029 [INFO] fplmodel.model - Candidate Histogram Gradient Boosting | classifier=0.7843 ± 0.0047 ↑ | regressor=1.1313 ± 0.0496 ↓
2026-05-27 09:33:36,974 [INFO] fplmodel.model - Best classifier[xgboost] params from tuning: {'est__subsample': 0.9, 'est__reg_lambda': 1.5, 'est__n_estimators': 550, 'est__max_depth': 8, 'est__learning_rate': 0.05, 'est__gamma': 0.3, 'est__colsample_bytree': 0.85} (score=0.7860)
2026-05-27 09:34:04,883 [INFO] fplmodel.model - Best regressor[xgboost] params from tuning: {'est__subsample': 0.8, 'est__reg_lambda': 1.5, 'est__n_estimators': 250, 'est__max_depth': 4, 'est__learning_rate': 0.08, 'est__gamma': 0.1, 'est__colsample_bytree': 0.7} (score=-1.1495)
2026-05-27 09:34:04,884 [INFO] fplmodel.model - Candidate XGBoost | classifier=0.7860 ± 0.0094 ↑ | regressor=1.1495 ± 0.0574 ↓
2026-05-27 09:34:04,885 [INFO] fplmodel.model - Saved model selection summary to /Users/kyle/Documents/FPL-Prediction/models/model_selection_summary.csv
2026-05-27 09:34:04,885 [INFO] fplmodel.model - Selected classifier model: XGBoost (balanced_accuracy=0.7860 ± 0.0094 ↑)
2026-05-27 09:34:04,885 [INFO] fplmodel.model - Selected regressor model: Histogram Gradient Boosting (MAE=1.1313 ± 0.0496 ↓)
2026-05-27 09:35:38,725 [INFO] fplmodel.model - Classifier (xgboost) feature selector dropped 37 column(s): availability_next_round, bps_lag1, bps_ma5, creation_plus_minus_lag1, creation_plus_minus_ma5, defensive_actions_lag1, defensive_actions_ma5, expected_goal_involvements_ma5, expected_goal_involvements_per_90, injury_risk_flag, ... (+27 more)
2026-05-27 09:35:38,725 [INFO] fplmodel.model - Regressor (histogram gradient boosting) feature selector dropped 37 column(s): availability_next_round, bps_lag1, bps_ma5, creation_plus_minus_lag1, creation_plus_minus_ma5, defensive_actions_lag1, defensive_actions_ma5, expected_goal_involvements_ma5, expected_goal_involvements_per_90, injury_risk_flag, ... (+27 more)
2026-05-27 09:35:38,725 [INFO] fplmodel.model - Final model selection: classifier=XGBoost | regressor=Histogram Gradient Boosting
2026-05-27 09:35:38,779 [INFO] fplmodel - Training prediction models completed in 202.31s
2026-05-27 09:35:38,779 [INFO] fplmodel - Estimator HistGradientBoostingRegressor for regressor does not expose feature_importances_; skipping logging.
2026-05-27 09:35:38,780 [INFO] fplmodel - Top feature weights for classifier: minutes_ma5: 0.1804, minutes_lag1: 0.0965, starts_lag1: 0.0535, value_season: 0.0252, ict_index_lag1: 0.0205, recoveries_ma5: 0.0187, influence_ma5: 0.0184, ict_index_ma5: 0.0154, influence_lag1: 0.0151, starts_ma5: 0.0139, defensive_contribution_lag1: 0.0130, recoveries_lag1: 0.0115, transfers_in_lag1: 0.0115, red_cards_ma5: 0.0100, defensive_contribution_ma5: 0.0097
2026-05-27 09:35:38,780 [INFO] fplmodel - Model training complete; fitted 2 candidate pair(s).
2026-05-27 09:35:38,781 [INFO] fplmodel - Generating next gameweek predictions...
2026-05-27 09:35:38,826 [INFO] fplmodel - Generating next gameweek predictions completed in 0.05s
2026-05-27 09:35:38,827 [INFO] fplmodel - Generated ensemble predictions for 841 players using 2 model(s): Histogram Gradient Boosting, XGBoost
2026-05-27 09:35:38,834 [INFO] fplmodel - Applied fixture multipliers; average EP now 0.84
2026-05-27 09:35:38,834 [INFO] fplmodel - Top 5 expected point predictions (ensemble): Leandro Trossard (7.74); Eberechi Eze (6.62); Declan Rice (6.03); Bukayo Saka (5.93); Chris Richards (5.86)
2026-05-27 09:35:38,834 [INFO] fplmodel - Evaluating last finished gameweek residuals...
2026-05-27 09:35:38,946 [INFO] fplmodel - Evaluating last finished gameweek residuals completed in 0.11s
2026-05-27 09:35:38,946 [INFO] fplmodel - Residuals computed for 7331 players in GW 12
2026-05-27 09:35:38,946 [INFO] fplmodel - Selecting best XI from 841 candidates
2026-05-27 09:35:38,946 [INFO] fplmodel - Optimising best XI selection...
2026-05-27 09:35:39,767 [INFO] fplmodel - Optimising best XI selection completed in 0.82s
2026-05-27 09:35:39,767 [INFO] fplmodel - Selected squad: total cost 92.5M | starting cost 69.2M | bench cost 23.3M
2026-05-27 09:35:39,768 [INFO] fplmodel - Projected points: XI 63.48 | Captain included 71.22 | Bench 18.19
2026-05-27 09:35:39,768 [INFO] fplmodel - Captain: Leandro Trossard
2026-05-27 09:35:39,768 [INFO] fplmodel - XI | Emiliano Martínez Romero (Aston Villa) - 4.49 pts | 5.0M
2026-05-27 09:35:39,768 [INFO] fplmodel - XI | Chris Richards (Crystal Palace) - 5.86 pts | 4.4M
2026-05-27 09:35:39,768 [INFO] fplmodel - XI | Maxence Lacroix (Crystal Palace) - 5.84 pts | 5.2M
2026-05-27 09:35:39,768 [INFO] fplmodel - XI | Daniel Muñoz Mejía (Crystal Palace) - 5.69 pts | 5.9M
2026-05-27 09:35:39,768 [INFO] fplmodel - XI | Leandro Trossard (Arsenal) - 7.74 pts | 6.6M
2026-05-27 09:35:39,768 [INFO] fplmodel - XI | Eberechi Eze (Arsenal) - 6.62 pts | 7.3M
2026-05-27 09:35:39,768 [INFO] fplmodel - XI | Declan Rice (Arsenal) - 6.03 pts | 7.2M
2026-05-27 09:35:39,768 [INFO] fplmodel - XI | Bruno Guimarães Rodriguez Moura (Newcastle) - 5.64 pts | 6.9M
2026-05-27 09:35:39,768 [INFO] fplmodel - XI | Pedro Lomba Neto (Chelsea) - 5.40 pts | 7.0M
2026-05-27 09:35:39,768 [INFO] fplmodel - XI | Danny Welbeck (Brighton) - 5.09 pts | 6.3M
2026-05-27 09:35:39,768 [INFO] fplmodel - XI | João Pedro Junqueira de Jesus (Chelsea) - 5.09 pts | 7.4M
2026-05-27 09:35:39,768 [INFO] fplmodel - Bench 1 | Rúben dos Santos Gato Alves Dias (Man City) - 4.90 pts
2026-05-27 09:35:39,768 [INFO] fplmodel - Bench 2 | Marc Cucurella Saseta (Chelsea) - 4.80 pts
2026-05-27 09:35:39,768 [INFO] fplmodel - Bench 3 | Nick Woltemade (Newcastle) - 4.23 pts
2026-05-27 09:35:39,768 [INFO] fplmodel - Bench 4 | Bernd Leno (Fulham) - 4.26 pts
2026-05-27 09:35:39,778 [INFO] fplmodel - Predictions saved to /Users/kyle/Documents/FPL-Prediction/outputs/predictions_gw13.csv
2026-05-27 09:35:39,779 [INFO] fplmodel - Starting XI saved to /Users/kyle/Documents/FPL-Prediction/outputs/starting_xi_gw13.csv
2026-05-27 09:35:39,780 [INFO] fplmodel - Bench saved to /Users/kyle/Documents/FPL-Prediction/outputs/bench_gw13.csv
2026-05-27 09:35:39,780 [INFO] fplmodel - Best XI JSON saved to /Users/kyle/Documents/FPL-Prediction/outputs/best_xi_gw13.json
2026-05-27 09:35:39,780 [INFO] fplmodel - Rendering best XI graphic...
2026-05-27 09:35:39,917 [INFO] fplmodel - Rendering best XI graphic completed in 0.14s
2026-05-27 09:35:39,917 [INFO] fplmodel - Best XI graphic generated at /Users/kyle/Documents/FPL-Prediction/outputs/best_xi_gw13.png
2026-05-27 09:35:39,926 [INFO] fplmodel - Residuals saved to /Users/kyle/Documents/FPL-Prediction/outputs/residuals_gw12.csv
2026-05-27 09:35:39,926 [INFO] fplmodel - Pipeline complete for GW 13
