2026-05-27 10:43:05,837 [INFO] fplmodel - Logging initialised. Writing to /Users/kyle/Documents/FPL-Prediction/logs/run_20260527_104305.log
2026-05-27 10:43:05,837 [INFO] fplmodel - Starting pipeline run (force_refetch=False)
2026-05-27 10:43:05,837 [INFO] fplmodel - Fetching bootstrap static data...
2026-05-27 10:43:05,858 [INFO] fplmodel - Fetching bootstrap static data completed in 0.02s
2026-05-27 10:43:05,859 [INFO] fplmodel - Fetching fixtures data...
2026-05-27 10:43:05,869 [INFO] fplmodel - Fetching fixtures data completed in 0.01s
2026-05-27 10:43:05,869 [INFO] fplmodel - Normalising bootstrap data...
2026-05-27 10:43:05,879 [INFO] fplmodel - Normalising bootstrap data completed in 0.01s
2026-05-27 10:43:05,880 [INFO] fplmodel - Loaded normalised frames: 841 elements, 20 teams, 38 events
2026-05-27 10:43:05,880 [INFO] fplmodel - Gameweek override applied -> next_gw=31 | last_finished_gw=30
2026-05-27 10:43:05,880 [INFO] fplmodel - Next gameweek: 31 | Last finished gameweek: 30
2026-05-27 10:43:05,880 [INFO] fplmodel - Renaming log file to highlight gameweek 31
2026-05-27 10:43:05,880 [INFO] fplmodel - Log file renamed to /Users/kyle/Documents/FPL-Prediction/logs/run_gw31_20260527_104305.log
2026-05-27 10:43:05,880 [INFO] fplmodel - Fetching player histories for 841 players (force_refetch=False)...
2026-05-27 10:43:05,881 [INFO] fplmodel.data_pull - Fetching player histories with 8 worker thread(s).
2026-05-27 10:43:06,006 [INFO] fplmodel.data_pull - Player history fetch progress: 50/841 complete (0 failures).
2026-05-27 10:43:06,116 [INFO] fplmodel.data_pull - Player history fetch progress: 100/841 complete (0 failures).
2026-05-27 10:43:06,226 [INFO] fplmodel.data_pull - Player history fetch progress: 150/841 complete (0 failures).
2026-05-27 10:43:06,333 [INFO] fplmodel.data_pull - Player history fetch progress: 200/841 complete (0 failures).
2026-05-27 10:43:06,442 [INFO] fplmodel.data_pull - Player history fetch progress: 250/841 complete (0 failures).
2026-05-27 10:43:06,550 [INFO] fplmodel.data_pull - Player history fetch progress: 300/841 complete (0 failures).
2026-05-27 10:43:06,655 [INFO] fplmodel.data_pull - Player history fetch progress: 350/841 complete (0 failures).
2026-05-27 10:43:06,769 [INFO] fplmodel.data_pull - Player history fetch progress: 400/841 complete (0 failures).
2026-05-27 10:43:06,884 [INFO] fplmodel.data_pull - Player history fetch progress: 450/841 complete (0 failures).
2026-05-27 10:43:06,993 [INFO] fplmodel.data_pull - Player history fetch progress: 500/841 complete (0 failures).
2026-05-27 10:43:07,106 [INFO] fplmodel.data_pull - Player history fetch progress: 550/841 complete (0 failures).
2026-05-27 10:43:07,216 [INFO] fplmodel.data_pull - Player history fetch progress: 600/841 complete (0 failures).
2026-05-27 10:43:07,332 [INFO] fplmodel.data_pull - Player history fetch progress: 650/841 complete (0 failures).
2026-05-27 10:43:07,441 [INFO] fplmodel.data_pull - Player history fetch progress: 700/841 complete (0 failures).
2026-05-27 10:43:07,541 [INFO] fplmodel.data_pull - Player history fetch progress: 750/841 complete (0 failures).
2026-05-27 10:43:07,644 [INFO] fplmodel.data_pull - Player history fetch progress: 800/841 complete (0 failures).
2026-05-27 10:43:07,725 [INFO] fplmodel.data_pull - Player history fetch progress: 841/841 complete (0 failures).
2026-05-27 10:43:07,766 [INFO] fplmodel - Fetching player histories for 841 players (force_refetch=False) completed in 1.89s
2026-05-27 10:43:07,770 [INFO] fplmodel - Loading 841 player history files from /Users/kyle/Documents/FPL-Prediction/data/raw
2026-05-27 10:43:07,770 [INFO] fplmodel - Collating player history JSON into dataframe...
2026-05-27 10:43:08,635 [INFO] fplmodel - Collating player history JSON into dataframe completed in 0.86s
2026-05-27 10:43:09,728 [INFO] fplmodel - Built player histories dataframe with 178482 rows
2026-05-27 10:43:09,728 [INFO] fplmodel - Loading external history data...
2026-05-27 10:43:10,537 [INFO] fplmodel - Loading external history data completed in 0.81s
2026-05-27 10:43:10,576 [INFO] fplmodel - Loaded 133500 external history rows for seasons 2020-21, 2021-22, 2022-23, 2023-24, 2024-25
2026-05-27 10:43:10,744 [INFO] fplmodel - Combined history dataset now has 296480 rows
2026-05-27 10:43:10,744 [INFO] fplmodel - Building training and prediction feature frames...
2026-05-27 10:43:31,285 [INFO] fplmodel - Building training and prediction feature frames completed in 20.54s
2026-05-27 10:43:31,286 [INFO] fplmodel - Prepared features: X_train=(274838, 156), y_train=274838, X_pred=(841, 163)
2026-05-27 10:43:31,295 [INFO] fplmodel - Training models with 156 features
2026-05-27 10:43:31,295 [INFO] fplmodel - Training feature columns: total_points_ma5, minutes_ma5, goals_scored_ma5, assists_ma5, clean_sheets_ma5, influence_ma5, creativity_ma5, threat_ma5, ict_index_ma5, goals_conceded_ma5, own_goals_ma5, penalties_saved_ma5, penalties_missed_ma5, yellow_cards_ma5, red_cards_ma5, saves_ma5, bonus_ma5, bps_ma5, clearances_blocks_interceptions_ma5, recoveries_ma5, tackles_ma5, defensive_contribution_ma5, starts_ma5, expected_goals_ma5, expected_assists_ma5, expected_goal_involvements_ma5, expected_goals_conceded_ma5, value_ma5, transfers_balance_ma5, selected_ma5, transfers_in_ma5, transfers_out_ma5, attacking_returns_ma5, finishing_plus_minus_ma5, finishing_ratio_ma5, creation_plus_minus_ma5, creation_ratio_ma5, xgi_plus_minus_ma5, minutes_share_ma5, points_per_90_ma5, tackles_plus_interceptions_ma5, defensive_actions_ma5, total_points_lag1, minutes_lag1, goals_scored_lag1, assists_lag1, clean_sheets_lag1, influence_lag1, creativity_lag1, threat_lag1, ict_index_lag1, goals_conceded_lag1, own_goals_lag1, penalties_saved_lag1, penalties_missed_lag1, yellow_cards_lag1, red_cards_lag1, saves_lag1, bonus_lag1, bps_lag1, clearances_blocks_interceptions_lag1, recoveries_lag1, tackles_lag1, defensive_contribution_lag1, starts_lag1, expected_goals_lag1, expected_assists_lag1, expected_goal_involvements_lag1, expected_goals_conceded_lag1, value_lag1, transfers_balance_lag1, selected_lag1, transfers_in_lag1, transfers_out_lag1, attacking_returns_lag1, finishing_plus_minus_lag1, finishing_ratio_lag1, creation_plus_minus_lag1, creation_ratio_lag1, xgi_plus_minus_lag1, minutes_share_lag1, points_per_90_lag1, tackles_plus_interceptions_lag1, defensive_actions_lag1, team_goals_for_ma5, team_goals_against_ma5, team_goal_diff_ma5, team_clean_sheet_ma5, team_conceded_two_plus_ma5, team_match_points_ma5, opp_team_goals_for_ma5, opp_team_goals_against_ma5, opp_team_goal_diff_ma5, opp_team_clean_sheet_ma5, opp_team_conceded_two_plus_ma5, opp_team_match_points_ma5, was_home, team_strength_overall, team_strength_home, team_strength_away, team_attack_home, team_attack_away, team_def_home, team_def_away, team_form_rating, team_points_table, team_league_position, team_matches_played, team_wins, team_draws, team_losses, opp_strength_overall, opp_strength_home, opp_strength_away, opp_attack_home, opp_attack_away, opp_def_home, opp_def_away, opp_form_rating, opp_points_table, opp_league_position, opp_matches_played, opp_wins, opp_draws, opp_losses, form, points_per_game, value_form, value_season, selected_by_percent, expected_goals_per_90, expected_assists_per_90, expected_goal_involvements_per_90, expected_goals_conceded_per_90, goals_conceded_per_90, saves_per_90, starts_per_90, clean_sheets_per_90, defensive_contribution_per_90, availability_this_round, availability_next_round, status_availability, status_injury_flag, injury_risk_flag, corners_and_indirect_freekicks_order, direct_freekicks_order, penalties_order, has_corners_duty, primary_corners_taker, has_direct_fk_duty, primary_direct_fk_taker, has_penalty_duty, primary_penalty_taker, set_piece_duty_score, player_bias, pos_bias
2026-05-27 10:43:31,295 [INFO] fplmodel - Training prediction models...
2026-05-27 10:43:31,713 [INFO] fplmodel.model - Season sample weights applied: 2020-21: 0.25, 2021-22: 0.25, 2022-23: 0.34, 2023-24: 0.49, 2024-25: 0.70, 2025-26: 1.00
2026-05-27 10:43:31,713 [INFO] fplmodel.model - Using TimeSeriesSplit with 3 folds for hyperparameter tuning.
2026-05-27 10:43:31,714 [INFO] fplmodel.model - Using actual match minutes as classifier target (minutes >= 60).
2026-05-27 10:43:31,720 [INFO] fplmodel.model - Model selection using most recent 60000/274838 training rows; final fits still use all rows.
2026-05-27 10:44:00,348 [INFO] fplmodel.model - Best classifier[hist_gbdt] params from tuning: {'est__min_samples_leaf': 30, 'est__max_iter': 200, 'est__max_depth': None, 'est__learning_rate': 0.06, 'est__l2_regularization': 0.05} (score=0.7862)
2026-05-27 10:44:18,580 [INFO] fplmodel.model - Best regressor[hist_gbdt] params from tuning: {'est__min_samples_leaf': 30, 'est__max_iter': 350, 'est__max_depth': 8, 'est__learning_rate': 0.06, 'est__l2_regularization': 0.1} (score=-1.0841)
2026-05-27 10:44:18,581 [INFO] fplmodel.model - Candidate Histogram Gradient Boosting | classifier=0.7862 ± 0.0100 ↑ | regressor=1.0841 ± 0.0675 ↓
2026-05-27 10:44:52,413 [INFO] fplmodel.model - Best classifier[xgboost] params from tuning: {'est__subsample': 0.9, 'est__reg_lambda': 1.5, 'est__n_estimators': 550, 'est__max_depth': 8, 'est__learning_rate': 0.05, 'est__gamma': 0.3, 'est__colsample_bytree': 0.85} (score=0.7868)
2026-05-27 10:45:20,346 [INFO] fplmodel.model - Best regressor[xgboost] params from tuning: {'est__subsample': 0.8, 'est__reg_lambda': 1.5, 'est__n_estimators': 250, 'est__max_depth': 4, 'est__learning_rate': 0.08, 'est__gamma': 0.1, 'est__colsample_bytree': 0.7} (score=-1.1019)
2026-05-27 10:45:20,347 [INFO] fplmodel.model - Candidate XGBoost | classifier=0.7868 ± 0.0176 ↑ | regressor=1.1019 ± 0.0793 ↓
2026-05-27 10:45:20,348 [INFO] fplmodel.model - Saved model selection summary to /Users/kyle/Documents/FPL-Prediction/models/model_selection_summary.csv
2026-05-27 10:45:20,348 [INFO] fplmodel.model - Selected classifier model: XGBoost (balanced_accuracy=0.7868 ± 0.0176 ↑)
2026-05-27 10:45:20,348 [INFO] fplmodel.model - Selected regressor model: Histogram Gradient Boosting (MAE=1.0841 ± 0.0675 ↓)
2026-05-27 10:46:56,067 [INFO] fplmodel.model - Classifier (xgboost) feature selector dropped 37 column(s): availability_next_round, bps_lag1, bps_ma5, creation_plus_minus_lag1, creation_plus_minus_ma5, defensive_actions_lag1, defensive_actions_ma5, expected_goal_involvements_ma5, expected_goal_involvements_per_90, injury_risk_flag, ... (+27 more)
2026-05-27 10:46:56,067 [INFO] fplmodel.model - Regressor (histogram gradient boosting) feature selector dropped 37 column(s): availability_next_round, bps_lag1, bps_ma5, creation_plus_minus_lag1, creation_plus_minus_ma5, defensive_actions_lag1, defensive_actions_ma5, expected_goal_involvements_ma5, expected_goal_involvements_per_90, injury_risk_flag, ... (+27 more)
2026-05-27 10:46:56,067 [INFO] fplmodel.model - Final model selection: classifier=XGBoost | regressor=Histogram Gradient Boosting
2026-05-27 10:46:56,147 [INFO] fplmodel - Training prediction models completed in 204.85s
2026-05-27 10:46:56,147 [INFO] fplmodel - Estimator HistGradientBoostingRegressor for regressor does not expose feature_importances_; skipping logging.
2026-05-27 10:46:56,149 [INFO] fplmodel - Top feature weights for classifier: minutes_ma5: 0.2097, minutes_lag1: 0.0653, starts_lag1: 0.0405, value_season: 0.0248, influence_ma5: 0.0210, recoveries_ma5: 0.0206, ict_index_ma5: 0.0171, ict_index_lag1: 0.0150, starts_ma5: 0.0141, influence_lag1: 0.0116, recoveries_lag1: 0.0115, transfers_in_lag1: 0.0110, defensive_contribution_ma5: 0.0103, defensive_contribution_lag1: 0.0101, transfers_out_lag1: 0.0094
2026-05-27 10:46:56,149 [INFO] fplmodel - Model training complete; fitted 2 candidate pair(s).
2026-05-27 10:46:56,149 [INFO] fplmodel - Generating next gameweek predictions...
2026-05-27 10:46:56,189 [INFO] fplmodel - Generating next gameweek predictions completed in 0.04s
2026-05-27 10:46:56,190 [INFO] fplmodel - Generated ensemble predictions for 841 players using 2 model(s): Histogram Gradient Boosting, XGBoost
2026-05-27 10:46:56,196 [INFO] fplmodel - Applied fixture multipliers; average EP now 0.78
2026-05-27 10:46:56,197 [INFO] fplmodel - Top 5 expected point predictions (ensemble): Bruno Borges Fernandes (7.24); Gabriel dos Santos Magalhães (6.78); James Hill (5.89); Cole Palmer (5.66); Adrien Truffert (5.65)
2026-05-27 10:46:56,197 [INFO] fplmodel - Evaluating last finished gameweek residuals...
2026-05-27 10:46:56,306 [INFO] fplmodel - Evaluating last finished gameweek residuals completed in 0.11s
2026-05-27 10:46:56,306 [INFO] fplmodel - Residuals computed for 7921 players in GW 30
2026-05-27 10:46:56,306 [INFO] fplmodel - Selecting best XI from 841 candidates
2026-05-27 10:46:56,307 [INFO] fplmodel - Optimising best XI selection...
2026-05-27 10:46:57,134 [INFO] fplmodel - Optimising best XI selection completed in 0.83s
2026-05-27 10:46:57,134 [INFO] fplmodel - Selected squad: total cost 99.7M | starting cost 74.9M | bench cost 24.8M
2026-05-27 10:46:57,135 [INFO] fplmodel - Projected points: XI 60.93 | Captain included 68.18 | Bench 16.87
2026-05-27 10:46:57,135 [INFO] fplmodel - Captain: Bruno Borges Fernandes
2026-05-27 10:46:57,135 [INFO] fplmodel - XI | Mads Hermansen (West Ham) - 4.26 pts | 4.2M
2026-05-27 10:46:57,135 [INFO] fplmodel - XI | Gabriel dos Santos Magalhães (Arsenal) - 6.78 pts | 7.3M
2026-05-27 10:46:57,135 [INFO] fplmodel - XI | James Hill (Bournemouth) - 5.89 pts | 4.2M
2026-05-27 10:46:57,135 [INFO] fplmodel - XI | Adrien Truffert (Bournemouth) - 5.65 pts | 4.8M
2026-05-27 10:46:57,135 [INFO] fplmodel - XI | Marcos Senesi Barón (Bournemouth) - 5.41 pts | 5.2M
2026-05-27 10:46:57,135 [INFO] fplmodel - XI | Bruno Borges Fernandes (Man Utd) - 7.24 pts | 10.4M
2026-05-27 10:46:57,135 [INFO] fplmodel - XI | Cole Palmer (Chelsea) - 5.66 pts | 10.3M
2026-05-27 10:46:57,135 [INFO] fplmodel - XI | Alexis Mac Allister (Liverpool) - 5.38 pts | 6.1M
2026-05-27 10:46:57,135 [INFO] fplmodel - XI | Jaidon Anthony (Burnley) - 5.31 pts | 5.0M
2026-05-27 10:46:57,135 [INFO] fplmodel - XI | Bukayo Saka (Arsenal) - 4.67 pts | 10.0M
2026-05-27 10:46:57,135 [INFO] fplmodel - XI | João Pedro Junqueira de Jesus (Chelsea) - 4.69 pts | 7.4M
2026-05-27 10:46:57,135 [INFO] fplmodel - Bench 1 | Sepp van den Berg (Brentford) - 5.06 pts
2026-05-27 10:46:57,135 [INFO] fplmodel - Bench 2 | Igor Thiago Nascimento Rodrigues (Brentford) - 4.08 pts
2026-05-27 10:46:57,135 [INFO] fplmodel - Bench 3 | Jarrod Bowen (West Ham) - 4.04 pts
2026-05-27 10:46:57,135 [INFO] fplmodel - Bench 4 | Alisson Becker (Liverpool) - 3.69 pts
2026-05-27 10:46:57,145 [INFO] fplmodel - Predictions saved to /Users/kyle/Documents/FPL-Prediction/outputs/predictions_gw31.csv
2026-05-27 10:46:57,146 [INFO] fplmodel - Starting XI saved to /Users/kyle/Documents/FPL-Prediction/outputs/starting_xi_gw31.csv
2026-05-27 10:46:57,147 [INFO] fplmodel - Bench saved to /Users/kyle/Documents/FPL-Prediction/outputs/bench_gw31.csv
2026-05-27 10:46:57,147 [INFO] fplmodel - Best XI JSON saved to /Users/kyle/Documents/FPL-Prediction/outputs/best_xi_gw31.json
2026-05-27 10:46:57,147 [INFO] fplmodel - Rendering best XI graphic...
2026-05-27 10:46:57,288 [INFO] fplmodel - Rendering best XI graphic completed in 0.14s
2026-05-27 10:46:57,288 [INFO] fplmodel - Best XI graphic generated at /Users/kyle/Documents/FPL-Prediction/outputs/best_xi_gw31.png
2026-05-27 10:46:57,298 [INFO] fplmodel - Residuals saved to /Users/kyle/Documents/FPL-Prediction/outputs/residuals_gw30.csv
2026-05-27 10:46:57,298 [INFO] fplmodel - Pipeline complete for GW 31
