2026-05-27 09:39:31,742 [INFO] fplmodel - Logging initialised. Writing to /Users/kyle/Documents/FPL-Prediction/logs/run_20260527_093931.log
2026-05-27 09:39:31,742 [INFO] fplmodel - Starting pipeline run (force_refetch=False)
2026-05-27 09:39:31,742 [INFO] fplmodel - Fetching bootstrap static data...
2026-05-27 09:39:31,761 [INFO] fplmodel - Fetching bootstrap static data completed in 0.02s
2026-05-27 09:39:31,762 [INFO] fplmodel - Fetching fixtures data...
2026-05-27 09:39:31,772 [INFO] fplmodel - Fetching fixtures data completed in 0.01s
2026-05-27 09:39:31,772 [INFO] fplmodel - Normalising bootstrap data...
2026-05-27 09:39:31,782 [INFO] fplmodel - Normalising bootstrap data completed in 0.01s
2026-05-27 09:39:31,782 [INFO] fplmodel - Loaded normalised frames: 841 elements, 20 teams, 38 events
2026-05-27 09:39:31,782 [INFO] fplmodel - Gameweek override applied -> next_gw=15 | last_finished_gw=14
2026-05-27 09:39:31,782 [INFO] fplmodel - Next gameweek: 15 | Last finished gameweek: 14
2026-05-27 09:39:31,782 [INFO] fplmodel - Renaming log file to highlight gameweek 15
2026-05-27 09:39:31,783 [INFO] fplmodel - Log file renamed to /Users/kyle/Documents/FPL-Prediction/logs/run_gw15_20260527_093931.log
2026-05-27 09:39:31,783 [INFO] fplmodel - Fetching player histories for 841 players (force_refetch=False)...
2026-05-27 09:39:31,783 [INFO] fplmodel.data_pull - Fetching player histories with 8 worker thread(s).
2026-05-27 09:39:31,904 [INFO] fplmodel.data_pull - Player history fetch progress: 50/841 complete (0 failures).
2026-05-27 09:39:32,013 [INFO] fplmodel.data_pull - Player history fetch progress: 100/841 complete (0 failures).
2026-05-27 09:39:32,130 [INFO] fplmodel.data_pull - Player history fetch progress: 150/841 complete (0 failures).
2026-05-27 09:39:32,237 [INFO] fplmodel.data_pull - Player history fetch progress: 200/841 complete (0 failures).
2026-05-27 09:39:32,339 [INFO] fplmodel.data_pull - Player history fetch progress: 250/841 complete (0 failures).
2026-05-27 09:39:32,447 [INFO] fplmodel.data_pull - Player history fetch progress: 300/841 complete (0 failures).
2026-05-27 09:39:32,551 [INFO] fplmodel.data_pull - Player history fetch progress: 350/841 complete (0 failures).
2026-05-27 09:39:32,667 [INFO] fplmodel.data_pull - Player history fetch progress: 400/841 complete (0 failures).
2026-05-27 09:39:32,783 [INFO] fplmodel.data_pull - Player history fetch progress: 450/841 complete (0 failures).
2026-05-27 09:39:32,887 [INFO] fplmodel.data_pull - Player history fetch progress: 500/841 complete (0 failures).
2026-05-27 09:39:33,001 [INFO] fplmodel.data_pull - Player history fetch progress: 550/841 complete (0 failures).
2026-05-27 09:39:33,110 [INFO] fplmodel.data_pull - Player history fetch progress: 600/841 complete (0 failures).
2026-05-27 09:39:33,223 [INFO] fplmodel.data_pull - Player history fetch progress: 650/841 complete (0 failures).
2026-05-27 09:39:33,329 [INFO] fplmodel.data_pull - Player history fetch progress: 700/841 complete (0 failures).
2026-05-27 09:39:33,432 [INFO] fplmodel.data_pull - Player history fetch progress: 750/841 complete (0 failures).
2026-05-27 09:39:33,536 [INFO] fplmodel.data_pull - Player history fetch progress: 800/841 complete (0 failures).
2026-05-27 09:39:33,614 [INFO] fplmodel.data_pull - Player history fetch progress: 841/841 complete (0 failures).
2026-05-27 09:39:33,652 [INFO] fplmodel - Fetching player histories for 841 players (force_refetch=False) completed in 1.87s
2026-05-27 09:39:33,653 [INFO] fplmodel - Loading 841 player history files from /Users/kyle/Documents/FPL-Prediction/data/raw
2026-05-27 09:39:33,653 [INFO] fplmodel - Collating player history JSON into dataframe...
2026-05-27 09:39:34,548 [INFO] fplmodel - Collating player history JSON into dataframe completed in 0.89s
2026-05-27 09:39:35,597 [INFO] fplmodel - Built player histories dataframe with 178482 rows
2026-05-27 09:39:35,597 [INFO] fplmodel - Loading external history data...
2026-05-27 09:39:36,387 [INFO] fplmodel - Loading external history data completed in 0.79s
2026-05-27 09:39:36,426 [INFO] fplmodel - Loaded 133500 external history rows for seasons 2020-21, 2021-22, 2022-23, 2023-24, 2024-25
2026-05-27 09:39:36,595 [INFO] fplmodel - Combined history dataset now has 296480 rows
2026-05-27 09:39:36,596 [INFO] fplmodel - Building training and prediction feature frames...
2026-05-27 09:39:57,397 [INFO] fplmodel - Building training and prediction feature frames completed in 20.80s
2026-05-27 09:39:57,398 [INFO] fplmodel - Prepared features: X_train=(262197, 156), y_train=262197, X_pred=(841, 163)
2026-05-27 09:39:57,407 [INFO] fplmodel - Training models with 156 features
2026-05-27 09:39:57,407 [INFO] fplmodel - Training feature columns: total_points_ma5, minutes_ma5, goals_scored_ma5, assists_ma5, clean_sheets_ma5, influence_ma5, creativity_ma5, threat_ma5, ict_index_ma5, goals_conceded_ma5, own_goals_ma5, penalties_saved_ma5, penalties_missed_ma5, yellow_cards_ma5, red_cards_ma5, saves_ma5, bonus_ma5, bps_ma5, clearances_blocks_interceptions_ma5, recoveries_ma5, tackles_ma5, defensive_contribution_ma5, starts_ma5, expected_goals_ma5, expected_assists_ma5, expected_goal_involvements_ma5, expected_goals_conceded_ma5, value_ma5, transfers_balance_ma5, selected_ma5, transfers_in_ma5, transfers_out_ma5, attacking_returns_ma5, finishing_plus_minus_ma5, finishing_ratio_ma5, creation_plus_minus_ma5, creation_ratio_ma5, xgi_plus_minus_ma5, minutes_share_ma5, points_per_90_ma5, tackles_plus_interceptions_ma5, defensive_actions_ma5, total_points_lag1, minutes_lag1, goals_scored_lag1, assists_lag1, clean_sheets_lag1, influence_lag1, creativity_lag1, threat_lag1, ict_index_lag1, goals_conceded_lag1, own_goals_lag1, penalties_saved_lag1, penalties_missed_lag1, yellow_cards_lag1, red_cards_lag1, saves_lag1, bonus_lag1, bps_lag1, clearances_blocks_interceptions_lag1, recoveries_lag1, tackles_lag1, defensive_contribution_lag1, starts_lag1, expected_goals_lag1, expected_assists_lag1, expected_goal_involvements_lag1, expected_goals_conceded_lag1, value_lag1, transfers_balance_lag1, selected_lag1, transfers_in_lag1, transfers_out_lag1, attacking_returns_lag1, finishing_plus_minus_lag1, finishing_ratio_lag1, creation_plus_minus_lag1, creation_ratio_lag1, xgi_plus_minus_lag1, minutes_share_lag1, points_per_90_lag1, tackles_plus_interceptions_lag1, defensive_actions_lag1, team_goals_for_ma5, team_goals_against_ma5, team_goal_diff_ma5, team_clean_sheet_ma5, team_conceded_two_plus_ma5, team_match_points_ma5, opp_team_goals_for_ma5, opp_team_goals_against_ma5, opp_team_goal_diff_ma5, opp_team_clean_sheet_ma5, opp_team_conceded_two_plus_ma5, opp_team_match_points_ma5, was_home, team_strength_overall, team_strength_home, team_strength_away, team_attack_home, team_attack_away, team_def_home, team_def_away, team_form_rating, team_points_table, team_league_position, team_matches_played, team_wins, team_draws, team_losses, opp_strength_overall, opp_strength_home, opp_strength_away, opp_attack_home, opp_attack_away, opp_def_home, opp_def_away, opp_form_rating, opp_points_table, opp_league_position, opp_matches_played, opp_wins, opp_draws, opp_losses, form, points_per_game, value_form, value_season, selected_by_percent, expected_goals_per_90, expected_assists_per_90, expected_goal_involvements_per_90, expected_goals_conceded_per_90, goals_conceded_per_90, saves_per_90, starts_per_90, clean_sheets_per_90, defensive_contribution_per_90, availability_this_round, availability_next_round, status_availability, status_injury_flag, injury_risk_flag, corners_and_indirect_freekicks_order, direct_freekicks_order, penalties_order, has_corners_duty, primary_corners_taker, has_direct_fk_duty, primary_direct_fk_taker, has_penalty_duty, primary_penalty_taker, set_piece_duty_score, player_bias, pos_bias
2026-05-27 09:39:57,407 [INFO] fplmodel - Training prediction models...
2026-05-27 09:39:57,799 [INFO] fplmodel.model - Season sample weights applied: 2020-21: 0.25, 2021-22: 0.25, 2022-23: 0.34, 2023-24: 0.49, 2024-25: 0.70, 2025-26: 1.00
2026-05-27 09:39:57,799 [INFO] fplmodel.model - Using TimeSeriesSplit with 3 folds for hyperparameter tuning.
2026-05-27 09:39:57,800 [INFO] fplmodel.model - Using actual match minutes as classifier target (minutes >= 60).
2026-05-27 09:39:57,806 [INFO] fplmodel.model - Model selection using most recent 60000/262197 training rows; final fits still use all rows.
2026-05-27 09:40:26,393 [INFO] fplmodel.model - Best classifier[hist_gbdt] params from tuning: {'est__min_samples_leaf': 40, 'est__max_iter': 350, 'est__max_depth': None, 'est__learning_rate': 0.08, 'est__l2_regularization': 0.05} (score=0.7859)
2026-05-27 09:40:42,731 [INFO] fplmodel.model - Best regressor[hist_gbdt] params from tuning: {'est__min_samples_leaf': 40, 'est__max_iter': 400, 'est__max_depth': None, 'est__learning_rate': 0.08, 'est__l2_regularization': 0.05} (score=-1.1361)
2026-05-27 09:40:42,731 [INFO] fplmodel.model - Candidate Histogram Gradient Boosting | classifier=0.7859 ± 0.0039 ↑ | regressor=1.1361 ± 0.0530 ↓
2026-05-27 09:41:16,697 [INFO] fplmodel.model - Best classifier[xgboost] params from tuning: {'est__subsample': 0.9, 'est__reg_lambda': 1.5, 'est__n_estimators': 550, 'est__max_depth': 8, 'est__learning_rate': 0.05, 'est__gamma': 0.3, 'est__colsample_bytree': 0.85} (score=0.7870)
2026-05-27 09:41:44,538 [INFO] fplmodel.model - Best regressor[xgboost] params from tuning: {'est__subsample': 0.8, 'est__reg_lambda': 1.5, 'est__n_estimators': 250, 'est__max_depth': 4, 'est__learning_rate': 0.08, 'est__gamma': 0.1, 'est__colsample_bytree': 0.7} (score=-1.1506)
2026-05-27 09:41:44,539 [INFO] fplmodel.model - Candidate XGBoost | classifier=0.7870 ± 0.0055 ↑ | regressor=1.1506 ± 0.0683 ↓
2026-05-27 09:41:44,541 [INFO] fplmodel.model - Saved model selection summary to /Users/kyle/Documents/FPL-Prediction/models/model_selection_summary.csv
2026-05-27 09:41:44,541 [INFO] fplmodel.model - Selected classifier model: XGBoost (balanced_accuracy=0.7870 ± 0.0055 ↑)
2026-05-27 09:41:44,541 [INFO] fplmodel.model - Selected regressor model: Histogram Gradient Boosting (MAE=1.1361 ± 0.0530 ↓)
2026-05-27 09:43:22,871 [INFO] fplmodel.model - Classifier (xgboost) feature selector dropped 37 column(s): availability_next_round, bps_lag1, bps_ma5, creation_plus_minus_lag1, creation_plus_minus_ma5, defensive_actions_lag1, defensive_actions_ma5, expected_goal_involvements_ma5, expected_goal_involvements_per_90, injury_risk_flag, ... (+27 more)
2026-05-27 09:43:22,873 [INFO] fplmodel.model - Regressor (histogram gradient boosting) feature selector dropped 37 column(s): availability_next_round, bps_lag1, bps_ma5, creation_plus_minus_lag1, creation_plus_minus_ma5, defensive_actions_lag1, defensive_actions_ma5, expected_goal_involvements_ma5, expected_goal_involvements_per_90, injury_risk_flag, ... (+27 more)
2026-05-27 09:43:22,873 [INFO] fplmodel.model - Final model selection: classifier=XGBoost | regressor=Histogram Gradient Boosting
2026-05-27 09:43:22,925 [INFO] fplmodel - Training prediction models completed in 205.52s
2026-05-27 09:43:22,925 [INFO] fplmodel - Estimator HistGradientBoostingRegressor for regressor does not expose feature_importances_; skipping logging.
2026-05-27 09:43:22,927 [INFO] fplmodel - Top feature weights for classifier: minutes_ma5: 0.1812, minutes_lag1: 0.0902, starts_lag1: 0.0694, value_season: 0.0242, ict_index_lag1: 0.0205, influence_ma5: 0.0183, recoveries_ma5: 0.0177, influence_lag1: 0.0148, ict_index_ma5: 0.0145, starts_ma5: 0.0133, defensive_contribution_lag1: 0.0123, recoveries_lag1: 0.0110, transfers_in_lag1: 0.0107, defensive_contribution_ma5: 0.0105, red_cards_ma5: 0.0099
2026-05-27 09:43:22,927 [INFO] fplmodel - Model training complete; fitted 2 candidate pair(s).
2026-05-27 09:43:22,927 [INFO] fplmodel - Generating next gameweek predictions...
2026-05-27 09:43:22,971 [INFO] fplmodel - Generating next gameweek predictions completed in 0.04s
2026-05-27 09:43:22,972 [INFO] fplmodel - Generated ensemble predictions for 841 players using 2 model(s): Histogram Gradient Boosting, XGBoost
2026-05-27 09:43:22,979 [INFO] fplmodel - Applied fixture multipliers; average EP now 0.84
2026-05-27 09:43:22,979 [INFO] fplmodel - Top 5 expected point predictions (ensemble): Phil Foden (9.03); Erling Haaland (7.42); Maxence Lacroix (7.18); Daniel Muñoz Mejía (6.71); Carlos Henrique Casimiro (6.54)
2026-05-27 09:43:22,980 [INFO] fplmodel - Evaluating last finished gameweek residuals...
2026-05-27 09:43:23,094 [INFO] fplmodel - Evaluating last finished gameweek residuals completed in 0.11s
2026-05-27 09:43:23,094 [INFO] fplmodel - Residuals computed for 7475 players in GW 14
2026-05-27 09:43:23,094 [INFO] fplmodel - Selecting best XI from 841 candidates
2026-05-27 09:43:23,094 [INFO] fplmodel - Optimising best XI selection...
2026-05-27 09:43:23,965 [INFO] fplmodel - Optimising best XI selection completed in 0.87s
2026-05-27 09:43:23,966 [INFO] fplmodel - Selected squad: total cost 95.1M | starting cost 74.5M | bench cost 20.6M
2026-05-27 09:43:23,966 [INFO] fplmodel - Projected points: XI 68.92 | Captain included 77.95 | Bench 18.09
2026-05-27 09:43:23,966 [INFO] fplmodel - Captain: Phil Foden
2026-05-27 09:43:23,966 [INFO] fplmodel - XI | Dean Henderson (Crystal Palace) - 4.24 pts | 5.1M
2026-05-27 09:43:23,966 [INFO] fplmodel - XI | Maxence Lacroix (Crystal Palace) - 7.18 pts | 5.2M
2026-05-27 09:43:23,966 [INFO] fplmodel - XI | Daniel Muñoz Mejía (Crystal Palace) - 6.71 pts | 5.9M
2026-05-27 09:43:23,966 [INFO] fplmodel - XI | Neco Williams (Nott'm Forest) - 5.67 pts | 4.8M
2026-05-27 09:43:23,966 [INFO] fplmodel - XI | Phil Foden (Man City) - 9.03 pts | 8.0M
2026-05-27 09:43:23,966 [INFO] fplmodel - XI | Carlos Henrique Casimiro (Man Utd) - 6.54 pts | 5.8M
2026-05-27 09:43:23,966 [INFO] fplmodel - XI | Mats Wieffer (Brighton) - 6.00 pts | 4.8M
2026-05-27 09:43:23,966 [INFO] fplmodel - XI | Jack Grealish (Everton) - 5.28 pts | 6.3M
2026-05-27 09:43:23,966 [INFO] fplmodel - XI | Declan Rice (Arsenal) - 5.25 pts | 7.2M
2026-05-27 09:43:23,966 [INFO] fplmodel - XI | Erling Haaland (Man City) - 7.42 pts | 14.7M
2026-05-27 09:43:23,966 [INFO] fplmodel - XI | Nick Woltemade (Newcastle) - 5.60 pts | 6.7M
2026-05-27 09:43:23,966 [INFO] fplmodel - Bench 1 | Marc Guéhi (Man City) - 5.11 pts
2026-05-27 09:43:23,966 [INFO] fplmodel - Bench 2 | Nicolò Savona (Nott'm Forest) - 4.75 pts
2026-05-27 09:43:23,966 [INFO] fplmodel - Bench 3 | Igor Jesus Maciel da Cruz (Nott'm Forest) - 4.51 pts
2026-05-27 09:43:23,966 [INFO] fplmodel - Bench 4 | Senne Lammens (Man Utd) - 3.72 pts
2026-05-27 09:43:23,977 [INFO] fplmodel - Predictions saved to /Users/kyle/Documents/FPL-Prediction/outputs/predictions_gw15.csv
2026-05-27 09:43:23,977 [INFO] fplmodel - Starting XI saved to /Users/kyle/Documents/FPL-Prediction/outputs/starting_xi_gw15.csv
2026-05-27 09:43:23,978 [INFO] fplmodel - Bench saved to /Users/kyle/Documents/FPL-Prediction/outputs/bench_gw15.csv
2026-05-27 09:43:23,979 [INFO] fplmodel - Best XI JSON saved to /Users/kyle/Documents/FPL-Prediction/outputs/best_xi_gw15.json
2026-05-27 09:43:23,979 [INFO] fplmodel - Rendering best XI graphic...
2026-05-27 09:43:24,117 [INFO] fplmodel - Rendering best XI graphic completed in 0.14s
2026-05-27 09:43:24,117 [INFO] fplmodel - Best XI graphic generated at /Users/kyle/Documents/FPL-Prediction/outputs/best_xi_gw15.png
2026-05-27 09:43:24,126 [INFO] fplmodel - Residuals saved to /Users/kyle/Documents/FPL-Prediction/outputs/residuals_gw14.csv
2026-05-27 09:43:24,126 [INFO] fplmodel - Pipeline complete for GW 15
