2026-05-04 12:02:31,678 [INFO] fplmodel - Logging initialised. Writing to /Users/kyle/Documents/FPL-Prediction/logs/run_20260504_120231.log
2026-05-04 12:02:31,678 [INFO] fplmodel - Starting pipeline run (force_refetch=True)
2026-05-04 12:02:31,678 [INFO] fplmodel - Fetching bootstrap static data...
2026-05-04 12:02:32,176 [INFO] fplmodel - Fetching bootstrap static data completed in 0.50s
2026-05-04 12:02:32,176 [INFO] fplmodel - Fetching fixtures data...
2026-05-04 12:02:32,424 [INFO] fplmodel - Fetching fixtures data completed in 0.25s
2026-05-04 12:02:32,424 [INFO] fplmodel - Normalising bootstrap data...
2026-05-04 12:02:32,439 [INFO] fplmodel - Normalising bootstrap data completed in 0.01s
2026-05-04 12:02:32,439 [INFO] fplmodel - Loaded normalised frames: 832 elements, 20 teams, 38 events
2026-05-04 12:02:32,440 [INFO] fplmodel - Gameweek override applied -> next_gw=33 | last_finished_gw=32
2026-05-04 12:02:32,440 [INFO] fplmodel - Next gameweek: 33 | Last finished gameweek: 32
2026-05-04 12:02:32,440 [INFO] fplmodel - Renaming log file to highlight gameweek 33
2026-05-04 12:02:32,440 [INFO] fplmodel - Log file renamed to /Users/kyle/Documents/FPL-Prediction/logs/run_gw33_20260504_120231.log
2026-05-04 12:02:32,440 [INFO] fplmodel - Fetching player histories for 832 players (force_refetch=True)...
2026-05-04 12:02:32,441 [INFO] fplmodel.data_pull - Fetching player histories with 8 worker thread(s).
2026-05-04 12:02:47,256 [INFO] fplmodel.data_pull - Player history fetch progress: 50/832 complete (0 failures).
2026-05-04 12:03:00,469 [INFO] fplmodel.data_pull - Player history fetch progress: 100/832 complete (0 failures).
2026-05-04 12:03:13,652 [INFO] fplmodel.data_pull - Player history fetch progress: 150/832 complete (0 failures).
2026-05-04 12:03:27,488 [INFO] fplmodel.data_pull - Player history fetch progress: 200/832 complete (0 failures).
2026-05-04 12:03:40,944 [INFO] fplmodel.data_pull - Player history fetch progress: 250/832 complete (0 failures).
2026-05-04 12:03:54,219 [INFO] fplmodel.data_pull - Player history fetch progress: 300/832 complete (0 failures).
2026-05-04 12:04:07,638 [INFO] fplmodel.data_pull - Player history fetch progress: 350/832 complete (0 failures).
2026-05-04 12:04:21,545 [INFO] fplmodel.data_pull - Player history fetch progress: 400/832 complete (0 failures).
2026-05-04 12:04:34,255 [INFO] fplmodel.data_pull - Player history fetch progress: 450/832 complete (0 failures).
2026-05-04 12:04:47,743 [INFO] fplmodel.data_pull - Player history fetch progress: 500/832 complete (0 failures).
2026-05-04 12:05:01,348 [INFO] fplmodel.data_pull - Player history fetch progress: 550/832 complete (0 failures).
2026-05-04 12:05:14,959 [INFO] fplmodel.data_pull - Player history fetch progress: 600/832 complete (0 failures).
2026-05-04 12:05:28,119 [INFO] fplmodel.data_pull - Player history fetch progress: 650/832 complete (0 failures).
2026-05-04 12:05:42,444 [INFO] fplmodel.data_pull - Player history fetch progress: 700/832 complete (0 failures).
2026-05-04 12:05:55,862 [INFO] fplmodel.data_pull - Player history fetch progress: 750/832 complete (0 failures).
2026-05-04 12:06:09,348 [INFO] fplmodel.data_pull - Player history fetch progress: 800/832 complete (0 failures).
2026-05-04 12:06:36,872 [WARNING] fplmodel.data_pull - Failed fetch for player 635: HTTPSConnectionPool(host='fantasy.premierleague.com', port=443): Read timed out. (read timeout=30)
2026-05-04 12:06:36,874 [INFO] fplmodel.data_pull - Player history fetch progress: 832/832 complete (1 failure).
2026-05-04 12:06:36,876 [INFO] fplmodel - Fetching player histories for 832 players (force_refetch=True) completed in 244.44s
2026-05-04 12:06:36,878 [INFO] fplmodel - Loading 832 player history files from /Users/kyle/Documents/FPL-Prediction/data/raw
2026-05-04 12:06:36,878 [INFO] fplmodel - Collating player history JSON into dataframe...
2026-05-04 12:06:37,927 [INFO] fplmodel - Collating player history JSON into dataframe completed in 1.05s
2026-05-04 12:06:38,904 [INFO] fplmodel - Built player histories dataframe with 162858 rows
2026-05-04 12:06:38,904 [INFO] fplmodel - Loading external history data...
2026-05-04 12:06:39,723 [INFO] fplmodel - Loading external history data completed in 0.82s
2026-05-04 12:06:39,769 [INFO] fplmodel - Loaded 133400 external history rows for seasons 2020-21, 2021-22, 2022-23, 2023-24, 2024-25
2026-05-04 12:06:39,943 [INFO] fplmodel - Combined history dataset now has 282014 rows
2026-05-04 12:06:39,944 [INFO] fplmodel - Building training and prediction feature frames...
2026-05-04 12:07:00,305 [INFO] fplmodel - Building training and prediction feature frames completed in 20.36s
2026-05-04 12:07:00,306 [INFO] fplmodel - Prepared features: X_train=(264593, 156), y_train=264593, X_pred=(832, 163)
2026-05-04 12:07:00,315 [INFO] fplmodel - Training models with 156 features
2026-05-04 12:07:00,315 [INFO] fplmodel - Training feature columns: total_points_ma5, minutes_ma5, goals_scored_ma5, assists_ma5, clean_sheets_ma5, influence_ma5, creativity_ma5, threat_ma5, ict_index_ma5, goals_conceded_ma5, own_goals_ma5, penalties_saved_ma5, penalties_missed_ma5, yellow_cards_ma5, red_cards_ma5, saves_ma5, bonus_ma5, bps_ma5, clearances_blocks_interceptions_ma5, recoveries_ma5, tackles_ma5, defensive_contribution_ma5, starts_ma5, expected_goals_ma5, expected_assists_ma5, expected_goal_involvements_ma5, expected_goals_conceded_ma5, value_ma5, transfers_balance_ma5, selected_ma5, transfers_in_ma5, transfers_out_ma5, attacking_returns_ma5, finishing_plus_minus_ma5, finishing_ratio_ma5, creation_plus_minus_ma5, creation_ratio_ma5, xgi_plus_minus_ma5, minutes_share_ma5, points_per_90_ma5, tackles_plus_interceptions_ma5, defensive_actions_ma5, total_points_lag1, minutes_lag1, goals_scored_lag1, assists_lag1, clean_sheets_lag1, influence_lag1, creativity_lag1, threat_lag1, ict_index_lag1, goals_conceded_lag1, own_goals_lag1, penalties_saved_lag1, penalties_missed_lag1, yellow_cards_lag1, red_cards_lag1, saves_lag1, bonus_lag1, bps_lag1, clearances_blocks_interceptions_lag1, recoveries_lag1, tackles_lag1, defensive_contribution_lag1, starts_lag1, expected_goals_lag1, expected_assists_lag1, expected_goal_involvements_lag1, expected_goals_conceded_lag1, value_lag1, transfers_balance_lag1, selected_lag1, transfers_in_lag1, transfers_out_lag1, attacking_returns_lag1, finishing_plus_minus_lag1, finishing_ratio_lag1, creation_plus_minus_lag1, creation_ratio_lag1, xgi_plus_minus_lag1, minutes_share_lag1, points_per_90_lag1, tackles_plus_interceptions_lag1, defensive_actions_lag1, team_goals_for_ma5, team_goals_against_ma5, team_goal_diff_ma5, team_clean_sheet_ma5, team_conceded_two_plus_ma5, team_match_points_ma5, opp_team_goals_for_ma5, opp_team_goals_against_ma5, opp_team_goal_diff_ma5, opp_team_clean_sheet_ma5, opp_team_conceded_two_plus_ma5, opp_team_match_points_ma5, was_home, team_strength_overall, team_strength_home, team_strength_away, team_attack_home, team_attack_away, team_def_home, team_def_away, team_form_rating, team_points_table, team_league_position, team_matches_played, team_wins, team_draws, team_losses, opp_strength_overall, opp_strength_home, opp_strength_away, opp_attack_home, opp_attack_away, opp_def_home, opp_def_away, opp_form_rating, opp_points_table, opp_league_position, opp_matches_played, opp_wins, opp_draws, opp_losses, form, points_per_game, value_form, value_season, selected_by_percent, expected_goals_per_90, expected_assists_per_90, expected_goal_involvements_per_90, expected_goals_conceded_per_90, goals_conceded_per_90, saves_per_90, starts_per_90, clean_sheets_per_90, defensive_contribution_per_90, availability_this_round, availability_next_round, status_availability, status_injury_flag, injury_risk_flag, corners_and_indirect_freekicks_order, direct_freekicks_order, penalties_order, has_corners_duty, primary_corners_taker, has_direct_fk_duty, primary_direct_fk_taker, has_penalty_duty, primary_penalty_taker, set_piece_duty_score, player_bias, pos_bias
2026-05-04 12:07:00,315 [INFO] fplmodel - Training prediction models...
2026-05-04 12:07:00,706 [INFO] fplmodel.model - Season sample weights applied: 2020-21: 0.25, 2021-22: 0.25, 2022-23: 0.34, 2023-24: 0.49, 2024-25: 0.70, 2025-26: 1.00
2026-05-04 12:07:00,706 [INFO] fplmodel.model - Using TimeSeriesSplit with 3 folds for hyperparameter tuning.
2026-05-04 12:07:00,708 [INFO] fplmodel.model - Using actual match minutes as classifier target (minutes >= 60).
2026-05-04 12:07:00,710 [INFO] fplmodel.model - Model selection using most recent 60000/264593 training rows; final fits still use all rows.
2026-05-04 12:07:32,014 [INFO] fplmodel.model - Best classifier[hist_gbdt] params from tuning: {'est__min_samples_leaf': 30, 'est__max_iter': 200, 'est__max_depth': None, 'est__learning_rate': 0.06, 'est__l2_regularization': 0.05} (score=0.7808)
2026-05-04 12:07:49,539 [INFO] fplmodel.model - Best regressor[hist_gbdt] params from tuning: {'est__min_samples_leaf': 10, 'est__max_iter': 400, 'est__max_depth': 4, 'est__learning_rate': 0.06, 'est__l2_regularization': 0.0} (score=-1.1156)
2026-05-04 12:07:49,539 [INFO] fplmodel.model - Candidate Histogram Gradient Boosting | classifier=0.7808 ± 0.0188 ↑ | regressor=1.1156 ± 0.0751 ↓
2026-05-04 12:08:22,769 [INFO] fplmodel.model - Best classifier[xgboost] params from tuning: {'est__subsample': 1.0, 'est__reg_lambda': 1.0, 'est__n_estimators': 550, 'est__max_depth': 8, 'est__learning_rate': 0.08, 'est__gamma': 0.1, 'est__colsample_bytree': 0.85} (score=0.7809)
2026-05-04 12:08:50,957 [INFO] fplmodel.model - Best regressor[xgboost] params from tuning: {'est__subsample': 0.8, 'est__reg_lambda': 1.5, 'est__n_estimators': 250, 'est__max_depth': 4, 'est__learning_rate': 0.08, 'est__gamma': 0.1, 'est__colsample_bytree': 0.7} (score=-1.1186)
2026-05-04 12:08:50,958 [INFO] fplmodel.model - Candidate XGBoost | classifier=0.7809 ± 0.0225 ↑ | regressor=1.1186 ± 0.0779 ↓
2026-05-04 12:08:50,960 [INFO] fplmodel.model - Saved model selection summary to /Users/kyle/Documents/FPL-Prediction/models/model_selection_summary.csv
2026-05-04 12:08:50,960 [INFO] fplmodel.model - Selected classifier model: XGBoost (balanced_accuracy=0.7809 ± 0.0225 ↑)
2026-05-04 12:08:50,960 [INFO] fplmodel.model - Selected regressor model: Histogram Gradient Boosting (MAE=1.1156 ± 0.0751 ↓)
2026-05-04 12:10:31,243 [INFO] fplmodel.model - Classifier (xgboost) feature selector dropped 39 column(s): availability_next_round, bps_lag1, bps_ma5, creation_plus_minus_lag1, creation_plus_minus_ma5, defensive_actions_lag1, defensive_actions_ma5, expected_goal_involvements_ma5, expected_goal_involvements_per_90, injury_risk_flag, ... (+29 more)
2026-05-04 12:10:31,244 [INFO] fplmodel.model - Regressor (histogram gradient boosting) feature selector dropped 39 column(s): availability_next_round, bps_lag1, bps_ma5, creation_plus_minus_lag1, creation_plus_minus_ma5, defensive_actions_lag1, defensive_actions_ma5, expected_goal_involvements_ma5, expected_goal_involvements_per_90, injury_risk_flag, ... (+29 more)
2026-05-04 12:10:31,244 [INFO] fplmodel.model - Final model selection: classifier=XGBoost | regressor=Histogram Gradient Boosting
2026-05-04 12:10:31,295 [INFO] fplmodel - Training prediction models completed in 210.98s
2026-05-04 12:10:31,295 [INFO] fplmodel - Estimator HistGradientBoostingRegressor for regressor does not expose feature_importances_; skipping logging.
2026-05-04 12:10:31,297 [INFO] fplmodel - Top feature weights for classifier: minutes_ma5: 0.1523, starts_lag1: 0.0618, minutes_lag1: 0.0567, influence_ma5: 0.0516, starts_ma5: 0.0373, ict_index_ma5: 0.0262, value_season: 0.0217, recoveries_ma5: 0.0141, has_penalty_duty: 0.0106, transfers_out_lag1: 0.0093, defensive_contribution_ma5: 0.0092, transfers_in_lag1: 0.0092, points_per_game: 0.0089, starts_per_90: 0.0087, clean_sheets_per_90: 0.0085
2026-05-04 12:10:31,297 [INFO] fplmodel - Model training complete; fitted 2 candidate pair(s).
2026-05-04 12:10:31,297 [INFO] fplmodel - Generating next gameweek predictions...
2026-05-04 12:10:31,343 [INFO] fplmodel - Generating next gameweek predictions completed in 0.05s
2026-05-04 12:10:31,344 [INFO] fplmodel - Generated ensemble predictions for 832 players using 2 model(s): Histogram Gradient Boosting, XGBoost
2026-05-04 12:10:31,352 [INFO] fplmodel - Applied fixture multipliers; average EP now 2.80
2026-05-04 12:10:31,353 [INFO] fplmodel - Top 5 expected point predictions (ensemble): Alex Scott (16.67); Mats Wieffer (15.69); Diego Gómez Amarilla (13.61); Ferdi Kadıoğlu (13.20); Jan Paul van Hecke (12.89)
2026-05-04 12:10:31,353 [INFO] fplmodel - Evaluating last finished gameweek residuals...
2026-05-04 12:10:31,487 [INFO] fplmodel - Evaluating last finished gameweek residuals completed in 0.13s
2026-05-04 12:10:31,487 [INFO] fplmodel - Residuals computed for 8272 players in GW 32
2026-05-04 12:10:31,487 [INFO] fplmodel - Selecting best XI from 832 candidates
2026-05-04 12:10:31,487 [INFO] fplmodel - Optimising best XI selection...
2026-05-04 12:10:32,400 [INFO] fplmodel - Optimising best XI selection completed in 0.91s
2026-05-04 12:10:32,401 [INFO] fplmodel - Selected squad: total cost 84.4M | starting cost 62.8M | bench cost 21.6M
2026-05-04 12:10:32,401 [INFO] fplmodel - Projected points: XI 135.03 | Captain included 151.70 | Bench 36.86
2026-05-04 12:10:32,401 [INFO] fplmodel - Captain: Alex Scott
2026-05-04 12:10:32,401 [INFO] fplmodel - XI | Gianluigi Donnarumma (Man City) - 12.42 pts | 5.6M
2026-05-04 12:10:32,401 [INFO] fplmodel - XI | Ferdi Kadıoğlu (Brighton) - 13.20 pts | 4.4M
2026-05-04 12:10:32,401 [INFO] fplmodel - XI | Marc Guéhi (Man City) - 11.90 pts | 5.1M
2026-05-04 12:10:32,401 [INFO] fplmodel - XI | Nico O'Reilly (Man City) - 11.07 pts | 5.2M
2026-05-04 12:10:32,401 [INFO] fplmodel - XI | Adrien Truffert (Bournemouth) - 9.22 pts | 4.7M
2026-05-04 12:10:32,401 [INFO] fplmodel - XI | Alex Scott (Bournemouth) - 16.67 pts | 5.1M
2026-05-04 12:10:32,401 [INFO] fplmodel - XI | Mats Wieffer (Brighton) - 15.69 pts | 4.9M
2026-05-04 12:10:32,402 [INFO] fplmodel - XI | Diego Gómez Amarilla (Brighton) - 13.61 pts | 4.9M
2026-05-04 12:10:32,402 [INFO] fplmodel - XI | Jaidon Anthony (Burnley) - 12.58 pts | 5.0M
2026-05-04 12:10:32,402 [INFO] fplmodel - XI | Cole Palmer (Chelsea) - 9.17 pts | 10.4M
2026-05-04 12:10:32,402 [INFO] fplmodel - XI | João Pedro Junqueira de Jesus (Chelsea) - 9.50 pts | 7.5M
2026-05-04 12:10:32,402 [INFO] fplmodel - Bench 1 | Zian Flemming (Burnley) - 9.07 pts
2026-05-04 12:10:32,402 [INFO] fplmodel - Bench 2 | Jarrod Bowen (West Ham) - 8.80 pts
2026-05-04 12:10:32,402 [INFO] fplmodel - Bench 3 | Konstantinos Mavropanos (West Ham) - 8.41 pts
2026-05-04 12:10:32,402 [INFO] fplmodel - Bench 4 | Karl Darlow (Leeds) - 10.58 pts
2026-05-04 12:10:32,413 [INFO] fplmodel - Predictions saved to /Users/kyle/Documents/FPL-Prediction/outputs/predictions_gw33.csv
2026-05-04 12:10:32,414 [INFO] fplmodel - Starting XI saved to /Users/kyle/Documents/FPL-Prediction/outputs/starting_xi_gw33.csv
2026-05-04 12:10:32,415 [INFO] fplmodel - Bench saved to /Users/kyle/Documents/FPL-Prediction/outputs/bench_gw33.csv
2026-05-04 12:10:32,415 [INFO] fplmodel - Best XI JSON saved to /Users/kyle/Documents/FPL-Prediction/outputs/best_xi_gw33.json
2026-05-04 12:10:32,415 [INFO] fplmodel - Rendering best XI graphic...
2026-05-04 12:10:32,779 [INFO] fplmodel - Rendering best XI graphic completed in 0.36s
2026-05-04 12:10:32,779 [INFO] fplmodel - Best XI graphic generated at /Users/kyle/Documents/FPL-Prediction/outputs/best_xi_gw33.png
2026-05-04 12:10:32,790 [INFO] fplmodel - Residuals saved to /Users/kyle/Documents/FPL-Prediction/outputs/residuals_gw32.csv
2026-05-04 12:10:32,790 [INFO] fplmodel - Pipeline complete for GW 33
