2025-12-09 11:52:55,778 [INFO] fplmodel - Logging initialised. Writing to /Users/kyle/Documents/FPL-Prediction/logs/run_20251209_115255.log
2025-12-09 11:52:55,778 [INFO] fplmodel - Starting pipeline run (force_refetch=False)
2025-12-09 11:52:55,778 [INFO] fplmodel - Fetching bootstrap static data...
2025-12-09 11:52:55,799 [INFO] fplmodel - Fetching bootstrap static data completed in 0.02s
2025-12-09 11:52:55,799 [INFO] fplmodel - Fetching fixtures data...
2025-12-09 11:52:55,805 [INFO] fplmodel - Fetching fixtures data completed in 0.01s
2025-12-09 11:52:55,806 [INFO] fplmodel - Normalising bootstrap data...
2025-12-09 11:52:55,817 [INFO] fplmodel - Normalising bootstrap data completed in 0.01s
2025-12-09 11:52:55,817 [INFO] fplmodel - Loaded normalised frames: 759 elements, 20 teams, 38 events
2025-12-09 11:52:55,817 [INFO] fplmodel - Gameweek override applied -> next_gw=17 | last_finished_gw=16
2025-12-09 11:52:55,817 [INFO] fplmodel - Next gameweek: 17 | Last finished gameweek: 16
2025-12-09 11:52:55,818 [INFO] fplmodel - Renaming log file to highlight gameweek 17
2025-12-09 11:52:55,818 [INFO] fplmodel - Log file renamed to /Users/kyle/Documents/FPL-Prediction/logs/run_gw17_20251209_115255.log
2025-12-09 11:52:55,818 [INFO] fplmodel - Fetching player histories for 759 players (force_refetch=False)...
2025-12-09 11:52:56,793 [INFO] fplmodel - Fetching player histories for 759 players (force_refetch=False) completed in 0.97s
2025-12-09 11:52:56,793 [INFO] fplmodel - Loading 759 player history files from /Users/kyle/Documents/FPL-Prediction/data/raw
2025-12-09 11:52:56,793 [INFO] fplmodel - Collating player history JSON into dataframe...
2025-12-09 11:52:57,179 [INFO] fplmodel - Collating player history JSON into dataframe completed in 0.39s
2025-12-09 11:52:57,596 [INFO] fplmodel - Built player histories dataframe with 66540 rows
2025-12-09 11:52:57,596 [INFO] fplmodel - Loading external history data...
2025-12-09 11:52:58,499 [INFO] fplmodel - Loading external history data completed in 0.90s
2025-12-09 11:52:58,541 [INFO] fplmodel - Loaded 131605 external history rows for seasons 2020-21, 2021-22, 2022-23, 2023-24, 2024-25
2025-12-09 11:52:58,647 [INFO] fplmodel - Combined history dataset now has 192346 rows
2025-12-09 11:52:58,647 [INFO] fplmodel - Building training and prediction feature frames...
2025-12-09 11:53:02,769 [INFO] fplmodel - Building training and prediction feature frames completed in 4.12s
2025-12-09 11:53:02,770 [INFO] fplmodel - Prepared features: X_train=(109550, 156), y_train=109550, X_pred=(759, 163)
2025-12-09 11:53:02,774 [INFO] fplmodel - Training models with 156 features
2025-12-09 11:53:02,775 [INFO] fplmodel - Training feature columns: total_points_ma5, minutes_ma5, goals_scored_ma5, assists_ma5, clean_sheets_ma5, influence_ma5, creativity_ma5, threat_ma5, ict_index_ma5, goals_conceded_ma5, own_goals_ma5, penalties_saved_ma5, penalties_missed_ma5, yellow_cards_ma5, red_cards_ma5, saves_ma5, bonus_ma5, bps_ma5, clearances_blocks_interceptions_ma5, recoveries_ma5, tackles_ma5, defensive_contribution_ma5, starts_ma5, expected_goals_ma5, expected_assists_ma5, expected_goal_involvements_ma5, expected_goals_conceded_ma5, value_ma5, transfers_balance_ma5, selected_ma5, transfers_in_ma5, transfers_out_ma5, attacking_returns_ma5, finishing_plus_minus_ma5, finishing_ratio_ma5, creation_plus_minus_ma5, creation_ratio_ma5, xgi_plus_minus_ma5, minutes_share_ma5, points_per_90_ma5, tackles_plus_interceptions_ma5, defensive_actions_ma5, total_points_lag1, minutes_lag1, goals_scored_lag1, assists_lag1, clean_sheets_lag1, influence_lag1, creativity_lag1, threat_lag1, ict_index_lag1, goals_conceded_lag1, own_goals_lag1, penalties_saved_lag1, penalties_missed_lag1, yellow_cards_lag1, red_cards_lag1, saves_lag1, bonus_lag1, bps_lag1, clearances_blocks_interceptions_lag1, recoveries_lag1, tackles_lag1, defensive_contribution_lag1, starts_lag1, expected_goals_lag1, expected_assists_lag1, expected_goal_involvements_lag1, expected_goals_conceded_lag1, value_lag1, transfers_balance_lag1, selected_lag1, transfers_in_lag1, transfers_out_lag1, attacking_returns_lag1, finishing_plus_minus_lag1, finishing_ratio_lag1, creation_plus_minus_lag1, creation_ratio_lag1, xgi_plus_minus_lag1, minutes_share_lag1, points_per_90_lag1, tackles_plus_interceptions_lag1, defensive_actions_lag1, team_goals_for_ma5, team_goals_against_ma5, team_goal_diff_ma5, team_clean_sheet_ma5, team_conceded_two_plus_ma5, team_match_points_ma5, opp_team_goals_for_ma5, opp_team_goals_against_ma5, opp_team_goal_diff_ma5, opp_team_clean_sheet_ma5, opp_team_conceded_two_plus_ma5, opp_team_match_points_ma5, was_home, team_strength_overall, team_strength_home, team_strength_away, team_attack_home, team_attack_away, team_def_home, team_def_away, team_form_rating, team_points_table, team_league_position, team_matches_played, team_wins, team_draws, team_losses, opp_strength_overall, opp_strength_home, opp_strength_away, opp_attack_home, opp_attack_away, opp_def_home, opp_def_away, opp_form_rating, opp_points_table, opp_league_position, opp_matches_played, opp_wins, opp_draws, opp_losses, form, points_per_game, value_form, value_season, selected_by_percent, expected_goals_per_90, expected_assists_per_90, expected_goal_involvements_per_90, expected_goals_conceded_per_90, goals_conceded_per_90, saves_per_90, starts_per_90, clean_sheets_per_90, defensive_contribution_per_90, availability_this_round, availability_next_round, status_availability, status_injury_flag, injury_risk_flag, corners_and_indirect_freekicks_order, direct_freekicks_order, penalties_order, has_corners_duty, primary_corners_taker, has_direct_fk_duty, primary_direct_fk_taker, has_penalty_duty, primary_penalty_taker, set_piece_duty_score, player_bias, pos_bias
2025-12-09 11:53:02,775 [INFO] fplmodel - Training prediction models...
2025-12-09 11:53:03,031 [INFO] fplmodel.model - Season sample weights applied: 2020-21: 0.25, 2021-22: 0.25, 2022-23: 0.34, 2023-24: 0.49, 2024-25: 0.70, 2025-26: 1.00
2025-12-09 11:53:03,031 [INFO] fplmodel.model - Using TimeSeriesSplit with 3 folds for hyperparameter tuning.
2025-12-09 11:54:00,154 [INFO] fplmodel.model - Best classifier[hist_gbdt] params from tuning: {'est__min_samples_leaf': 20, 'est__max_iter': 350, 'est__max_depth': 4, 'est__learning_rate': 0.04, 'est__l2_regularization': 0.1} (score=1.0000)
2025-12-09 11:55:00,265 [INFO] fplmodel.model - Best regressor[hist_gbdt] params from tuning: {'est__min_samples_leaf': 40, 'est__max_iter': 400, 'est__max_depth': None, 'est__learning_rate': 0.08, 'est__l2_regularization': 0.05} (score=-0.9664)
2025-12-09 11:55:00,266 [INFO] fplmodel.model - Candidate Histogram Gradient Boosting | classifier=1.0000 ± 0.0000 ↑ | regressor=0.9664 ± 0.0566 ↓
2025-12-09 11:57:18,017 [INFO] fplmodel.model - Best classifier[random_forest] params from tuning: {'est__n_estimators': 200, 'est__min_samples_split': 6, 'est__min_samples_leaf': 4, 'est__max_features': 'sqrt', 'est__max_depth': None} (score=1.0000)
2025-12-09 12:17:30,909 [INFO] fplmodel.model - Best regressor[random_forest] params from tuning: {'est__n_estimators': 600, 'est__min_samples_split': 6, 'est__min_samples_leaf': 4, 'est__max_features': 0.7, 'est__max_depth': 20} (score=-0.9540)
2025-12-09 12:17:30,911 [INFO] fplmodel.model - Candidate Random Forest | classifier=1.0000 ± 0.0000 ↑ | regressor=0.9540 ± 0.0445 ↓
2025-12-09 12:18:40,580 [INFO] fplmodel.model - Best classifier[neural_network] params from tuning: {'est__learning_rate_init': 0.001, 'est__hidden_layer_sizes': (256, 128), 'est__beta_1': 0.9, 'est__alpha': 0.0001} (score=0.9988)
2025-12-09 12:19:32,143 [INFO] fplmodel.model - Best regressor[neural_network] params from tuning: {'est__learning_rate_init': 0.003, 'est__hidden_layer_sizes': (128, 128, 64), 'est__beta_1': 0.9, 'est__alpha': 0.001} (score=-0.9685)
2025-12-09 12:19:32,144 [INFO] fplmodel.model - Candidate Neural Network (MLP) | classifier=0.9988 ± 0.0007 ↑ | regressor=0.9685 ± 0.1023 ↓
2025-12-09 12:19:32,145 [INFO] fplmodel.model - Saved model selection summary to /Users/kyle/Documents/FPL-Prediction/models/model_selection_summary.csv
2025-12-09 12:19:32,145 [INFO] fplmodel.model - Selected classifier model: Histogram Gradient Boosting (balanced_accuracy=1.0000 ± 0.0000 ↑)
2025-12-09 12:19:32,145 [INFO] fplmodel.model - Selected regressor model: Random Forest (MAE=0.9540 ± 0.0445 ↓)
2025-12-09 12:22:35,788 [INFO] fplmodel.model - Classifier (histogram gradient boosting) feature selector dropped 40 column(s): availability_next_round, bps_lag1, bps_ma5, creation_plus_minus_lag1, creation_plus_minus_ma5, defensive_actions_lag1, defensive_actions_ma5, expected_goal_involvements_lag1, expected_goal_involvements_ma5, expected_goal_involvements_per_90, ... (+30 more)
2025-12-09 12:22:35,788 [INFO] fplmodel.model - Regressor (random forest) feature selector dropped 40 column(s): availability_next_round, bps_lag1, bps_ma5, creation_plus_minus_lag1, creation_plus_minus_ma5, defensive_actions_lag1, defensive_actions_ma5, expected_goal_involvements_lag1, expected_goal_involvements_ma5, expected_goal_involvements_per_90, ... (+30 more)
2025-12-09 12:22:35,788 [INFO] fplmodel.model - Final model selection: classifier=Histogram Gradient Boosting | regressor=Random Forest
2025-12-09 12:22:36,007 [INFO] fplmodel - Training prediction models completed in 1773.24s
2025-12-09 12:22:36,043 [INFO] fplmodel - Top feature weights for regressor: total_points_lag1: 0.3821, recoveries_lag1: 0.0830, total_points_ma5: 0.0739, defensive_contribution_lag1: 0.0344, points_per_90_lag1: 0.0286, bonus_lag1: 0.0280, player_bias: 0.0175, team_conceded_two_plus_ma5: 0.0121, selected_lag1: 0.0113, team_clean_sheet_ma5: 0.0100, selected_ma5: 0.0091, value_ma5: 0.0086, team_match_points_ma5: 0.0083, transfers_balance_lag1: 0.0080, bonus_ma5: 0.0079
2025-12-09 12:22:36,043 [INFO] fplmodel - Estimator HistGradientBoostingClassifier for classifier does not expose feature_importances_; skipping logging.
2025-12-09 12:22:36,043 [INFO] fplmodel - Model training complete; fitted 3 candidate pair(s).
2025-12-09 12:22:36,043 [INFO] fplmodel - Generating next gameweek predictions...
2025-12-09 12:22:36,181 [INFO] fplmodel - Generating next gameweek predictions completed in 0.14s
2025-12-09 12:22:36,182 [INFO] fplmodel - Generated ensemble predictions for 759 players using 3 model(s): Histogram Gradient Boosting, Random Forest, Neural Network (MLP)
2025-12-09 12:22:36,185 [INFO] fplmodel - Applied fixture multipliers; average EP now 1.91
2025-12-09 12:22:36,185 [INFO] fplmodel - Top 5 expected point predictions (ensemble): Samuel Chukwueze (6.99); Loum Tchaouna (6.72); James Tarkowski (5.84); Phil Foden (5.77); Anton Stach (5.61)
2025-12-09 12:22:36,185 [INFO] fplmodel - Evaluating last finished gameweek residuals...
2025-12-09 12:22:36,278 [INFO] fplmodel - Evaluating last finished gameweek residuals completed in 0.09s
2025-12-09 12:22:36,278 [INFO] fplmodel - Residuals computed for 3200 players in GW 16
2025-12-09 12:22:36,278 [INFO] fplmodel - Selecting best XI from 759 candidates
2025-12-09 12:22:36,278 [INFO] fplmodel - Optimising best XI selection...
2025-12-09 12:22:37,107 [INFO] fplmodel - Optimising best XI selection completed in 0.83s
2025-12-09 12:22:37,107 [INFO] fplmodel - Selected squad: total cost 86.0M | starting cost 66.5M | bench cost 19.5M
2025-12-09 12:22:37,107 [INFO] fplmodel - Projected points: XI 60.23 | Captain included 67.22 | Bench 16.42
2025-12-09 12:22:37,107 [INFO] fplmodel - Captain: Samuel Chukwueze
2025-12-09 12:22:37,107 [INFO] fplmodel - XI | Jordan Pickford (Everton) - 3.75 pts | 5.5M
2025-12-09 12:22:37,107 [INFO] fplmodel - XI | James Tarkowski (Everton) - 5.84 pts | 5.4M
2025-12-09 12:22:37,107 [INFO] fplmodel - XI | Cristian Romero (Spurs) - 5.35 pts | 5.0M
2025-12-09 12:22:37,107 [INFO] fplmodel - XI | Djed Spence (Spurs) - 5.27 pts | 4.4M
2025-12-09 12:22:37,107 [INFO] fplmodel - XI | Marc Guéhi (Crystal Palace) - 4.93 pts | 5.2M
2025-12-09 12:22:37,107 [INFO] fplmodel - XI | Samuel Chukwueze (Fulham) - 6.99 pts | 5.3M
2025-12-09 12:22:37,108 [INFO] fplmodel - XI | Loum Tchaouna (Burnley) - 6.72 pts | 4.9M
2025-12-09 12:22:37,108 [INFO] fplmodel - XI | Phil Foden (Man City) - 5.77 pts | 8.6M
2025-12-09 12:22:37,108 [INFO] fplmodel - XI | Anton Stach (Leeds) - 5.61 pts | 4.8M
2025-12-09 12:22:37,108 [INFO] fplmodel - XI | Bruno Borges Fernandes (Man Utd) - 5.22 pts | 9.0M
2025-12-09 12:22:37,108 [INFO] fplmodel - XI | Hugo Ekitiké (Liverpool) - 4.78 pts | 8.4M
2025-12-09 12:22:37,108 [INFO] fplmodel - Bench 1 | Chris Richards (Crystal Palace) - 4.71 pts
2025-12-09 12:22:37,108 [INFO] fplmodel - Bench 2 | Eddie Nketiah (Crystal Palace) - 4.17 pts
2025-12-09 12:22:37,108 [INFO] fplmodel - Bench 3 | Dominic Calvert-Lewin (Leeds) - 4.14 pts
2025-12-09 12:22:37,108 [INFO] fplmodel - Bench 4 | Martin Dúbravka (Burnley) - 3.39 pts
2025-12-09 12:22:37,113 [INFO] fplmodel - Predictions saved to /Users/kyle/Documents/FPL-Prediction/outputs/predictions_gw17.csv
2025-12-09 12:22:37,114 [INFO] fplmodel - Starting XI saved to /Users/kyle/Documents/FPL-Prediction/outputs/starting_xi_gw17.csv
2025-12-09 12:22:37,115 [INFO] fplmodel - Bench saved to /Users/kyle/Documents/FPL-Prediction/outputs/bench_gw17.csv
2025-12-09 12:22:37,115 [INFO] fplmodel - Best XI JSON saved to /Users/kyle/Documents/FPL-Prediction/outputs/best_xi_gw17.json
2025-12-09 12:22:37,115 [INFO] fplmodel - Rendering best XI graphic...
2025-12-09 12:22:37,254 [INFO] fplmodel - Rendering best XI graphic completed in 0.14s
2025-12-09 12:22:37,254 [INFO] fplmodel - Best XI graphic generated at /Users/kyle/Documents/FPL-Prediction/outputs/best_xi_gw17.png
2025-12-09 12:22:37,259 [INFO] fplmodel - Residuals saved to /Users/kyle/Documents/FPL-Prediction/outputs/residuals_gw16.csv
2025-12-09 12:22:37,259 [INFO] fplmodel - Pipeline complete for GW 17
