2026-01-30 14:29:29,651 [INFO] fplmodel - Logging initialised. Writing to /Users/kyle/Documents/FPL-Prediction/logs/run_20260130_142929.log
2026-01-30 14:29:29,652 [INFO] fplmodel - Starting pipeline run (force_refetch=False)
2026-01-30 14:29:29,652 [INFO] fplmodel - Fetching bootstrap static data...
2026-01-30 14:29:29,671 [INFO] fplmodel - Fetching bootstrap static data completed in 0.02s
2026-01-30 14:29:29,671 [INFO] fplmodel - Fetching fixtures data...
2026-01-30 14:29:29,678 [INFO] fplmodel - Fetching fixtures data completed in 0.01s
2026-01-30 14:29:29,679 [INFO] fplmodel - Normalising bootstrap data...
2026-01-30 14:29:29,688 [INFO] fplmodel - Normalising bootstrap data completed in 0.01s
2026-01-30 14:29:29,689 [INFO] fplmodel - Loaded normalised frames: 808 elements, 20 teams, 38 events
2026-01-30 14:29:29,689 [INFO] fplmodel - Gameweek override applied -> next_gw=27 | last_finished_gw=26
2026-01-30 14:29:29,689 [INFO] fplmodel - Next gameweek: 27 | Last finished gameweek: 26
2026-01-30 14:29:29,689 [INFO] fplmodel - Renaming log file to highlight gameweek 27
2026-01-30 14:29:29,689 [INFO] fplmodel - Log file renamed to /Users/kyle/Documents/FPL-Prediction/logs/run_gw27_20260130_142929.log
2026-01-30 14:29:29,689 [INFO] fplmodel - Fetching player histories for 808 players (force_refetch=False)...
2026-01-30 14:29:30,900 [INFO] fplmodel - Fetching player histories for 808 players (force_refetch=False) completed in 1.21s
2026-01-30 14:29:30,908 [INFO] fplmodel - Loading 808 player history files from /Users/kyle/Documents/FPL-Prediction/data/raw
2026-01-30 14:29:30,908 [INFO] fplmodel - Collating player history JSON into dataframe...
2026-01-30 14:29:31,486 [INFO] fplmodel - Collating player history JSON into dataframe completed in 0.58s
2026-01-30 14:29:32,053 [INFO] fplmodel - Built player histories dataframe with 104172 rows
2026-01-30 14:29:32,053 [INFO] fplmodel - Loading external history data...
2026-01-30 14:29:32,816 [INFO] fplmodel - Loading external history data completed in 0.76s
2026-01-30 14:29:32,857 [INFO] fplmodel - Loaded 133062 external history rows for seasons 2020-21, 2021-22, 2022-23, 2023-24, 2024-25
2026-01-30 14:29:32,966 [INFO] fplmodel - Combined history dataset now has 227702 rows
2026-01-30 14:29:32,967 [INFO] fplmodel - Building training and prediction feature frames...
2026-01-30 14:29:37,160 [INFO] fplmodel - Building training and prediction feature frames completed in 4.19s
2026-01-30 14:29:37,160 [INFO] fplmodel - Prepared features: X_train=(179025, 156), y_train=179025, X_pred=(808, 163)
2026-01-30 14:29:37,165 [INFO] fplmodel - Training models with 156 features
2026-01-30 14:29:37,166 [INFO] fplmodel - Training feature columns: total_points_ma5, minutes_ma5, goals_scored_ma5, assists_ma5, clean_sheets_ma5, influence_ma5, creativity_ma5, threat_ma5, ict_index_ma5, goals_conceded_ma5, own_goals_ma5, penalties_saved_ma5, penalties_missed_ma5, yellow_cards_ma5, red_cards_ma5, saves_ma5, bonus_ma5, bps_ma5, clearances_blocks_interceptions_ma5, recoveries_ma5, tackles_ma5, defensive_contribution_ma5, starts_ma5, expected_goals_ma5, expected_assists_ma5, expected_goal_involvements_ma5, expected_goals_conceded_ma5, value_ma5, transfers_balance_ma5, selected_ma5, transfers_in_ma5, transfers_out_ma5, attacking_returns_ma5, finishing_plus_minus_ma5, finishing_ratio_ma5, creation_plus_minus_ma5, creation_ratio_ma5, xgi_plus_minus_ma5, minutes_share_ma5, points_per_90_ma5, tackles_plus_interceptions_ma5, defensive_actions_ma5, total_points_lag1, minutes_lag1, goals_scored_lag1, assists_lag1, clean_sheets_lag1, influence_lag1, creativity_lag1, threat_lag1, ict_index_lag1, goals_conceded_lag1, own_goals_lag1, penalties_saved_lag1, penalties_missed_lag1, yellow_cards_lag1, red_cards_lag1, saves_lag1, bonus_lag1, bps_lag1, clearances_blocks_interceptions_lag1, recoveries_lag1, tackles_lag1, defensive_contribution_lag1, starts_lag1, expected_goals_lag1, expected_assists_lag1, expected_goal_involvements_lag1, expected_goals_conceded_lag1, value_lag1, transfers_balance_lag1, selected_lag1, transfers_in_lag1, transfers_out_lag1, attacking_returns_lag1, finishing_plus_minus_lag1, finishing_ratio_lag1, creation_plus_minus_lag1, creation_ratio_lag1, xgi_plus_minus_lag1, minutes_share_lag1, points_per_90_lag1, tackles_plus_interceptions_lag1, defensive_actions_lag1, team_goals_for_ma5, team_goals_against_ma5, team_goal_diff_ma5, team_clean_sheet_ma5, team_conceded_two_plus_ma5, team_match_points_ma5, opp_team_goals_for_ma5, opp_team_goals_against_ma5, opp_team_goal_diff_ma5, opp_team_clean_sheet_ma5, opp_team_conceded_two_plus_ma5, opp_team_match_points_ma5, was_home, team_strength_overall, team_strength_home, team_strength_away, team_attack_home, team_attack_away, team_def_home, team_def_away, team_form_rating, team_points_table, team_league_position, team_matches_played, team_wins, team_draws, team_losses, opp_strength_overall, opp_strength_home, opp_strength_away, opp_attack_home, opp_attack_away, opp_def_home, opp_def_away, opp_form_rating, opp_points_table, opp_league_position, opp_matches_played, opp_wins, opp_draws, opp_losses, form, points_per_game, value_form, value_season, selected_by_percent, expected_goals_per_90, expected_assists_per_90, expected_goal_involvements_per_90, expected_goals_conceded_per_90, goals_conceded_per_90, saves_per_90, starts_per_90, clean_sheets_per_90, defensive_contribution_per_90, availability_this_round, availability_next_round, status_availability, status_injury_flag, injury_risk_flag, corners_and_indirect_freekicks_order, direct_freekicks_order, penalties_order, has_corners_duty, primary_corners_taker, has_direct_fk_duty, primary_direct_fk_taker, has_penalty_duty, primary_penalty_taker, set_piece_duty_score, player_bias, pos_bias
2026-01-30 14:29:37,166 [INFO] fplmodel - Training prediction models...
2026-01-30 14:29:37,414 [INFO] fplmodel.model - Season sample weights applied: 2020-21: 0.25, 2021-22: 0.25, 2022-23: 0.34, 2023-24: 0.49, 2024-25: 0.70, 2025-26: 1.00
2026-01-30 14:29:37,414 [INFO] fplmodel.model - Using TimeSeriesSplit with 3 folds for hyperparameter tuning.
2026-01-30 14:30:51,454 [INFO] fplmodel.model - Best classifier[hist_gbdt] params from tuning: {'est__min_samples_leaf': 20, 'est__max_iter': 350, 'est__max_depth': 4, 'est__learning_rate': 0.04, 'est__l2_regularization': 0.1} (score=1.0000)
2026-01-30 14:32:36,484 [INFO] fplmodel.model - Best regressor[hist_gbdt] params from tuning: {'est__min_samples_leaf': 30, 'est__max_iter': 350, 'est__max_depth': 8, 'est__learning_rate': 0.06, 'est__l2_regularization': 0.1} (score=-0.9693)
2026-01-30 14:32:36,485 [INFO] fplmodel.model - Candidate Histogram Gradient Boosting | classifier=1.0000 ± 0.0000 ↑ | regressor=0.9693 ± 0.0355 ↓
2026-01-30 14:36:09,015 [INFO] fplmodel.model - Best classifier[random_forest] params from tuning: {'est__n_estimators': 200, 'est__min_samples_split': 6, 'est__min_samples_leaf': 4, 'est__max_features': 'sqrt', 'est__max_depth': None} (score=1.0000)
2026-01-30 15:11:48,138 [INFO] fplmodel.model - Best regressor[random_forest] params from tuning: {'est__n_estimators': 600, 'est__min_samples_split': 6, 'est__min_samples_leaf': 4, 'est__max_features': 0.7, 'est__max_depth': 20} (score=-0.9576)
2026-01-30 15:11:48,140 [INFO] fplmodel.model - Candidate Random Forest | classifier=1.0000 ± 0.0000 ↑ | regressor=0.9576 ± 0.0381 ↓
2026-01-30 15:13:33,964 [INFO] fplmodel.model - Best classifier[neural_network] params from tuning: {'est__learning_rate_init': 0.003, 'est__hidden_layer_sizes': (128, 64), 'est__beta_1': 0.85, 'est__alpha': 0.0005} (score=0.9989)
2026-01-30 15:15:03,700 [INFO] fplmodel.model - Best regressor[neural_network] params from tuning: {'est__learning_rate_init': 0.003, 'est__hidden_layer_sizes': (256, 128), 'est__beta_1': 0.95, 'est__alpha': 0.0005} (score=-0.9609)
2026-01-30 15:15:03,701 [INFO] fplmodel.model - Candidate Neural Network (MLP) | classifier=0.9989 ± 0.0005 ↑ | regressor=0.9609 ± 0.0986 ↓
2026-01-30 15:15:03,703 [INFO] fplmodel.model - Saved model selection summary to /Users/kyle/Documents/FPL-Prediction/models/model_selection_summary.csv
2026-01-30 15:15:03,703 [INFO] fplmodel.model - Selected classifier model: Histogram Gradient Boosting (balanced_accuracy=1.0000 ± 0.0000 ↑)
2026-01-30 15:15:03,703 [INFO] fplmodel.model - Selected regressor model: Random Forest (MAE=0.9576 ± 0.0381 ↓)
2026-01-30 15:20:37,795 [INFO] fplmodel.model - Classifier (histogram gradient boosting) feature selector dropped 38 column(s): availability_next_round, bps_lag1, bps_ma5, creation_plus_minus_lag1, creation_plus_minus_ma5, defensive_actions_lag1, defensive_actions_ma5, expected_goal_involvements_lag1, expected_goal_involvements_ma5, expected_goal_involvements_per_90, ... (+28 more)
2026-01-30 15:20:37,795 [INFO] fplmodel.model - Regressor (random forest) feature selector dropped 38 column(s): availability_next_round, bps_lag1, bps_ma5, creation_plus_minus_lag1, creation_plus_minus_ma5, defensive_actions_lag1, defensive_actions_ma5, expected_goal_involvements_lag1, expected_goal_involvements_ma5, expected_goal_involvements_per_90, ... (+28 more)
2026-01-30 15:20:37,795 [INFO] fplmodel.model - Final model selection: classifier=Histogram Gradient Boosting | regressor=Random Forest
2026-01-30 15:20:38,112 [INFO] fplmodel - Training prediction models completed in 3060.94s
2026-01-30 15:20:38,147 [INFO] fplmodel - Top feature weights for regressor: total_points_lag1: 0.3533, recoveries_lag1: 0.0870, total_points_ma5: 0.0793, points_per_90_lag1: 0.0428, defensive_contribution_lag1: 0.0335, bonus_lag1: 0.0241, player_bias: 0.0181, team_conceded_two_plus_ma5: 0.0144, selected_lag1: 0.0115, team_clean_sheet_ma5: 0.0103, value_ma5: 0.0100, selected_ma5: 0.0086, bonus_ma5: 0.0082, transfers_out_lag1: 0.0081, transfers_balance_lag1: 0.0081
2026-01-30 15:20:38,147 [INFO] fplmodel - Estimator HistGradientBoostingClassifier for classifier does not expose feature_importances_; skipping logging.
2026-01-30 15:20:38,147 [INFO] fplmodel - Model training complete; fitted 3 candidate pair(s).
2026-01-30 15:20:38,147 [INFO] fplmodel - Generating next gameweek predictions...
2026-01-30 15:20:38,273 [INFO] fplmodel - Generating next gameweek predictions completed in 0.13s
2026-01-30 15:20:38,274 [INFO] fplmodel - Generated ensemble predictions for 808 players using 3 model(s): Histogram Gradient Boosting, Random Forest, Neural Network (MLP)
2026-01-30 15:20:38,276 [INFO] fplmodel - Applied fixture multipliers; average EP now 1.82
2026-01-30 15:20:38,276 [INFO] fplmodel - Top 5 expected point predictions (ensemble): Lyle Foster (5.89); John Ruddy (5.34); Michael Kayode (5.04); William Saliba (4.99); Yehor Yarmoliuk (4.92)
2026-01-30 15:20:38,277 [INFO] fplmodel - Evaluating last finished gameweek residuals...
2026-01-30 15:20:38,392 [INFO] fplmodel - Evaluating last finished gameweek residuals completed in 0.12s
2026-01-30 15:20:38,393 [INFO] fplmodel - Residuals computed for 4323 players in GW 26
2026-01-30 15:20:38,393 [INFO] fplmodel - Selecting best XI from 808 candidates
2026-01-30 15:20:38,393 [INFO] fplmodel - Optimising best XI selection...
2026-01-30 15:20:39,274 [INFO] fplmodel - Optimising best XI selection completed in 0.88s
2026-01-30 15:20:39,275 [INFO] fplmodel - Selected squad: total cost 79.8M | starting cost 58.0M | bench cost 21.8M
2026-01-30 15:20:39,275 [INFO] fplmodel - Projected points: XI 53.07 | Captain included 58.96 | Bench 16.65
2026-01-30 15:20:39,275 [INFO] fplmodel - Captain: Lyle Foster
2026-01-30 15:20:39,275 [INFO] fplmodel - XI | John Ruddy (Newcastle) - 5.34 pts | 4.0M
2026-01-30 15:20:39,275 [INFO] fplmodel - XI | Michael Kayode (Brentford) - 5.04 pts | 4.5M
2026-01-30 15:20:39,275 [INFO] fplmodel - XI | William Saliba (Arsenal) - 4.99 pts | 6.0M
2026-01-30 15:20:39,275 [INFO] fplmodel - XI | Rayan Aït-Nouri (Man City) - 4.31 pts | 5.7M
2026-01-30 15:20:39,275 [INFO] fplmodel - XI | Nathan Collins (Brentford) - 4.30 pts | 5.0M
2026-01-30 15:20:39,275 [INFO] fplmodel - XI | Yehor Yarmoliuk (Brentford) - 4.92 pts | 5.0M
2026-01-30 15:20:39,275 [INFO] fplmodel - XI | Josh King (Fulham) - 4.69 pts | 4.4M
2026-01-30 15:20:39,275 [INFO] fplmodel - XI | Yusuf Akhamrich (Spurs) - 4.38 pts | 4.5M
2026-01-30 15:20:39,275 [INFO] fplmodel - XI | Gabriel Martinelli Silva (Arsenal) - 4.34 pts | 6.8M
2026-01-30 15:20:39,275 [INFO] fplmodel - XI | Lyle Foster (Burnley) - 5.89 pts | 4.9M
2026-01-30 15:20:39,275 [INFO] fplmodel - XI | João Pedro Junqueira de Jesus (Chelsea) - 4.86 pts | 7.2M
2026-01-30 15:20:39,276 [INFO] fplmodel - Bench 1 | Jaidon Anthony (Burnley) - 4.23 pts
2026-01-30 15:20:39,276 [INFO] fplmodel - Bench 2 | Wesley Fofana (Chelsea) - 4.16 pts
2026-01-30 15:20:39,276 [INFO] fplmodel - Bench 3 | Jean-Philippe Mateta (Crystal Palace) - 4.14 pts
2026-01-30 15:20:39,276 [INFO] fplmodel - Bench 4 | Bernd Leno (Fulham) - 4.12 pts
2026-01-30 15:20:39,282 [INFO] fplmodel - Predictions saved to /Users/kyle/Documents/FPL-Prediction/outputs/predictions_gw27.csv
2026-01-30 15:20:39,282 [INFO] fplmodel - Starting XI saved to /Users/kyle/Documents/FPL-Prediction/outputs/starting_xi_gw27.csv
2026-01-30 15:20:39,283 [INFO] fplmodel - Bench saved to /Users/kyle/Documents/FPL-Prediction/outputs/bench_gw27.csv
2026-01-30 15:20:39,283 [INFO] fplmodel - Best XI JSON saved to /Users/kyle/Documents/FPL-Prediction/outputs/best_xi_gw27.json
2026-01-30 15:20:39,283 [INFO] fplmodel - Rendering best XI graphic...
2026-01-30 15:20:39,418 [INFO] fplmodel - Rendering best XI graphic completed in 0.13s
2026-01-30 15:20:39,418 [INFO] fplmodel - Best XI graphic generated at /Users/kyle/Documents/FPL-Prediction/outputs/best_xi_gw27.png
2026-01-30 15:20:39,424 [INFO] fplmodel - Residuals saved to /Users/kyle/Documents/FPL-Prediction/outputs/residuals_gw26.csv
2026-01-30 15:20:39,424 [INFO] fplmodel - Pipeline complete for GW 27
