2026-05-27 10:19:22,450 [INFO] fplmodel - Logging initialised. Writing to /Users/kyle/Documents/FPL-Prediction/logs/run_20260527_101922.log
2026-05-27 10:19:22,450 [INFO] fplmodel - Starting pipeline run (force_refetch=False)
2026-05-27 10:19:22,450 [INFO] fplmodel - Fetching bootstrap static data...
2026-05-27 10:19:22,470 [INFO] fplmodel - Fetching bootstrap static data completed in 0.02s
2026-05-27 10:19:22,470 [INFO] fplmodel - Fetching fixtures data...
2026-05-27 10:19:22,515 [INFO] fplmodel - Fetching fixtures data completed in 0.04s
2026-05-27 10:19:22,515 [INFO] fplmodel - Normalising bootstrap data...
2026-05-27 10:19:22,526 [INFO] fplmodel - Normalising bootstrap data completed in 0.01s
2026-05-27 10:19:22,526 [INFO] fplmodel - Loaded normalised frames: 841 elements, 20 teams, 38 events
2026-05-27 10:19:22,526 [INFO] fplmodel - Gameweek override applied -> next_gw=25 | last_finished_gw=24
2026-05-27 10:19:22,526 [INFO] fplmodel - Next gameweek: 25 | Last finished gameweek: 24
2026-05-27 10:19:22,526 [INFO] fplmodel - Renaming log file to highlight gameweek 25
2026-05-27 10:19:22,527 [INFO] fplmodel - Log file renamed to /Users/kyle/Documents/FPL-Prediction/logs/run_gw25_20260527_101922.log
2026-05-27 10:19:22,527 [INFO] fplmodel - Fetching player histories for 841 players (force_refetch=False)...
2026-05-27 10:19:22,527 [INFO] fplmodel.data_pull - Fetching player histories with 8 worker thread(s).
2026-05-27 10:19:22,650 [INFO] fplmodel.data_pull - Player history fetch progress: 50/841 complete (0 failures).
2026-05-27 10:19:22,759 [INFO] fplmodel.data_pull - Player history fetch progress: 100/841 complete (0 failures).
2026-05-27 10:19:22,875 [INFO] fplmodel.data_pull - Player history fetch progress: 150/841 complete (0 failures).
2026-05-27 10:19:22,987 [INFO] fplmodel.data_pull - Player history fetch progress: 200/841 complete (0 failures).
2026-05-27 10:19:23,092 [INFO] fplmodel.data_pull - Player history fetch progress: 250/841 complete (0 failures).
2026-05-27 10:19:23,200 [INFO] fplmodel.data_pull - Player history fetch progress: 300/841 complete (0 failures).
2026-05-27 10:19:23,307 [INFO] fplmodel.data_pull - Player history fetch progress: 350/841 complete (0 failures).
2026-05-27 10:19:23,434 [INFO] fplmodel.data_pull - Player history fetch progress: 400/841 complete (0 failures).
2026-05-27 10:19:23,549 [INFO] fplmodel.data_pull - Player history fetch progress: 450/841 complete (0 failures).
2026-05-27 10:19:23,655 [INFO] fplmodel.data_pull - Player history fetch progress: 500/841 complete (0 failures).
2026-05-27 10:19:23,768 [INFO] fplmodel.data_pull - Player history fetch progress: 550/841 complete (0 failures).
2026-05-27 10:19:23,879 [INFO] fplmodel.data_pull - Player history fetch progress: 600/841 complete (0 failures).
2026-05-27 10:19:23,993 [INFO] fplmodel.data_pull - Player history fetch progress: 650/841 complete (0 failures).
2026-05-27 10:19:24,098 [INFO] fplmodel.data_pull - Player history fetch progress: 700/841 complete (0 failures).
2026-05-27 10:19:24,204 [INFO] fplmodel.data_pull - Player history fetch progress: 750/841 complete (0 failures).
2026-05-27 10:19:24,313 [INFO] fplmodel.data_pull - Player history fetch progress: 800/841 complete (0 failures).
2026-05-27 10:19:24,388 [INFO] fplmodel.data_pull - Player history fetch progress: 841/841 complete (0 failures).
2026-05-27 10:19:24,430 [INFO] fplmodel - Fetching player histories for 841 players (force_refetch=False) completed in 1.90s
2026-05-27 10:19:24,430 [INFO] fplmodel - Loading 841 player history files from /Users/kyle/Documents/FPL-Prediction/data/raw
2026-05-27 10:19:24,431 [INFO] fplmodel - Collating player history JSON into dataframe...
2026-05-27 10:19:25,318 [INFO] fplmodel - Collating player history JSON into dataframe completed in 0.89s
2026-05-27 10:19:26,392 [INFO] fplmodel - Built player histories dataframe with 178482 rows
2026-05-27 10:19:26,392 [INFO] fplmodel - Loading external history data...
2026-05-27 10:19:27,191 [INFO] fplmodel - Loading external history data completed in 0.80s
2026-05-27 10:19:27,230 [INFO] fplmodel - Loaded 133500 external history rows for seasons 2020-21, 2021-22, 2022-23, 2023-24, 2024-25
2026-05-27 10:19:27,401 [INFO] fplmodel - Combined history dataset now has 296480 rows
2026-05-27 10:19:27,402 [INFO] fplmodel - Building training and prediction feature frames...
2026-05-27 10:19:47,940 [INFO] fplmodel - Building training and prediction feature frames completed in 20.54s
2026-05-27 10:19:47,941 [INFO] fplmodel - Prepared features: X_train=(269894, 156), y_train=269894, X_pred=(841, 163)
2026-05-27 10:19:47,949 [INFO] fplmodel - Training models with 156 features
2026-05-27 10:19:47,949 [INFO] fplmodel - Training feature columns: total_points_ma5, minutes_ma5, goals_scored_ma5, assists_ma5, clean_sheets_ma5, influence_ma5, creativity_ma5, threat_ma5, ict_index_ma5, goals_conceded_ma5, own_goals_ma5, penalties_saved_ma5, penalties_missed_ma5, yellow_cards_ma5, red_cards_ma5, saves_ma5, bonus_ma5, bps_ma5, clearances_blocks_interceptions_ma5, recoveries_ma5, tackles_ma5, defensive_contribution_ma5, starts_ma5, expected_goals_ma5, expected_assists_ma5, expected_goal_involvements_ma5, expected_goals_conceded_ma5, value_ma5, transfers_balance_ma5, selected_ma5, transfers_in_ma5, transfers_out_ma5, attacking_returns_ma5, finishing_plus_minus_ma5, finishing_ratio_ma5, creation_plus_minus_ma5, creation_ratio_ma5, xgi_plus_minus_ma5, minutes_share_ma5, points_per_90_ma5, tackles_plus_interceptions_ma5, defensive_actions_ma5, total_points_lag1, minutes_lag1, goals_scored_lag1, assists_lag1, clean_sheets_lag1, influence_lag1, creativity_lag1, threat_lag1, ict_index_lag1, goals_conceded_lag1, own_goals_lag1, penalties_saved_lag1, penalties_missed_lag1, yellow_cards_lag1, red_cards_lag1, saves_lag1, bonus_lag1, bps_lag1, clearances_blocks_interceptions_lag1, recoveries_lag1, tackles_lag1, defensive_contribution_lag1, starts_lag1, expected_goals_lag1, expected_assists_lag1, expected_goal_involvements_lag1, expected_goals_conceded_lag1, value_lag1, transfers_balance_lag1, selected_lag1, transfers_in_lag1, transfers_out_lag1, attacking_returns_lag1, finishing_plus_minus_lag1, finishing_ratio_lag1, creation_plus_minus_lag1, creation_ratio_lag1, xgi_plus_minus_lag1, minutes_share_lag1, points_per_90_lag1, tackles_plus_interceptions_lag1, defensive_actions_lag1, team_goals_for_ma5, team_goals_against_ma5, team_goal_diff_ma5, team_clean_sheet_ma5, team_conceded_two_plus_ma5, team_match_points_ma5, opp_team_goals_for_ma5, opp_team_goals_against_ma5, opp_team_goal_diff_ma5, opp_team_clean_sheet_ma5, opp_team_conceded_two_plus_ma5, opp_team_match_points_ma5, was_home, team_strength_overall, team_strength_home, team_strength_away, team_attack_home, team_attack_away, team_def_home, team_def_away, team_form_rating, team_points_table, team_league_position, team_matches_played, team_wins, team_draws, team_losses, opp_strength_overall, opp_strength_home, opp_strength_away, opp_attack_home, opp_attack_away, opp_def_home, opp_def_away, opp_form_rating, opp_points_table, opp_league_position, opp_matches_played, opp_wins, opp_draws, opp_losses, form, points_per_game, value_form, value_season, selected_by_percent, expected_goals_per_90, expected_assists_per_90, expected_goal_involvements_per_90, expected_goals_conceded_per_90, goals_conceded_per_90, saves_per_90, starts_per_90, clean_sheets_per_90, defensive_contribution_per_90, availability_this_round, availability_next_round, status_availability, status_injury_flag, injury_risk_flag, corners_and_indirect_freekicks_order, direct_freekicks_order, penalties_order, has_corners_duty, primary_corners_taker, has_direct_fk_duty, primary_direct_fk_taker, has_penalty_duty, primary_penalty_taker, set_piece_duty_score, player_bias, pos_bias
2026-05-27 10:19:47,950 [INFO] fplmodel - Training prediction models...
2026-05-27 10:19:48,362 [INFO] fplmodel.model - Season sample weights applied: 2020-21: 0.25, 2021-22: 0.25, 2022-23: 0.34, 2023-24: 0.49, 2024-25: 0.70, 2025-26: 1.00
2026-05-27 10:19:48,362 [INFO] fplmodel.model - Using TimeSeriesSplit with 3 folds for hyperparameter tuning.
2026-05-27 10:19:48,363 [INFO] fplmodel.model - Using actual match minutes as classifier target (minutes >= 60).
2026-05-27 10:19:48,369 [INFO] fplmodel.model - Model selection using most recent 60000/269894 training rows; final fits still use all rows.
2026-05-27 10:20:18,099 [INFO] fplmodel.model - Best classifier[hist_gbdt] params from tuning: {'est__min_samples_leaf': 40, 'est__max_iter': 350, 'est__max_depth': None, 'est__learning_rate': 0.08, 'est__l2_regularization': 0.05} (score=0.7811)
2026-05-27 10:20:38,564 [INFO] fplmodel.model - Best regressor[hist_gbdt] params from tuning: {'est__min_samples_leaf': 30, 'est__max_iter': 350, 'est__max_depth': 8, 'est__learning_rate': 0.06, 'est__l2_regularization': 0.1} (score=-1.1113)
2026-05-27 10:20:38,564 [INFO] fplmodel.model - Candidate Histogram Gradient Boosting | classifier=0.7811 ± 0.0076 ↑ | regressor=1.1113 ± 0.0643 ↓
2026-05-27 10:21:12,251 [INFO] fplmodel.model - Best classifier[xgboost] params from tuning: {'est__subsample': 0.9, 'est__reg_lambda': 1.5, 'est__n_estimators': 550, 'est__max_depth': 8, 'est__learning_rate': 0.05, 'est__gamma': 0.3, 'est__colsample_bytree': 0.85} (score=0.7850)
2026-05-27 10:21:40,071 [INFO] fplmodel.model - Best regressor[xgboost] params from tuning: {'est__subsample': 0.8, 'est__reg_lambda': 1.5, 'est__n_estimators': 250, 'est__max_depth': 4, 'est__learning_rate': 0.08, 'est__gamma': 0.1, 'est__colsample_bytree': 0.7} (score=-1.1192)
2026-05-27 10:21:40,072 [INFO] fplmodel.model - Candidate XGBoost | classifier=0.7850 ± 0.0071 ↑ | regressor=1.1192 ± 0.0704 ↓
2026-05-27 10:21:40,073 [INFO] fplmodel.model - Saved model selection summary to /Users/kyle/Documents/FPL-Prediction/models/model_selection_summary.csv
2026-05-27 10:21:40,073 [INFO] fplmodel.model - Selected classifier model: XGBoost (balanced_accuracy=0.7850 ± 0.0071 ↑)
2026-05-27 10:21:40,073 [INFO] fplmodel.model - Selected regressor model: Histogram Gradient Boosting (MAE=1.1113 ± 0.0643 ↓)
2026-05-27 10:23:15,579 [INFO] fplmodel.model - Classifier (xgboost) feature selector dropped 37 column(s): availability_next_round, bps_lag1, bps_ma5, creation_plus_minus_lag1, creation_plus_minus_ma5, defensive_actions_lag1, defensive_actions_ma5, expected_goal_involvements_ma5, expected_goal_involvements_per_90, injury_risk_flag, ... (+27 more)
2026-05-27 10:23:15,581 [INFO] fplmodel.model - Regressor (histogram gradient boosting) feature selector dropped 37 column(s): availability_next_round, bps_lag1, bps_ma5, creation_plus_minus_lag1, creation_plus_minus_ma5, defensive_actions_lag1, defensive_actions_ma5, expected_goal_involvements_ma5, expected_goal_involvements_per_90, injury_risk_flag, ... (+27 more)
2026-05-27 10:23:15,581 [INFO] fplmodel.model - Final model selection: classifier=XGBoost | regressor=Histogram Gradient Boosting
2026-05-27 10:23:15,622 [INFO] fplmodel - Training prediction models completed in 207.67s
2026-05-27 10:23:15,622 [INFO] fplmodel - Estimator HistGradientBoostingRegressor for regressor does not expose feature_importances_; skipping logging.
2026-05-27 10:23:15,624 [INFO] fplmodel - Top feature weights for classifier: minutes_ma5: 0.1968, minutes_lag1: 0.0780, starts_lag1: 0.0457, value_season: 0.0257, influence_ma5: 0.0201, recoveries_ma5: 0.0199, ict_index_ma5: 0.0161, ict_index_lag1: 0.0155, starts_ma5: 0.0132, influence_lag1: 0.0129, defensive_contribution_lag1: 0.0123, recoveries_lag1: 0.0123, transfers_in_lag1: 0.0107, defensive_contribution_ma5: 0.0104, transfers_out_lag1: 0.0089
2026-05-27 10:23:15,624 [INFO] fplmodel - Model training complete; fitted 2 candidate pair(s).
2026-05-27 10:23:15,624 [INFO] fplmodel - Generating next gameweek predictions...
2026-05-27 10:23:15,666 [INFO] fplmodel - Generating next gameweek predictions completed in 0.04s
2026-05-27 10:23:15,667 [INFO] fplmodel - Generated ensemble predictions for 841 players using 2 model(s): Histogram Gradient Boosting, XGBoost
2026-05-27 10:23:15,673 [INFO] fplmodel - Applied fixture multipliers; average EP now 0.81
2026-05-27 10:23:15,673 [INFO] fplmodel - Top 5 expected point predictions (ensemble): James Hill (8.11); Carlos Henrique Casimiro (6.37); Adrien Truffert (6.20); Nordi Mukiele (6.07); Marcos Senesi Barón (5.87)
2026-05-27 10:23:15,673 [INFO] fplmodel - Evaluating last finished gameweek residuals...
2026-05-27 10:23:15,799 [INFO] fplmodel - Evaluating last finished gameweek residuals completed in 0.13s
2026-05-27 10:23:15,799 [INFO] fplmodel - Residuals computed for 8297 players in GW 24
2026-05-27 10:23:15,800 [INFO] fplmodel - Selecting best XI from 841 candidates
2026-05-27 10:23:15,800 [INFO] fplmodel - Optimising best XI selection...
2026-05-27 10:23:16,620 [INFO] fplmodel - Optimising best XI selection completed in 0.82s
2026-05-27 10:23:16,620 [INFO] fplmodel - Selected squad: total cost 87.5M | starting cost 64.4M | bench cost 23.1M
2026-05-27 10:23:16,621 [INFO] fplmodel - Projected points: XI 63.26 | Captain included 71.37 | Bench 17.07
2026-05-27 10:23:16,621 [INFO] fplmodel - Captain: James Hill
2026-05-27 10:23:16,621 [INFO] fplmodel - XI | Gianluigi Donnarumma (Man City) - 3.91 pts | 5.6M
2026-05-27 10:23:16,621 [INFO] fplmodel - XI | James Hill (Bournemouth) - 8.11 pts | 4.2M
2026-05-27 10:23:16,621 [INFO] fplmodel - XI | Adrien Truffert (Bournemouth) - 6.20 pts | 4.8M
2026-05-27 10:23:16,621 [INFO] fplmodel - XI | Nordi Mukiele (Sunderland) - 6.07 pts | 4.6M
2026-05-27 10:23:16,621 [INFO] fplmodel - XI | Gabriel dos Santos Magalhães (Arsenal) - 5.52 pts | 7.3M
2026-05-27 10:23:16,621 [INFO] fplmodel - XI | Carlos Henrique Casimiro (Man Utd) - 6.37 pts | 5.8M
2026-05-27 10:23:16,621 [INFO] fplmodel - XI | Florian Wirtz (Liverpool) - 5.84 pts | 8.3M
2026-05-27 10:23:16,621 [INFO] fplmodel - XI | Alex Scott (Bournemouth) - 5.78 pts | 4.9M
2026-05-27 10:23:16,621 [INFO] fplmodel - XI | Antoine Semenyo (Man City) - 5.42 pts | 8.0M
2026-05-27 10:23:16,621 [INFO] fplmodel - XI | Pascal Groß (Brighton) - 5.12 pts | 5.6M
2026-05-27 10:23:16,621 [INFO] fplmodel - XI | Brian Brobbey (Sunderland) - 4.92 pts | 5.3M
2026-05-27 10:23:16,621 [INFO] fplmodel - Bench 1 | William Saliba (Arsenal) - 5.10 pts
2026-05-27 10:23:16,621 [INFO] fplmodel - Bench 2 | Jarrod Bowen (West Ham) - 4.26 pts
2026-05-27 10:23:16,621 [INFO] fplmodel - Bench 3 | Mateus Mané (Wolves) - 4.02 pts
2026-05-27 10:23:16,621 [INFO] fplmodel - Bench 4 | Robin Roefs (Sunderland) - 3.70 pts
2026-05-27 10:23:16,632 [INFO] fplmodel - Predictions saved to /Users/kyle/Documents/FPL-Prediction/outputs/predictions_gw25.csv
2026-05-27 10:23:16,633 [INFO] fplmodel - Starting XI saved to /Users/kyle/Documents/FPL-Prediction/outputs/starting_xi_gw25.csv
2026-05-27 10:23:16,634 [INFO] fplmodel - Bench saved to /Users/kyle/Documents/FPL-Prediction/outputs/bench_gw25.csv
2026-05-27 10:23:16,634 [INFO] fplmodel - Best XI JSON saved to /Users/kyle/Documents/FPL-Prediction/outputs/best_xi_gw25.json
2026-05-27 10:23:16,634 [INFO] fplmodel - Rendering best XI graphic...
2026-05-27 10:23:16,825 [INFO] fplmodel - Rendering best XI graphic completed in 0.19s
2026-05-27 10:23:16,825 [INFO] fplmodel - Best XI graphic generated at /Users/kyle/Documents/FPL-Prediction/outputs/best_xi_gw25.png
2026-05-27 10:23:16,836 [INFO] fplmodel - Residuals saved to /Users/kyle/Documents/FPL-Prediction/outputs/residuals_gw24.csv
2026-05-27 10:23:16,836 [INFO] fplmodel - Pipeline complete for GW 25
