2026-05-27 09:59:17,307 [INFO] fplmodel - Logging initialised. Writing to /Users/kyle/Documents/FPL-Prediction/logs/run_20260527_095917.log
2026-05-27 09:59:17,307 [INFO] fplmodel - Starting pipeline run (force_refetch=False)
2026-05-27 09:59:17,307 [INFO] fplmodel - Fetching bootstrap static data...
2026-05-27 09:59:17,327 [INFO] fplmodel - Fetching bootstrap static data completed in 0.02s
2026-05-27 09:59:17,327 [INFO] fplmodel - Fetching fixtures data...
2026-05-27 09:59:17,338 [INFO] fplmodel - Fetching fixtures data completed in 0.01s
2026-05-27 09:59:17,338 [INFO] fplmodel - Normalising bootstrap data...
2026-05-27 09:59:17,349 [INFO] fplmodel - Normalising bootstrap data completed in 0.01s
2026-05-27 09:59:17,349 [INFO] fplmodel - Loaded normalised frames: 841 elements, 20 teams, 38 events
2026-05-27 09:59:17,349 [INFO] fplmodel - Gameweek override applied -> next_gw=20 | last_finished_gw=19
2026-05-27 09:59:17,349 [INFO] fplmodel - Next gameweek: 20 | Last finished gameweek: 19
2026-05-27 09:59:17,349 [INFO] fplmodel - Renaming log file to highlight gameweek 20
2026-05-27 09:59:17,349 [INFO] fplmodel - Log file renamed to /Users/kyle/Documents/FPL-Prediction/logs/run_gw20_20260527_095917.log
2026-05-27 09:59:17,349 [INFO] fplmodel - Fetching player histories for 841 players (force_refetch=False)...
2026-05-27 09:59:17,350 [INFO] fplmodel.data_pull - Fetching player histories with 8 worker thread(s).
2026-05-27 09:59:17,472 [INFO] fplmodel.data_pull - Player history fetch progress: 50/841 complete (0 failures).
2026-05-27 09:59:17,585 [INFO] fplmodel.data_pull - Player history fetch progress: 100/841 complete (0 failures).
2026-05-27 09:59:17,694 [INFO] fplmodel.data_pull - Player history fetch progress: 150/841 complete (0 failures).
2026-05-27 09:59:17,803 [INFO] fplmodel.data_pull - Player history fetch progress: 200/841 complete (0 failures).
2026-05-27 09:59:17,911 [INFO] fplmodel.data_pull - Player history fetch progress: 250/841 complete (0 failures).
2026-05-27 09:59:18,015 [INFO] fplmodel.data_pull - Player history fetch progress: 300/841 complete (0 failures).
2026-05-27 09:59:18,123 [INFO] fplmodel.data_pull - Player history fetch progress: 350/841 complete (0 failures).
2026-05-27 09:59:18,240 [INFO] fplmodel.data_pull - Player history fetch progress: 400/841 complete (0 failures).
2026-05-27 09:59:18,351 [INFO] fplmodel.data_pull - Player history fetch progress: 450/841 complete (0 failures).
2026-05-27 09:59:18,457 [INFO] fplmodel.data_pull - Player history fetch progress: 500/841 complete (0 failures).
2026-05-27 09:59:18,568 [INFO] fplmodel.data_pull - Player history fetch progress: 550/841 complete (0 failures).
2026-05-27 09:59:18,682 [INFO] fplmodel.data_pull - Player history fetch progress: 600/841 complete (0 failures).
2026-05-27 09:59:18,792 [INFO] fplmodel.data_pull - Player history fetch progress: 650/841 complete (0 failures).
2026-05-27 09:59:18,900 [INFO] fplmodel.data_pull - Player history fetch progress: 700/841 complete (0 failures).
2026-05-27 09:59:19,000 [INFO] fplmodel.data_pull - Player history fetch progress: 750/841 complete (0 failures).
2026-05-27 09:59:19,103 [INFO] fplmodel.data_pull - Player history fetch progress: 800/841 complete (0 failures).
2026-05-27 09:59:19,179 [INFO] fplmodel.data_pull - Player history fetch progress: 841/841 complete (0 failures).
2026-05-27 09:59:19,218 [INFO] fplmodel - Fetching player histories for 841 players (force_refetch=False) completed in 1.87s
2026-05-27 09:59:19,219 [INFO] fplmodel - Loading 841 player history files from /Users/kyle/Documents/FPL-Prediction/data/raw
2026-05-27 09:59:19,219 [INFO] fplmodel - Collating player history JSON into dataframe...
2026-05-27 09:59:20,091 [INFO] fplmodel - Collating player history JSON into dataframe completed in 0.87s
2026-05-27 09:59:21,159 [INFO] fplmodel - Built player histories dataframe with 178482 rows
2026-05-27 09:59:21,159 [INFO] fplmodel - Loading external history data...
2026-05-27 09:59:21,968 [INFO] fplmodel - Loading external history data completed in 0.81s
2026-05-27 09:59:22,008 [INFO] fplmodel - Loaded 133500 external history rows for seasons 2020-21, 2021-22, 2022-23, 2023-24, 2024-25
2026-05-27 09:59:22,191 [INFO] fplmodel - Combined history dataset now has 296480 rows
2026-05-27 09:59:22,192 [INFO] fplmodel - Building training and prediction feature frames...
2026-05-27 09:59:42,769 [INFO] fplmodel - Building training and prediction feature frames completed in 20.58s
2026-05-27 09:59:42,770 [INFO] fplmodel - Prepared features: X_train=(265984, 156), y_train=265984, X_pred=(841, 163)
2026-05-27 09:59:42,779 [INFO] fplmodel - Training models with 156 features
2026-05-27 09:59:42,779 [INFO] fplmodel - Training feature columns: total_points_ma5, minutes_ma5, goals_scored_ma5, assists_ma5, clean_sheets_ma5, influence_ma5, creativity_ma5, threat_ma5, ict_index_ma5, goals_conceded_ma5, own_goals_ma5, penalties_saved_ma5, penalties_missed_ma5, yellow_cards_ma5, red_cards_ma5, saves_ma5, bonus_ma5, bps_ma5, clearances_blocks_interceptions_ma5, recoveries_ma5, tackles_ma5, defensive_contribution_ma5, starts_ma5, expected_goals_ma5, expected_assists_ma5, expected_goal_involvements_ma5, expected_goals_conceded_ma5, value_ma5, transfers_balance_ma5, selected_ma5, transfers_in_ma5, transfers_out_ma5, attacking_returns_ma5, finishing_plus_minus_ma5, finishing_ratio_ma5, creation_plus_minus_ma5, creation_ratio_ma5, xgi_plus_minus_ma5, minutes_share_ma5, points_per_90_ma5, tackles_plus_interceptions_ma5, defensive_actions_ma5, total_points_lag1, minutes_lag1, goals_scored_lag1, assists_lag1, clean_sheets_lag1, influence_lag1, creativity_lag1, threat_lag1, ict_index_lag1, goals_conceded_lag1, own_goals_lag1, penalties_saved_lag1, penalties_missed_lag1, yellow_cards_lag1, red_cards_lag1, saves_lag1, bonus_lag1, bps_lag1, clearances_blocks_interceptions_lag1, recoveries_lag1, tackles_lag1, defensive_contribution_lag1, starts_lag1, expected_goals_lag1, expected_assists_lag1, expected_goal_involvements_lag1, expected_goals_conceded_lag1, value_lag1, transfers_balance_lag1, selected_lag1, transfers_in_lag1, transfers_out_lag1, attacking_returns_lag1, finishing_plus_minus_lag1, finishing_ratio_lag1, creation_plus_minus_lag1, creation_ratio_lag1, xgi_plus_minus_lag1, minutes_share_lag1, points_per_90_lag1, tackles_plus_interceptions_lag1, defensive_actions_lag1, team_goals_for_ma5, team_goals_against_ma5, team_goal_diff_ma5, team_clean_sheet_ma5, team_conceded_two_plus_ma5, team_match_points_ma5, opp_team_goals_for_ma5, opp_team_goals_against_ma5, opp_team_goal_diff_ma5, opp_team_clean_sheet_ma5, opp_team_conceded_two_plus_ma5, opp_team_match_points_ma5, was_home, team_strength_overall, team_strength_home, team_strength_away, team_attack_home, team_attack_away, team_def_home, team_def_away, team_form_rating, team_points_table, team_league_position, team_matches_played, team_wins, team_draws, team_losses, opp_strength_overall, opp_strength_home, opp_strength_away, opp_attack_home, opp_attack_away, opp_def_home, opp_def_away, opp_form_rating, opp_points_table, opp_league_position, opp_matches_played, opp_wins, opp_draws, opp_losses, form, points_per_game, value_form, value_season, selected_by_percent, expected_goals_per_90, expected_assists_per_90, expected_goal_involvements_per_90, expected_goals_conceded_per_90, goals_conceded_per_90, saves_per_90, starts_per_90, clean_sheets_per_90, defensive_contribution_per_90, availability_this_round, availability_next_round, status_availability, status_injury_flag, injury_risk_flag, corners_and_indirect_freekicks_order, direct_freekicks_order, penalties_order, has_corners_duty, primary_corners_taker, has_direct_fk_duty, primary_direct_fk_taker, has_penalty_duty, primary_penalty_taker, set_piece_duty_score, player_bias, pos_bias
2026-05-27 09:59:42,779 [INFO] fplmodel - Training prediction models...
2026-05-27 09:59:43,192 [INFO] fplmodel.model - Season sample weights applied: 2020-21: 0.25, 2021-22: 0.25, 2022-23: 0.34, 2023-24: 0.49, 2024-25: 0.70, 2025-26: 1.00
2026-05-27 09:59:43,192 [INFO] fplmodel.model - Using TimeSeriesSplit with 3 folds for hyperparameter tuning.
2026-05-27 09:59:43,193 [INFO] fplmodel.model - Using actual match minutes as classifier target (minutes >= 60).
2026-05-27 09:59:43,199 [INFO] fplmodel.model - Model selection using most recent 60000/265984 training rows; final fits still use all rows.
2026-05-27 10:00:13,945 [INFO] fplmodel.model - Best classifier[hist_gbdt] params from tuning: {'est__min_samples_leaf': 30, 'est__max_iter': 300, 'est__max_depth': 8, 'est__learning_rate': 0.06, 'est__l2_regularization': 0.1} (score=0.7829)
2026-05-27 10:00:33,876 [INFO] fplmodel.model - Best regressor[hist_gbdt] params from tuning: {'est__min_samples_leaf': 30, 'est__max_iter': 250, 'est__max_depth': None, 'est__learning_rate': 0.06, 'est__l2_regularization': 0.05} (score=-1.1150)
2026-05-27 10:00:33,876 [INFO] fplmodel.model - Candidate Histogram Gradient Boosting | classifier=0.7829 ± 0.0031 ↑ | regressor=1.1150 ± 0.0581 ↓
2026-05-27 10:01:07,799 [INFO] fplmodel.model - Best classifier[xgboost] params from tuning: {'est__subsample': 0.9, 'est__reg_lambda': 1.5, 'est__n_estimators': 550, 'est__max_depth': 8, 'est__learning_rate': 0.05, 'est__gamma': 0.3, 'est__colsample_bytree': 0.85} (score=0.7836)
2026-05-27 10:01:37,474 [INFO] fplmodel.model - Best regressor[xgboost] params from tuning: {'est__subsample': 0.8, 'est__reg_lambda': 1.5, 'est__n_estimators': 550, 'est__max_depth': 4, 'est__learning_rate': 0.05, 'est__gamma': 0.0, 'est__colsample_bytree': 1.0} (score=-1.1320)
2026-05-27 10:01:37,474 [INFO] fplmodel.model - Candidate XGBoost | classifier=0.7836 ± 0.0101 ↑ | regressor=1.1320 ± 0.0713 ↓
2026-05-27 10:01:37,475 [INFO] fplmodel.model - Saved model selection summary to /Users/kyle/Documents/FPL-Prediction/models/model_selection_summary.csv
2026-05-27 10:01:37,475 [INFO] fplmodel.model - Selected classifier model: XGBoost (balanced_accuracy=0.7836 ± 0.0101 ↑)
2026-05-27 10:01:37,475 [INFO] fplmodel.model - Selected regressor model: Histogram Gradient Boosting (MAE=1.1150 ± 0.0581 ↓)
2026-05-27 10:03:19,720 [INFO] fplmodel.model - Classifier (xgboost) feature selector dropped 37 column(s): availability_next_round, bps_lag1, bps_ma5, creation_plus_minus_lag1, creation_plus_minus_ma5, defensive_actions_lag1, defensive_actions_ma5, expected_goal_involvements_ma5, expected_goal_involvements_per_90, injury_risk_flag, ... (+27 more)
2026-05-27 10:03:19,721 [INFO] fplmodel.model - Regressor (histogram gradient boosting) feature selector dropped 37 column(s): availability_next_round, bps_lag1, bps_ma5, creation_plus_minus_lag1, creation_plus_minus_ma5, defensive_actions_lag1, defensive_actions_ma5, expected_goal_involvements_ma5, expected_goal_involvements_per_90, injury_risk_flag, ... (+27 more)
2026-05-27 10:03:19,721 [INFO] fplmodel.model - Final model selection: classifier=XGBoost | regressor=Histogram Gradient Boosting
2026-05-27 10:03:19,759 [INFO] fplmodel - Training prediction models completed in 216.98s
2026-05-27 10:03:19,759 [INFO] fplmodel - Estimator HistGradientBoostingRegressor for regressor does not expose feature_importances_; skipping logging.
2026-05-27 10:03:19,761 [INFO] fplmodel - Top feature weights for classifier: minutes_ma5: 0.1898, minutes_lag1: 0.0830, starts_lag1: 0.0623, value_season: 0.0250, recoveries_ma5: 0.0200, influence_ma5: 0.0198, ict_index_lag1: 0.0176, ict_index_ma5: 0.0159, influence_lag1: 0.0138, starts_ma5: 0.0134, defensive_contribution_lag1: 0.0117, transfers_in_lag1: 0.0113, recoveries_lag1: 0.0112, defensive_contribution_ma5: 0.0100, red_cards_ma5: 0.0094
2026-05-27 10:03:19,761 [INFO] fplmodel - Model training complete; fitted 2 candidate pair(s).
2026-05-27 10:03:19,761 [INFO] fplmodel - Generating next gameweek predictions...
2026-05-27 10:03:19,809 [INFO] fplmodel - Generating next gameweek predictions completed in 0.05s
2026-05-27 10:03:19,810 [INFO] fplmodel - Generated ensemble predictions for 841 players using 2 model(s): Histogram Gradient Boosting, XGBoost
2026-05-27 10:03:19,816 [INFO] fplmodel - Applied fixture multipliers; average EP now 0.82
2026-05-27 10:03:19,817 [INFO] fplmodel - Top 5 expected point predictions (ensemble): Matheus Santos Carneiro da Cunha (6.00); Omar Alderete (5.86); Florian Wirtz (5.84); Matheus Nunes (5.79); Bukayo Saka (5.61)
2026-05-27 10:03:19,817 [INFO] fplmodel - Evaluating last finished gameweek residuals...
2026-05-27 10:03:19,926 [INFO] fplmodel - Evaluating last finished gameweek residuals completed in 0.11s
2026-05-27 10:03:19,926 [INFO] fplmodel - Residuals computed for 7886 players in GW 19
2026-05-27 10:03:19,926 [INFO] fplmodel - Selecting best XI from 841 candidates
2026-05-27 10:03:19,926 [INFO] fplmodel - Optimising best XI selection...
2026-05-27 10:03:20,840 [INFO] fplmodel - Optimising best XI selection completed in 0.91s
2026-05-27 10:03:20,840 [INFO] fplmodel - Selected squad: total cost 97.3M | starting cost 70.3M | bench cost 27.0M
2026-05-27 10:03:20,841 [INFO] fplmodel - Projected points: XI 59.03 | Captain included 65.03 | Bench 17.24
2026-05-27 10:03:20,841 [INFO] fplmodel - Captain: Matheus Santos Carneiro da Cunha
2026-05-27 10:03:20,841 [INFO] fplmodel - XI | Alisson Becker (Liverpool) - 4.81 pts | 5.4M
2026-05-27 10:03:20,841 [INFO] fplmodel - XI | Omar Alderete (Sunderland) - 5.86 pts | 4.1M
2026-05-27 10:03:20,841 [INFO] fplmodel - XI | Matheus Nunes (Man City) - 5.79 pts | 5.3M
2026-05-27 10:03:20,841 [INFO] fplmodel - XI | Nordi Mukiele (Sunderland) - 5.51 pts | 4.6M
2026-05-27 10:03:20,841 [INFO] fplmodel - XI | James Tarkowski (Everton) - 4.79 pts | 5.8M
2026-05-27 10:03:20,841 [INFO] fplmodel - XI | Matheus Santos Carneiro da Cunha (Man Utd) - 6.00 pts | 8.1M
2026-05-27 10:03:20,841 [INFO] fplmodel - XI | Florian Wirtz (Liverpool) - 5.84 pts | 8.3M
2026-05-27 10:03:20,841 [INFO] fplmodel - XI | Bukayo Saka (Arsenal) - 5.61 pts | 10.0M
2026-05-27 10:03:20,841 [INFO] fplmodel - XI | Anton Stach (Leeds) - 5.27 pts | 4.8M
2026-05-27 10:03:20,841 [INFO] fplmodel - XI | James Garner (Everton) - 4.78 pts | 5.2M
2026-05-27 10:03:20,841 [INFO] fplmodel - XI | Ollie Watkins (Aston Villa) - 4.79 pts | 8.7M
2026-05-27 10:03:20,841 [INFO] fplmodel - Bench 1 | Michael Kayode (Brentford) - 4.69 pts
2026-05-27 10:03:20,841 [INFO] fplmodel - Bench 2 | Hugo Ekitiké (Liverpool) - 4.40 pts
2026-05-27 10:03:20,841 [INFO] fplmodel - Bench 3 | Jarrod Bowen (West Ham) - 3.89 pts
2026-05-27 10:03:20,841 [INFO] fplmodel - Bench 4 | Jordan Pickford (Everton) - 4.26 pts
2026-05-27 10:03:20,852 [INFO] fplmodel - Predictions saved to /Users/kyle/Documents/FPL-Prediction/outputs/predictions_gw20.csv
2026-05-27 10:03:20,853 [INFO] fplmodel - Starting XI saved to /Users/kyle/Documents/FPL-Prediction/outputs/starting_xi_gw20.csv
2026-05-27 10:03:20,853 [INFO] fplmodel - Bench saved to /Users/kyle/Documents/FPL-Prediction/outputs/bench_gw20.csv
2026-05-27 10:03:20,854 [INFO] fplmodel - Best XI JSON saved to /Users/kyle/Documents/FPL-Prediction/outputs/best_xi_gw20.json
2026-05-27 10:03:20,854 [INFO] fplmodel - Rendering best XI graphic...
2026-05-27 10:03:20,998 [INFO] fplmodel - Rendering best XI graphic completed in 0.14s
2026-05-27 10:03:20,998 [INFO] fplmodel - Best XI graphic generated at /Users/kyle/Documents/FPL-Prediction/outputs/best_xi_gw20.png
2026-05-27 10:03:21,007 [INFO] fplmodel - Residuals saved to /Users/kyle/Documents/FPL-Prediction/outputs/residuals_gw19.csv
2026-05-27 10:03:21,008 [INFO] fplmodel - Pipeline complete for GW 20
